O 180 180 50 09:31:20
O 182 180 50 09:31:27
O 185 180 50 09:31:28
O 187 180 50 09:31:28
O 190 180 50 09:31:28
O 192 180 50 09:31:29
O 195 180 50 09:31:29
O 197 180 50 09:31:29
O 200 180 50 09:31:29
O 202 180 50 09:31:29
O 202 182 50 09:31:30
O 202 185 50 09:31:30
O 202 187 50 09:31:30
O 202 190 50 09:31:30
O 202 192 50 09:31:30
O 202 195 50 09:31:31
O 202 197 50 09:31:31
O 202 200 50 09:31:31
O 202 202 50 09:31:31
O 202 205 50 09:31:31
O 202 207 50 09:31:32
O 202 210 50 09:31:32
O 202 212 50 09:31:32
O 202 215 50 09:31:32
O 202 217 50 09:31:32
O 202 220 50 09:31:32
O 202 222 50 09:31:33
O 205 222 50 09:31:33
O 205 222 47 09:31:35
O 205 222 45 09:31:35
O 205 222 42 09:31:35
O 205 222 40 09:31:35
O 205 222 37 09:31:36
O 205 225 37 09:31:37
O 205 227 37 09:31:37
O 205 227 35 09:31:39
O 205 227 32 09:31:40
O 205 227 30 09:31:40
O 205 227 27 09:31:40
O 205 227 25 09:31:43
O 205 230 25 09:31:45
O 205 230 27 09:31:47
O 205 230 30 09:32:21
O 205 230 27 09:32:24
O 207 230 27 09:32:25
O 207 230 25 09:32:42
O 207 230 22 09:32:43
O 207 230 25 09:32:44
O 207 230 22 09:32:45
O 207 230 25 09:32:46
O 207 230 22 09:32:46
O 207 230 25 09:32:46
O 205 230 25 09:33:23
O 207 230 25 09:33:24
O 207 230 27 09:33:25
O 205 230 27 09:33:27
O 202 230 27 09:33:27
O 205 230 27 09:33:28
O 205 227 27 09:33:29
O 205 225 27 09:33:29
O 205 222 27 09:33:29
O 205 220 27 09:33:30
O 207 220 27 09:33:30
O 207 217 27 09:33:30
O 207 215 27 09:33:30
O 207 212 27 09:33:31
O 207 210 27 09:33:31
O 207 207 27 09:33:31
O 207 205 27 09:33:31
O 207 202 27 09:33:31
O 207 200 27 09:33:32
O 207 197 27 09:33:32
O 207 197 25 09:33:33
O 207 197 22 09:33:33
O 207 200 22 09:33:34
O 207 202 22 09:33:35
O 207 205 22 09:33:35
O 207 207 22 09:33:35
O 207 207 20 09:33:49
O 205 207 20 09:34:03
O 207 207 20 09:34:04
O 207 205 20 09:34:05
O 207 205 22 09:34:46
O 207 205 25 09:34:47
O 207 205 27 09:34:47
O 207 205 30 09:34:47
O 207 207 30 09:34:48
O 207 210 30 09:34:48
O 207 212 30 09:34:48
O 207 215 30 09:34:48
O 207 217 30 09:34:48
O 207 220 30 09:34:49
O 207 222 30 09:34:49
O 207 225 30 09:34:49
O 207 227 30 09:34:50
O 207 230 30 09:34:50
O 207 230 32 09:34:51
O 207 232 32 09:34:51
O 207 230 32 09:34:52
O 207 230 30 09:34:53
O 207 230 27 09:34:54
O 207 230 25 09:34:54
O 207 232 25 09:34:55
O 207 232 27 09:34:56
O 207 232 30 09:34:57
O 207 232 32 09:34:58
O 207 232 35 09:34:58
O 207 232 37 09:34:59
O 207 232 40 09:34:59
O 207 232 42 09:34:59
O 207 232 40 09:35:00
O 182 180 50 09:31:27
O 187 180 50 09:31:28
O 192 180 50 09:31:29
O 197 180 50 09:31:29
O 202 180 50 09:31:29
O 202 185 50 09:31:30
O 202 190 50 09:31:30
O 202 195 50 09:31:31
O 202 200 50 09:31:31
O 202 205 50 09:31:31
O 202 210 50 09:31:32
O 202 215 50 09:31:32
O 202 220 50 09:31:32
O 205 222 50 09:31:33
O 205 222 45 09:31:35
O 205 222 40 09:31:35
O 205 225 37 09:31:37
O 205 227 35 09:31:39
O 205 227 30 09:31:40
O 205 227 25 09:31:43
O 205 230 27 09:31:47
O 205 230 27 09:32:24
O 207 230 25 09:32:42
O 207 230 25 09:32:44
O 207 230 25 09:32:46
O 207 230 25 09:32:46
O 207 230 25 09:33:24
O 205 230 27 09:33:27
O 205 230 27 09:33:28
O 205 225 27 09:33:29
O 205 220 27 09:33:30
O 207 217 27 09:33:30
O 207 212 27 09:33:31
O 207 207 27 09:33:31
O 207 202 27 09:33:31
O 207 197 27 09:33:32
O 207 197 22 09:33:33
O 207 202 22 09:33:35
O 207 207 22 09:33:35
O 205 207 20 09:34:03
O 207 205 20 09:34:05
O 207 205 25 09:34:47
O 207 205 30 09:34:47
O 207 210 30 09:34:48
O 207 215 30 09:34:48
O 207 220 30 09:34:49
O 207 225 30 09:34:49
O 207 230 30 09:34:50
O 207 232 32 09:34:51
O 207 230 30 09:34:53
O 207 230 25 09:34:54
O 207 232 27 09:34:56
O 207 232 32 09:34:58
O 207 232 37 09:34:59
O 207 232 42 09:34:59
M 1186 -1952 778 09:35:29
M 1188 -1978 791 09:35:29
M 1162 -1946 854 09:35:29
M 1248 -1984 861 09:35:29
M 1210 -1992 823 09:35:29
M 1216 -1900 836 09:35:29
M 1214 -1920 813 09:35:29
M 1206 -1926 844 09:35:29
M 1206 -1954 848 09:35:29
M 1204 -1914 820 09:35:29
M 1194 -1986 826 09:35:29
M 1218 -1966 827 09:35:29
M 1208 -1968 867 09:35:29
M 1206 -1916 851 09:35:29
M 1236 -1978 842 09:35:29
M 1162 -1980 916 09:35:29
M 1158 -1910 857 09:35:29
M 1146 -1914 792 09:35:29
M 1194 -1960 816 09:35:29
M 1182 -1948 828 09:35:29
M 1242 -1978 849 09:35:29
M 1228 -1962 830 09:35:29
M 1248 -1978 856 09:35:29
M 1208 -1918 896 09:35:29
M 1218 -1942 831 09:35:29
M 1230 -1944 845 09:35:29
M 1168 -1894 845 09:35:29
M 1174 -1950 851 09:35:29
M 1196 -1908 855 09:35:29
M 1212 -2016 845 09:35:29
M 1204 -1958 834 09:35:29
M 1192 -1974 804 09:35:29
M 1256 -1956 873 09:35:29
M 1246 -1940 816 09:35:29
M 1246 -1978 852 09:35:29
M 1190 -1942 867 09:35:29
M 1212 -1896 867 09:35:29
M 1184 -1898 849 09:35:29
M 1210 -1924 840 09:35:29
M 1206 -1934 870 09:35:29
M 1214 -1960 924 09:35:29
M 1228 -1962 836 09:35:29
M 1224 -1944 828 09:35:29
M 1248 -1912 815 09:35:29
M 1192 -1954 821 09:35:29
M 1186 -1942 814 09:35:30
M 1180 -1942 888 09:35:30
M 1216 -1952 811 09:35:30
M 1232 -1948 881 09:35:30
M 1232 -1948 827 09:35:30
M 1194 -1910 809 09:35:30
M 1220 -1924 861 09:35:30
M 1214 -1924 823 09:35:30
M 1266 -1950 839 09:35:30
M 1180 -1964 838 09:35:30
M 1210 -1946 814 09:35:30
M 1226 -1910 798 09:35:30
M 1148 -1930 863 09:35:30
M 1170 -1988 824 09:35:30
M 1144 -1942 826 09:35:30
M 1172 -1948 785 09:35:30
M 1188 -1916 886 09:35:30
M 1154 -1936 861 09:35:30
M 1206 -1954 796 09:35:30
M 1180 -1916 822 09:35:30
M 1212 -1956 779 09:35:30
M 1176 -1938 873 09:35:30
M 1202 -1918 868 09:35:30
M 1224 -1956 795 09:35:30
M 1158 -1932 853 09:35:30
M 1224 -1934 807 09:35:30
M 1194 -1960 827 09:35:30
M 1238 -1982 842 09:35:30
M 1204 -1904 807 09:35:30
M 1202 -1916 848 09:35:30
M 1194 -1938 811 09:35:30
M 1222 -1928 860 09:35:30
M 1220 -1930 817 09:35:30
M 1228 -1942 850 09:35:30
M 1216 -1960 845 09:35:30
M 1200 -1914 773 09:35:30
M 1208 -1938 863 09:35:30
M 1252 -1944 807 09:35:30
M 1222 -1962 935 09:35:30
M 1188 -1954 887 09:35:30
M 1202 -1970 836 09:35:30
M 1178 -1964 876 09:35:30
M 1200 -1910 809 09:35:30
M 1174 -1924 809 09:35:30
M 1206 -1938 814 09:35:30
M 1170 -1962 813 09:35:30
M 1186 -1944 884 09:35:30
M 1200 -1958 876 09:35:30
M 1166 -1984 836 09:35:30
M 1216 -1968 922 09:35:30
M 1178 -1956 794 09:35:30
M 1210 -1952 818 09:35:30
M 1174 -1934 799 09:35:30
M 1216 -1956 853 09:35:30
M 1170 -1944 809 09:35:30
M 1178 -1912 779 09:35:30
M 1224 -1924 815 09:35:30
M 1208 -1898 823 09:35:30
M 1238 -1944 757 09:35:30
M 1232 -1912 841 09:35:30
M 1172 -1944 828 09:35:30
M 1194 -1924 841 09:35:30
M 1156 -1964 800 09:35:30
M 1190 -1916 852 09:35:30
M 1196 -1948 797 09:35:30
M 1196 -1918 770 09:35:30
M 1222 -1958 831 09:35:30
M 1182 -1930 780 09:35:30
M 1188 -1894 812 09:35:30
M 1212 -1902 820 09:35:30
M 1194 -1946 797 09:35:30
M 1206 -1954 784 09:35:30
M 1196 -1942 782 09:35:30
M 1194 -1904 845 09:35:30
M 1210 -1966 821 09:35:30
M 1154 -1928 861 09:35:30
M 1146 -1936 826 09:35:30
M 1194 -1942 841 09:35:30
M 1178 -1970 817 09:35:30
M 1206 -1930 782 09:35:30
M 1170 -1912 798 09:35:30
M 1174 -1962 826 09:35:30
M 1206 -1990 810 09:35:30
M 1202 -1952 764 09:35:30
M 1170 -1958 773 09:35:30
M 1198 -1958 850 09:35:30
M 1200 -1962 828 09:35:30
M 1224 -1926 806 09:35:30
M 1154 -1964 829 09:35:30
M 1188 -1894 839 09:35:30
M 1154 -1934 821 09:35:30
M 1172 -1924 850 09:35:30
M 1232 -1958 892 09:35:30
M 1184 -1968 828 09:35:30
M 1204 -1958 838 09:35:30
M 1192 -1946 872 09:35:30
M 1206 -1920 852 09:35:30
M 1186 -1976 801 09:35:30
M 1216 -1960 840 09:35:30
M 1180 -1930 839 09:35:30
M 1216 -1906 868 09:35:30
M 1154 -1984 838 09:35:30
M 1210 -1958 857 09:35:30
M 1210 -1960 810 09:35:30
M 1190 -1966 855 09:35:30
M 1188 -1970 798 09:35:30
M 1164 -1960 851 09:35:30
M 1178 -2024 874 09:35:30
M 1208 -1904 798 09:35:30
M 1164 -1946 789 09:35:30
M 1220 -1928 850 09:35:30
M 1210 -1976 814 09:35:30
M 1208 -2010 795 09:35:30
M 1210 -1948 841 09:35:30
M 1204 -1958 827 09:35:30
M 1216 -1986 863 09:35:30
M 1196 -1940 889 09:35:30
M 1236 -1994 783 09:35:30
M 1218 -1990 790 09:35:30
M 1220 -1982 875 09:35:30
M 1228 -1988 817 09:35:30
M 1200 -1972 794 09:35:30
M 1240 -1970 809 09:35:30
M 1194 -1976 828 09:35:30
M 1190 -1986 838 09:35:30
M 1220 -1950 822 09:35:30
M 1234 -2004 832 09:35:30
M 1182 -1980 791 09:35:30
M 1198 -1944 795 09:35:30
M 1188 -1992 778 09:35:30
M 1208 -1990 835 09:35:30
M 1228 -1966 786 09:35:30
M 1214 -1958 805 09:35:30
M 1186 -1960 830 09:35:30
M 1200 -1982 816 09:35:30
M 1170 -2004 862 09:35:30
M 1178 -1934 744 09:35:30
M 1182 -1940 781 09:35:30
M 1206 -1944 769 09:35:30
M 1212 -1958 821 09:35:30
M 1164 -1974 883 09:35:30
M 1188 -1950 849 09:35:30
M 1162 -1990 795 09:35:30
M 1170 -1984 855 09:35:30
M 1214 -1970 896 09:35:30
M 1190 -1912 887 09:35:30
M 1202 -1966 824 09:35:30
M 1202 -1974 808 09:35:30
M 1216 -1926 840 09:35:30
M 1208 -1916 859 09:35:30
M 1236 -1964 853 09:35:30
M 1224 -1942 779 09:35:30
M 1172 -1916 880 09:35:30
M 1258 -1946 847 09:35:30
M 1188 -1936 815 09:35:30
M 1202 -1928 823 09:35:30
M 1200 -1948 806 09:35:30
M 1190 -1942 841 09:35:30
M 1204 -1876 832 09:35:30
M 1208 -1966 880 09:35:30
M 1238 -1962 831 09:35:30
M 1236 -1934 828 09:35:30
M 1210 -2000 818 09:35:30
M 1230 -1982 868 09:35:30
M 1212 -1974 852 09:35:30
M 1190 -1930 866 09:35:30
M 1168 -1928 844 09:35:30
M 1186 -2002 809 09:35:30
M 1228 -1956 797 09:35:30
M 1236 -1958 794 09:35:30
M 1226 -1958 835 09:35:30
M 1204 -1960 827 09:35:30
M 1244 -1964 847 09:35:30
M 1216 -1942 829 09:35:30
M 1206 -1938 871 09:35:30
M 1196 -1906 839 09:35:30
M 1158 -1942 920 09:35:30
M 1198 -1952 813 09:35:30
M 1196 -1954 834 09:35:30
M 1210 -1952 834 09:35:30
M 1170 -1960 847 09:35:30
M 1196 -1940 832 09:35:30
M 1194 -1976 826 09:35:30
M 1188 -1972 861 09:35:30
M 1208 -1948 838 09:35:30
M 1168 -1936 829 09:35:30
M 1208 -1934 868 09:35:30
M 1206 -1944 842 09:35:30
M 1188 -1968 845 09:35:30
M 1140 -1936 867 09:35:30
M 1202 -1918 815 09:35:30
M 1200 -1950 837 09:35:30
M 1166 -1942 803 09:35:30
M 1208 -1912 829 09:35:30
M 1156 -1930 804 09:35:30
M 1192 -1952 887 09:35:30
M 1178 -1962 873 09:35:30
M 1174 -1986 849 09:35:30
M 1164 -1930 839 09:35:30
M 1168 -1968 859 09:35:30
M 1160 -1974 879 09:35:30
M 1192 -1980 920 09:35:30
M 1156 -1952 861 09:35:30
M 1168 -1982 859 09:35:30
M 1152 -1974 872 09:35:30
M 1196 -2008 789 09:35:30
M 1150 -1952 831 09:35:30
M 1162 -1982 817 09:35:30
M 1158 -1910 823 09:35:30
M 1208 -1938 867 09:35:30
M 1164 -1944 821 09:35:30
M 1156 -1922 797 09:35:30
M 1186 -1890 750 09:35:30
M 1188 -1952 755 09:35:30
M 1150 -1926 784 09:35:30
M 1174 -1930 802 09:35:30
M 1204 -1936 817 09:35:30
M 1158 -1960 852 09:35:30
M 1154 -1970 858 09:35:30
M 1144 -1916 831 09:35:30
M 1174 -1990 860 09:35:30
M 1178 -1944 831 09:35:30
M 1222 -1916 820 09:35:30
M 1122 -1942 758 09:35:30
M 1222 -1934 723 09:35:30
M 1200 -1896 750 09:35:30
M 1140 -1990 762 09:35:30
M 1176 -1956 804 09:35:30
M 1158 -1952 883 09:35:30
M 1158 -1940 782 09:35:30
M 1196 -1946 786 09:35:30
M 1170 -1924 824 09:35:30
M 1172 -1964 838 09:35:30
M 1164 -1970 827 09:35:30
M 1176 -1934 872 09:35:30
M 1204 -1956 819 09:35:30
M 1214 -1922 870 09:35:30
M 1202 -1908 871 09:35:30
M 1188 -1896 814 09:35:30
M 1160 -1952 827 09:35:30
M 1132 -1948 819 09:35:30
M 1232 -1946 823 09:35:30
M 1168 -1952 857 09:35:30
M 1164 -1970 883 09:35:30
M 1166 -1942 857 09:35:30
M 1142 -1976 815 09:35:30
M 1188 -1906 814 09:35:30
M 1122 -1926 820 09:35:30
M 1176 -1966 832 09:35:30
M 1182 -1954 874 09:35:30
M 1176 -1908 827 09:35:30
M 1174 -1978 828 09:35:30
M 1192 -1944 854 09:35:30
M 1214 -1996 842 09:35:30
M 1216 -1960 856 09:35:30
M 1248 -1936 815 09:35:30
M 1218 -1962 799 09:35:30
M 1188 -1986 804 09:35:30
M 1202 -1916 826 09:35:30
M 1168 -1976 809 09:35:30
M 1236 -1950 743 09:35:30
M 1244 -2004 756 09:35:30
M 1198 -1946 833 09:35:30
M 1198 -2016 824 09:35:30
M 1216 -1928 800 09:35:30
M 1180 -1952 849 09:35:30
M 1206 -1984 800 09:35:30
M 1204 -1990 800 09:35:30
M 1194 -1948 798 09:35:30
M 1224 -1980 799 09:35:30
M 1272 -1954 780 09:35:30
M 1282 -1960 837 09:35:30
M 1208 -1918 775 09:35:30
M 1204 -1920 897 09:35:30
M 1228 -1942 813 09:35:30
M 1224 -1924 784 09:35:30
M 1188 -1954 777 09:35:30
M 1226 -1972 818 09:35:30
M 1206 -2066 810 09:35:30
M 1202 -1952 845 09:35:30
M 1246 -1920 879 09:35:30
M 1202 -1974 890 09:35:30
M 1196 -1960 820 09:35:30
M 1192 -1992 795 09:35:30
M 1228 -1956 886 09:35:30
M 1230 -1936 841 09:35:30
M 1212 -1946 788 09:35:30
M 1224 -1948 873 09:35:30
M 1184 -1938 884 09:35:30
M 1242 -1930 861 09:35:30
M 1202 -1934 782 09:35:30
M 1194 -1926 839 09:35:30
M 1234 -1946 848 09:35:30
M 1188 -1958 886 09:35:30
M 1178 -1966 856 09:35:30
M 1206 -1978 872 09:35:30
M 1248 -1958 791 09:35:30
M 1224 -1948 813 09:35:30
M 1240 -1956 843 09:35:30
M 1176 -1926 808 09:35:30
M 1198 -1916 884 09:35:30
M 1210 -1860 816 09:35:30
M 1218 -1964 782 09:35:30
M 1216 -1944 783 09:35:30
M 1200 -1984 846 09:35:30
M 1210 -1944 811 09:35:30
M 1208 -1902 797 09:35:30
M 1216 -1958 897 09:35:30
M 1198 -1960 805 09:35:30
M 1234 -1970 913 09:35:30
M 1204 -1994 772 09:35:30
M 1228 -1938 824 09:35:30
M 1244 -1956 842 09:35:30
M 1262 -1948 860 09:35:30
M 1232 -1934 835 09:35:30
M 1242 -1988 784 09:35:30
M 1216 -1944 841 09:35:30
M 1212 -1956 767 09:35:30
M 1208 -1992 849 09:35:30
M 1192 -1968 820 09:35:30
M 1228 -1924 778 09:35:30
M 1246 -1954 997 09:35:30
M 1214 -1952 800 09:35:30
M 1250 -1946 827 09:35:30
M 1208 -1958 848 09:35:30
M 1204 -1942 851 09:35:30
M 1200 -1964 739 09:35:30
M 1216 -1942 787 09:35:30
M 1176 -1982 830 09:35:30
M 1212 -1962 812 09:35:30
M 1176 -1940 784 09:35:30
M 1160 -1904 842 09:35:30
M 1200 -1920 896 09:35:30
M 1174 -1934 839 09:35:30
M 1202 -1984 788 09:35:30
M 1258 -2010 794 09:35:30
M 1204 -1956 839 09:35:30
M 1182 -1988 732 09:35:30
M 1138 -1986 830 09:35:30
M 1212 -1934 822 09:35:30
M 1166 -1970 765 09:35:30
M 1166 -1960 796 09:35:30
M 1194 -1972 802 09:35:30
M 1182 -1942 801 09:35:30
M 1190 -1940 815 09:35:30
M 1206 -2004 761 09:35:30
M 1182 -1950 821 09:35:30
M 1190 -1966 768 09:35:30
M 1190 -1940 802 09:35:30
M 1200 -1960 813 09:35:30
M 1166 -1970 777 09:35:30
M 1204 -1934 808 09:35:30
M 1192 -1950 799 09:35:30
M 1244 -2036 710 09:35:30
M 1186 -1954 750 09:35:30
M 1190 -1954 785 09:35:30
M 1184 -1916 740 09:35:30
M 1182 -1962 732 09:35:30
M 1204 -1950 807 09:35:30
M 1168 -1984 797 09:35:30
M 1190 -1988 780 09:35:30
M 1246 -2004 834 09:35:30
M 1208 -1998 854 09:35:30
M 1186 -2048 798 09:35:30
M 1198 -1972 809 09:35:30
M 1156 -1996 786 09:35:30
M 1204 -1972 863 09:35:30
M 1188 -1948 825 09:35:30
M 1192 -1928 849 09:35:30
M 1204 -1960 854 09:35:30
M 1134 -1940 785 09:35:30
M 1164 -1956 515 09:35:30
M 1182 -1948 744 09:35:30
M 1216 -1906 838 09:35:30
M 1230 -1982 853 09:35:30
M 1164 -1984 835 09:35:30
M 1186 -1946 736 09:35:30
M 1184 -1942 734 09:35:30
M 1194 -1972 790 09:35:30
M 1198 -1932 808 09:35:30
M 1210 -1966 795 09:35:30
M 1180 -1918 722 09:35:30
M 1204 -1944 733 09:35:30
M 1222 -1968 767 09:35:30
M 1200 -1936 716 09:35:30
M 1160 -1976 777 09:35:30
M 1204 -1934 768 09:35:30
M 1210 -1972 807 09:35:30
M 1214 -1960 775 09:35:30
M 1146 -1924 736 09:35:30
M 1170 -1950 794 09:35:30
M 1192 -1964 794 09:35:30
M 1190 -1956 742 09:35:30
M 1206 -1904 800 09:35:30
M 1204 -1972 790 09:35:30
M 1206 -1924 736 09:35:30
M 1198 -1894 796 09:35:30
M 1194 -1926 787 09:35:30
M 1192 -1934 769 09:35:30
M 1234 -1982 762 09:35:30
M 1238 -1944 790 09:35:30
M 1222 -1994 847 09:35:30
M 1244 -1924 793 09:35:30
M 1216 -1944 817 09:35:30
M 1220 -1956 772 09:35:30
M 1236 -1924 808 09:35:30
M 1152 -1936 788 09:35:30
M 1210 -1928 858 09:35:30
M 1246 -1946 822 09:35:30
M 1190 -1922 846 09:35:30
M 1142 -1942 739 09:35:30
M 1230 -1926 744 09:35:30
M 1232 -1932 822 09:35:30
M 1190 -1958 789 09:35:30
M 1232 -1948 811 09:35:30
M 1214 -1956 856 09:35:30
M 1198 -1986 754 09:35:30
M 1202 -1916 786 09:35:30
M 1220 -1962 818 09:35:30
M 1246 -1956 847 09:35:30
M 1200 -1948 824 09:35:30
M 1202 -1986 876 09:35:30
M 1240 -1950 745 09:35:30
M 1248 -1978 810 09:35:30
M 1196 -1930 767 09:35:30
M 1194 -1952 838 09:35:30
M 1194 -1924 800 09:35:30
M 1214 -1928 839 09:35:30
M 1246 -1928 822 09:35:30
M 1244 -1944 843 09:35:30
M 1266 -1906 897 09:35:30
M 1164 -1936 829 09:35:30
M 1204 -1894 845 09:35:30
M 1238 -1944 736 09:35:30
M 1248 -1938 829 09:35:30
M 1210 -1912 824 09:35:30
M 1208 -1946 857 09:35:30
M 1260 -1928 828 09:35:30
M 1212 -1898 871 09:35:30
M 1224 -1920 868 09:35:30
M 1206 -1932 823 09:35:30
M 1230 -1928 924 09:35:30
M 1196 -1930 770 09:35:30
M 1248 -1918 825 09:35:30
M 1272 -1946 785 09:35:30
M 1174 -1920 826 09:35:30
M 1174 -1928 778 09:35:30
M 1222 -1926 850 09:35:30
M 1244 -1894 776 09:35:30
M 1196 -1950 823 09:35:30
M 1214 -1948 842 09:35:30
M 1186 -1920 774 09:35:30
M 1172 -1920 808 09:35:30
M 1218 -1906 787 09:35:30
M 1228 -1896 849 09:35:30
M 1172 -1908 792 09:35:30
M 1186 -1956 814 09:35:30
M 1208 -1878 841 09:35:30
M 1260 -1920 867 09:35:30
M 1278 -1914 811 09:35:30
M 1172 -1930 773 09:35:30
M 1196 -1940 784 09:35:30
M 1238 -1936 823 09:35:30
M 1182 -1990 790 09:35:30
M 1240 -1910 800 09:35:30
M 1228 -1916 837 09:35:30
M 1228 -1926 869 09:35:30
M 1214 -1880 773 09:35:30
M 1220 -1922 798 09:35:30
M 1274 -1938 836 09:35:30
M 1232 -1950 909 09:35:30
M 1222 -1938 849 09:35:30
M 1222 -1898 810 09:35:30
M 1200 -1898 910 09:35:30
M 1222 -1916 817 09:35:30
M 1232 -1942 783 09:35:30
M 1284 -1968 802 09:35:30
M 1276 -1930 883 09:35:30
M 1278 -1944 814 09:35:30
M 1226 -1906 897 09:35:30
M 1240 -1942 883 09:35:30
M 1234 -1980 844 09:35:30
M 1188 -1962 826 09:35:30
M 1238 -1964 825 09:35:30
M 1220 -1946 787 09:35:30
M 1206 -1926 815 09:35:30
M 1226 -1906 847 09:35:30
M 1204 -1944 822 09:35:30
M 1214 -1920 868 09:35:30
M 1158 -1926 856 09:35:30
M 1144 -1932 880 09:35:30
M 1182 -1936 845 09:35:30
M 1232 -1950 804 09:35:30
M 1196 -1988 807 09:35:30
M 1196 -1960 782 09:35:30
M 1220 -1922 822 09:35:30
M 1178 -1972 854 09:35:30
M 1160 -1930 809 09:35:30
M 1246 -1942 846 09:35:30
M 1224 -1926 864 09:35:30
M 1214 -1938 863 09:35:31
M 1202 -1910 851 09:35:31
M 1190 -1904 865 09:35:31
M 1182 -1950 813 09:35:31
M 1168 -1974 867 09:35:31
M 1220 -1984 878 09:35:31
M 1220 -1974 845 09:35:31
M 1192 -2028 882 09:35:31
M 1232 -1996 817 09:35:31
M 1160 -1984 781 09:35:31
M 1200 -1990 837 09:35:31
M 1180 -1966 834 09:35:31
M 1186 -1960 800 09:35:31
M 1206 -1908 908 09:35:31
M 1200 -1938 852 09:35:31
M 1146 -1904 908 09:35:31
M 1186 -1946 881 09:35:31
M 1150 -1942 813 09:35:31
M 1134 -1970 829 09:35:31
M 1188 -1938 836 09:35:31
M 1206 -1920 860 09:35:31
M 1172 -1914 890 09:35:31
M 1140 -1904 878 09:35:31
M 1180 -1922 921 09:35:31
M 1140 -1906 859 09:35:31
M 1188 -1930 840 09:35:31
M 1222 -1858 919 09:35:31
M 1208 -1908 844 09:35:31
M 1212 -1904 821 09:35:31
M 1164 -1928 821 09:35:31
M 1188 -1978 822 09:35:31
M 1196 -1932 853 09:35:31
M 1168 -1944 862 09:35:31
M 1212 -1962 865 09:35:31
M 1164 -1952 817 09:35:31
M 1202 -1928 799 09:35:31
M 1202 -1934 838 09:35:31
M 1192 -1942 856 09:35:31
M 1162 -1896 869 09:35:31
M 1242 -1956 845 09:35:31
M 1196 -1918 838 09:35:31
M 1166 -1890 814 09:35:31
M 1224 -1922 888 09:35:31
M 1188 -1942 858 09:35:31
M 1226 -1960 872 09:35:31
M 1192 -1922 887 09:35:31
M 1186 -1912 869 09:35:31
M 1214 -1950 856 09:35:31
M 1190 -1926 836 09:35:31
M 1192 -1926 818 09:35:31
M 1212 -1950 822 09:35:31
M 1250 -1918 750 09:35:31
M 1226 -1958 850 09:35:31
M 1180 -1934 867 09:35:31
M 1228 -1922 823 09:35:31
M 1242 -1930 858 09:35:31
M 1216 -1958 805 09:35:31
M 1214 -1938 839 09:35:31
M 1206 -1912 853 09:35:31
M 1190 -1892 827 09:35:31
M 1220 -1894 831 09:35:31
M 1280 -1894 792 09:35:31
M 1200 -1898 818 09:35:31
M 1194 -1910 756 09:35:31
M 1232 -1966 806 09:35:31
M 1210 -1966 861 09:35:31
M 1160 -1956 760 09:35:31
M 1234 -1920 766 09:35:31
M 1212 -1946 866 09:35:31
M 1232 -1900 803 09:35:31
M 1230 -1946 806 09:35:31
M 1234 -1956 804 09:35:31
M 1196 -1926 814 09:35:31
M 1206 -1908 788 09:35:31
M 1226 -1946 808 09:35:31
M 1214 -1950 819 09:35:31
M 1214 -1920 814 09:35:31
M 1188 -1970 819 09:35:31
M 1198 -1906 865 09:35:31
M 1154 -1934 812 09:35:31
M 1144 -1954 850 09:35:31
M 1180 -1908 839 09:35:31
M 1176 -1928 810 09:35:31
M 1202 -1898 830 09:35:31
M 1214 -1978 841 09:35:31
M 1176 -1956 896 09:35:31
M 1210 -1950 754 09:35:31
M 1238 -1952 804 09:35:31
M 1238 -1938 777 09:35:31
M 1196 -1952 848 09:35:31
M 1248 -1920 797 09:35:31
M 1200 -1910 818 09:35:31
M 1210 -1896 811 09:35:31
M 1198 -1944 813 09:35:31
M 1192 -1928 857 09:35:31
M 1228 -1926 761 09:35:31
M 1228 -1964 780 09:35:31
M 1226 -1934 775 09:35:31
M 1226 -1968 826 09:35:31
M 1186 -1940 791 09:35:31
M 1208 -1926 762 09:35:31
M 1214 -1904 873 09:35:31
M 1224 -1944 776 09:35:31
M 1220 -1994 762 09:35:31
M 1226 -1964 738 09:35:31
M 1202 -1978 769 09:35:31
M 1200 -1938 824 09:35:31
M 1230 -1944 810 09:35:31
M 1190 -1946 830 09:35:31
M 1244 -1938 877 09:35:31
M 1236 -1928 829 09:35:31
M 1198 -1922 800 09:35:31
M 1224 -1922 803 09:35:31
M 1206 -1952 826 09:35:31
M 1222 -1942 872 09:35:31
M 1212 -1940 821 09:35:31
M 1218 -1960 828 09:35:31
M 1204 -1966 819 09:35:31
M 1206 -1904 794 09:35:31
M 1242 -1934 839 09:35:31
M 1188 -1924 921 09:35:31
M 1200 -1924 805 09:35:31
M 1184 -1950 792 09:35:31
M 1194 -1932 813 09:35:31
M 1188 -1962 825 09:35:31
M 1194 -1960 811 09:35:31
M 1172 -1960 872 09:35:31
M 1188 -1938 822 09:35:31
M 1254 -1966 842 09:35:31
M 1166 -1962 814 09:35:31
M 1198 -1988 822 09:35:31
M 1170 -1902 795 09:35:31
M 1224 -1950 721 09:35:31
M 1186 -2002 780 09:35:31
M 1188 -1952 831 09:35:31
M 1192 -1922 771 09:35:31
M 1226 -1970 774 09:35:31
M 1210 -1986 786 09:35:31
M 1232 -1966 808 09:35:31
M 1194 -1946 836 09:35:31
M 1208 -1950 826 09:35:31
M 1208 -1948 838 09:35:31
M 1242 -1884 892 09:35:31
M 1222 -1940 844 09:35:31
M 1188 -1934 829 09:35:31
M 1236 -1912 794 09:35:31
M 1180 -1916 884 09:35:31
M 1164 -1932 822 09:35:31
M 1216 -2002 766 09:35:31
M 1224 -1936 800 09:35:31
M 1170 -1906 835 09:35:31
M 1202 -1942 823 09:35:31
M 1238 -1888 835 09:35:31
M 1240 -1896 826 09:35:31
M 1192 -1964 881 09:35:31
M 1200 -1960 815 09:35:31
M 1172 -1914 830 09:35:31
M 1142 -1946 855 09:35:31
M 1212 -1954 789 09:35:31
M 1214 -1952 749 09:35:31
M 1180 -1904 845 09:35:31
M 1194 -1954 900 09:35:31
M 1200 -1970 848 09:35:31
M 1190 -1962 819 09:35:31
M 1174 -1986 860 09:35:31
M 1186 -1926 861 09:35:31
M 1172 -1934 873 09:35:31
M 1152 -1936 880 09:35:31
M 1118 -1944 906 09:35:31
M 1172 -1972 872 09:35:31
M 1236 -1944 879 09:35:31
M 1216 -1930 864 09:35:31
M 1174 -1976 845 09:35:31
M 1190 -1952 814 09:35:31
M 1138 -1926 829 09:35:31
M 1206 -1934 810 09:35:31
M 1186 -1908 841 09:35:31
M 1190 -1934 794 09:35:31
M 1186 -1936 867 09:35:31
M 1192 -1936 832 09:35:31
M 1238 -1950 820 09:35:31
M 1168 -1922 831 09:35:31
M 1158 -1946 835 09:35:31
M 1186 -1952 846 09:35:31
M 1164 -1958 827 09:35:31
M 1172 -1930 823 09:35:31
M 1188 -1942 888 09:35:31
M 1148 -1924 842 09:35:31
M 1144 -1950 802 09:35:31
M 1170 -1960 839 09:35:31
M 1148 -1924 840 09:35:31
M 1206 -1934 895 09:35:31
M 1178 -1960 865 09:35:31
M 1158 -1976 861 09:35:31
M 1192 -1908 844 09:35:31
M 1162 -1940 838 09:35:31
M 1196 -1924 824 09:35:31
M 1156 -1890 806 09:35:31
M 1190 -1960 835 09:35:31
M 1204 -1938 837 09:35:31
M 1168 -1944 823 09:35:31
M 1160 -1926 811 09:35:31
M 1214 -1990 858 09:35:31
M 1196 -1946 842 09:35:31
M 1192 -1922 774 09:35:31
M 1212 -1964 836 09:35:31
M 1180 -1926 793 09:35:31
M 1188 -1952 883 09:35:31
M 1148 -1994 898 09:35:31
M 1144 -1982 878 09:35:31
M 1174 -1946 844 09:35:31
M 1150 -1978 846 09:35:31
M 1186 -1952 845 09:35:31
M 1216 -1964 868 09:35:31
M 1188 -1974 839 09:35:31
M 1162 -1944 839 09:35:31
M 1184 -1936 808 09:35:31
M 1202 -1940 888 09:35:31
M 1168 -1952 804 09:35:31
M 1220 -1976 791 09:35:31
M 1228 -1974 847 09:35:31
M 1196 -1956 827 09:35:31
M 1198 -1956 829 09:35:31
M 1140 -1944 910 09:35:31
M 1210 -1946 834 09:35:31
M 1148 -1942 882 09:35:31
M 1188 -1958 829 09:35:31
M 1182 -1968 845 09:35:31
M 1198 -1962 800 09:35:31
M 1194 -1966 821 09:35:31
M 1184 -1974 831 09:35:31
M 1182 -1956 782 09:35:31
M 1192 -1958 886 09:35:31
M 1206 -1926 822 09:35:31
M 1194 -1974 878 09:35:31
M 1208 -1944 812 09:35:31
M 1208 -1926 857 09:35:31
M 1154 -1934 816 09:35:31
M 1212 -1926 820 09:35:31
M 1156 -1934 813 09:35:31
M 1194 -1936 761 09:35:31
M 1220 -1892 789 09:35:31
M 1160 -1924 766 09:35:31
M 1192 -1938 790 09:35:31
M 1170 -1938 783 09:35:31
M 1212 -1910 779 09:35:31
M 1252 -1994 820 09:35:31
M 1224 -1974 834 09:35:31
M 1216 -1944 870 09:35:31
M 1226 -1926 837 09:35:31
M 1206 -1944 807 09:35:31
M 1204 -1950 852 09:35:31
M 1232 -1930 829 09:35:31
M 1222 -1932 806 09:35:31
M 1208 -1942 773 09:35:31
M 1226 -1912 748 09:35:31
M 1196 -1934 809 09:35:31
M 1222 -1924 857 09:35:31
M 1202 -1970 897 09:35:31
M 1182 -1968 826 09:35:31
M 1198 -1970 823 09:35:31
M 1196 -1964 861 09:35:31
M 1174 -1920 800 09:35:31
M 1198 -1960 887 09:35:31
M 1182 -1918 842 09:35:31
M 1186 -1916 823 09:35:31
M 1184 -1960 865 09:35:31
M 1184 -1918 764 09:35:31
M 1172 -1908 797 09:35:31
M 1192 -1910 780 09:35:31
M 1204 -1942 791 09:35:31
M 1222 -1952 841 09:35:31
M 1230 -1934 863 09:35:31
M 1174 -1934 882 09:35:31
M 1184 -1918 860 09:35:31
M 1168 -1928 817 09:35:31
M 1204 -1938 836 09:35:31
M 1226 -1942 813 09:35:31
M 1178 -1954 744 09:35:31
M 1220 -1960 790 09:35:31
M 1226 -1970 871 09:35:31
M 1210 -1958 826 09:35:31
M 1210 -1944 818 09:35:31
M 1206 -1926 797 09:35:31
M 1206 -1926 811 09:35:31
M 1212 -1938 844 09:35:31
M 1208 -1914 805 09:35:31
M 1216 -1926 829 09:35:31
M 1218 -1942 820 09:35:31
M 1210 -1938 834 09:35:31
M 1180 -1936 805 09:35:31
M 1186 -1932 846 09:35:31
M 1184 -1944 874 09:35:31
M 1256 -1882 832 09:35:31
M 1184 -1936 726 09:35:31
M 1202 -1940 889 09:35:31
M 1230 -1928 789 09:35:31
M 1204 -1952 842 09:35:31
M 1208 -1938 841 09:35:31
M 1188 -1954 769 09:35:31
M 1204 -1964 821 09:35:31
M 1202 -1936 839 09:35:31
M 1214 -1936 812 09:35:31
M 1200 -1954 824 09:35:31
M 1254 -1930 841 09:35:31
M 1180 -1950 819 09:35:31
M 1186 -1922 790 09:35:31
M 1212 -1976 812 09:35:31
M 1188 -1934 826 09:35:31
M 1232 -1990 752 09:35:31
M 1168 -1942 782 09:35:31
M 1218 -1992 819 09:35:31
M 1208 -1944 826 09:35:31
M 1212 -1932 847 09:35:31
M 1184 -1988 817 09:35:31
M 1236 -1942 752 09:35:31
M 1240 -1966 885 09:35:31
M 1274 -1910 773 09:35:31
M 1234 -1942 829 09:35:31
M 1218 -1938 818 09:35:31
M 1270 -1940 809 09:35:31
M 1238 -1962 813 09:35:31
M 1192 -1888 788 09:35:31
M 1198 -1960 797 09:35:31
M 1174 -1964 819 09:35:31
M 1244 -1978 765 09:35:31
M 1162 -1946 783 09:35:31
M 1166 -1940 791 09:35:31
M 1230 -1954 788 09:35:31
M 1214 -1970 777 09:35:31
M 1156 -1952 773 09:35:31
M 1156 -1926 833 09:35:31
M 1186 -1924 794 09:35:31
M 1162 -1914 809 09:35:31
M 1212 -1918 800 09:35:31
M 1188 -1972 803 09:35:31
M 1230 -1990 791 09:35:31
M 1250 -1924 846 09:35:31
M 1194 -1954 873 09:35:31
M 1222 -1954 807 09:35:31
M 1178 -1934 823 09:35:31
M 1220 -1920 855 09:35:31
M 1212 -1934 877 09:35:31
M 1204 -1942 845 09:35:31
M 1248 -1874 831 09:35:31
M 1236 -1892 852 09:35:31
M 1232 -1940 858 09:35:31
M 1214 -1984 812 09:35:31
M 1242 -1948 872 09:35:31
M 1212 -1946 815 09:35:31
M 1206 -1956 813 09:35:31
M 1216 -1930 765 09:35:31
M 1226 -1910 849 09:35:31
M 1192 -1970 799 09:35:31
M 1198 -1910 783 09:35:31
M 1214 -1886 747 09:35:31
M 1232 -1984 825 09:35:31
M 1242 -1928 854 09:35:31
M 1160 -1964 863 09:35:31
M 1238 -1922 850 09:35:31
M 1214 -1960 890 09:35:31
M 1224 -1956 878 09:35:31
M 1186 -1956 854 09:35:31
M 1208 -1982 811 09:35:31
M 1218 -1988 836 09:35:31
M 1254 -1956 851 09:35:31
M 1232 -1966 775 09:35:31
M 1266 -1986 885 09:35:31
M 1216 -1938 877 09:35:31
M 1176 -1958 860 09:35:31
M 1214 -1948 798 09:35:31
M 1200 -1932 822 09:35:31
M 1270 -1930 811 09:35:31
M 1214 -1990 871 09:35:31
M 1202 -1950 856 09:35:31
M 1210 -1942 832 09:35:31
M 1174 -1916 849 09:35:31
M 1214 -1984 921 09:35:31
M 1224 -1946 809 09:35:31
M 1224 -1966 884 09:35:31
M 1196 -1968 837 09:35:31
M 1258 -1906 851 09:35:31
M 1234 -1952 867 09:35:31
M 1202 -1960 859 09:35:31
M 1186 -1914 801 09:35:31
M 1206 -1882 797 09:35:31
M 1250 -1972 824 09:35:31
M 1208 -1936 784 09:35:31
M 1208 -1968 834 09:35:31
M 1210 -1954 797 09:35:31
M 1186 -1940 810 09:35:31
M 1266 -1960 792 09:35:31
M 1252 -1980 772 09:35:31
M 1230 -1982 838 09:35:31
M 1230 -1958 794 09:35:31
M 1202 -1906 802 09:35:31
M 1206 -1952 811 09:35:31
M 1226 -1958 821 09:35:31
M 1182 -1958 808 09:35:31
M 1170 -1994 803 09:35:31
M 1170 -1966 782 09:35:31
M 1184 -1998 774 09:35:31
M 1172 -1954 866 09:35:31
M 1174 -1938 839 09:35:31
M 1188 -1928 850 09:35:31
M 1172 -1938 788 09:35:31
M 1218 -1920 823 09:35:31
M 1198 -1936 784 09:35:31
M 1170 -2018 777 09:35:31
M 1170 -1960 843 09:35:31
M 1178 -1954 806 09:35:31
M 1224 -1958 797 09:35:31
M 1166 -1920 793 09:35:31
M 1206 -1958 845 09:35:31
M 1188 -1966 775 09:35:31
M 1224 -1936 820 09:35:31
M 1194 -2000 823 09:35:31
M 1246 -1934 697 09:35:31
M 1174 -1958 774 09:35:31
M 1220 -1934 821 09:35:31
M 1220 -1910 835 09:35:31
M 1210 -1932 798 09:35:31
M 1238 -1960 828 09:35:31
M 1232 -1922 859 09:35:31
M 1258 -1892 825 09:35:31
M 1218 -1904 774 09:35:31
M 1206 -1966 799 09:35:31
M 1210 -1922 810 09:35:31
M 1196 -1942 811 09:35:31
M 1208 -1908 784 09:35:31
M 1224 -1888 862 09:35:31
M 1198 -1938 820 09:35:31
M 1184 -1962 816 09:35:31
M 1248 -1878 860 09:35:31
M 1262 -1910 781 09:35:31
M 1216 -1972 812 09:35:31
M 1210 -1934 775 09:35:31
M 1164 -1940 846 09:35:31
M 1224 -1944 865 09:35:31
M 1242 -1932 880 09:35:31
M 1154 -1934 831 09:35:31
M 1150 -1942 842 09:35:31
M 1212 -1934 815 09:35:31
M 1216 -1946 825 09:35:31
M 1158 -1946 773 09:35:31
M 1174 -1948 787 09:35:31
M 1206 -1934 764 09:35:31
M 1242 -1990 771 09:35:31
M 1200 -1920 801 09:35:31
M 1232 -1932 765 09:35:31
M 1152 -1922 773 09:35:31
M 1142 -1946 827 09:35:31
M 1234 -1960 992 09:35:31
M 1232 -1968 780 09:35:31
M 1198 -1940 848 09:35:31
M 1156 -1908 795 09:35:31
M 1226 -1950 744 09:35:31
M 1182 -1926 779 09:35:31
M 1156 -1994 802 09:35:31
M 1172 -1952 843 09:35:31
M 1188 -1984 854 09:35:31
M 1204 -1962 823 09:35:31
M 1158 -1944 814 09:35:31
M 1160 -1912 760 09:35:31
M 1204 -1916 776 09:35:31
M 1162 -1938 797 09:35:31
M 1204 -1906 885 09:35:31
M 1252 -1966 827 09:35:31
M 1202 -1946 850 09:35:31
M 1236 -2012 819 09:35:31
M 1206 -1936 848 09:35:31
M 1188 -1966 820 09:35:31
M 1246 -2000 829 09:35:31
M 1254 -1952 813 09:35:31
M 1200 -1998 872 09:35:31
M 1168 -1976 906 09:35:31
M 1218 -1946 848 09:35:31
M 1234 -1956 905 09:35:31
M 1186 -1984 862 09:35:31
M 1234 -1980 818 09:35:31
M 1194 -1956 817 09:35:31
M 1246 -1950 816 09:35:31
M 1230 -1950 835 09:35:31
M 1234 -1966 884 09:35:31
M 1150 -1978 870 09:35:31
M 1212 -1966 827 09:35:31
M 1202 -1946 883 09:35:31
M 1214 -1954 895 09:35:31
M 1176 -1920 854 09:35:31
M 1200 -1920 902 09:35:31
M 1220 -1952 806 09:35:31
M 1250 -1910 824 09:35:31
M 1206 -1936 872 09:35:31
M 1198 -1954 821 09:35:31
M 1234 -1942 818 09:35:31
M 1174 -1958 796 09:35:31
M 1264 -1918 841 09:35:31
M 1226 -1902 881 09:35:31
M 1242 -1946 872 09:35:31
M 1236 -1950 856 09:35:31
M 1230 -1904 843 09:35:31
M 1220 -1920 843 09:35:31
M 1218 -1900 832 09:35:31
M 1234 -1924 816 09:35:31
M 1204 -1942 893 09:35:31
M 1262 -1976 771 09:35:31
M 1226 -1948 818 09:35:31
M 1160 -1968 845 09:35:31
M 1212 -1974 886 09:35:31
M 1238 -1926 799 09:35:31
M 1228 -1954 853 09:35:31
M 1172 -1926 830 09:35:31
M 1190 -1964 873 09:35:31
M 1190 -1998 839 09:35:31
M 1242 -1920 863 09:35:31
M 1218 -1932 738 09:35:31
M 1206 -1920 847 09:35:31
M 1232 -1966 850 09:35:31
M 1216 -1958 849 09:35:31
M 1202 -1950 792 09:35:31
M 1208 -1952 788 09:35:31
M 1208 -1942 799 09:35:31
M 1226 -1930 827 09:35:31
M 1218 -1924 882 09:35:31
M 1198 -1938 823 09:35:31
M 1218 -1932 838 09:35:31
M 1228 -1946 849 09:35:31
M 1200 -1988 842 09:35:31
M 1196 -1994 913 09:35:31
M 1202 -1958 868 09:35:31
M 1214 -1962 790 09:35:31
M 1210 -1946 848 09:35:31
M 1200 -1950 855 09:35:31
M 1180 -1938 845 09:35:31
M 1180 -1956 806 09:35:31
M 1208 -1958 843 09:35:31
M 1204 -1904 829 09:35:31
M 1224 -1926 778 09:35:31
M 1210 -1950 833 09:35:31
M 1198 -1948 801 09:35:31
M 1208 -1922 872 09:35:31
M 1218 -1898 875 09:35:31
M 1198 -1948 802 09:35:31
M 1190 -2030 849 09:35:31
M 1190 -1976 771 09:35:31
M 1244 -1928 808 09:35:31
M 1208 -1994 859 09:35:31
M 1214 -1928 774 09:35:31
M 1208 -1960 842 09:35:31
M 1258 -1926 848 09:35:31
M 1196 -1936 856 09:35:31
M 1186 -1934 812 09:35:31
M 1206 -1926 785 09:35:31
M 1160 -1932 830 09:35:31
M 1172 -1916 817 09:35:31
M 1174 -1914 852 09:35:31
M 1214 -1914 821 09:35:31
M 1190 -1936 835 09:35:31
M 1204 -1932 812 09:35:31
M 1218 -1930 789 09:35:31
M 1210 -1924 811 09:35:31
M 1200 -1902 782 09:35:31
M 1216 -1896 874 09:35:31
M 1200 -1984 863 09:35:31
M 1208 -1944 908 09:35:31
M 1198 -1974 767 09:35:31
M 1208 -1926 778 09:35:31
M 1214 -1910 845 09:35:31
M 1196 -1900 818 09:35:31
M 1216 -1944 818 09:35:31
M 1212 -1942 811 09:35:31
M 1162 -1912 846 09:35:31
M 1196 -1918 767 09:35:31
M 1214 -1926 860 09:35:31
M 1212 -1942 876 09:35:31
M 1206 -2000 802 09:35:31
M 1198 -1936 794 09:35:31
M 1222 -1932 792 09:35:31
M 1220 -1966 769 09:35:31
M 1218 -1924 765 09:35:31
M 1186 -1954 780 09:35:31
M 1158 -1950 805 09:35:31
M 1238 -1996 776 09:35:31
M 1172 -1940 762 09:35:31
M 1158 -1944 831 09:35:31
M 1140 -1956 859 09:35:31
M 1222 -1916 895 09:35:31
M 1192 -1944 831 09:35:31
M 1196 -1942 817 09:35:31
M 1208 -1924 853 09:35:31
M 1198 -1952 782 09:35:31
M 1186 -1932 836 09:35:31
M 1228 -1966 875 09:35:31
M 1202 -1946 834 09:35:31
M 1184 -1934 869 09:35:31
M 1242 -1970 869 09:35:31
M 1190 -1962 863 09:35:31
M 1220 -1944 838 09:35:31
M 1196 -1948 813 09:35:31
M 1178 -1934 871 09:35:31
M 1188 -1940 771 09:35:31
M 1198 -1950 888 09:35:31
M 1176 -1976 865 09:35:31
M 1224 -1908 852 09:35:32
M 1216 -1924 800 09:35:32
M 1222 -1956 821 09:35:32
M 1222 -1912 829 09:35:32
M 1246 -1926 838 09:35:32
M 1238 -1904 835 09:35:32
M 1196 -1956 783 09:35:32
M 1200 -1902 831 09:35:32
M 1212 -1898 814 09:35:32
M 1162 -1946 847 09:35:32
M 1170 -1920 798 09:35:32
M 1208 -1962 824 09:35:32
M 1184 -1960 841 09:35:32
M 1172 -1924 790 09:35:32
M 1196 -1924 831 09:35:32
M 1228 -1908 845 09:35:32
M 1196 -1890 740 09:35:32
M 1218 -1904 801 09:35:32
M 1222 -1932 802 09:35:32
M 1182 -1948 835 09:35:32
M 1210 -1946 738 09:35:32
M 1220 -1962 775 09:35:32
M 1168 -1958 845 09:35:32
M 1174 -1984 822 09:35:32
M 1184 -1942 800 09:35:32
M 1188 -1914 794 09:35:32
M 1200 -1982 784 09:35:32
M 1200 -1982 790 09:35:32
M 1170 -1954 771 09:35:32
M 1162 -1942 805 09:35:32
M 1152 -1924 798 09:35:32
M 1218 -1952 854 09:35:32
M 1206 -1924 859 09:35:32
M 1204 -1918 771 09:35:32
M 1188 -1926 792 09:35:32
M 1228 -1954 806 09:35:32
M 1208 -1892 784 09:35:32
M 1188 -1930 840 09:35:32
M 1208 -1914 791 09:35:32
M 1202 -1944 729 09:35:32
M 1180 -1962 733 09:35:32
M 1216 -1966 795 09:35:32
M 1218 -1932 830 09:35:32
M 1166 -1936 876 09:35:32
M 1162 -1926 799 09:35:32
M 1210 -1912 820 09:35:32
M 1200 -1930 788 09:35:32
M 1134 -1942 742 09:35:32
M 1224 -1970 806 09:35:32
M 1224 -1940 778 09:35:32
M 1166 -1922 813 09:35:32
M 1154 -1932 869 09:35:32
M 1164 -1968 863 09:35:32
M 1200 -1968 895 09:35:32
M 1188 -1954 801 09:35:32
M 1198 -1938 844 09:35:32
M 1254 -1940 850 09:35:32
M 1170 -1932 801 09:35:32
M 1160 -1972 834 09:35:32
M 1218 -1928 876 09:35:32
M 1210 -1944 871 09:35:32
M 1164 -1950 912 09:35:32
M 1178 -1970 819 09:35:32
M 1210 -1920 848 09:35:32
M 1176 -1918 836 09:35:32
M 1198 -1936 828 09:35:32
M 1192 -1918 856 09:35:32
M 1160 -1916 827 09:35:32
M 1206 -1918 740 09:35:32
M 1198 -1880 737 09:35:32
M 1174 -1946 778 09:35:32
M 1162 -1884 791 09:35:32
M 1186 -1946 815 09:35:32
M 1218 -1928 781 09:35:32
M 1196 -1922 839 09:35:32
M 1200 -1896 802 09:35:32
M 1246 -1932 798 09:35:32
M 1202 -1914 814 09:35:32
M 1216 -1942 716 09:35:32
M 1238 -1886 789 09:35:32
M 1236 -1932 813 09:35:32
M 1212 -1936 889 09:35:32
M 1224 -1968 806 09:35:32
M 1202 -1946 723 09:35:32
M 1238 -1908 777 09:35:32
M 1210 -1960 787 09:35:32
M 1238 -1924 805 09:35:32
M 1212 -1906 815 09:35:32
M 1148 -1938 794 09:35:32
M 1180 -1902 832 09:35:32
M 1192 -1920 791 09:35:32
M 1198 -1930 770 09:35:32
M 1196 -1934 773 09:35:32
M 1222 -1936 744 09:35:32
M 1192 -1920 823 09:35:32
M 1220 -1926 779 09:35:32
M 1216 -1896 805 09:35:32
M 1244 -1940 860 09:35:32
M 1216 -1910 838 09:35:32
M 1268 -1914 831 09:35:32
M 1208 -1994 791 09:35:32
M 1158 -1946 786 09:35:32
M 1164 -1934 783 09:35:32
M 1190 -1970 813 09:35:32
M 1184 -1932 845 09:35:32
M 1242 -1964 822 09:35:32
M 1190 -1970 776 09:35:32
M 1184 -1940 880 09:35:32
M 1212 -1928 751 09:35:32
M 1202 -1932 843 09:35:32
M 1202 -1966 797 09:35:32
M 1186 -1930 801 09:35:32
M 1174 -1922 861 09:35:32
M 1162 -1946 829 09:35:32
M 1226 -1934 799 09:35:32
M 1176 -1906 713 09:35:32
M 1164 -1928 797 09:35:32
M 1214 -1886 804 09:35:32
M 1204 -1874 804 09:35:32
M 1206 -1968 790 09:35:32
M 1186 -1916 731 09:35:32
M 1180 -1964 811 09:35:32
M 1186 -1936 752 09:35:32
M 1192 -1930 786 09:35:32
M 1212 -1924 831 09:35:32
M 1204 -1960 772 09:35:32
M 1196 -1952 758 09:35:32
M 1182 -1916 819 09:35:32
M 1192 -1950 747 09:35:32
M 1202 -1954 843 09:35:32
M 1210 -1902 796 09:35:32
M 1192 -1934 783 09:35:32
M 1206 -1916 754 09:35:32
M 1176 -1970 814 09:35:32
M 1216 -1906 833 09:35:32
M 1166 -1940 775 09:35:32
M 1194 -1944 758 09:35:32
M 1200 -1942 817 09:35:32
M 1218 -1926 783 09:35:32
M 1246 -1978 830 09:35:32
M 1224 -1926 786 09:35:32
M 1198 -1960 883 09:35:32
M 1156 -1940 792 09:35:32
M 1188 -1936 795 09:35:32
M 1204 -1940 858 09:35:32
M 1208 -1914 791 09:35:32
M 1180 -1950 866 09:35:32
M 1178 -1950 820 09:35:32
M 1204 -1956 843 09:35:32
M 1212 -1948 823 09:35:32
M 1272 -1966 786 09:35:32
M 1222 -1944 798 09:35:32
M 1238 -1958 841 09:35:32
M 1212 -1928 855 09:35:32
M 1206 -1952 803 09:35:32
M 1202 -1964 855 09:35:32
M 1222 -1928 811 09:35:32
M 1166 -1954 811 09:35:32
M 1156 -1948 822 09:35:32
M 1200 -1906 852 09:35:32
M 1182 -1912 847 09:35:32
M 1204 -1936 855 09:35:32
M 1176 -1936 828 09:35:32
M 1190 -1924 799 09:35:32
M 1192 -1898 814 09:35:32
M 1198 -1972 800 09:35:32
M 1192 -1986 759 09:35:32
M 1236 -1932 828 09:35:32
M 1202 -1942 854 09:35:32
M 1176 -1908 775 09:35:32
M 1178 -1910 804 09:35:32
M 1226 -1926 854 09:35:32
M 1160 -1916 859 09:35:32
M 1190 -1912 770 09:35:32
M 1200 -1896 828 09:35:32
M 1212 -1888 827 09:35:32
M 1224 -1920 798 09:35:32
M 1216 -1870 846 09:35:32
M 1186 -1912 859 09:35:32
M 1202 -1908 786 09:35:32
M 1158 -1904 799 09:35:32
M 1174 -1900 805 09:35:32
M 1188 -1886 820 09:35:32
M 1198 -1880 774 09:35:32
M 1182 -1938 795 09:35:32
M 1174 -1910 757 09:35:32
M 1182 -1908 798 09:35:32
M 1210 -1990 789 09:35:32
M 1156 -1974 786 09:35:32
M 1172 -1946 792 09:35:32
M 1202 -1926 778 09:35:32
M 1154 -1936 839 09:35:32
M 1134 -1910 821 09:35:32
M 1166 -1910 821 09:35:32
M 1158 -1942 798 09:35:32
M 1172 -1924 826 09:35:32
M 1190 -1912 870 09:35:32
M 1186 -1912 811 09:35:32
M 1160 -1938 806 09:35:32
M 1194 -1938 817 09:35:32
M 1146 -1956 854 09:35:32
M 1208 -1962 797 09:35:32
M 1138 -1948 849 09:35:32
M 1206 -1996 899 09:35:32
M 1178 -1896 857 09:35:32
M 1196 -1970 827 09:35:32
M 1174 -1942 869 09:35:32
M 1198 -1970 836 09:35:32
M 1216 -1984 842 09:35:32
M 1228 -1924 834 09:35:32
M 1194 -1998 831 09:35:32
M 1212 -1944 842 09:35:32
M 1188 -1948 837 09:35:32
M 1168 -1954 834 09:35:32
M 1182 -1960 822 09:35:32
M 1202 -1938 813 09:35:32
M 1148 -1946 854 09:35:32
M 1224 -1940 895 09:35:32
M 1182 -1904 794 09:35:32
M 1206 -1920 832 09:35:32
M 1170 -1950 804 09:35:32
M 1174 -1950 863 09:35:32
M 1240 -1948 848 09:35:32
M 1240 -1918 828 09:35:32
M 1196 -1964 831 09:35:32
M 1242 -1970 837 09:35:32
M 1168 -1972 829 09:35:32
M 1220 -1980 822 09:35:32
M 1192 -1964 847 09:35:32
M 1242 -1926 822 09:35:32
M 1192 -1900 818 09:35:32
M 1202 -1972 821 09:35:32
M 1176 -1954 842 09:35:32
M 1204 -1976 829 09:35:32
M 1196 -1924 849 09:35:32
M 1212 -1950 855 09:35:32
M 1182 -1968 835 09:35:32
M 1204 -1944 845 09:35:32
M 1208 -1972 800 09:35:32
M 1222 -1966 852 09:35:32
M 1180 -1984 830 09:35:32
M 1192 -1958 862 09:35:32
M 1188 -1970 851 09:35:32
M 1164 -1948 784 09:35:32
M 1176 -1968 844 09:35:32
M 1242 -1970 853 09:35:32
M 1196 -1992 882 09:35:32
M 1224 -1950 802 09:35:32
M 1218 -1952 842 09:35:32
M 1236 -1954 856 09:35:32
M 1194 -1946 818 09:35:32
M 1194 -1960 808 09:35:32
M 1184 -1920 821 09:35:32
M 1210 -1954 823 09:35:32
M 1184 -1938 813 09:35:32
M 1202 -1920 830 09:35:32
M 1238 -1932 886 09:35:32
M 1178 -1928 838 09:35:32
M 1196 -1972 846 09:35:32
M 1194 -1968 807 09:35:32
M 1236 -1890 819 09:35:32
M 1196 -1962 834 09:35:32
M 1208 -1986 848 09:35:32
M 1230 -1992 848 09:35:32
M 1200 -1956 721 09:35:32
M 1222 -1946 798 09:35:32
M 1182 -1954 829 09:35:32
M 1158 -1962 844 09:35:32
M 1204 -1964 792 09:35:32
M 1220 -1964 856 09:35:32
M 1206 -1974 800 09:35:32
M 1226 -1940 829 09:35:32
M 1218 -1954 770 09:35:32
M 1194 -1960 796 09:35:32
M 1220 -1946 840 09:35:32
M 1182 -1968 812 09:35:32
M 1168 -1928 849 09:35:32
M 1160 -1954 780 09:35:32
M 1164 -1974 911 09:35:32
M 1204 -1952 763 09:35:32
M 1190 -1948 819 09:35:32
M 1202 -1962 811 09:35:32
M 1202 -1992 834 09:35:32
M 1188 -1994 783 09:35:32
M 1204 -1986 798 09:35:32
M 1238 -1972 836 09:35:32
M 1190 -1912 869 09:35:32
M 1208 -1940 841 09:35:32
M 1200 -1962 866 09:35:32
M 1220 -1956 774 09:35:32
M 1254 -1962 815 09:35:32
M 1210 -1946 767 09:35:32
M 1216 -1934 806 09:35:32
M 1206 -1936 788 09:35:32
M 1214 -1992 818 09:35:32
M 1210 -1974 798 09:35:32
M 1192 -1944 799 09:35:32
M 1192 -1998 774 09:35:32
M 1230 -1924 834 09:35:32
M 1214 -1934 840 09:35:32
M 1178 -1954 787 09:35:32
M 1194 -1944 862 09:35:32
M 1232 -1928 837 09:35:32
M 1200 -1952 775 09:35:32
M 1246 -1918 860 09:35:32
M 1186 -1942 795 09:35:32
M 1180 -1960 818 09:35:32
M 1208 -1924 869 09:35:32
M 1180 -1960 797 09:35:32
M 1206 -1976 800 09:35:32
M 1214 -1956 802 09:35:32
M 1222 -1938 842 09:35:32
M 1216 -1928 866 09:35:32
M 1198 -1908 848 09:35:32
M 1172 -1924 755 09:35:32
M 1190 -1912 807 09:35:32
M 1170 -1940 816 09:35:32
M 1202 -1950 817 09:35:32
M 1190 -1902 806 09:35:32
M 1258 -1950 786 09:35:32
M 1230 -1906 858 09:35:32
M 1176 -1912 864 09:35:32
M 1220 -1910 830 09:35:32
M 1264 -1932 795 09:35:32
M 1192 -1922 807 09:35:32
M 1212 -1908 827 09:35:32
M 1178 -1930 866 09:35:32
M 1246 -1906 865 09:35:32
M 1204 -1910 853 09:35:32
M 1200 -1942 815 09:35:32
M 1166 -1918 889 09:35:32
M 1196 -1924 779 09:35:32
M 1152 -1914 860 09:35:32
M 1200 -1926 844 09:35:32
M 1232 -1940 887 09:35:32
M 1168 -1916 831 09:35:32
M 1200 -1932 833 09:35:32
M 1204 -1902 860 09:35:32
M 1178 -1952 858 09:35:32
M 1244 -1928 758 09:35:32
M 1200 -1954 844 09:35:32
M 1256 -1980 849 09:35:32
M 1184 -1934 875 09:35:32
M 1210 -1960 845 09:35:32
M 1174 -1984 858 09:35:32
M 1240 -1932 828 09:35:32
M 1168 -1968 841 09:35:32
M 1216 -1954 845 09:35:32
M 1190 -1962 840 09:35:32
M 1166 -1954 845 09:35:32
M 1212 -1968 845 09:35:32
M 1230 -1970 830 09:35:32
M 1180 -1940 839 09:35:32
M 1234 -1934 762 09:35:32
M 1222 -1868 826 09:35:32
M 1202 -1970 736 09:35:32
M 1268 -1924 854 09:35:32
M 1212 -1944 815 09:35:32
M 1202 -1950 801 09:35:32
M 1262 -1936 799 09:35:32
M 1228 -1960 795 09:35:32
M 1196 -1912 735 09:35:32
M 1206 -1928 818 09:35:32
M 1200 -1952 785 09:35:32
M 1236 -1964 831 09:35:32
M 1206 -1946 839 09:35:32
M 1158 -1970 826 09:35:32
M 1166 -1938 791 09:35:32
M 1202 -1944 831 09:35:32
M 1198 -1942 809 09:35:32
M 1222 -1898 788 09:35:32
M 1170 -1956 790 09:35:32
M 1238 -1960 852 09:35:32
M 1218 -1972 852 09:35:32
M 1156 -1944 814 09:35:32
M 1206 -1964 815 09:35:32
M 1206 -1950 886 09:35:32
M 1232 -1928 816 09:35:32
M 1190 -1944 857 09:35:32
M 1202 -1918 854 09:35:32
M 1146 -1940 854 09:35:32
M 1182 -1944 819 09:35:32
M 1182 -1924 859 09:35:32
M 1140 -1902 806 09:35:32
M 1190 -1960 800 09:35:32
M 1182 -1980 828 09:35:32
M 1174 -1912 892 09:35:32
M 1216 -1946 830 09:35:32
M 1222 -1940 820 09:35:32
M 1174 -1946 789 09:35:32
M 1212 -1980 848 09:35:32
M 1196 -1964 821 09:35:32
M 1198 -1942 905 09:35:32
M 1188 -1924 844 09:35:32
M 1178 -1940 815 09:35:32
M 1216 -1996 836 09:35:32
M 1194 -1988 829 09:35:32
M 1212 -1926 826 09:35:32
M 1232 -1950 854 09:35:32
M 1218 -1956 854 09:35:32
M 1194 -1956 819 09:35:32
M 1230 -1938 818 09:35:32
M 1204 -1972 771 09:35:32
M 1178 -1970 832 09:35:32
M 1178 -1960 855 09:35:32
M 1216 -1966 833 09:35:32
M 1184 -1922 868 09:35:32
M 1214 -1966 818 09:35:32
M 1248 -1970 873 09:35:32
M 1232 -1940 832 09:35:32
M 1238 -1968 897 09:35:32
M 1200 -1952 907 09:35:32
M 1214 -1924 841 09:35:32
M 1254 -1914 782 09:35:32
M 1250 -1982 834 09:35:32
M 1176 -1992 847 09:35:32
M 1226 -1948 848 09:35:32
M 1194 -1934 813 09:35:32
M 1270 -1990 852 09:35:32
M 1188 -1960 859 09:35:32
M 1208 -1962 884 09:35:32
M 1240 -1966 869 09:35:32
M 1210 -1996 860 09:35:32
M 1200 -1978 870 09:35:32
M 1216 -2014 847 09:35:32
M 1224 -1980 830 09:35:32
M 1256 -1952 824 09:35:32
M 1212 -1970 831 09:35:32
M 1214 -1982 842 09:35:32
M 1244 -1960 881 09:35:32
M 1214 -1964 851 09:35:32
M 1196 -1966 840 09:35:32
M 1218 -2022 897 09:35:32
M 1198 -1934 840 09:35:32
M 1212 -1976 885 09:35:32
M 1176 -1968 917 09:35:32
M 1260 -1996 832 09:35:32
M 1224 -1970 887 09:35:32
M 1216 -1998 833 09:35:32
M 1216 -1978 841 09:35:32
M 1244 -1970 889 09:35:32
M 1236 -1966 821 09:35:32
M 1240 -1972 890 09:35:32
M 1208 -1980 886 09:35:32
M 1220 -1962 796 09:35:32
M 1226 -1984 832 09:35:32
M 1216 -1992 781 09:35:32
M 1268 -1898 820 09:35:32
M 1226 -1938 824 09:35:32
M 1186 -1948 824 09:35:32
M 1194 -1958 827 09:35:32
M 1220 -1960 910 09:35:32
M 1212 -1910 877 09:35:32
M 1184 -1948 811 09:35:32
M 1204 -1954 789 09:35:32
M 1210 -1954 845 09:35:32
M 1228 -1976 772 09:35:32
M 1218 -1956 823 09:35:32
M 1188 -1972 776 09:35:32
M 1236 -1950 845 09:35:32
M 1212 -1958 814 09:35:32
M 1228 -1950 787 09:35:32
M 1192 -1992 858 09:35:32
M 1166 -1934 828 09:35:32
M 1208 -1952 807 09:35:32
M 1184 -1982 805 09:35:32
M 1182 -1996 784 09:35:32
M 1260 -1980 869 09:35:32
M 1224 -1954 858 09:35:32
M 1198 -1958 843 09:35:32
M 1224 -1916 823 09:35:32
M 1196 -1976 830 09:35:32
M 1154 -1964 895 09:35:32
M 1200 -1974 751 09:35:32
M 1212 -1994 817 09:35:32
M 1206 -1960 829 09:35:32
M 1178 -1944 816 09:35:32
M 1184 -1962 767 09:35:32
M 1200 -1964 741 09:35:32
M 1186 -1986 795 09:35:32
M 1180 -1976 829 09:35:32
M 1212 -1946 769 09:35:32
M 1212 -1962 814 09:35:32
M 1202 -1948 794 09:35:32
M 1158 -1942 806 09:35:32
M 1186 -1992 800 09:35:32
M 1198 -1948 850 09:35:32
M 1194 -1964 818 09:35:32
M 1228 -1984 811 09:35:32
M 1188 -1964 778 09:35:32
M 1226 -1952 798 09:35:32
M 1232 -1966 852 09:35:32
M 1216 -2016 810 09:35:32
M 1218 -1958 817 09:35:32
M 1260 -1972 873 09:35:32
M 1216 -2010 861 09:35:32
M 1214 -1990 810 09:35:32
M 1196 -1980 868 09:35:32
M 1170 -1964 828 09:35:32
M 1218 -1936 828 09:35:32
M 1168 -1990 808 09:35:32
M 1222 -1954 786 09:35:32
M 1232 -1950 798 09:35:32
M 1242 -1986 841 09:35:32
M 1242 -1954 838 09:35:32
M 1218 -1986 780 09:35:32
M 1184 -1944 823 09:35:32
M 1174 -1952 848 09:35:32
M 1232 -1964 771 09:35:32
M 1188 -1964 789 09:35:32
M 1232 -1924 895 09:35:32
M 1178 -1952 821 09:35:32
M 1216 -1942 843 09:35:32
M 1212 -1966 822 09:35:32
M 1172 -2004 835 09:35:32
M 1208 -1946 823 09:35:32
M 1196 -1988 816 09:35:32
M 1202 -1916 814 09:35:32
M 1242 -1970 808 09:35:32
M 1190 -1958 845 09:35:32
M 1158 -1948 790 09:35:32
M 1170 -1968 807 09:35:32
M 1172 -1962 784 09:35:32
M 1174 -1954 799 09:35:32
M 1194 -2000 815 09:35:32
M 1174 -1966 886 09:35:32
M 1184 -1972 773 09:35:32
M 1198 -1992 788 09:35:32
M 1150 -1966 860 09:35:32
M 1198 -1928 802 09:35:32
M 1188 -1960 857 09:35:32
M 1176 -1940 773 09:35:32
M 1180 -1974 829 09:35:32
M 1188 -1926 793 09:35:32
M 1174 -1948 804 09:35:32
M 1162 -1968 756 09:35:32
M 1194 -1976 817 09:35:32
M 1168 -1970 769 09:35:32
M 1188 -2004 837 09:35:32
M 1162 -1966 841 09:35:32
M 1210 -1962 845 09:35:32
M 1202 -2002 793 09:35:32
M 1226 -1942 812 09:35:32
M 1194 -1954 837 09:35:32
M 1178 -1944 775 09:35:32
M 1168 -1952 803 09:35:32
M 1152 -1934 809 09:35:32
M 1172 -1962 826 09:35:32
M 1198 -1958 827 09:35:32
M 1202 -1910 821 09:35:32
M 1180 -1950 759 09:35:32
M 1198 -1922 862 09:35:32
M 1216 -1932 826 09:35:32
M 1194 -1962 844 09:35:32
M 1210 -1932 906 09:35:32
M 1248 -1970 889 09:35:32
M 1226 -1988 825 09:35:32
M 1222 -1934 883 09:35:32
M 1182 -1948 834 09:35:32
M 1250 -1954 843 09:35:32
M 1200 -1948 843 09:35:32
M 1192 -1964 823 09:35:32
M 1202 -1964 813 09:35:32
M 1208 -2006 763 09:35:32
M 1216 -1986 857 09:35:32
M 1252 -1974 791 09:35:32
M 1214 -1964 841 09:35:32
M 1252 -1970 849 09:35:32
M 1194 -1950 826 09:35:32
M 1258 -1946 897 09:35:32
M 1240 -1958 913 09:35:32
M 1254 -1962 896 09:35:32
M 1212 -1954 824 09:35:32
M 1260 -1944 847 09:35:32
M 1236 -1946 810 09:35:32
M 1222 -1944 841 09:35:32
M 1240 -1928 844 09:35:32
M 1180 -1934 824 09:35:32
M 1206 -1974 896 09:35:32
M 1226 -1962 850 09:35:32
M 1156 -1950 829 09:35:32
M 1150 -1944 835 09:35:32
M 1162 -1938 863 09:35:32
M 1214 -1948 840 09:35:32
M 1196 -1924 827 09:35:32
M 1208 -1946 865 09:35:32
M 1206 -1946 775 09:35:32
M 1182 -1970 817 09:35:32
M 1224 -1912 816 09:35:32
M 1174 -1912 812 09:35:32
M 1202 -1890 837 09:35:32
M 1198 -1898 848 09:35:32
M 1220 -1862 888 09:35:32
M 1218 -1876 886 09:35:32
M 1222 -1958 865 09:35:32
M 1210 -1954 803 09:35:32
M 1214 -1928 859 09:35:32
M 1188 -1930 819 09:35:32
M 1168 -1948 790 09:35:32
M 1188 -1916 821 09:35:32
M 1190 -1914 872 09:35:32
M 1186 -1882 852 09:35:32
M 1164 -1922 846 09:35:32
M 1182 -1892 822 09:35:32
M 1168 -1932 821 09:35:32
M 1164 -1936 841 09:35:32
M 1196 -1886 784 09:35:32
M 1230 -1932 854 09:35:32
M 1198 -1958 855 09:35:32
M 1146 -1952 838 09:35:32
M 1170 -1958 923 09:35:32
M 1188 -1960 900 09:35:32
M 1208 -1962 828 09:35:32
M 1210 -1928 830 09:35:32
M 1162 -1950 837 09:35:32
M 1172 -1980 806 09:35:32
M 1204 -1970 841 09:35:32
M 1232 -1914 851 09:35:32
M 1182 -1940 853 09:35:32
M 1224 -1974 841 09:35:32
M 1192 -1972 836 09:35:32
M 1226 -1924 813 09:35:32
M 1242 -1932 817 09:35:32
M 1208 -1952 802 09:35:32
M 1248 -1954 831 09:35:32
M 1198 -1938 800 09:35:32
M 1138 -1930 819 09:35:32
M 1202 -1950 760 09:35:32
M 1216 -1940 836 09:35:32
M 1176 -1956 860 09:35:32
M 1186 -1912 827 09:35:32
M 1216 -1952 793 09:35:32
M 1204 -1930 898 09:35:32
M 1212 -1918 843 09:35:32
M 1208 -1942 839 09:35:32
M 1192 -1926 840 09:35:32
M 1204 -1874 847 09:35:32
M 1194 -1922 850 09:35:32
M 1176 -1978 773 09:35:32
M 1190 -1950 815 09:35:32
M 1248 -1960 805 09:35:32
M 1230 -1956 809 09:35:32
M 1184 -1928 822 09:35:32
M 1210 -1952 803 09:35:32
M 1240 -1962 812 09:35:32
M 1184 -1920 799 09:35:32
M 1208 -1942 832 09:35:32
M 1226 -1942 808 09:35:32
M 1196 -1904 779 09:35:32
M 1196 -1956 790 09:35:32
M 1174 -1936 858 09:35:32
M 1156 -1882 844 09:35:32
M 1158 -1974 809 09:35:32
M 1176 -1974 713 09:35:32
M 1168 -1982 833 09:35:32
M 1200 -2000 840 09:35:32
M 1202 -1950 851 09:35:32
M 1196 -1980 809 09:35:32
M 1222 -1944 792 09:35:32
M 1210 -1894 792 09:35:32
M 1166 -1920 822 09:35:32
M 1202 -1936 814 09:35:32
M 1170 -1916 811 09:35:32
M 1206 -1924 848 09:35:32
M 1170 -1952 812 09:35:32
M 1162 -1910 864 09:35:32
M 1186 -1942 858 09:35:32
M 1198 -1980 806 09:35:32
M 1214 -1948 792 09:35:32
M 1210 -1872 810 09:35:32
M 1198 -1948 859 09:35:32
M 1204 -1956 760 09:35:32
M 1184 -1948 792 09:35:32
M 1178 -1886 842 09:35:32
M 1220 -1908 785 09:35:32
M 1144 -1904 751 09:35:32
M 1210 -1930 841 09:35:32
M 1212 -1910 820 09:35:32
M 1166 -1950 773 09:35:32
M 1180 -1916 773 09:35:32
M 1172 -1908 801 09:35:32
M 1176 -1938 824 09:35:32
M 1186 -1894 715 09:35:32
M 1184 -1954 809 09:35:32
M 1186 -1920 865 09:35:32
M 1190 -1918 846 09:35:32
M 1180 -1922 835 09:35:32
M 1192 -1920 800 09:35:32
M 1188 -1928 854 09:35:32
M 1236 -1916 829 09:35:32
M 1194 -1944 842 09:35:32
M 1204 -1894 804 09:35:32
M 1212 -1920 797 09:35:32
M 1206 -1910 774 09:35:32
M 1210 -1900 809 09:35:32
M 1198 -1902 808 09:35:32
M 1186 -1902 858 09:35:32
M 1214 -1874 773 09:35:32
M 1160 -1898 762 09:35:32
M 1204 -1906 824 09:35:32
M 1230 -1910 854 09:35:32
M 1208 -1920 833 09:35:32
M 1246 -1904 809 09:35:32
M 1230 -1916 790 09:35:32
M 1208 -1954 828 09:35:32
M 1260 -1876 774 09:35:32
M 1228 -1928 778 09:35:32
M 1176 -1908 829 09:35:32
M 1174 -1914 785 09:35:32
M 1182 -1890 871 09:35:32
M 1202 -1914 816 09:35:32
M 1150 -1892 821 09:35:32
M 1156 -1964 770 09:35:32
M 1160 -1914 840 09:35:32
M 1186 -1886 787 09:35:32
M 1206 -1910 812 09:35:32
M 1200 -1976 842 09:35:32
M 1238 -1926 796 09:35:32
M 1180 -1882 828 09:35:32
M 1202 -1890 816 09:35:32
M 1192 -1894 820 09:35:32
M 1182 -1876 831 09:35:32
M 1212 -1918 841 09:35:32
M 1262 -1922 845 09:35:32
M 1214 -1930 784 09:35:32
M 1208 -1880 796 09:35:32
M 1204 -1904 813 09:35:32
M 1210 -1936 820 09:35:32
M 1158 -1898 819 09:35:32
M 1194 -1886 855 09:35:32
M 1160 -1918 820 09:35:32
M 1256 -1892 745 09:35:32
M 1158 -1986 901 09:35:32
M 1226 -1968 854 09:35:32
M 1160 -1930 854 09:35:32
M 1238 -1956 890 09:35:32
M 1190 -1926 830 09:35:32
M 1212 -1934 808 09:35:32
M 1186 -1926 883 09:35:32
M 1188 -1952 858 09:35:32
M 1188 -1966 852 09:35:32
M 1134 -1952 839 09:35:32
M 1192 -1912 865 09:35:32
M 1200 -1932 841 09:35:32
M 1228 -1886 840 09:35:32
M 1214 -1912 837 09:35:32
M 1166 -1876 830 09:35:32
M 1216 -1900 864 09:35:32
M 1188 -1882 847 09:35:32
M 1162 -1922 856 09:35:32
M 1160 -1930 820 09:35:32
M 1186 -1934 875 09:35:32
M 1192 -1920 920 09:35:32
M 1206 -1948 820 09:35:32
M 1178 -1936 840 09:35:32
M 1190 -1920 880 09:35:32
M 1164 -1916 841 09:35:32
M 1202 -1954 849 09:35:32
M 1194 -1922 876 09:35:32
M 1192 -1906 816 09:35:32
M 1204 -1904 848 09:35:32
M 1270 -1914 905 09:35:32
M 1204 -1926 817 09:35:32
M 1218 -1962 858 09:35:32
M 1190 -1944 844 09:35:32
M 1192 -1920 819 09:35:32
M 1190 -1942 808 09:35:32
M 1222 -1942 812 09:35:32
M 1188 -1916 861 09:35:32
M 1202 -1944 873 09:35:32
M 1164 -1920 859 09:35:32
M 1162 -1886 853 09:35:32
M 1168 -1948 830 09:35:32
M 1156 -1960 840 09:35:32
M 1190 -1986 874 09:35:32
M 1196 -1916 888 09:35:32
M 1200 -1944 845 09:35:32
M 1196 -1890 834 09:35:32
M 1182 -1932 841 09:35:32
M 1138 -1914 890 09:35:32
M 1212 -1902 870 09:35:32
M 1158 -1916 863 09:35:32
M 1164 -1904 773 09:35:32
M 1162 -1914 822 09:35:32
M 1180 -1938 857 09:35:32
M 1196 -1904 885 09:35:32
M 1184 -1926 786 09:35:32
M 1170 -1904 879 09:35:32
M 1212 -1898 853 09:35:32
M 1148 -1908 891 09:35:32
M 1204 -1874 827 09:35:32
M 1192 -1910 878 09:35:32
M 1176 -1888 858 09:35:32
M 1208 -1924 878 09:35:32
M 1178 -1944 834 09:35:32
M 1192 -1914 855 09:35:32
M 1158 -1896 833 09:35:32
M 1144 -1908 824 09:35:32
M 1150 -1950 841 09:35:32
M 1168 -1938 861 09:35:32
M 1216 -1960 890 09:35:32
M 1198 -1948 820 09:35:32
M 1166 -1938 859 09:35:32
M 1180 -1890 878 09:35:32
M 1168 -1936 781 09:35:32
M 1204 -1914 820 09:35:32
M 1200 -1936 813 09:35:32
M 1188 -1940 840 09:35:32
M 1160 -1944 863 09:35:32
M 1176 -1942 825 09:35:32
M 1176 -1898 751 09:35:32
M 1170 -1918 815 09:35:32
M 1178 -1902 817 09:35:32
M 1186 -1906 841 09:35:32
M 1152 -1922 822 09:35:32
M 1134 -1918 821 09:35:32
M 1138 -1902 800 09:35:32
M 1196 -1928 839 09:35:32
M 1214 -1946 776 09:35:32
M 1166 -1970 787 09:35:32
M 1168 -1936 792 09:35:32
M 1156 -1932 839 09:35:32
M 1176 -1928 817 09:35:32
M 1140 -1932 807 09:35:32
M 1170 -1904 771 09:35:32
M 1182 -1886 800 09:35:32
M 1172 -1938 786 09:35:32
M 1190 -1882 830 09:35:32
M 1146 -1870 789 09:35:32
M 1176 -1908 802 09:35:32
M 1190 -1944 750 09:35:32
M 1190 -1944 822 09:35:32
M 1104 -1950 777 09:35:32
M 1134 -1962 810 09:35:32
M 1184 -1898 808 09:35:32
M 1148 -1912 796 09:35:32
M 1200 -1914 769 09:35:32
M 1176 -1886 833 09:35:32
M 1158 -1946 804 09:35:32
M 1190 -1910 784 09:35:32
M 1182 -1928 837 09:35:32
M 1172 -1924 785 09:35:32
M 1194 -1926 803 09:35:32
M 1194 -1944 820 09:35:32
M 1162 -1928 809 09:35:32
M 1152 -1950 799 09:35:32
M 1154 -1902 782 09:35:32
M 1188 -1942 777 09:35:32
M 1174 -1914 817 09:35:32
M 1170 -1914 822 09:35:32
M 1180 -1906 828 09:35:32
M 1144 -1882 808 09:35:32
M 1198 -1902 816 09:35:32
M 1180 -1978 788 09:35:32
M 1172 -1958 813 09:35:32
M 1172 -1972 835 09:35:32
M 1174 -1948 835 09:35:32
M 1196 -1982 855 09:35:32
M 1148 -1970 831 09:35:32
M 1158 -1952 835 09:35:32
M 1154 -1964 785 09:35:32
M 1184 -1954 858 09:35:32
M 1152 -1942 885 09:35:32
M 1188 -1936 861 09:35:32
M 1238 -1920 805 09:35:32
M 1152 -1924 833 09:35:32
M 1200 -1916 781 09:35:32
M 1212 -1902 815 09:35:32
M 1216 -1974 857 09:35:32
M 1200 -1918 787 09:35:32
M 1222 -1978 744 09:35:32
M 1238 -1916 829 09:35:32
M 1218 -1946 812 09:35:32
M 1186 -1922 826 09:35:32
M 1188 -1948 806 09:35:32
M 1210 -1976 827 09:35:32
M 1204 -1918 796 09:35:32
M 1174 -1976 824 09:35:32
M 1170 -1958 891 09:35:32
M 1220 -1902 815 09:35:32
M 1228 -1924 803 09:35:32
M 1238 -1922 875 09:35:32
M 1204 -1932 777 09:35:32
M 1214 -1940 854 09:35:32
M 1268 -1956 934 09:35:32
M 1236 -1940 850 09:35:32
M 1230 -1930 817 09:35:32
M 1208 -1908 810 09:35:32
M 1208 -1892 833 09:35:32
M 1214 -1896 803 09:35:32
M 1236 -1954 766 09:35:32
M 1214 -1948 864 09:35:32
M 1202 -1896 902 09:35:32
M 1156 -1914 790 09:35:32
M 1226 -1892 793 09:35:32
M 1204 -1870 824 09:35:32
M 1222 -1866 806 09:35:32
M 1206 -1916 811 09:35:32
M 1218 -1916 792 09:35:32
M 1226 -1930 794 09:35:32
M 1176 -1940 781 09:35:32
M 1178 -1898 776 09:35:32
M 1176 -1926 814 09:35:32
M 1208 -1910 849 09:35:32
M 1242 -1906 835 09:35:32
M 1224 -1908 794 09:35:32
M 1218 -1902 827 09:35:32
M 1194 -1834 895 09:35:32
M 1200 -1910 838 09:35:32
M 1174 -1908 845 09:35:32
M 1196 -1914 789 09:35:32
M 1192 -1902 828 09:35:32
M 1178 -1924 820 09:35:32
M 1196 -1904 847 09:35:32
M 1192 -1890 782 09:35:32
M 1188 -1914 799 09:35:32
M 1260 -1938 803 09:35:32
M 1202 -1894 848 09:35:32
M 1192 -1964 786 09:35:32
M 1204 -1956 815 09:35:32
M 1234 -1960 815 09:35:32
M 1232 -1940 870 09:35:32
M 1234 -1928 732 09:35:32
M 1204 -1942 836 09:35:32
M 1250 -1946 802 09:35:32
M 1238 -1964 799 09:35:32
M 1202 -1930 832 09:35:32
M 1208 -1932 780 09:35:32
M 1164 -1944 817 09:35:32
M 1210 -1902 778 09:35:32
M 1164 -1956 743 09:35:32
M 1194 -1952 820 09:35:32
M 1170 -1948 861 09:35:32
M 1174 -1934 799 09:35:32
M 1238 -1964 783 09:35:32
M 1202 -1924 817 09:35:32
M 1178 -1920 826 09:35:32
M 1144 -1946 825 09:35:32
M 1178 -1940 806 09:35:32
M 1140 -1908 799 09:35:32
M 1144 -1906 806 09:35:32
M 1196 -1934 847 09:35:32
M 1184 -1924 868 09:35:32
M 1190 -1930 845 09:35:32
M 1192 -1982 847 09:35:32
M 1222 -1908 821 09:35:32
M 1256 -1928 795 09:35:32
M 1202 -1988 844 09:35:32
M 1178 -1934 855 09:35:32
M 1184 -1990 924 09:35:32
M 1174 -1936 862 09:35:32
M 1248 -1918 862 09:35:32
M 1224 -1910 857 09:35:32
M 1188 -1954 846 09:35:32
M 1214 -1928 796 09:35:32
M 1224 -1932 811 09:35:32
M 1164 -1896 808 09:35:32
M 1240 -1896 832 09:35:32
M 1222 -1904 807 09:35:32
M 1244 -1908 879 09:35:32
M 1204 -1906 848 09:35:32
M 1238 -1904 855 09:35:32
M 1238 -1902 844 09:35:32
M 1222 -1942 838 09:35:32
M 1210 -1900 840 09:35:32
M 1214 -1898 806 09:35:32
M 1194 -1902 837 09:35:32
M 1218 -1936 839 09:35:32
M 1216 -1924 779 09:35:32
M 1252 -1882 872 09:35:32
M 1264 -1902 849 09:35:32
M 1226 -1922 815 09:35:32
M 1236 -1944 792 09:35:32
M 1212 -1926 825 09:35:32
M 1214 -1950 847 09:35:32
M 1224 -1900 875 09:35:32
M 1260 -1914 711 09:35:32
M 1248 -1946 866 09:35:32
M 1228 -1900 802 09:35:32
M 1196 -1922 850 09:35:32
M 1210 -1872 789 09:35:32
M 1194 -1898 771 09:35:32
M 1182 -1938 849 09:35:32
M 1204 -1928 827 09:35:32
M 1198 -1948 790 09:35:32
M 1202 -1964 825 09:35:32
M 1248 -1946 873 09:35:32
M 1210 -1964 866 09:35:32
M 1246 -1914 780 09:35:32
M 1250 -1912 814 09:35:32
M 1220 -1914 841 09:35:32
M 1222 -1914 833 09:35:32
M 1202 -1922 816 09:35:32
M 1172 -1940 861 09:35:32
M 1204 -1934 852 09:35:32
M 1148 -1952 840 09:35:32
M 1220 -1954 813 09:35:32
M 1186 -1956 843 09:35:32
M 1190 -1956 855 09:35:32
M 1168 -1962 842 09:35:32
M 1200 -1944 832 09:35:33
M 1222 -1966 849 09:35:33
M 1212 -1976 816 09:35:33
M 1208 -1956 792 09:35:33
M 1210 -1910 771 09:35:33
M 1170 -1938 805 09:35:33
M 1190 -1962 810 09:35:33
M 1208 -1972 812 09:35:33
M 1186 -1932 781 09:35:33
M 1226 -1948 809 09:35:33
M 1190 -1962 872 09:35:33
M 1180 -1964 836 09:35:33
M 1186 -1962 858 09:35:33
M 1228 -1954 837 09:35:33
M 1238 -1964 818 09:35:33
M 1198 -1956 815 09:35:33
M 1212 -1924 791 09:35:33
M 1154 -1896 777 09:35:33
M 1168 -1912 868 09:35:33
M 1244 -1950 853 09:35:33
M 1226 -1952 794 09:35:33
M 1160 -1932 848 09:35:33
M 1224 -1952 811 09:35:33
M 1200 -1940 842 09:35:33
M 1172 -1940 843 09:35:33
M 1222 -1934 871 09:35:33
M 1172 -1930 793 09:35:33
M 1182 -1920 808 09:35:33
M 1198 -1940 838 09:35:33
M 1190 -1928 836 09:35:33
M 1158 -1956 841 09:35:33
M 1186 -1946 837 09:35:33
M 1178 -1954 794 09:35:33
M 1182 -1962 805 09:35:33
M 1182 -1942 757 09:35:33
M 1182 -1920 810 09:35:33
M 1162 -1914 804 09:35:33
M 1190 -1964 820 09:35:33
M 1240 -1930 758 09:35:33
M 1204 -1924 848 09:35:33
M 1214 -1928 817 09:35:33
M 1200 -1944 808 09:35:33
M 1210 -1892 792 09:35:33
M 1206 -1940 823 09:35:33
M 1208 -1924 796 09:35:33
M 1180 -1930 770 09:35:33
M 1192 -1986 819 09:35:33
M 1186 -1874 816 09:35:33
M 1204 -1892 919 09:35:33
M 1196 -1916 828 09:35:33
M 1190 -1948 859 09:35:33
M 1170 -1948 773 09:35:33
M 1160 -1974 820 09:35:33
M 1206 -1938 782 09:35:33
M 1246 -1882 802 09:35:33
M 1186 -1908 828 09:35:33
M 1202 -1910 836 09:35:33
M 1146 -1906 804 09:35:33
M 1220 -1960 880 09:35:33
M 1166 -1926 823 09:35:33
M 1204 -1920 862 09:35:33
M 1208 -1938 859 09:35:33
M 1140 -1910 796 09:35:33
M 1214 -1946 847 09:35:33
M 1214 -1900 914 09:35:33
M 1190 -1954 829 09:35:33
M 1186 -1920 829 09:35:33
M 1162 -1924 888 09:35:33
M 1232 -1918 823 09:35:33
M 1186 -1968 863 09:35:33
M 1200 -1930 864 09:35:33
M 1176 -1938 864 09:35:33
M 1210 -1902 899 09:35:33
M 1192 -1914 820 09:35:33
M 1188 -1904 881 09:35:33
M 1220 -1966 762 09:35:33
M 1182 -1926 885 09:35:33
M 1190 -1924 880 09:35:33
M 1162 -1964 897 09:35:33
M 1182 -1932 842 09:35:33
M 1198 -1922 832 09:35:33
M 1162 -1916 850 09:35:33
M 1192 -1924 883 09:35:33
M 1208 -1946 897 09:35:33
M 1192 -1902 820 09:35:33
M 1194 -1878 887 09:35:33
M 1184 -1908 881 09:35:33
M 1154 -1920 885 09:35:33
M 1206 -1928 885 09:35:33
M 1258 -1920 877 09:35:33
M 1136 -1950 884 09:35:33
M 1172 -1906 896 09:35:33
M 1168 -1930 832 09:35:33
M 1160 -1942 811 09:35:33
M 1184 -1876 853 09:35:33
M 1200 -1924 855 09:35:33
M 1164 -1906 910 09:35:33
M 1176 -1918 800 09:35:33
M 1154 -1948 838 09:35:33
M 1196 -1890 843 09:35:33
M 1246 -1922 784 09:35:33
M 1184 -1970 831 09:35:33
M 1148 -1956 890 09:35:33
M 1202 -1960 859 09:35:33
M 1170 -1938 888 09:35:33
M 1186 -1956 823 09:35:33
M 1186 -1954 870 09:35:33
M 1172 -1930 806 09:35:33
M 1186 -1858 873 09:35:33
M 1200 -1910 839 09:35:33
M 1190 -1950 844 09:35:33
M 1194 -1942 816 09:35:33
M 1184 -1906 871 09:35:33
M 1186 -1950 831 09:35:33
M 1162 -1934 818 09:35:33
M 1204 -1926 788 09:35:33
M 1176 -2010 825 09:35:33
M 1150 -1976 850 09:35:33
M 1196 -1954 841 09:35:33
M 1224 -1954 780 09:35:33
M 1200 -1936 780 09:35:33
M 1214 -1978 813 09:35:33
M 1190 -1936 801 09:35:33
M 1202 -1948 829 09:35:33
M 1226 -1982 798 09:35:33
M 1226 -1926 795 09:35:33
M 1232 -1944 827 09:35:33
M 1196 -1924 807 09:35:33
M 1222 -1942 806 09:35:33
M 1192 -1968 765 09:35:33
M 1200 -1962 835 09:35:33
M 1202 -1904 859 09:35:33
M 1210 -1974 795 09:35:33
M 1160 -1968 838 09:35:33
M 1186 -1924 854 09:35:33
M 1184 -1948 809 09:35:33
M 1228 -1928 861 09:35:33
M 1188 -1914 815 09:35:33
M 1204 -1972 780 09:35:33
M 1174 -1926 783 09:35:33
M 1220 -1972 835 09:35:33
M 1202 -1950 872 09:35:33
M 1216 -1938 817 09:35:33
M 1196 -1934 820 09:35:33
M 1166 -1946 798 09:35:33
M 1182 -1960 790 09:35:33
M 1182 -1934 786 09:35:33
M 1186 -1970 804 09:35:33
M 1210 -1940 844 09:35:33
M 1242 -1940 891 09:35:33
M 1208 -1952 836 09:35:33
M 1230 -1898 826 09:35:33
M 1226 -1896 815 09:35:33
M 1192 -1914 816 09:35:33
M 1196 -1920 785 09:35:33
M 1186 -1886 858 09:35:33
M 1256 -1898 881 09:35:33
M 1164 -1920 843 09:35:33
M 1206 -1960 831 09:35:33
M 1150 -1914 873 09:35:33
M 1252 -1974 866 09:35:33
M 1192 -1946 852 09:35:33
M 1188 -1914 937 09:35:33
M 1172 -1950 865 09:35:33
M 1196 -1950 843 09:35:33
M 1138 -1878 861 09:35:33
M 1216 -1942 785 09:35:33
M 1178 -1952 854 09:35:33
M 1216 -1952 863 09:35:33
M 1178 -1948 769 09:35:33
M 1198 -1944 848 09:35:33
M 1160 -1894 844 09:35:33
M 1168 -1916 797 09:35:33
M 1168 -1948 800 09:35:33
M 1150 -1920 785 09:35:33
M 1210 -1942 857 09:35:33
M 1202 -1964 843 09:35:33
M 1236 -1954 799 09:35:33
M 1222 -1932 808 09:35:33
M 1212 -1970 825 09:35:33
M 1220 -1958 812 09:35:33
M 1242 -1940 862 09:35:33
M 1190 -1938 913 09:35:33
M 1168 -1960 857 09:35:33
M 1164 -1960 902 09:35:33
M 1188 -1954 828 09:35:33
M 1172 -1968 816 09:35:33
M 1176 -1928 762 09:35:33
M 1218 -1946 771 09:35:33
M 1226 -1928 825 09:35:33
M 1234 -1936 846 09:35:33
M 1216 -1938 838 09:35:33
M 1190 -1958 841 09:35:33
M 1182 -1930 872 09:35:33
M 1182 -1920 799 09:35:33
M 1192 -1932 862 09:35:33
M 1170 -1928 843 09:35:33
M 1156 -1920 864 09:35:33
M 1226 -1962 857 09:35:33
M 1126 -1956 853 09:35:33
M 1190 -1934 852 09:35:33
M 1180 -1912 884 09:35:33
M 1180 -1924 848 09:35:33
M 1208 -1900 808 09:35:33
M 1246 -1928 874 09:35:33
M 1210 -1898 848 09:35:33
M 1224 -1912 847 09:35:33
M 1202 -1946 817 09:35:33
M 1162 -1940 837 09:35:33
M 1160 -1940 852 09:35:33
M 1238 -1960 844 09:35:33
M 1226 -1920 864 09:35:33
M 1156 -1900 809 09:35:33
M 1220 -1946 892 09:35:33
M 1216 -1972 851 09:35:33
M 1222 -1928 858 09:35:33
M 1198 -1954 846 09:35:33
M 1238 -1916 901 09:35:33
M 1258 -1934 823 09:35:33
M 1232 -1918 839 09:35:33
M 1240 -1926 833 09:35:33
M 1240 -1966 840 09:35:33
M 1216 -1894 861 09:35:33
M 1270 -1940 874 09:35:33
M 1222 -1938 860 09:35:33
M 1234 -1912 854 09:35:33
M 1200 -1930 856 09:35:33
M 1242 -1920 851 09:35:33
M 1188 -1974 801 09:35:33
M 1190 -1928 871 09:35:33
M 1180 -1940 845 09:35:33
M 1200 -1940 871 09:35:33
M 1158 -1936 833 09:35:33
M 1208 -1948 841 09:35:33
M 1200 -1914 805 09:35:33
M 1224 -1942 812 09:35:33
M 1224 -1890 839 09:35:33
M 1218 -1922 851 09:35:33
M 1210 -1920 844 09:35:33
M 1216 -1966 789 09:35:33
M 1196 -1914 922 09:35:33
M 1172 -1914 805 09:35:33
M 1244 -1936 820 09:35:33
M 1212 -1902 832 09:35:33
M 1220 -1880 825 09:35:33
M 1216 -1904 882 09:35:33
M 1204 -1988 766 09:35:33
M 1212 -1940 830 09:35:33
M 1210 -1922 808 09:35:33
M 1168 -1958 805 09:35:33
M 1210 -1938 828 09:35:33
M 1216 -1930 860 09:35:33
M 1146 -1940 886 09:35:33
M 1200 -1896 881 09:35:33
M 1180 -1934 871 09:35:33
M 1244 -1924 800 09:35:33
M 1180 -1936 831 09:35:33
M 1182 -1944 821 09:35:33
M 1224 -1954 866 09:35:33
M 1182 -1950 815 09:35:33
M 1200 -1888 826 09:35:33
M 1188 -1898 809 09:35:33
M 1178 -1880 848 09:35:33
M 1194 -1932 822 09:35:33
M 1188 -1892 844 09:35:33
M 1184 -1970 831 09:35:33
M 1122 -1932 837 09:35:33
M 1182 -1926 845 09:35:33
M 1174 -1918 823 09:35:33
M 1212 -1918 876 09:35:33
M 1188 -1900 827 09:35:33
M 1210 -1942 778 09:35:33
M 1208 -1896 849 09:35:33
M 1182 -1916 834 09:35:33
M 1190 -1888 860 09:35:33
M 1180 -1898 866 09:35:33
M 1190 -1930 814 09:35:33
M 1220 -1906 873 09:35:33
M 1220 -1960 767 09:35:33
M 1188 -1930 862 09:35:33
M 1216 -1966 803 09:35:33
M 1216 -1926 852 09:35:33
M 1202 -1928 900 09:35:33
M 1184 -1940 886 09:35:33
M 1182 -1940 868 09:35:33
M 1196 -1914 772 09:35:33
M 1182 -1936 812 09:35:33
M 1204 -1932 862 09:35:33
M 1176 -1916 854 09:35:33
M 1222 -1924 860 09:35:33
M 1180 -1932 854 09:35:33
M 1158 -1938 807 09:35:33
M 1180 -1940 881 09:35:33
M 1138 -1946 801 09:35:33
M 1172 -1924 819 09:35:33
M 1220 -1938 814 09:35:33
M 1190 -1946 888 09:35:33
M 1160 -1982 806 09:35:33
M 1202 -1924 866 09:35:33
M 1200 -1944 843 09:35:33
M 1182 -1972 841 09:35:33
M 1166 -1934 840 09:35:33
M 1198 -1930 873 09:35:33
M 1192 -1896 772 09:35:33
M 1198 -1966 912 09:35:33
M 1172 -1914 878 09:35:33
M 1186 -1892 811 09:35:33
M 1224 -1936 801 09:35:33
M 1148 -1892 803 09:35:33
M 1154 -1922 836 09:35:33
M 1184 -1904 830 09:35:33
M 1236 -1956 837 09:35:33
M 1148 -1914 798 09:35:33
M 1178 -1916 801 09:35:33
M 1180 -1922 755 09:35:33
M 1200 -1900 897 09:35:33
M 1182 -1940 816 09:35:33
M 1160 -1906 795 09:35:33
M 1160 -1942 807 09:35:33
M 1178 -1936 915 09:35:33
M 1170 -1896 866 09:35:33
M 1210 -1940 843 09:35:33
M 1148 -1932 831 09:35:33
M 1192 -1910 881 09:35:33
M 1186 -1956 849 09:35:33
M 1190 -1910 849 09:35:33
M 1158 -1954 862 09:35:33
M 1150 -1936 859 09:35:33
M 1204 -1906 855 09:35:33
M 1170 -1904 825 09:35:33
M 1208 -1924 744 09:35:33
M 1136 -1928 812 09:35:33
M 1192 -1894 781 09:35:33
M 1144 -1996 816 09:35:33
M 1138 -1924 877 09:35:33
M 1166 -1936 798 09:35:33
M 1196 -1920 821 09:35:33
M 1168 -1924 862 09:35:33
M 1180 -1908 818 09:35:33
M 1192 -1942 819 09:35:33
M 1210 -1940 771 09:35:33
M 1234 -1922 828 09:35:33
M 1166 -1952 821 09:35:33
M 1138 -1958 816 09:35:33
M 1150 -1954 819 09:35:33
M 1170 -1942 800 09:35:33
M 1176 -1954 781 09:35:33
M 1182 -1936 798 09:35:33
M 1166 -1926 808 09:35:33
M 1194 -1916 793 09:35:33
M 1170 -1948 836 09:35:33
M 1194 -1912 819 09:35:33
M 1222 -1928 747 09:35:33
M 1198 -1928 784 09:35:33
M 1156 -1936 797 09:35:33
M 1222 -1972 820 09:35:33
M 1206 -1978 758 09:35:33
M 1204 -1918 830 09:35:33
M 1198 -1904 791 09:35:33
M 1146 -1912 888 09:35:33
M 1188 -1916 789 09:35:33
M 1178 -1958 810 09:35:33
M 1212 -1956 801 09:35:33
M 1188 -1960 814 09:35:33
M 1172 -1972 780 09:35:33
M 1158 -1988 886 09:35:33
M 1192 -1924 808 09:35:33
M 1188 -1930 755 09:35:33
M 1174 -1942 842 09:35:33
M 1186 -1940 864 09:35:33
M 1184 -1954 774 09:35:33
M 1186 -1886 829 09:35:33
M 1192 -1856 865 09:35:33
M 1184 -1900 826 09:35:33
M 1166 -1940 812 09:35:33
M 1180 -1962 864 09:35:33
M 1194 -1920 818 09:35:33
M 1240 -1900 864 09:35:33
M 1182 -1896 843 09:35:33
M 1180 -1938 818 09:35:33
M 1192 -1946 857 09:35:33
M 1172 -1962 883 09:35:33
M 1212 -1928 802 09:35:33
M 1218 -1934 875 09:35:33
M 1186 -1912 901 09:35:33
M 1212 -1918 786 09:35:33
M 1140 -1926 816 09:35:33
M 1176 -1958 819 09:35:33
M 1186 -1928 841 09:35:33
M 1144 -1896 785 09:35:33
M 1160 -1940 863 09:35:33
M 1208 -1890 766 09:35:33
M 1170 -1924 851 09:35:33
M 1178 -1916 786 09:35:33
M 1152 -1914 799 09:35:33
M 1170 -1960 837 09:35:33
M 1170 -1898 774 09:35:33
M 1170 -1930 828 09:35:33
M 1156 -1940 814 09:35:33
M 1194 -1954 822 09:35:33
M 1180 -1904 848 09:35:33
M 1150 -1894 791 09:35:33
M 1166 -1918 803 09:35:33
M 1132 -1920 822 09:35:33
M 1130 -1898 810 09:35:33
M 1180 -1892 888 09:35:33
M 1174 -1948 871 09:35:33
M 1166 -1928 763 09:35:33
M 1198 -1926 821 09:35:33
M 1186 -1886 812 09:35:33
M 1174 -1912 800 09:35:33
M 1198 -1918 832 09:35:33
M 1192 -1906 785 09:35:33
M 1250 -1986 793 09:35:33
M 1182 -1952 851 09:35:33
M 1162 -1926 827 09:35:33
M 1198 -1982 835 09:35:33
M 1184 -1940 802 09:35:33
M 1140 -1982 828 09:35:33
M 1206 -1896 786 09:35:33
M 1158 -1968 849 09:35:33
M 1186 -1912 836 09:35:33
M 1198 -1900 874 09:35:33
M 1220 -1916 818 09:35:33
M 1194 -1928 824 09:35:33
M 1176 -1948 764 09:35:33
M 1186 -1906 867 09:35:33
M 1186 -1970 884 09:35:33
M 1192 -1950 795 09:35:33
M 1180 -1944 824 09:35:33
M 1148 -1970 801 09:35:33
M 1164 -1930 774 09:35:33
M 1194 -1984 830 09:35:33
M 1152 -1958 860 09:35:33
M 1184 -1964 780 09:35:33
M 1212 -1944 811 09:35:33
M 1216 -1974 856 09:35:33
M 1186 -1944 796 09:35:33
M 1160 -1922 841 09:35:33
M 1170 -1928 764 09:35:33
M 1218 -1976 516 09:35:33
M 1210 -1962 818 09:35:33
M 1158 -1946 815 09:35:33
M 1154 -1940 795 09:35:33
M 1178 -1936 788 09:35:33
M 1180 -1908 777 09:35:33
M 1170 -1912 782 09:35:33
M 1198 -1892 756 09:35:33
M 1190 -1936 868 09:35:33
M 1216 -1932 823 09:35:33
M 1154 -1920 801 09:35:33
M 1178 -1910 795 09:35:33
M 1186 -1888 808 09:35:33
M 1204 -1894 783 09:35:33
M 1146 -1940 831 09:35:33
M 1172 -1976 790 09:35:33
M 1172 -1916 820 09:35:33
M 1192 -1918 758 09:35:33
M 1208 -1956 785 09:35:33
M 1194 -1906 817 09:35:33
M 1168 -1960 829 09:35:33
M 1168 -1920 828 09:35:33
M 1160 -1938 750 09:35:33
M 1162 -1946 818 09:35:33
M 1156 -1926 826 09:35:33
M 1170 -1926 828 09:35:33
M 1166 -1900 792 09:35:33
M 1188 -1960 867 09:35:33
M 1184 -1916 804 09:35:33
M 1154 -1930 804 09:35:33
M 1200 -1940 837 09:35:33
M 1196 -1894 828 09:35:33
M 1186 -1950 816 09:35:33
M 1200 -1936 845 09:35:33
M 1200 -1932 835 09:35:33
M 1148 -1926 787 09:35:33
M 1188 -1956 775 09:35:33
M 1196 -1930 840 09:35:33
M 1170 -1964 830 09:35:33
M 1176 -1954 784 09:35:33
M 1182 -1914 762 09:35:33
M 1180 -1884 776 09:35:33
M 1186 -1886 850 09:35:33
M 1210 -1916 751 09:35:33
M 1210 -1928 817 09:35:33
M 1182 -1940 774 09:35:33
M 1246 -1926 827 09:35:33
M 1206 -1902 793 09:35:33
M 1192 -1922 775 09:35:33
M 1178 -1912 821 09:35:33
M 1156 -1888 842 09:35:33
M 1178 -1956 772 09:35:33
M 1180 -1910 770 09:35:33
M 1262 -1888 735 09:35:33
M 1182 -1932 808 09:35:33
M 1230 -1952 737 09:35:33
M 1246 -1932 786 09:35:33
M 1214 -1952 821 09:35:33
M 1206 -1906 835 09:35:33
M 1172 -1936 769 09:35:33
M 1210 -1882 837 09:35:33
M 1174 -1906 755 09:35:33
M 1182 -1922 737 09:35:33
M 1254 -1922 733 09:35:33
M 1210 -1946 726 09:35:33
M 1214 -1940 819 09:35:33
M 1226 -1944 810 09:35:33
M 1210 -1918 806 09:35:33
M 1222 -1912 816 09:35:33
M 1234 -1938 831 09:35:33
M 1176 -1932 809 09:35:33
M 1206 -1916 784 09:35:33
M 1208 -1902 784 09:35:33
M 1150 -1946 764 09:35:33
M 1166 -1928 770 09:35:33
M 1218 -1940 830 09:35:33
M 1198 -1966 832 09:35:33
M 1202 -1938 834 09:35:33
M 1196 -1910 835 09:35:33
M 1202 -1954 786 09:35:33
M 1216 -1976 766 09:35:33
M 1176 -1976 759 09:35:33
M 1188 -1960 782 09:35:33
M 1166 -1948 845 09:35:33
M 1166 -1918 832 09:35:33
M 1158 -1922 813 09:35:33
M 1220 -1890 809 09:35:33
M 1210 -1964 807 09:35:33
M 1204 -1892 827 09:35:33
M 1178 -1884 810 09:35:33
M 1182 -1962 815 09:35:33
M 1184 -1940 802 09:35:33
M 1168 -1956 858 09:35:33
M 1180 -1906 782 09:35:33
M 1182 -1934 797 09:35:33
M 1164 -1892 888 09:35:33
M 1212 -1914 875 09:35:33
M 1184 -1980 839 09:35:33
M 1186 -1896 873 09:35:33
M 1152 -1936 839 09:35:33
M 1188 -1952 862 09:35:33
M 1172 -1938 831 09:35:33
M 1164 -1954 758 09:35:33
M 1194 -1934 833 09:35:33
M 1172 -1930 825 09:35:33
M 1182 -1942 855 09:35:33
M 1216 -1944 803 09:35:33
M 1178 -1944 816 09:35:33
M 1130 -1874 835 09:35:33
M 1176 -2000 862 09:35:33
M 1150 -1946 850 09:35:33
M 1152 -1960 861 09:35:33
M 1172 -1978 825 09:35:33
M 1214 -1940 838 09:35:33
M 1188 -1958 855 09:35:33
M 1214 -1968 798 09:35:33
M 1230 -1966 826 09:35:33
M 1162 -1966 806 09:35:33
M 1202 -1956 763 09:35:33
M 1216 -1932 839 09:35:33
M 1120 -1974 799 09:35:33
M 1124 -1934 824 09:35:33
M 1170 -1946 815 09:35:33
M 1178 -1994 813 09:35:33
M 1172 -1986 826 09:35:33
M 1168 -1978 859 09:35:33
M 1174 -1956 816 09:35:33
M 1194 -1966 810 09:35:33
M 1212 -1910 795 09:35:33
M 1196 -1978 818 09:35:33
M 1194 -1940 846 09:35:33
M 1198 -2008 826 09:35:33
M 1212 -1996 813 09:35:33
M 1206 -1940 817 09:35:33
M 1214 -1962 817 09:35:33
M 1188 -1994 816 09:35:33
M 1224 -1994 881 09:35:33
M 1210 -1944 897 09:35:33
M 1152 -1928 881 09:35:33
M 1188 -1972 866 09:35:33
M 1194 -1934 907 09:35:33
M 1196 -1970 824 09:35:33
M 1222 -1992 855 09:35:33
M 1182 -1954 902 09:35:33
M 1166 -1964 842 09:35:33
M 1200 -1944 827 09:35:33
M 1184 -1958 867 09:35:33
M 1188 -1962 814 09:35:33
M 1144 -1956 807 09:35:33
M 1220 -1966 818 09:35:33
M 1140 -2008 821 09:35:33
M 1164 -1948 778 09:35:33
M 1202 -1958 844 09:35:33
M 1218 -1950 810 09:35:33
M 1176 -1968 842 09:35:33
M 1164 -2012 823 09:35:33
M 1132 -1986 839 09:35:33
M 1164 -1970 831 09:35:33
M 1148 -2000 842 09:35:33
M 1148 -1962 819 09:35:33
M 1128 -1984 824 09:35:33
M 1166 -1974 787 09:35:33
M 1192 -1950 785 09:35:33
M 1168 -1948 909 09:35:33
M 1146 -1910 852 09:35:33
M 1192 -1964 850 09:35:33
M 1160 -1956 818 09:35:33
M 1146 -1916 773 09:35:33
M 1156 -1908 781 09:35:33
M 1170 -1964 854 09:35:33
M 1166 -1984 854 09:35:33
M 1168 -1970 839 09:35:33
M 1132 -1952 821 09:35:33
M 1200 -1944 821 09:35:33
M 1174 -1944 880 09:35:33
M 1180 -1916 852 09:35:33
M 1190 -1944 801 09:35:33
M 1158 -1964 816 09:35:33
M 1192 -1974 791 09:35:33
M 1184 -1950 809 09:35:33
M 1164 -1950 812 09:35:33
M 1152 -1950 849 09:35:33
M 1134 -2004 872 09:35:33
M 1170 -1978 851 09:35:33
M 1208 -1990 800 09:35:33
M 1152 -2002 821 09:35:33
M 1170 -1952 857 09:35:33
M 1208 -1958 776 09:35:33
M 1188 -1982 845 09:35:33
M 1212 -1960 817 09:35:33
M 1174 -1972 817 09:35:33
M 1226 -1996 891 09:35:33
M 1200 -2004 877 09:35:33
M 1194 -1992 895 09:35:33
M 1198 -1976 908 09:35:33
M 1186 -1974 854 09:35:33
M 1192 -1976 788 09:35:33
M 1172 -1946 775 09:35:33
M 1178 -1952 878 09:35:33
M 1196 -1936 837 09:35:33
M 1146 -1942 884 09:35:33
M 1184 -1912 856 09:35:33
M 1192 -1958 756 09:35:33
M 1206 -1934 787 09:35:33
M 1166 -1960 850 09:35:33
M 1212 -1898 833 09:35:33
M 1256 -1970 868 09:35:33
M 1172 -1968 829 09:35:33
M 1230 -1894 902 09:35:33
M 1224 -1926 911 09:35:33
M 1226 -1990 760 09:35:33
M 1200 -1916 790 09:35:33
M 1194 -1938 822 09:35:33
M 1220 -1962 849 09:35:33
M 1228 -1932 805 09:35:33
M 1222 -1958 817 09:35:33
M 1158 -1964 865 09:35:33
M 1190 -1896 903 09:35:33
M 1146 -1946 782 09:35:33
M 1196 -1976 788 09:35:33
M 1202 -1954 806 09:35:33
M 1220 -1922 833 09:35:33
M 1176 -1996 841 09:35:33
M 1192 -1900 823 09:35:33
M 1194 -1906 839 09:35:33
M 1206 -1982 756 09:35:33
M 1158 -1922 853 09:35:33
M 1148 -1932 792 09:35:33
M 1204 -1960 859 09:35:33
M 1200 -1928 820 09:35:33
M 1156 -1936 823 09:35:33
M 1172 -1942 792 09:35:33
M 1206 -1908 851 09:35:33
M 1146 -1966 861 09:35:33
M 1174 -1940 907 09:35:33
M 1202 -1966 860 09:35:33
M 1206 -1940 790 09:35:33
M 1242 -1952 816 09:35:33
M 1196 -1964 823 09:35:33
M 1198 -1938 803 09:35:33
M 1200 -1918 801 09:35:33
M 1216 -1948 834 09:35:33
M 1172 -1970 898 09:35:33
M 1202 -1974 810 09:35:33
M 1178 -1930 873 09:35:33
M 1162 -1910 805 09:35:33
M 1174 -1948 820 09:35:33
M 1190 -1924 799 09:35:33
M 1156 -1920 847 09:35:33
M 1182 -1934 836 09:35:33
M 1168 -1924 794 09:35:33
M 1220 -1902 809 09:35:33
M 1186 -1910 760 09:35:33
M 1182 -1934 747 09:35:33
M 1192 -1942 834 09:35:33
M 1212 -1926 787 09:35:33
M 1178 -1936 843 09:35:33
M 1196 -1910 852 09:35:33
M 1168 -1916 809 09:35:33
M 1202 -1940 852 09:35:33
M 1204 -1936 870 09:35:33
M 1178 -1926 855 09:35:33
M 1166 -1940 841 09:35:33
M 1196 -1972 795 09:35:33
M 1178 -1964 846 09:35:33
M 1164 -1946 859 09:35:33
M 1232 -1944 816 09:35:33
M 1208 -1950 797 09:35:33
M 1166 -1954 838 09:35:33
M 1164 -1960 812 09:35:33
M 1198 -1976 849 09:35:33
M 1188 -1972 793 09:35:33
M 1214 -1934 833 09:35:33
M 1174 -1904 785 09:35:33
M 1208 -1934 802 09:35:33
M 1194 -1928 782 09:35:33
M 1178 -1962 797 09:35:33
M 1154 -1926 839 09:35:33
M 1196 -1908 826 09:35:33
M 1184 -1918 856 09:35:33
M 1160 -1922 826 09:35:33
M 1212 -1922 813 09:35:33
M 1240 -1938 838 09:35:33
M 1202 -1922 1023 09:35:33
M 1210 -1942 774 09:35:33
M 1194 -1912 863 09:35:33
M 1186 -1942 771 09:35:33
M 1162 -1932 833 09:35:33
M 1200 -1964 820 09:35:33
M 1188 -1968 817 09:35:33
M 1182 -1968 730 09:35:33
M 1172 -1950 815 09:35:33
M 1206 -1938 859 09:35:33
M 1192 -1944 806 09:35:33
M 1222 -1928 803 09:35:33
M 1198 -1942 776 09:35:33
M 1168 -1976 845 09:35:33
M 1166 -1972 880 09:35:33
M 1180 -1944 835 09:35:33
M 1176 -1944 883 09:35:33
M 1182 -1982 895 09:35:33
M 1178 -1972 850 09:35:33
M 1174 -1972 760 09:35:33
M 1190 -1932 800 09:35:33
M 1174 -1972 808 09:35:33
M 1182 -1940 830 09:35:33
M 1174 -1954 846 09:35:33
M 1202 -1892 779 09:35:33
M 1196 -1958 823 09:35:33
M 1176 -1918 774 09:35:33
M 1164 -1908 806 09:35:33
M 1244 -1988 797 09:35:33
M 1220 -1972 810 09:35:33
M 1212 -1954 871 09:35:33
M 1196 -1960 849 09:35:33
M 1164 -1916 788 09:35:33
M 1188 -1974 853 09:35:33
M 1194 -1950 832 09:35:33
M 1202 -1924 845 09:35:33
M 1192 -1918 804 09:35:33
M 1212 -1958 795 09:35:33
M 1226 -1894 811 09:35:33
M 1234 -1930 784 09:35:33
M 1228 -1950 816 09:35:33
M 1242 -1974 867 09:35:33
M 1224 -1942 810 09:35:33
M 1206 -1960 818 09:35:33
M 1230 -1994 846 09:35:33
M 1170 -1974 797 09:35:33
M 1166 -1996 865 09:35:33
M 1176 -1974 851 09:35:33
M 1226 -1974 845 09:35:33
M 1190 -1950 766 09:35:33
M 1188 -1976 828 09:35:33
M 1196 -1980 829 09:35:33
M 1192 -1994 842 09:35:33
M 1202 -1966 868 09:35:33
M 1214 -1926 888 09:35:33
M 1208 -2006 802 09:35:33
M 1174 -1914 936 09:35:33
M 1188 -1940 824 09:35:33
M 1150 -1950 797 09:35:33
M 1166 -1922 891 09:35:33
M 1150 -1948 797 09:35:33
M 1246 -1922 821 09:35:33
M 1206 -1890 820 09:35:33
M 1224 -1932 808 09:35:33
M 1154 -1944 870 09:35:33
M 1200 -1936 913 09:35:33
M 1148 -1962 815 09:35:33
M 1178 -1956 804 09:35:33
M 1198 -1930 809 09:35:33
M 1194 -1976 815 09:35:33
M 1184 -1996 826 09:35:33
M 1218 -1992 770 09:35:33
M 1198 -1952 833 09:35:33
M 1198 -1948 874 09:35:33
M 1210 -1928 836 09:35:33
M 1180 -1926 772 09:35:33
M 1154 -1938 825 09:35:33
M 1196 -1914 902 09:35:33
M 1176 -1898 851 09:35:33
M 1146 -1888 859 09:35:33
M 1176 -1880 864 09:35:33
M 1190 -1936 865 09:35:33
M 1150 -1932 813 09:35:33
M 1160 -1910 812 09:35:33
M 1188 -1950 855 09:35:33
M 1170 -1946 831 09:35:33
M 1160 -1908 819 09:35:33
M 1112 -1938 838 09:35:33
M 1126 -1924 822 09:35:33
M 1156 -1980 849 09:35:33
M 1144 -1918 806 09:35:33
M 1142 -1940 856 09:35:33
M 1146 -1936 824 09:35:33
M 1124 -1954 872 09:35:33
M 1184 -1912 864 09:35:33
M 1174 -1926 830 09:35:33
M 1152 -1906 903 09:35:33
M 1162 -1920 811 09:35:33
M 1206 -1880 820 09:35:33
M 1190 -1962 775 09:35:33
M 1124 -1932 775 09:35:33
M 1170 -1976 827 09:35:33
M 1174 -1918 805 09:35:33
M 1122 -1894 822 09:35:33
M 1156 -1936 871 09:35:33
M 1190 -1892 870 09:35:33
M 1186 -1912 859 09:35:33
M 1160 -1910 811 09:35:33
M 1188 -1944 828 09:35:33
M 1124 -1962 848 09:35:33
M 1168 -1898 788 09:35:33
M 1150 -1952 886 09:35:33
M 1146 -1970 794 09:35:33
M 1176 -1910 840 09:35:33
M 1134 -1940 858 09:35:33
M 1128 -1936 866 09:35:33
M 1196 -1934 869 09:35:33
M 1152 -1942 867 09:35:33
M 1180 -1946 844 09:35:33
M 1170 -1892 835 09:35:33
M 1148 -1946 834 09:35:33
M 1198 -1916 855 09:35:33
M 1160 -1946 785 09:35:33
M 1202 -1916 885 09:35:33
M 1214 -1918 893 09:35:33
M 1168 -1916 853 09:35:33
M 1152 -1930 884 09:35:33
M 1190 -1908 871 09:35:33
M 1132 -1900 836 09:35:33
M 1174 -1960 862 09:35:33
M 1190 -1946 864 09:35:33
M 1162 -1938 894 09:35:33
M 1108 -1918 828 09:35:33
M 1156 -1920 854 09:35:33
M 1164 -1946 819 09:35:33
M 1170 -1896 890 09:35:33
M 1144 -1910 856 09:35:33
M 1156 -1932 889 09:35:33
M 1148 -1924 863 09:35:33
M 1134 -1944 784 09:35:33
M 1168 -1938 904 09:35:33
M 1172 -1968 824 09:35:33
M 1174 -1906 847 09:35:33
M 1174 -1932 868 09:35:33
M 1158 -1958 852 09:35:33
M 1140 -1930 955 09:35:33
M 1138 -1970 860 09:35:33
M 1098 -1898 872 09:35:33
M 1188 -1960 901 09:35:33
M 1170 -1914 859 09:35:33
M 1132 -1958 809 09:35:33
M 1142 -1928 842 09:35:33
M 1168 -1902 804 09:35:33
M 1156 -1926 892 09:35:33
M 1182 -1944 880 09:35:33
M 1190 -1918 905 09:35:33
M 1156 -1908 827 09:35:33
M 1148 -1888 837 09:35:33
M 1192 -1952 821 09:35:33
M 1198 -1940 854 09:35:33
M 1204 -1942 886 09:35:33
M 1156 -1952 894 09:35:33
M 1138 -1882 966 09:35:33
M 1150 -1908 860 09:35:33
M 1172 -1928 881 09:35:33
M 1174 -1958 864 09:35:33
M 1160 -1912 883 09:35:33
M 1190 -1934 881 09:35:33
M 1168 -1934 869 09:35:33
M 1146 -1962 911 09:35:33
M 1180 -1930 866 09:35:33
M 1198 -1898 929 09:35:33
M 1208 -1948 933 09:35:33
M 1158 -1926 895 09:35:33
M 1178 -1958 900 09:35:33
M 1170 -1958 840 09:35:33
M 1176 -1932 906 09:35:33
M 1176 -1904 823 09:35:33
M 1184 -1912 930 09:35:33
M 1186 -1918 829 09:35:33
M 1150 -1890 797 09:35:33
M 1150 -1948 855 09:35:33
M 1106 -1936 827 09:35:33
M 1094 -1958 863 09:35:33
M 1150 -1926 813 09:35:33
