M1 -2484 1592 7163 17:21:54
M2 1460 -400 4604 17:21:54
M3 15360 1412 -8662 17:21:54
M4 3628 -6626 6801 17:21:54
M5 3884 -2982 8416 17:21:54
M1 -2518 1562 7069 17:21:54
M2 1406 -430 4586 17:21:54
M3 15360 1432 -8673 17:21:54
M4 3616 -6668 6818 17:21:54
M5 3922 -2962 8477 17:21:54
M1 -2570 1566 7043 17:21:54
M2 1378 -436 4596 17:21:54
M3 15336 1366 -8804 17:21:54
M4 3632 -6640 6714 17:21:54
M5 3914 -3034 8361 17:21:54
M1 -2588 1558 7017 17:21:54
M2 1430 -396 4534 17:21:54
M3 15402 1380 -8809 17:21:54
M4 3648 -6640 6771 17:21:54
M5 3944 -3016 8352 17:21:54
M1 -2572 1548 7044 17:21:54
M2 1286 -434 4488 17:21:54
M3 15404 1388 -8800 17:21:54
M4 3658 -6628 6732 17:21:54
M5 3904 -3030 8401 17:21:54
M1 -2640 1566 7012 17:21:54
M2 1290 -502 4409 17:21:54
M3 15374 1412 -8850 17:21:54
M4 3652 -6654 6666 17:21:54
M5 3950 -3012 8322 17:21:54
M1 -2686 1576 6963 17:21:54
M2 1350 -462 4407 17:21:54
M3 15348 1348 -8853 17:21:54
M4 3644 -6616 6705 17:21:54
M5 3994 -3044 8279 17:21:54
M1 -2674 1572 6945 17:21:54
M2 1280 -484 4408 17:21:54
M3 15376 1336 -8941 17:21:54
M4 3712 -6610 6636 17:21:54
M5 3932 -3024 8319 17:21:54
M1 -2654 1522 6936 17:21:54
M2 1218 -512 4424 17:21:54
M3 15360 1298 -8845 17:21:54
M4 3690 -6616 6610 17:21:54
M5 3970 -3054 8346 17:21:54
M1 -2726 1550 6943 17:21:54
M2 1278 -482 4427 17:21:54
M3 15354 1286 -9002 17:21:54
M4 3744 -6572 6671 17:21:54
M5 3950 -3082 8274 17:21:54
M1 -2676 1572 6968 17:21:54
M2 1222 -466 4378 17:21:54
M3 15354 1270 -8958 17:21:54
M4 3752 -6562 6616 17:21:54
M5 3922 -3114 8234 17:21:54
M1 -2716 1546 7035 17:21:54
M2 1180 -480 4422 17:21:54
M3 15384 1260 -8928 17:21:54
M4 3800 -6532 6601 17:21:54
M5 3944 -3144 8306 17:21:54
M1 -2804 1568 6877 17:21:54
M2 1138 -496 4397 17:21:54
M3 15374 1196 -8959 17:21:54
M4 3872 -6546 6586 17:21:54
M5 3972 -3154 8275 17:21:54
M1 -2810 1582 6918 17:21:54
M2 1134 -446 4316 17:21:54
M3 15386 1216 -8952 17:21:54
M4 3858 -6574 6531 17:21:54
M5 3984 -3114 8259 17:21:54
M1 -2838 1538 6937 17:21:54
M2 1158 -512 4296 17:21:54
M3 15300 1204 -8969 17:21:54
M4 3886 -6588 6560 17:21:54
M5 3964 -3140 8170 17:21:54
M1 -2878 1514 6879 17:21:54
M2 1150 -494 4352 17:21:54
M3 15316 1174 -9076 17:21:54
M4 3874 -6592 6534 17:21:54
M5 3998 -3228 8195 17:21:54
M1 -2904 1556 6849 17:21:54
M2 1112 -514 4203 17:21:54
M3 15364 1166 -9068 17:21:54
M4 3848 -6558 6574 17:21:54
M5 4008 -3188 8198 17:21:54
M1 -2856 1526 6842 17:21:54
M2 1098 -502 4251 17:21:54
M3 15404 1196 -9054 17:21:54
M4 3920 -6510 6509 17:21:54
M5 3998 -3206 8163 17:21:54
M1 -2930 1518 6807 17:21:54
M2 1048 -532 4261 17:21:54
M3 15424 1152 -9001 17:21:54
M4 3944 -6536 6580 17:21:54
M5 4030 -3254 8182 17:21:54
M1 -2960 1498 6804 17:21:54
M2 1052 -572 4282 17:21:54
M3 15424 1150 -9065 17:21:54
M4 3952 -6516 6529 17:21:54
M5 4016 -3252 8166 17:21:54
M1 -2960 1476 6739 17:21:54
M2 1018 -556 4265 17:21:54
M3 15458 1058 -9049 17:21:54
M4 3974 -6522 6494 17:21:54
M5 4060 -3252 8148 17:21:54
M1 -2968 1510 6701 17:21:54
M2 952 -602 4292 17:21:54
M3 15470 1120 -9096 17:21:54
M4 4004 -6434 6503 17:21:54
M5 4038 -3314 8147 17:21:54
M1 -3034 1474 6804 17:21:54
M2 944 -604 4294 17:21:54
M3 15470 1034 -9205 17:21:54
M4 4060 -6480 6456 17:21:54
M5 4034 -3284 8131 17:21:54
M1 -2968 1486 6700 17:21:54
M2 928 -552 4224 17:21:54
M3 15450 1038 -9150 17:21:54
M4 4050 -6444 6446 17:21:54
M5 4058 -3318 8183 17:21:54
M1 -2980 1522 6680 17:21:54
M2 854 -570 4180 17:21:54
M3 15494 1046 -9198 17:21:54
M4 4062 -6488 6479 17:21:54
M5 4092 -3314 8114 17:21:54
M1 -3000 1452 6671 17:21:54
M2 876 -608 4130 17:21:54
M3 15518 1018 -9206 17:21:54
M4 4080 -6466 6448 17:21:54
M5 4308 -3340 8053 17:21:54
M1 -3050 1444 6690 17:21:54
M2 826 -550 4125 17:21:54
M3 15496 990 -9187 17:21:54
M4 4080 -6430 6161 17:21:54
M5 4096 -3366 8127 17:21:54
M1 -3078 1456 6592 17:21:54
M2 818 -592 4134 17:21:54
M3 15442 994 -9188 17:21:54
M4 4144 -6394 6383 17:21:54
M5 4106 -3390 8056 17:21:54
M1 -3136 1436 6643 17:21:54
M2 834 -574 4150 17:21:54
M3 15498 928 -9166 17:21:54
M4 4154 -6422 6392 17:21:54
M5 4134 -3394 8051 17:21:54
M1 -3166 1416 6625 17:21:54
M2 810 -606 4187 17:21:54
M3 15530 944 -9177 17:21:54
M4 4178 -6412 6366 17:21:54
M5 4164 -3412 8091 17:21:54
M1 -3190 1484 6603 17:21:54
M2 780 -612 4139 17:21:54
M3 15502 894 -9224 17:21:54
M4 4178 -6416 6392 17:21:54
M5 4132 -3452 8020 17:21:54
M1 -3178 1446 6556 17:21:54
M2 814 -596 4066 17:21:54
M3 15524 902 -9153 17:21:54
M4 4220 -6386 6337 17:21:54
M5 4140 -3454 8036 17:21:54
M1 -3220 1438 6631 17:21:54
M2 718 -588 4093 17:21:54
M3 15558 912 -9179 17:21:54
M4 4224 -6370 6298 17:21:54
M5 4178 -3458 8048 17:21:54
M1 -3200 1398 6599 17:21:54
M2 702 -634 4075 17:21:54
M3 15570 868 -9206 17:21:54
M4 4216 -6352 6327 17:21:54
M5 4140 -3490 8022 17:21:54
M1 -3250 1420 6613 17:21:54
M2 684 -658 4102 17:21:54
M3 15556 844 -9258 17:21:54
M4 4244 -6348 6326 17:21:54
M5 4136 -3476 7909 17:21:54
M1 -3278 1414 6559 17:21:54
M2 714 -630 4005 17:21:54
M3 15562 842 -9262 17:21:54
M4 4258 -6312 6296 17:21:54
M5 4182 -3502 7948 17:21:54
M1 -3308 1430 6582 17:21:54
M2 668 -638 4049 17:21:54
M3 15568 836 -9289 17:21:54
M4 4306 -6312 6306 17:21:54
M5 4216 -3512 7980 17:21:54
M1 -3252 1388 6544 17:21:54
M2 648 -662 4043 17:21:54
M3 15576 812 -9212 17:21:54
M4 4310 -6284 6257 17:21:54
M5 4256 -3490 7942 17:21:54
M1 -3312 1356 6539 17:21:54
M2 596 -656 4057 17:21:54
M3 15608 826 -9234 17:21:54
M4 4276 -6294 6221 17:21:54
M5 4266 -3530 8019 17:21:54
M1 -3340 1370 6477 17:21:54
M2 568 -684 4092 17:21:54
M3 15588 766 -9272 17:21:54
M4 4308 -6288 6274 17:21:54
M5 4220 -3588 7950 17:21:54
M1 -3368 1352 6444 17:21:54
M2 588 -668 4127 17:21:54
M3 15612 734 -9194 17:21:54
M4 4340 -6240 6255 17:21:54
M5 4250 -3586 7886 17:21:54
M1 -3388 1376 6463 17:21:54
M2 572 -680 4081 17:21:54
M3 15582 772 -9222 17:21:54
M4 4392 -6222 6237 17:21:54
M5 4300 -3646 7961 17:21:54
M1 -3456 1370 6488 17:21:54
M2 514 -710 3935 17:21:54
M3 15640 726 -9251 17:21:54
M4 4384 -6230 6234 17:21:54
M5 4260 -3602 7938 17:21:54
M1 -3374 1336 6466 17:21:54
M2 502 -692 3985 17:21:54
M3 15700 712 -9289 17:21:54
M4 4388 -6202 6230 17:21:54
M5 4292 -3642 7881 17:21:54
M1 -3418 1350 6387 17:21:54
M2 460 -738 3969 17:21:54
M3 15642 694 -9320 17:21:54
M4 4436 -6156 6241 17:21:54
M5 4286 -3680 7893 17:21:54
M1 -3422 1348 6441 17:21:54
M2 454 -726 3952 17:21:54
M3 15668 676 -9377 17:21:54
M4 4440 -6138 6240 17:21:54
M5 4270 -3704 7893 17:21:54
M1 -3454 1310 6502 17:21:54
M2 436 -722 3900 17:21:54
M3 15616 668 -9255 17:21:54
M4 4472 -6100 6207 17:21:54
M5 4276 -3688 7915 17:21:54
M1 -3448 1312 6492 17:21:54
M2 420 -812 3948 17:21:54
M3 15646 646 -9313 17:21:54
M4 4470 -6136 6196 17:21:54
M5 4282 -3684 7850 17:21:54
M1 -3420 1352 6435 17:21:54
M2 402 -784 3929 17:21:54
M3 15730 658 -9364 17:21:54
M4 4480 -6098 6186 17:21:54
M5 4326 -3692 7852 17:21:54
M1 -3482 1306 6402 17:21:54
M2 332 -780 3988 17:21:54
M3 15642 660 -9379 17:21:54
M4 4488 -6096 6190 17:21:54
M5 4332 -3692 7848 17:21:54
M1 -3544 1302 6450 17:21:54
M2 404 -758 4024 17:21:54
M3 15704 626 -9300 17:21:54
M4 4538 -6058 6217 17:21:54
M5 4358 -3724 7894 17:21:54
M1 -3532 1338 6356 17:21:54
M2 364 -790 3965 17:21:54
M3 15704 600 -9328 17:21:54
M4 4512 -6070 6223 17:21:54
M5 4408 -3734 7914 17:21:54
M1 -3546 1294 6404 17:21:54
M2 348 -832 3886 17:21:54
M3 15718 574 -9284 17:21:54
M4 4520 -6058 6184 17:21:54
M5 4400 -3720 7923 17:21:54
M1 -3534 1272 6445 17:21:54
M2 274 -840 3933 17:21:54
M3 15702 592 -9261 17:21:54
M4 4532 -6032 6209 17:21:54
M5 4360 -3780 7835 17:21:54
M1 -3598 1248 6381 17:21:54
M2 284 -822 4006 17:21:54
M3 15714 580 -9406 17:21:54
M4 4560 -6050 6171 17:21:54
M5 4402 -3782 7955 17:21:54
M1 -3570 1266 6398 17:21:54
M2 296 -810 3874 17:21:54
M3 15648 580 -9314 17:21:54
M4 4596 -6034 6199 17:21:54
M5 4438 -3802 7831 17:21:54
M1 -3602 1242 6427 17:21:54
M2 260 -808 3855 17:21:54
M3 15646 550 -9367 17:21:54
M4 4608 -6014 6125 17:21:54
M5 4392 -3794 7846 17:21:54
M1 -3606 1280 6353 17:21:54
M2 240 -854 3878 17:21:54
M3 15734 526 -9312 17:21:54
M4 4834 -6002 6172 17:21:54
M5 4418 -3828 7916 17:21:54
M1 -3600 1254 6452 17:21:54
M2 240 -832 3811 17:21:54
M3 15720 526 -9321 17:21:54
M4 4574 -5994 6106 17:21:54
M5 4400 -3802 7893 17:21:54
M1 -3656 1196 6353 17:21:54
M2 254 -880 3927 17:21:54
M3 15732 504 -9362 17:21:54
M4 4650 -5996 6201 17:21:54
M5 4402 -3844 7862 17:21:54
M1 -3684 1196 6376 17:21:54
M2 182 -864 3872 17:21:54
M3 15684 488 -9365 17:21:54
M4 4668 -5918 6128 17:21:54
M5 4414 -4064 7876 17:21:54
M1 -3712 1206 6399 17:21:54
M2 222 -882 3941 17:21:54
M3 15764 486 -9410 17:21:54
M4 4664 -5926 6167 17:21:54
M5 4492 -3902 7889 17:21:54
M1 -3702 1198 6318 17:21:54
M2 188 -868 3866 17:21:54
M3 15754 482 -9384 17:21:54
M4 4664 -5948 6216 17:21:54
M5 4430 -3854 7869 17:21:54
M1 -3728 1170 6379 17:21:54
M2 150 -894 3765 17:21:54
M3 15750 424 -9385 17:21:54
M4 4678 -5888 6116 17:21:54
M5 4452 -3922 7871 17:21:54
M1 -3734 1212 6307 17:21:54
M2 156 -936 3829 17:21:54
M3 15766 444 -9397 17:21:54
M4 4708 -5924 6142 17:21:54
M5 4506 -3888 7868 17:21:54
M1 -3764 1208 6362 17:21:54
M2 72 -924 3896 17:21:54
M3 15762 396 -9386 17:21:54
M4 4704 -5908 6191 17:21:54
M5 4518 -3960 7893 17:21:54
M1 -3754 1206 6357 17:21:54
M2 40 -960 3761 17:21:54
M3 15786 408 -9356 17:21:54
M4 4708 -5892 6142 17:21:54
M5 4496 -3910 7908 17:21:54
M1 -3786 1122 6322 17:21:54
M2 74 -964 3806 17:21:54
M3 15794 380 -9378 17:21:54
M4 4752 -5842 6135 17:21:54
M5 4496 -3910 7888 17:21:54
M1 -3800 1118 6301 17:21:54
M2 60 -976 3868 17:21:54
M3 15768 414 -9385 17:21:54
M4 4716 -5856 6194 17:21:54
M5 4502 -3980 7851 17:21:54
M1 -3784 1144 6309 17:21:54
M2 88 -970 3813 17:21:54
M3 15824 400 -9422 17:21:54
M4 4770 -5866 6183 17:21:54
M5 4492 -3956 7894 17:21:54
M1 -3798 1160 6268 17:21:54
M2 82 -970 3814 17:21:54
M3 15794 392 -9426 17:21:54
M4 4778 -5830 6142 17:21:54
M5 4514 -3998 7923 17:21:54
M1 -3776 1116 6349 17:21:54
M2 98 -946 3789 17:21:54
M3 15794 360 -9344 17:21:54
M4 4774 -5878 6201 17:21:54
M5 4522 -3982 7856 17:21:54
M1 -3836 1156 6352 17:21:54
M2 42 -978 3793 17:21:54
M3 15844 400 -9390 17:21:54
M4 4746 -5886 6112 17:21:54
M5 4504 -4014 7900 17:21:54
M1 -3870 1168 6351 17:21:54
M2 16 -998 3824 17:21:54
M3 15810 306 -9356 17:21:54
M4 4808 -5818 6166 17:21:54
M5 4538 -3982 7812 17:21:54
M1 -3906 1096 6290 17:21:54
M2 36 -950 3775 17:21:54
M3 15826 326 -9424 17:21:54
M4 4772 -5848 6155 17:21:54
M5 4500 -3988 7858 17:21:54
M1 -3866 1148 6253 17:21:54
M2 -4 -976 3857 17:21:54
M3 15824 334 -9378 17:21:54
M4 4808 -5842 6126 17:21:54
M5 4544 -3998 7826 17:21:54
M1 -3888 1198 6281 17:21:54
M2 6 -956 3789 17:21:54
M3 15846 322 -9381 17:21:54
M4 4828 -5800 6132 17:21:54
M5 4522 -4066 7920 17:21:54
M1 -3920 1128 6266 17:21:54
M2 -68 -970 3803 17:21:54
M3 15884 314 -9342 17:21:54
M4 4792 -5782 6163 17:21:54
M5 4562 -3978 7889 17:21:54
M1 -3928 1130 6274 17:21:54
M2 -88 -960 3788 17:21:54
M3 15896 256 -9347 17:21:54
M4 4822 -5810 6141 17:21:54
M5 4584 -4060 7918 17:21:54
M1 -3970 1130 6279 17:21:54
M2 -92 -980 3839 17:21:54
M3 15872 246 -9363 17:21:54
M4 4842 -5794 6134 17:21:54
M5 4532 -4060 7913 17:21:54
M1 -3990 1098 6257 17:21:54
M2 -54 -990 3847 17:21:54
M3 15870 264 -9398 17:21:54
M4 4894 -5812 6125 17:21:54
M5 4562 -4090 7855 17:21:54
M1 -3990 1128 6237 17:21:54
M2 -84 -1028 3834 17:21:54
M3 15888 272 -9336 17:21:54
M4 4824 -5752 6217 17:21:54
M5 4552 -4056 7934 17:21:54
M1 -3962 1144 6263 17:21:54
M2 -56 -976 3808 17:21:54
M3 15866 254 -9304 17:21:54
M4 4808 -5792 6170 17:21:54
M5 4602 -4078 7891 17:21:54
M1 -3978 1110 6246 17:21:54
M2 -106 -996 3778 17:21:54
M3 15882 224 -9416 17:21:54
M4 4816 -5786 6193 17:21:54
M5 4532 -4076 7925 17:21:54
M1 -4000 1088 6207 17:21:54
M2 -96 -986 3765 17:21:54
M3 15904 200 -9379 17:21:54
M4 4916 -5754 6233 17:21:54
M5 4554 -4054 7929 17:21:54
M1 -4034 1114 6228 17:21:54
M2 -90 -1014 3850 17:21:54
M3 15960 188 -9444 17:21:54
M4 4896 -5754 6174 17:21:54
M5 4598 -4068 7934 17:21:54
M1 -3982 1136 6285 17:21:54
M2 -132 -1044 3760 17:21:54
M3 15952 216 -9402 17:21:54
M4 4878 -5768 6185 17:21:54
M5 4570 -4098 7991 17:21:54
M1 -4044 1058 6209 17:21:54
M2 -122 -998 3800 17:21:54
M3 15886 204 -9326 17:21:54
M4 4870 -5758 6199 17:21:54
M5 4580 -4048 7930 17:21:54
M1 -4020 1084 6270 17:21:54
M2 -144 -1002 3778 17:21:54
M3 15922 180 -9382 17:21:54
M4 4970 -5742 6152 17:21:54
M5 4564 -4082 7922 17:21:54
M1 -4014 1062 6227 17:21:54
M2 -116 -1032 3801 17:21:54
M3 15964 174 -9370 17:21:54
M4 4968 -5744 6187 17:21:54
M5 4588 -4060 7943 17:21:54
M1 -4052 1136 6214 17:21:54
M2 -156 -1036 3764 17:21:54
M3 15924 172 -9453 17:21:54
M4 4944 -5738 6083 17:21:54
M5 4530 -4098 7988 17:21:54
M1 -4050 1098 6226 17:21:54
M2 -192 -996 3894 17:21:54
M3 15934 202 -9391 17:21:54
M4 4934 -5686 6114 17:21:54
M5 4580 -4086 7987 17:21:54
M1 -4078 1030 6225 17:21:54
M2 -162 -1022 3784 17:21:54
M3 15956 144 -9418 17:21:54
M4 4972 -5750 6169 17:21:54
M5 4542 -4156 8035 17:21:54
M1 -4064 1070 6225 17:21:54
M2 -174 -1010 3835 17:21:54
M3 15996 136 -9355 17:21:54
M4 4986 -5724 6073 17:21:54
M5 4548 -4084 7989 17:21:54
M1 -4096 1114 6217 17:21:54
M2 -226 -1030 3806 17:21:54
M3 15964 120 -9427 17:21:54
M4 4974 -5734 6207 17:21:54
M5 4556 -4108 7964 17:21:54
M1 -4100 1052 6239 17:21:54
M2 -216 -1008 3821 17:21:54
M3 15936 132 -9342 17:21:54
M4 5012 -5704 6179 17:21:54
M5 4554 -4116 7942 17:21:54
M1 -4138 1082 6247 17:21:54
M2 -238 -1036 3824 17:21:54
M3 15952 112 -9412 17:21:54
M4 5060 -5684 6148 17:21:54
M5 4576 -4126 8013 17:21:54
M1 -4128 1052 6157 17:21:54
M2 -200 -998 3796 17:21:54
M3 15984 104 -9432 17:21:54
M4 5060 -5746 6183 17:21:54
M5 4584 -4170 7975 17:21:54
M1 -4122 1064 6200 17:21:54
M2 -252 -1064 3724 17:21:54
M3 15952 100 -9411 17:21:54
M4 5050 -5726 6172 17:21:54
M5 4590 -4132 8032 17:21:54
M1 -4122 1060 6273 17:21:54
M2 -250 -1024 3814 17:21:54
M3 15960 74 -9382 17:21:54
M4 5036 -5700 6132 17:21:54
M5 4612 -4136 7980 17:21:54
M1 -4150 1100 6200 17:21:54
M2 -224 -1020 3809 17:21:54
M3 15956 100 -9435 17:21:54
M4 5062 -5708 6181 17:21:54
M5 4580 -4138 8003 17:21:54
M1 -4152 1068 6240 17:21:54
M2 -264 -1016 3753 17:21:54
M3 15980 74 -9388 17:21:54
M4 5104 -5708 6223 17:21:54
M5 4594 -4134 7958 17:21:54
M1 -4168 1024 6247 17:21:54
M2 -260 -1078 3752 17:21:54
M3 16024 80 -9403 17:21:54
M4 5064 -5748 6227 17:21:54
M5 4600 -4132 8008 17:21:54
M1 -4190 1048 6158 17:21:54
M2 -294 -1070 3798 17:21:54
M3 16012 60 -9368 17:21:54
M4 5088 -5738 6270 17:21:54
M5 4586 -4114 8021 17:21:54
M1 -4174 1038 6271 17:21:54
M2 -318 -1060 3824 17:21:54
M3 15998 36 -9377 17:21:54
M4 5080 -5708 6212 17:21:54
M5 4588 -4132 7955 17:21:54
M1 -4194 1000 6242 17:21:54
M2 -268 -1068 3724 17:21:54
M3 16030 12 -9408 17:21:54
M4 5124 -5708 6248 17:21:54
M5 4614 -4150 7986 17:21:54
M1 -4208 1036 6269 17:21:54
M2 -278 -1060 3764 17:21:54
M3 15992 56 -9395 17:21:54
M4 5156 -5718 6197 17:21:54
M5 4630 -4130 8042 17:21:54
M1 -4232 1010 6290 17:21:54
M2 -314 -1084 3803 17:21:54
M3 15998 -26 -9420 17:21:54
M4 5154 -5744 6210 17:21:54
M5 4606 -4190 8014 17:21:54
M1 -4234 1042 6207 17:21:54
M2 -320 -1092 3808 17:21:54
M3 16020 32 -9404 17:21:54
M4 5152 -5742 6235 17:21:54
M5 4632 -4176 8062 17:21:54
M1 -4230 1030 6212 17:21:54
M2 -308 -1044 3769 17:21:54
M3 16014 -12 -9384 17:21:54
M4 5130 -5690 6117 17:21:54
M5 4604 -4196 8074 17:21:54
M1 -4212 984 6194 17:21:54
M2 -392 -998 3820 17:21:54
M3 16050 22 -9415 17:21:54
M4 5162 -5730 6180 17:21:54
M5 4642 -4188 8064 17:21:54
M1 -4240 1032 6213 17:21:54
M2 -334 -1074 3836 17:21:54
M3 16028 -50 -9374 17:21:54
M4 5166 -5738 6160 17:21:54
M5 4640 -4154 8074 17:21:54
M1 -4240 1056 6232 17:21:54
M2 -368 -1040 3804 17:21:54
M3 16056 -88 -9380 17:21:54
M4 5206 -5730 6224 17:21:54
M5 4622 -4198 8112 17:21:54
M1 -4228 1014 6229 17:21:54
M2 -414 -1068 3793 17:21:54
M3 16014 -88 -9444 17:21:54
M4 5156 -5722 6180 17:21:54
M5 4628 -4170 8059 17:21:54
M1 -4300 1068 6175 17:21:54
M2 -404 -960 3713 17:21:54
M3 16026 -44 -9351 17:21:54
M4 5168 -5664 6211 17:21:54
M5 4674 -4148 8091 17:21:54
M1 -4292 1056 6187 17:21:54
M2 -428 -1074 3772 17:21:54
M3 16032 -70 -9364 17:21:54
M4 5212 -5744 6204 17:21:54
M5 4728 -4194 8123 17:21:54
M1 -4310 1034 6238 17:21:54
M2 -362 -1006 3810 17:21:54
M3 16044 -70 -9360 17:21:54
M4 5226 -5696 6241 17:21:54
M5 4644 -4212 8138 17:21:54
M1 -4314 990 6235 17:21:54
M2 -404 -1056 3789 17:21:54
M3 16010 -66 -9407 17:21:54
M4 5222 -5704 6275 17:21:54
M5 4642 -4230 8195 17:21:54
M1 -4304 1020 6191 17:21:54
M2 -440 -1068 3768 17:21:54
M3 16064 -102 -9400 17:21:54
M4 5222 -5712 6205 17:21:54
M5 4628 -4228 8141 17:21:54
M1 -4340 1002 6221 17:21:54
M2 -392 -1078 3802 17:21:54
M3 16018 -94 -9383 17:21:54
M4 5250 -5688 6226 17:21:54
M5 4652 -4228 8095 17:21:54
M1 -4318 1016 6232 17:21:54
M2 -444 -1032 3787 17:21:54
M3 16004 -148 -9347 17:21:54
M4 5272 -5732 6196 17:21:54
M5 4642 -4264 8190 17:21:54
M1 -4332 1024 6262 17:21:54
M2 -462 -1082 3795 17:21:54
M3 16016 -92 -9330 17:21:54
M4 5260 -5750 6249 17:21:54
M5 4610 -4238 8060 17:21:54
M1 -4324 1032 6236 17:21:54
M2 -460 -1066 3817 17:21:54
M3 16064 -84 -9364 17:21:54
M4 5238 -5688 6191 17:21:54
M5 4682 -4222 8186 17:21:54
M1 -4382 1056 6225 17:21:54
M2 -474 -1070 3752 17:21:54
M3 16072 -116 -9336 17:21:54
M4 5298 -5690 6262 17:21:54
M5 4658 -4276 8117 17:21:54
M1 -4338 1024 6259 17:21:54
M2 -532 -1070 3729 17:21:54
M3 16066 -130 -9306 17:21:54
M4 5224 -5708 6210 17:21:54
M5 4696 -4266 8113 17:21:54
M1 -4392 988 6190 17:21:54
M2 -514 -1080 3794 17:21:54
M3 16094 -150 -9366 17:21:54
M4 5282 -5708 6278 17:21:54
M5 4666 -4314 8149 17:21:54
M1 -4436 1032 6192 17:21:54
M2 -552 -1120 3732 17:21:54
M3 16038 -206 -9382 17:21:54
M4 5316 -5742 6252 17:21:54
M5 4692 -4290 8189 17:21:54
M1 -4398 1012 6190 17:21:54
M2 -592 -1084 3728 17:21:54
M3 15972 -164 -9426 17:21:54
M4 5290 -5696 6184 17:21:54
M5 4712 -4332 8154 17:21:54
M1 -4398 988 6205 17:21:54
M2 -592 -1102 3750 17:21:54
M3 15950 -158 -9332 17:21:54
M4 5306 -5700 6246 17:21:54
M5 4682 -4242 8214 17:21:54
M1 -4398 954 6178 17:21:54
M2 -514 -1100 3749 17:21:54
M3 16032 -168 -9349 17:21:54
M4 5306 -5654 6217 17:21:54
M5 4702 -4316 7970 17:21:54
M1 -4438 944 6209 17:21:54
M2 -568 -1110 3758 17:21:54
M3 16086 -160 -9375 17:21:54
M4 5326 -5694 6187 17:21:54
M5 4636 -4328 8162 17:21:54
M1 -4472 928 6223 17:21:54
M2 -574 -1072 3732 17:21:54
M3 16100 -196 -9383 17:21:54
M4 5358 -5716 6272 17:21:54
M5 4690 -4352 8158 17:21:54
M1 -4486 1004 6181 17:21:54
M2 -572 -1092 3758 17:21:54
M3 16074 -164 -9358 17:21:54
M4 5364 -5692 6197 17:21:54
M5 4724 -4322 8224 17:21:54
M1 -4472 996 6161 17:21:54
M2 -582 -1076 3728 17:21:54
M3 16078 -174 -9417 17:21:54
M4 5390 -5704 6239 17:21:54
M5 4714 -4356 8247 17:21:54
M1 -4428 980 6174 17:21:54
M2 -616 -1102 3738 17:21:54
M3 16106 -176 -9396 17:21:54
M4 5348 -5712 6175 17:21:54
M5 4688 -4330 8238 17:21:54
M1 -4522 1016 6204 17:21:54
M2 -632 -1070 3787 17:21:54
M3 16088 -194 -9386 17:21:54
M4 5412 -5670 6268 17:21:54
M5 4684 -4356 8228 17:21:54
M1 -4504 1026 6246 17:21:54
M2 -656 -1104 3798 17:21:54
M3 16108 -182 -9351 17:21:54
M4 5376 -5698 6188 17:21:54
M5 4660 -4362 8137 17:21:54
M1 -4516 1020 6251 17:21:54
M2 -650 -1126 3786 17:21:54
M3 16096 -222 -9330 17:21:54
M4 5344 -5712 6272 17:21:54
M5 4678 -4362 8245 17:21:54
M1 -4534 960 6226 17:21:54
M2 -622 -1100 3756 17:21:54
M3 16086 -208 -9367 17:21:54
M4 5388 -5692 6160 17:21:54
M5 4654 -4402 8193 17:21:54
M1 -4472 996 6174 17:21:54
M2 -604 -1114 3779 17:21:54
M3 16068 -186 -9369 17:21:54
M4 5378 -5700 6229 17:21:54
M5 4704 -4350 8223 17:21:54
M1 -4538 976 6230 17:21:54
M2 -634 -1082 3758 17:21:54
M3 16086 -214 -9390 17:21:54
M4 5366 -5690 6247 17:21:54
M5 4678 -4366 8212 17:21:54
M1 -4588 964 6269 17:21:54
M2 -652 -1130 3813 17:21:54
M3 16086 -250 -9307 17:21:54
M4 5410 -5658 6261 17:21:54
M5 4720 -4366 8229 17:21:54
M1 -4562 958 6189 17:21:54
M2 -662 -1080 3822 17:21:54
M3 16086 -220 -9290 17:21:54
M4 5396 -5716 6198 17:21:54
M5 4716 -4376 8208 17:21:54
M1 -4564 976 6205 17:21:54
M2 -672 -1040 3776 17:21:54
M3 16116 -220 -9327 17:21:54
M4 5418 -5662 6281 17:21:54
M5 4710 -4368 8210 17:21:54
M1 -4546 968 6209 17:21:54
M2 -694 -1092 3831 17:21:54
M3 16100 -220 -9284 17:21:54
M4 5488 -5662 6237 17:21:54
M5 4728 -4360 8273 17:21:54
M1 -4566 938 6250 17:21:54
M2 -704 -1094 3814 17:21:54
M3 16072 -254 -9321 17:21:54
M4 5464 -5722 6230 17:21:54
M5 4696 -4376 8185 17:21:54
M1 -4584 986 6266 17:21:54
M2 -658 -1106 3762 17:21:54
M3 16076 -262 -9290 17:21:54
M4 5440 -5678 6253 17:21:54
M5 4670 -4388 8298 17:21:54
M1 -4588 996 6204 17:21:54
M2 -772 -1072 3773 17:21:54
M3 16080 -310 -9286 17:21:54
M4 5508 -5678 6242 17:21:54
M5 4704 -4444 8293 17:21:54
M1 -4650 934 6202 17:21:54
M2 -750 -1094 3806 17:21:54
M3 16066 -262 -9294 17:21:54
M4 5484 -5658 6146 17:21:54
M5 4662 -4436 8314 17:21:54
M1 -4594 978 6230 17:21:54
M2 -704 -1110 3800 17:21:54
M3 16110 -288 -9288 17:21:54
M4 5490 -5654 6273 17:21:54
M5 4640 -4486 8238 17:21:54
M1 -4612 952 6236 17:21:54
M2 -732 -1140 3759 17:21:54
M3 16086 -308 -9274 17:21:54
M4 5528 -5688 6264 17:21:54
M5 4714 -4470 8279 17:21:54
M1 -4668 972 6185 17:21:54
M2 -734 -1122 3836 17:21:54
M3 16032 -326 -9298 17:21:54
M4 5540 -5646 6276 17:21:54
M5 4740 -4454 8223 17:21:54
M1 -4676 1000 6215 17:21:54
M2 -728 -1132 3845 17:21:54
M3 16096 -372 -9332 17:21:54
M4 5532 -5672 6249 17:21:54
M5 4676 -4502 8262 17:21:54
M1 -4652 940 6229 17:21:54
M2 -722 -1070 3804 17:21:54
M3 16110 -350 -9238 17:21:54
M4 5508 -5648 6241 17:21:54
M5 4660 -4462 8250 17:21:54
M1 -4676 986 6223 17:21:54
M2 -750 -1088 3832 17:21:54
M3 16068 -388 -9295 17:21:54
M4 5544 -5686 6321 17:21:54
M5 4666 -4438 8302 17:21:54
M1 -4686 936 6189 17:21:54
M2 -778 -1116 3924 17:21:54
M3 16042 -338 -9273 17:21:54
M4 5546 -5664 6271 17:21:54
M5 4704 -4482 8285 17:21:54
M1 -4638 944 6267 17:21:54
M2 -820 -1120 3871 17:21:54
M3 16052 -356 -9293 17:21:54
M4 5566 -5680 6321 17:21:54
M5 4706 -4514 8374 17:21:54
M1 -4656 966 6225 17:21:54
M2 -810 -1116 3895 17:21:54
M3 16058 -404 -9265 17:21:54
M4 5542 -5680 6283 17:21:54
M5 4686 -4518 8357 17:21:54
M1 -4698 924 6218 17:21:54
M2 -784 -1094 3809 17:21:54
M3 16064 -426 -9283 17:21:54
M4 5578 -5664 6331 17:21:54
M5 4718 -4510 8377 17:21:54
M1 -4724 942 6211 17:21:54
M2 -812 -1106 3848 17:21:54
M3 16048 -388 -9282 17:21:54
M4 5648 -5696 6346 17:21:54
M5 4648 -4530 8281 17:21:54
M1 -4702 932 6148 17:21:54
M2 -848 -1092 3868 17:21:54
M3 16084 -418 -9369 17:21:54
M4 5556 -5644 6268 17:21:54
M5 4660 -4522 8316 17:21:54
M1 -4702 956 6234 17:21:54
M2 -864 -1096 3839 17:21:54
M3 16080 -444 -9314 17:21:54
M4 5646 -5676 6332 17:21:54
M5 4684 -4548 8252 17:21:54
M1 -4770 912 6296 17:21:54
M2 -864 -1074 3795 17:21:54
M3 16070 -420 -9338 17:21:54
M4 5622 -5634 6273 17:21:54
M5 4698 -4590 8314 17:21:54
M1 -4796 906 6207 17:21:54
M2 -880 -1102 3800 17:21:54
M3 16084 -442 -9360 17:21:54
M4 5634 -5660 6332 17:21:54
M5 4700 -4582 8324 17:21:54
M1 -4768 950 6274 17:21:54
M2 -880 -1098 3904 17:21:54
M3 16124 -454 -9336 17:21:54
M4 5702 -5624 6398 17:21:54
M5 4680 -4576 8338 17:21:54
M1 -4732 950 6248 17:21:54
M2 -890 -1124 3852 17:21:54
M3 16118 -448 -9290 17:21:54
M4 5676 -5642 6348 17:21:54
M5 4698 -4614 8266 17:21:54
M1 -4780 948 6200 17:21:54
M2 -878 -1072 3887 17:21:54
M3 16056 -468 -9317 17:21:54
M4 5704 -5692 6303 17:21:54
M5 4694 -4600 8352 17:21:54
M1 -4716 958 6337 17:21:54
M2 -916 -1096 3853 17:21:54
M3 16092 -478 -9311 17:21:54
M4 5642 -5640 6278 17:21:54
M5 4740 -4588 8411 17:21:54
M1 -4782 940 6281 17:21:54
M2 -926 -1066 3860 17:21:54
M3 16070 -476 -9268 17:21:54
M4 5638 -5632 6362 17:21:54
M5 4700 -4614 8376 17:21:54
M1 -4788 922 6320 17:21:54
M2 -894 -1086 3807 17:21:54
M3 16090 -488 -9232 17:21:54
M4 5648 -5654 6419 17:21:54
M5 4716 -4630 8404 17:21:54
M1 -4784 966 6277 17:21:54
M2 -920 -1130 3889 17:21:54
M3 16054 -422 -9333 17:21:54
M4 5692 -5638 6377 17:21:54
M5 4680 -4610 8349 17:21:54
M1 -4844 934 6286 17:21:54
M2 -908 -1052 3771 17:21:54
M3 16112 -440 -9295 17:21:54
M4 5692 -5622 6365 17:21:54
M5 4704 -4678 8418 17:21:54
M1 -4844 946 6246 17:21:54
M2 -916 -1124 3862 17:21:54
M3 16094 -432 -9265 17:21:54
M4 5768 -5692 6372 17:21:54
M5 4740 -4668 8338 17:21:54
M1 -4862 974 6293 17:21:54
M2 -970 -1090 3873 17:21:54
M3 16092 -462 -9316 17:21:54
M4 5700 -5660 6337 17:21:54
M5 4750 -4676 8314 17:21:54
M1 -4878 948 6245 17:21:54
M2 -976 -1066 3870 17:21:54
M3 16056 -494 -9257 17:21:54
M4 5724 -5656 6388 17:21:54
M5 4720 -4722 8421 17:21:54
M1 -4856 926 6240 17:21:54
M2 -1008 -1114 3865 17:21:54
M3 16114 -494 -9215 17:21:54
M4 5746 -5664 6373 17:21:54
M5 4724 -4736 8445 17:21:54
M1 -4896 920 6245 17:21:54
M2 -1008 -1106 3823 17:21:54
M3 16096 -494 -9267 17:21:54
M4 5754 -5660 6385 17:21:54
M5 4698 -4752 8402 17:21:54
M1 -4928 896 6277 17:21:54
M2 -1052 -1114 3828 17:21:54
M3 16092 -558 -9237 17:21:54
M4 5806 -5660 6631 17:21:54
M5 4714 -4782 8335 17:21:54
M1 -4962 930 6259 17:21:54
M2 -1040 -1104 3843 17:21:54
M3 16084 -568 -9257 17:21:54
M4 5742 -5650 6461 17:21:54
M5 4698 -4756 8382 17:21:54
M1 -4946 922 6256 17:21:54
M2 -1066 -1104 3774 17:21:54
M3 16090 -554 -9291 17:21:54
M4 5818 -5700 6455 17:21:54
M5 4718 -4754 8336 17:21:54
M1 -4940 958 6277 17:21:54
M2 -1072 -1116 3865 17:21:54
M3 16116 -558 -9324 17:21:54
M4 5820 -5642 6420 17:21:54
M5 4710 -4790 8444 17:21:54
M1 -4948 922 6243 17:21:54
M2 -1050 -1142 3911 17:21:54
M3 16066 -580 -9278 17:21:54
M4 5842 -5662 6382 17:21:54
M5 4696 -4772 8433 17:21:54
M1 -4942 924 6268 17:21:54
M2 -1092 -1116 3868 17:21:54
M3 16098 -580 -9225 17:21:54
M4 5806 -5672 6413 17:21:54
M5 4702 -4800 8444 17:21:54
M1 -4972 948 6296 17:21:54
M2 -1064 -1112 3901 17:21:54
M3 16068 -596 -9238 17:21:54
M4 5842 -5670 6377 17:21:54
M5 4700 -4810 8418 17:21:54
M1 -5004 992 6344 17:21:54
M2 -1054 -1106 3897 17:21:54
M3 16014 -584 -9217 17:21:54
M4 5830 -5664 6396 17:21:54
M5 4682 -4824 8441 17:21:54
M1 -4998 912 6342 17:21:54
M2 -1092 -1100 3934 17:21:54
M3 16086 -622 -9282 17:21:54
M4 5882 -5620 6369 17:21:54
M5 4678 -4872 8394 17:21:54
M1 -5054 960 6217 17:21:54
M2 -1120 -1096 3845 17:21:54
M3 16112 -660 -9201 17:21:54
M4 5840 -5642 6398 17:21:54
M5 4696 -4860 8428 17:21:54
M1 -5104 996 6277 17:21:54
M2 -1138 -1076 3913 17:21:54
M3 16088 -668 -9199 17:21:54
M4 5894 -5660 6445 17:21:54
M5 4708 -4880 8399 17:21:54
M1 -5114 970 6275 17:21:54
M2 -1068 -1124 3861 17:21:54
M3 16090 -716 -9261 17:21:54
M4 5886 -5604 6462 17:21:54
M5 4696 -4898 8467 17:21:54
M1 -5088 938 6230 17:21:54
M2 -1154 -1040 3881 17:21:54
M3 16144 -664 -9248 17:21:54
M4 5888 -5636 6389 17:21:54
M5 4700 -4900 8394 17:21:54
M1 -5084 968 6259 17:21:54
M2 -1132 -1100 3895 17:21:54
M3 16084 -666 -9197 17:21:54
M4 5926 -5650 6413 17:21:54
M5 4688 -4908 8456 17:21:54
M1 -5064 892 6320 17:21:54
M2 -1182 -1090 3899 17:21:54
M3 16072 -722 -9336 17:21:54
M4 5912 -5656 6403 17:21:54
M5 4700 -4916 8483 17:21:54
M1 -5104 930 6210 17:21:54
M2 -1184 -1092 3920 17:21:54
M3 16062 -740 -9208 17:21:54
M4 5928 -5614 6479 17:21:54
M5 4716 -4962 8471 17:21:54
M1 -5114 976 6214 17:21:54
M2 -1170 -1082 3987 17:21:54
M3 16068 -714 -9152 17:21:54
M4 5936 -5652 6467 17:21:54
M5 4704 -5006 8474 17:21:54
M1 -5114 946 6302 17:21:54
M2 -1246 -1110 3891 17:21:54
M3 16078 -748 -9135 17:21:54
M4 5934 -5658 6436 17:21:54
M5 4686 -5020 8495 17:21:54
M1 -5174 960 6230 17:21:54
M2 -1282 -1060 3927 17:21:54
M3 16036 -756 -9159 17:21:54
M4 5934 -5622 6500 17:21:54
M5 4718 -5022 8410 17:21:54
M1 -5202 948 6315 17:21:54
M2 -1230 -1106 3920 17:21:54
M3 16074 -768 -9118 17:21:54
M4 5956 -5662 6448 17:21:54
M5 4720 -5048 8473 17:21:54
M1 -5156 934 6303 17:21:54
M2 -1264 -1152 3926 17:21:54
M3 16096 -768 -9219 17:21:54
M4 5928 -5666 6459 17:21:54
M5 4722 -4990 8441 17:21:54
M1 -5228 922 6328 17:21:54
M2 -1312 -1078 3988 17:21:54
M3 16070 -756 -9272 17:21:54
M4 5962 -5644 6486 17:21:54
M5 4670 -5008 8466 17:21:54
M1 -5216 914 6333 17:21:54
M2 -1330 -1140 3956 17:21:54
M3 16050 -774 -9284 17:21:54
M4 5994 -5652 6402 17:21:54
M5 4682 -4994 8476 17:21:54
