O0 0 10 0 09:00:05
O0 0 20 0 09:05:52
O0 0 30 0 09:08:31
O0 0 40 0 09:14:50
O0 0 0 0 09:23:04
O0 0 -1 0 09:23:09
O0 0 -2 0 09:23:10
O0 0 -3 0 09:23:10
O0 0 -4 0 09:23:11
O0 0 -5 0 09:23:11
O0 0 -6 0 09:23:11
O0 0 -7 0 09:23:11
O0 0 -8 0 09:23:11
O0 0 -9 0 09:23:12
O0 0 -10 0 09:23:12
O0 0 -11 0 09:23:16
O0 0 -12 0 09:23:17
O0 0 -13 0 09:23:21
O0 0 -14 0 09:23:21
O0 0 -15 0 09:23:21
O0 0 -16 0 09:23:21
O0 0 -17 0 09:23:22
O0 0 -18 0 09:23:22
O0 0 -19 0 09:23:22
O0 0 -20 0 09:23:23
O0 0 -21 0 09:23:45
O0 0 -22 0 09:23:46
O0 0 -23 0 09:23:47
O0 0 -24 0 09:23:49
O0 0 -25 0 09:23:50
O0 0 -26 0 09:23:58
O0 0 -27 0 09:23:58
O0 0 -28 0 09:23:58
O0 0 -29 0 09:23:59
O0 0 -28 0 09:24:10
O0 0 -27 0 09:24:11
O0 0 -26 0 09:24:11
O0 0 -25 0 09:24:15
O0 0 -24 0 09:24:15
O0 0 -23 0 09:24:15
O0 0 -22 0 09:24:16
O0 0 -21 0 09:24:18
O0 0 -20 0 09:24:18
O0 0 10 0 09:28:39
O0 0 20 0 09:31:25
O0 0 -1 0 09:47:05
O0 0 -2 0 09:47:05
O0 0 -3 0 09:47:06
O0 0 -4 0 09:47:07
O0 0 -5 0 09:47:07
O0 0 -6 0 09:47:07
O0 0 -7 0 09:47:08
O0 0 -8 0 09:47:08
O0 0 -9 0 09:47:08
O0 0 -10 0 09:47:08
O0 0 -11 0 09:47:10
O0 0 -12 0 09:47:10
O0 0 -13 0 09:47:11
O0 0 -14 0 09:47:12
O0 0 -15 0 09:47:12
O0 0 -16 0 09:47:13
O0 0 -17 0 09:47:13
O0 0 -18 0 09:47:14
O0 0 -19 0 09:47:14
O0 0 -20 0 09:47:15
O0 0 50 0 09:53:22
O0 0 60 0 09:56:07
O0 0 70 0 09:58:16
O0 0 80 0 10:00:57
O0 0 90 0 10:03:03
O0 0 100 0 10:21:17
O0 0 80 0 10:25:52
O0 0 90 0 10:29:36
O0 0 80 0 10:43:17
O0 0 70 0 10:46:49
O0 0 60 0 10:54:52
O0 0 50 0 10:59:10
O0 0 40 0 11:14:03
O0 0 30 0 11:17:41
O0 0 20 0 11:28:15
O0 0 10 0 11:34:25
O0 0 0 0 11:39:10
O0 0 -1 0 13:35:22
O0 0 -2 0 13:35:25
O0 0 -3 0 13:35:25
O0 0 -4 0 13:35:26
O0 0 -5 0 13:35:26
O0 0 80 0 13:37:06
O0 0 100 0 13:43:31
O0 0 0 0 13:49:18
O0 0 10 0 13:59:05
