O0 0 0 0 10:10:04
O0 -2 0 0 10:10:08
O0 -5 0 0 10:10:12
O0 -2 0 0 10:22:46
O0 0 0 0 10:22:49
O0 2 0 0 10:22:51
O0 5 0 0 10:22:52
O0 7 0 0 10:22:53
O0 10 0 0 10:29:57
O0 7 0 0 10:29:59
O0 5 0 0 10:29:59
O0 2 0 0 10:29:59
O0 0 0 0 10:29:59
O0 -2 0 0 10:30:00
O0 0 0 0 10:30:01
O0 2 0 0 10:58:21
O0 0 0 0 10:58:22
O0 -2 0 0 11:03:16
O0 -5 0 0 11:03:17
O0 -7 0 0 11:03:18
O0 2 0 0 11:17:54
O0 5 0 0 11:17:55
O0 7 0 0 11:17:56
O0 10 0 0 11:17:57
O0 12 0 0 11:17:57
O0 15 0 0 11:17:57
O0 17 0 0 11:17:57
O0 20 0 0 11:17:57
O0 22 0 0 11:17:57
O0 25 0 0 11:17:57
O0 27 0 0 11:17:57
O0 30 0 0 11:17:57
O0 32 0 0 11:17:58
O0 35 0 0 11:17:58
O0 37 0 0 11:17:58
O0 40 0 0 11:17:58
O0 42 0 0 11:17:58
O0 45 0 0 11:17:58
O0 47 0 0 11:17:58
O0 50 0 0 11:17:58
O0 52 0 0 11:17:58
O0 55 0 0 11:17:58
O0 57 0 0 11:17:59
O0 60 0 0 11:17:59
O0 62 0 0 11:17:59
O0 65 0 0 11:17:59
O0 67 0 0 11:17:59
O0 70 0 0 11:17:59
O0 72 0 0 11:17:59
O0 70 0 0 11:18:01
O0 67 0 0 11:18:01
O0 65 0 0 11:18:01
O0 62 0 0 11:18:01
O0 60 0 0 11:18:02
O0 57 0 0 11:18:02
O0 55 0 0 11:18:02
O0 52 0 0 11:18:02
O0 50 0 0 11:18:03
O0 47 0 0 11:18:03
O0 45 0 0 11:18:04
O0 42 0 0 11:18:04
O0 40 0 0 11:18:04
O0 37 0 0 11:18:04
O0 35 0 0 11:18:04
O0 32 0 0 11:18:05
O0 30 0 0 11:18:05
O0 27 0 0 11:18:05
O0 25 0 0 11:18:05
O0 22 0 0 11:18:05
O0 20 0 0 11:18:06
O0 17 0 0 11:18:06
O0 15 0 0 11:18:06
O0 12 0 0 11:18:06
O0 10 0 0 11:18:06
O0 7 0 0 11:18:07
O0 5 0 0 11:18:07
O0 2 0 0 11:18:07
O0 0 0 0 11:18:07
O0 -2 0 0 11:18:07
O0 -5 0 0 11:18:08
O0 -7 0 0 11:18:08
O0 -10 0 0 11:18:08
O0 -12 0 0 11:18:08
O0 -15 0 0 11:18:08
O0 -17 0 0 11:18:09
O0 -20 0 0 11:18:09
O0 -22 0 0 11:18:09
O0 -25 0 0 11:18:09
O0 -27 0 0 11:18:10
O0 -30 0 0 11:18:10
O0 -32 0 0 11:18:10
O0 -35 0 0 11:18:10
O0 -37 0 0 11:18:10
O0 -40 0 0 11:18:10
O0 -42 0 0 11:18:10
O0 -45 0 0 11:18:10
O0 -47 0 0 11:18:10
O0 -50 0 0 11:18:11
O0 -52 0 0 11:18:11
O0 -55 0 0 11:18:11
O0 -57 0 0 11:18:11
O0 -60 0 0 11:18:11
O0 -57 0 0 11:18:12
O0 -55 0 0 11:18:12
O0 -52 0 0 11:18:12
O0 -50 0 0 11:18:12
O0 -47 0 0 11:18:13
O0 -45 0 0 11:18:13
O0 -42 0 0 11:18:13
O0 -40 0 0 11:18:13
O0 -37 0 0 11:18:13
O0 -35 0 0 11:18:13
O0 -32 0 0 11:18:13
O0 -30 0 0 11:18:13
O0 -27 0 0 11:18:13
O0 -25 0 0 11:18:13
O0 -22 0 0 11:18:14
O0 -20 0 0 11:18:14
O0 -17 0 0 11:18:14
O0 -15 0 0 11:18:14
O0 0 0 0 11:20:14
O0 -2 0 0 11:20:19
O0 -5 0 0 11:20:19
O0 -7 0 0 11:20:22
O0 -10 0 0 11:20:22
O0 -12 0 0 11:20:23
O0 -15 0 0 11:20:28
O0 -17 0 0 11:20:29
O0 -20 0 0 11:20:29
O0 -22 0 0 11:20:29
O0 -25 0 0 11:20:29
O0 -27 0 0 11:20:30
O0 -30 0 0 11:20:30
O0 -32 0 0 11:20:30
O0 -35 0 0 11:20:30
O0 -37 0 0 11:20:30
O0 -37 2 0 11:20:32
O0 -37 5 0 11:20:32
O0 -37 7 0 11:20:32
O0 -37 10 0 11:20:32
O0 -37 12 0 11:20:32
O0 -37 15 0 11:20:33
O0 -37 17 0 11:20:33
O0 -37 20 0 11:20:33
O0 -37 22 0 11:20:33
O0 -37 25 0 11:20:35
O0 -37 27 0 11:20:36
O0 -37 30 0 11:20:36
O0 -37 32 0 11:20:36
O0 -37 35 0 11:20:36
O0 -37 37 0 11:20:37
O0 -37 40 0 11:20:37
O0 -37 42 0 11:20:37
O0 -37 45 0 11:20:37
O0 -37 47 0 11:20:37
O0 -37 50 0 11:20:38
O0 -37 52 0 11:20:38
O0 -37 55 0 11:20:38
O0 -37 57 0 11:20:38
O0 -37 60 0 11:20:39
O0 -37 62 0 11:20:39
O0 -37 65 0 11:20:39
O0 -37 67 0 11:20:39
O0 -37 70 0 11:20:40
O0 -37 72 0 11:20:40
O0 -37 75 0 11:20:40
O0 -37 77 0 11:20:40
O0 -37 80 0 11:20:40
O0 -37 82 0 11:20:41
O0 -37 82 0 11:21:23
O0 0 0 0 11:21:44
O0 -2 0 0 11:21:50
O0 -5 0 0 11:21:51
O0 -7 0 0 11:21:51
O0 -10 0 0 11:21:51
O0 -12 0 0 11:21:52
O0 -15 0 0 11:21:52
O0 -17 0 0 11:21:52
O0 -20 0 0 11:21:53
O0 -22 0 0 11:21:53
O0 -25 0 0 11:21:53
O0 -27 0 0 11:21:53
O0 -30 0 0 11:21:53
O0 -32 0 0 11:21:54
O0 0 0 0 11:40:33
O0 -2 0 0 11:40:42
O0 -5 0 0 11:40:45
O0 -7 0 0 11:40:45
O0 -10 0 0 11:40:45
O0 -12 0 0 11:40:46
O0 -15 0 0 11:40:46
O0 -17 0 0 11:40:46
O0 -20 0 0 11:40:46
O0 -22 0 0 11:40:52
O0 0 0 0 11:41:50
O0 -2 0 0 11:41:55
O0 -2 0 2 11:41:59
O0 -2 0 5 11:41:59
O0 -2 0 7 11:42:00
O0 -2 0 5 11:42:00
O0 -2 0 2 11:42:00
O0 -2 0 0 11:42:01
O0 -5 0 0 11:42:02
O0 -5 2 0 11:42:03
O0 -5 5 0 11:42:06
O0 -5 7 0 11:42:06
O0 -5 10 0 11:42:08
O0 -5 12 0 11:42:09
O0 -5 15 0 11:42:09
O0 -5 17 0 11:42:10
O0 -5 20 0 11:42:11
O0 -5 22 0 11:42:12
O0 -5 25 0 11:42:12
O0 -5 27 0 11:42:13
O0 -5 30 0 11:42:13
O0 -5 32 0 11:42:13
O0 -5 35 0 11:42:13
O0 -5 37 0 11:42:14
O0 -5 40 0 11:42:14
O0 -5 42 0 11:42:14
O0 -5 45 0 11:42:14
O0 -7 45 0 11:43:10
O0 -10 45 0 11:43:11
O0 -12 45 0 11:43:11
O0 -15 45 0 11:43:11
O0 -15 47 0 11:43:11
O0 -15 50 0 11:43:11
O0 -15 52 0 11:43:12
O0 -15 55 0 11:43:12
O0 -15 57 0 11:43:12
O0 -15 60 0 11:43:12
O0 -15 62 0 11:43:13
O0 -15 65 0 11:43:13
O0 -15 67 0 11:43:13
O0 -15 70 0 11:43:13
O0 -15 72 0 11:43:13
O0 -15 75 0 11:43:14
O0 -15 77 0 11:43:14
O0 -15 80 0 11:43:14
O0 -17 80 0 11:43:15
O0 2 0 0 11:47:15
O0 5 0 0 11:47:24
O0 7 0 0 11:47:27
O0 10 0 0 11:47:27
O0 12 0 0 11:47:27
O0 15 0 0 11:47:27
O0 17 0 0 11:47:28
O0 17 0 0 11:47:28
O0 17 0 0 11:47:28
O0 20 0 0 11:47:29
O0 20 0 0 11:47:29
O0 20 0 0 11:47:30
O0 22 0 0 11:47:30
O0 25 0 0 11:47:31
O0 27 0 0 11:47:31
O0 30 0 0 11:47:32
O0 32 0 0 11:47:32
O0 32 0 0 11:47:32
O0 35 0 0 11:47:33
O0 37 0 0 11:47:33
O0 40 0 0 11:47:33
O0 42 0 0 11:47:33
O0 45 0 0 11:47:34
O0 47 0 0 11:47:34
O0 50 0 0 11:47:34
O0 52 0 0 11:47:34
O0 55 0 0 11:47:35
O0 55 0 0 11:47:35
O0 57 0 0 11:47:35
O0 60 0 0 11:47:35
O0 60 0 0 11:47:35
O0 60 0 0 11:47:36
O0 60 0 0 11:47:36
O0 60 0 0 11:47:36
O0 62 0 0 11:47:37
O0 65 0 0 11:47:37
O0 65 0 0 11:47:37
O0 65 0 0 11:47:37
O0 67 0 0 11:47:38
O0 67 0 0 11:47:38
O0 67 0 0 11:47:38
O0 70 0 0 11:47:38
O0 72 0 0 11:47:39
O0 72 0 0 11:47:39
O0 72 0 0 11:47:39
O0 72 0 0 11:47:39
O0 72 0 0 11:47:39
O0 72 0 0 11:47:39
O0 72 0 0 11:47:39
O0 72 0 0 11:47:40
O0 72 0 0 11:47:40
O0 72 0 0 11:47:40
O0 72 0 0 11:47:40
O0 72 0 0 11:47:40
O0 70 0 0 11:47:41
O0 67 0 0 11:47:42
O0 65 0 0 11:47:42
O0 62 0 0 11:47:42
O0 60 0 0 11:47:43
O0 57 0 0 11:47:43
O0 55 0 0 11:47:43
O0 52 0 0 11:47:44
O0 50 0 0 11:47:44
O0 47 0 0 11:47:44
O0 45 0 0 11:47:44
O0 42 0 0 11:47:45
O0 40 0 0 11:47:45
O0 37 0 0 11:47:45
O0 35 0 0 11:47:45
O0 32 0 0 11:47:46
O0 30 0 0 11:47:46
O0 27 0 0 11:47:46
O0 25 0 0 11:47:46
O0 22 0 0 11:47:47
O0 20 0 0 11:47:47
O0 17 0 0 11:47:47
O0 15 0 0 11:47:48
O0 12 0 0 11:47:48
O0 10 0 0 11:47:48
O0 7 0 0 11:47:48
O0 5 0 0 11:47:49
O0 2 0 0 11:47:49
O0 0 0 0 11:47:49
O0 -2 0 0 11:47:49
O0 -5 0 0 11:47:50
O0 -7 0 0 11:47:50
O0 -10 0 0 11:47:50
O0 -12 0 0 11:47:50
O0 -15 0 0 11:47:51
O0 -17 0 0 11:47:51
O0 -20 0 0 11:47:51
O0 -22 0 0 11:47:52
O0 -22 0 0 11:47:52
O0 -20 0 0 11:47:52
O0 -17 0 0 11:47:53
O0 -17 0 0 11:47:53
O0 -17 0 0 11:47:53
O0 -15 0 0 11:47:53
O0 -12 0 0 11:47:54
O0 -10 0 0 11:47:54
O0 0 0 0 11:56:38
O0 0 0 0 11:56:38
O0 0 0 0 11:56:40
O0 -2 0 0 11:56:42
O0 -5 0 0 11:56:43
O0 -7 0 0 11:56:44
O0 -10 0 0 11:56:44
O0 -12 0 0 11:56:45
O0 -15 0 0 11:56:53
O0 -17 0 0 11:56:54
O0 -20 0 0 11:56:54
O0 -22 0 0 11:56:54
O0 -25 0 0 11:56:54
O0 -27 0 0 11:56:55
O0 -30 0 0 11:56:55
O0 -32 0 0 11:56:56
O0 -35 0 0 11:56:56
O0 -37 0 0 11:56:57
O0 -40 0 0 11:56:57
O0 -42 0 0 11:56:57
O0 -45 0 0 11:59:00
O0 -47 0 0 11:59:01
O0 -50 0 0 11:59:02
O0 -52 0 0 11:59:03
O0 -55 0 0 11:59:04
O0 -57 0 0 11:59:05
O0 -60 0 0 11:59:05
O0 -62 0 0 11:59:06
O0 -65 0 0 11:59:08
O0 -67 0 0 11:59:08
O0 -70 0 0 11:59:09
O0 -67 0 0 13:36:49
O0 -70 0 0 13:36:53
O0 -72 0 0 13:36:53
O0 -75 0 0 13:36:53
O0 -77 0 0 13:36:54
O0 -80 0 0 13:36:54
O0 -82 0 0 13:36:54
O0 -85 0 0 13:36:56
O0 -87 0 0 13:36:56
O0 -90 0 0 13:36:57
O0 -92 0 0 13:36:57
O0 -95 0 0 13:36:57
O0 -97 0 0 13:36:57
O0 -100 0 0 13:36:58
O0 -102 0 0 13:36:58
O0 -105 0 0 13:36:58
O0 -107 0 0 13:36:58
O0 -110 0 0 13:36:58
O0 -112 0 0 13:36:59
O0 -115 0 0 13:36:59
O0 -117 0 0 13:37:00
O0 -120 0 0 13:37:00
O0 -122 0 0 13:37:00
O0 -125 0 0 13:37:01
O0 -127 0 0 13:37:01
O0 -130 0 0 13:37:01
O0 -132 0 0 13:37:01
O0 -135 0 0 13:37:01
O0 -137 0 0 13:37:02
O0 -140 0 0 13:37:02
O0 -142 0 0 13:37:02
O0 -145 0 0 13:37:03
O0 -147 0 0 13:37:03
O0 -150 0 0 13:37:03
O0 -152 0 0 13:37:04
O0 -155 0 0 13:37:04
O0 -157 0 0 13:37:04
O0 0 0 0 13:38:44
O0 -2 0 0 13:38:47
O0 -5 0 0 13:38:49
O0 -5 0 0 13:41:24
O0 2 0 0 13:42:06
O0 0 0 0 13:42:35
O0 2 0 0 13:42:39
O0 0 0 0 13:42:44
O0 -2 0 0 13:42:53
O0 0 0 0 13:45:16
O0 -2 0 0 13:45:20
O0 -5 0 0 13:45:23
O0 -7 0 0 13:45:25
O0 -10 0 0 13:45:25
O0 -12 0 0 13:45:26
O0 -15 0 0 13:45:26
O0 -17 0 0 13:45:27
O0 -20 0 0 13:45:27
O0 -22 0 0 13:45:27
O0 -25 0 0 13:45:28
O0 -27 0 0 13:45:28
O0 -30 0 0 13:45:28
O0 -32 0 0 13:45:29
O0 2 0 0 14:05:09
O0 0 0 0 14:06:43
O0 2 0 0 14:06:46
O0 0 0 0 14:06:50
O0 0 2 0 14:17:58
O0 0 5 0 14:17:58
O0 0 7 0 14:17:59
O0 0 10 0 14:17:59
O0 0 12 0 14:17:59
O0 0 15 0 14:18:00
O0 0 17 0 14:18:00
O0 0 20 0 14:18:00
O0 0 22 0 14:18:00
O0 0 25 0 14:18:01
O0 0 0 0 14:19:29
O0 0 0 2 14:20:39
O0 0 0 -2 14:23:39
O0 2 0 -2 14:23:48
O0 0 0 -2 14:24:12
O0 0 0 -5 14:24:27
O0 0 0 -7 14:24:29
O0 0 0 0 14:25:38
O0 2 0 0 14:43:27
O0 5 0 0 14:50:06
O0 7 0 0 14:50:07
O0 10 0 0 14:50:07
O0 12 0 0 14:50:08
O0 15 0 0 14:50:08
O0 17 0 0 14:50:08
O0 20 0 0 14:50:09
O0 22 0 0 14:50:09
O0 25 0 0 14:50:10
O0 27 0 0 14:50:10
O0 30 0 0 14:50:10
O0 32 0 0 14:50:11
O0 35 0 0 14:50:11
O0 37 0 0 14:50:12
O0 40 0 0 14:50:12
O0 42 0 0 14:50:12
O0 45 0 0 14:50:16
O0 47 0 0 14:50:17
O0 50 0 0 14:50:17
O0 52 0 0 14:50:18
O0 2 0 0 14:50:57
O0 5 0 0 14:50:58
O0 7 0 0 14:50:59
O0 10 0 0 14:51:01
O0 12 0 0 14:51:02
O0 15 0 0 14:51:03
O0 17 0 0 14:51:05
O0 20 0 0 14:51:05
O0 22 0 0 14:51:07
O0 25 0 0 14:51:08
O0 27 0 0 14:51:10
O0 30 0 0 14:51:11
O0 32 0 0 14:51:12
O0 35 0 0 14:51:13
O0 37 0 0 14:51:13
O0 40 0 0 14:51:14
O0 37 0 0 14:51:15
O0 35 0 0 14:51:15
O0 32 0 0 14:51:16
O0 30 0 0 14:51:16
O0 27 0 0 14:51:17
O0 25 0 0 14:51:17
O0 22 0 0 14:51:18
O0 20 0 0 14:51:18
O0 17 0 0 14:51:18
O0 15 0 0 14:51:19
O0 12 0 0 14:51:19
O0 10 0 0 14:51:20
O0 7 0 0 14:51:20
O0 2 0 0 14:52:05
O0 5 0 0 14:52:06
O0 7 0 0 14:52:06
O0 10 0 0 14:52:07
O0 12 0 0 14:52:07
O0 15 0 0 14:52:08
O0 17 0 0 14:52:08
O0 20 0 0 14:52:08
O0 22 0 0 14:52:08
O0 25 0 0 14:52:09
O0 27 0 0 14:52:09
O0 30 0 0 14:52:09
O0 32 0 0 14:52:09
O0 35 0 0 14:52:09
O0 37 0 0 14:52:09
O0 40 0 0 14:52:10
O0 42 0 0 14:52:10
O0 45 0 0 14:52:10
O0 47 0 0 14:52:10
O0 50 0 0 14:52:10
O0 52 0 0 14:52:10
O0 55 0 0 14:52:11
O0 57 0 0 14:52:11
O0 60 0 0 14:52:11
O0 57 0 0 14:52:11
O0 55 0 0 14:52:12
O0 52 0 0 14:52:12
O0 50 0 0 14:52:12
O0 47 0 0 14:52:12
O0 45 0 0 14:52:12
O0 42 0 0 14:52:13
O0 40 0 0 14:52:13
O0 37 0 0 14:52:13
O0 35 0 0 14:52:13
O0 32 0 0 14:52:13
O0 30 0 0 14:52:13
O0 27 0 0 14:52:14
O0 25 0 0 14:52:14
O0 22 0 0 14:52:14
O0 20 0 0 14:52:14
O0 17 0 0 14:52:14
O0 15 0 0 14:52:14
O0 12 0 0 14:52:15
O0 10 0 0 14:52:15
O0 7 0 0 14:52:15
O0 5 0 0 14:52:15
O0 2 0 0 14:52:16
O0 0 0 0 14:52:16
O0 -2 0 0 14:52:16
O0 -5 0 0 14:52:16
O0 -7 0 0 14:52:16
O0 -10 0 0 14:52:17
O0 -12 0 0 14:52:17
O0 -15 0 0 14:52:17
O0 -17 0 0 14:52:17
O0 -20 0 0 14:52:17
O0 -22 0 0 14:52:17
O0 -25 0 0 14:52:18
O0 -27 0 0 14:52:18
O0 -30 0 0 14:52:18
O0 -32 0 0 14:52:18
O0 -35 0 0 14:52:18
O0 -37 0 0 14:52:19
O0 -40 0 0 14:52:19
O0 -42 0 0 14:52:19
O0 -45 0 0 14:52:19
O0 -42 0 0 14:52:19
O0 -40 0 0 14:52:20
O0 -37 0 0 14:52:20
O0 -35 0 0 14:52:20
O0 -32 0 0 14:52:20
O0 -30 0 0 14:52:20
O0 -27 0 0 14:52:20
O0 -25 0 0 14:52:21
O0 -27 0 0 14:52:21
O0 -30 0 0 14:52:21
O0 -27 0 0 14:52:21
O0 -30 0 0 14:52:21
O0 -32 0 0 14:52:21
O0 -30 0 0 14:52:22
O0 -27 0 0 14:52:22
O0 -25 0 0 14:52:22
O0 -22 0 0 14:52:22
O0 -25 0 0 14:52:23
O0 -27 0 0 14:52:23
O0 -30 0 0 14:52:23
O0 -27 0 0 14:52:24
O0 -25 0 0 14:52:24
O0 -27 0 0 14:52:24
O0 -30 0 0 14:52:25
O0 -32 0 0 14:52:28
O0 -35 0 0 14:52:29
O0 2 0 0 15:10:44
O0 5 0 0 15:10:45
O0 7 0 0 15:10:46
O0 10 0 0 15:10:52
O0 12 0 0 15:10:53
O0 15 0 0 15:10:55
O0 17 0 0 15:10:57
O0 20 0 0 15:10:58
O0 22 0 0 15:11:00
O0 25 0 0 15:11:01
O0 27 0 0 15:11:02
O0 30 0 0 15:11:03
O0 27 0 0 15:11:20
O0 25 0 0 15:11:21
O0 22 0 0 15:11:22
O0 20 0 0 15:11:23
O0 17 0 0 15:11:24
O0 15 0 0 15:11:24
O0 17 0 0 15:11:25
O0 20 0 0 15:11:25
O0 22 0 0 15:11:26
O0 25 0 0 15:11:26
O0 27 0 0 15:16:01
O0 30 0 0 15:16:02
O0 32 0 0 15:16:03
O0 35 0 0 15:16:04
O0 37 0 0 15:16:04
O0 40 0 0 15:16:05
O0 42 0 0 15:16:05
O0 45 0 0 15:16:05
O0 47 0 0 15:16:05
O0 50 0 0 15:16:05
O0 52 0 0 15:16:05
O0 55 0 0 15:16:05
O0 57 0 0 15:16:06
O0 55 0 0 15:16:07
O0 52 0 0 15:16:07
O0 50 0 0 15:16:08
O0 47 0 0 15:16:08
O0 45 0 0 15:16:08
O0 47 0 0 15:16:09
O0 50 0 0 15:16:09
O0 52 0 0 15:16:09
O0 50 0 0 15:16:10
O0 47 0 0 15:16:11
O0 45 0 0 15:16:12
O0 42 0 0 15:16:12
O0 45 0 0 15:16:13
O0 47 0 0 15:16:14
O0 50 0 0 15:16:40
O0 52 0 0 15:16:40
O0 55 0 0 15:16:40
O0 57 0 0 15:16:40
O0 60 0 0 15:16:41
O0 62 0 0 15:16:41
O0 65 0 0 15:16:41
O0 67 0 0 15:16:41
O0 70 0 0 15:16:41
O0 72 0 0 15:16:41
O0 75 0 0 15:16:41
O0 77 0 0 15:16:41
O0 80 0 0 15:16:42
O0 82 0 0 15:16:42
O0 85 0 0 15:16:42
O0 87 0 0 15:16:42
O0 90 0 0 15:16:42
O0 92 0 0 15:16:42
O0 95 0 0 15:16:42
O0 97 0 0 15:16:43
O0 100 0 0 15:16:43
O0 102 0 0 15:16:43
O0 105 0 0 15:16:43
O0 107 0 0 15:16:43
O0 110 0 0 15:16:43
O0 112 0 0 15:16:44
O0 115 0 0 15:16:44
O0 117 0 0 15:16:44
O0 120 0 0 15:16:44
O0 117 0 0 15:16:50
O0 115 0 0 15:16:52
O0 112 0 0 15:16:54
O0 110 0 0 15:16:57
O0 107 0 0 15:17:01
O0 105 0 0 15:17:05
O0 102 0 0 15:17:08
O0 100 0 0 15:17:15
O0 97 0 0 15:17:17
O0 95 0 0 15:17:18
O0 92 0 0 15:17:18
O0 90 0 0 15:17:19
O0 87 0 0 15:17:19
O0 85 0 0 15:17:19
O0 82 0 0 15:17:19
O0 80 0 0 15:17:20
O0 77 0 0 15:17:20
O0 75 0 0 15:17:20
O0 72 0 0 15:17:20
O0 70 0 0 15:19:13
O0 72 0 0 15:19:13
O0 75 0 0 15:19:14
O0 2 0 0 15:39:07
O0 5 0 0 15:39:09
O0 7 0 0 15:39:09
O0 10 0 0 15:39:10
O0 12 0 0 15:39:10
O0 15 0 0 15:39:10
O0 17 0 0 15:39:10
O0 20 0 0 15:39:10
O0 22 0 0 15:39:10
O0 25 0 0 15:39:10
O0 27 0 0 15:39:11
O0 30 0 0 15:39:12
O0 32 0 0 15:39:13
O0 35 0 0 15:39:14
O0 37 0 0 15:39:14
O0 40 0 0 15:39:15
O0 42 0 0 15:39:16
O0 45 0 0 15:39:17
O0 47 0 0 15:39:18
O0 50 0 0 15:39:19
O0 47 0 0 15:39:21
O0 45 0 0 15:39:22
O0 42 0 0 15:39:23
O0 40 0 0 15:39:23
O0 37 0 0 15:39:24
O0 35 0 0 15:39:24
O0 37 0 0 15:50:22
O0 40 0 0 15:51:14
O0 37 0 0 15:51:33
O0 40 0 0 15:51:47
O0 37 0 0 15:51:51
O0 35 0 0 15:51:54
O0 32 0 0 15:51:58
O0 35 0 0 15:52:00
O0 37 0 0 15:52:02
O0 40 0 0 15:52:03
O0 42 0 0 15:52:15
O0 40 0 0 15:52:16
O0 37 0 0 15:52:17
O0 35 0 0 15:52:17
O0 32 0 0 15:52:19
O0 35 0 0 15:52:21
O0 37 0 0 15:52:22
O0 40 0 0 15:52:22
O0 42 0 0 15:52:24
O0 40 0 0 15:52:25
O0 37 0 0 15:52:26
O0 35 0 0 15:52:26
O0 32 0 0 15:52:27
O0 35 0 0 15:56:17
O0 37 0 0 15:56:19
