O X: 100, Y: 100, Z: 100 01:03:45
O X: 100, Y: 100, Z: 100 01:04:10
O X: 100, Y: 100, Z: 100 01:04:14
O X: 0, Y: 0, Z: 0 08:33:26
O X: 0, Y: 0, Z: 0 08:42:08
O X: 12594, Y: 13108, Z: 13622 10:00:29
O X: 12594, Y: 13108, Z: 13622 10:24:29
O X: 12594, Y: 13108, Z: 13622 10:25:37
O X: 12594, Y: 13108, Z: 13622 10:28:17
O X: 12594, Y: 13108, Z: 13622 10:58:20
O X: 12594, Y: 13108, Z: 13622 10:59:51
O X: 12594, Y: 13108, Z: 13622 11:02:07
O X: 12594, Y: 13108, Z: 13622 11:03:37
M X: 12594, Y: 13108, Z: 13622 11:05:41
M X: 12594, Y: 13108, Z: 13622 11:09:10
M X: 12594, Y: 13108, Z: 13622 11:15:14
M X: 12594, Y: 13108, Z: 13622 11:18:49
M X: 12594, Y: 13108, Z: 13622 11:20:49
M X: 12594, Y: 13108, Z: 13622 11:22:54
M X: 12594, Y: 13108, Z: 13622 11:25:15
M X: 12594, Y: 13108, Z: 13622 11:26:32
M X: 12594, Y: 13108, Z: 13622 11:27:49
M X: 12594, Y: 13108, Z: 13622 11:39:35
M X: 12594, Y: 13108, Z: 13622 11:40:01
M X: 12594, Y: 13108, Z: 13622 11:40:37
M X: 3046, Y: -7934, Z: -161 11:41:02
M X: 2992, Y: -7938, Z: -525 11:42:47
M X: 3020, Y: -7872, Z: -176 11:43:33
M X: 2960, Y: -8198, Z: -468 11:43:33
M X: 12594, Y: 13108, Z: 13622 11:43:33
M X: 2956, Y: -7882, Z: -528 11:43:33
M X: 3346, Y: -7870, Z: -580 11:43:46
M X: 3034, Y: -7884, Z: -216 11:43:47
M X: 2774, Y: -8276, Z: -286 11:44:13
M X: 12594, Y: 13108, Z: 13622 11:45:01
M X: 2712, Y: -8090, Z: -292 11:46:21
M X: 2850, Y: -8360, Z: 303 11:48:11
M X: 2902, Y: -8536, Z: 293 11:49:46
M X: 2176, Y: -10178, Z: 2526 13:54:35
M X: 2036, Y: -10140, Z: 2889 13:55:34
M X: 2336, Y: -10364, Z: 2913 13:57:05
M X: 2556, Y: -10220, Z: 2823 14:11:00
M X: 2824, Y: -10546, Z: 2799 14:11:21
M X: 3186, Y: -10392, Z: 2528 14:37:06
M X: 2798, Y: -10438, Z: 2502 14:37:12
M X: 3114, Y: -10376, Z: 2679 14:37:12
M X: 3152, Y: -10468, Z: 2476 14:37:13
M X: 3178, Y: -10380, Z: 2475 14:37:13
M X: 3164, Y: -10418, Z: 2460 14:37:13
M X: 3152, Y: -10400, Z: 2457 14:37:13
M X: 3140, Y: -10484, Z: 2474 14:37:14
M X: 3164, Y: -10478, Z: 2453 14:37:14
M X: 3120, Y: -10606, Z: 2470 14:37:15
M X: 3114, Y: -10400, Z: 2541 14:37:15
M X: 3162, Y: -10430, Z: 2672 14:37:15
M X: 3158, Y: -10460, Z: 2637 14:37:16
M X: 3152, Y: -10386, Z: 2474 14:37:16
M X: 2944, Y: -10442, Z: 2475 14:37:16
M X: 3112, Y: -10420, Z: 2683 14:37:17
M X: 3128, Y: -10392, Z: 2433 14:38:50
M X: 3098, Y: -10388, Z: 2683 14:39:04
M X: 3048, Y: -10370, Z: 2671 14:39:21
M X: 3008, Y: -10446, Z: 2489 14:39:34
M X: 3028, Y: -10616, Z: 2469 14:39:41
M X: 3030, Y: -10390, Z: 2432 14:39:42
M X: 3040, Y: -10436, Z: 2479 14:39:43
M X: 3058, Y: -10608, Z: 2663 14:39:44
M X: 3006, Y: -10400, Z: 2642 14:42:05
M X: 3056, Y: -10374, Z: 2454 14:42:51
M X: 3348, Y: -10586, Z: 2509 14:43:54
M X: 3034, Y: -10618, Z: 2552 14:43:57
M X: 3000, Y: -10374, Z: 2504 14:43:58
M X: 3380, Y: -10620, Z: 2460 14:43:58
M X: 3032, Y: -10380, Z: 2515 14:43:58
M X: 3036, Y: -10386, Z: 2496 14:43:58
M X: 3358, Y: -10374, Z: 2524 14:43:59
M X: 3336, Y: -10596, Z: 2508 14:43:59
M X: 3034, Y: -10384, Z: 2846 14:43:59
M X: 3032, Y: -10588, Z: 2853 14:43:59
M X: 3056, Y: -10614, Z: 2823 14:43:59
M X: 3056, Y: -10624, Z: 2817 14:44:00
M X: 3024, Y: -10402, Z: 2557 14:44:00
M X: 3338, Y: -10590, Z: 2545 14:44:00
M X: 3020, Y: -10600, Z: 2775 14:44:00
M X: 3328, Y: -10384, Z: 2819 14:44:00
M X: 2986, Y: -10592, Z: 2541 14:44:00
M X: 3064, Y: -10584, Z: 2526 14:44:01
M X: 3330, Y: -10620, Z: 2528 14:44:01
M X: 3354, Y: -10600, Z: 2524 14:44:01
M X: 3360, Y: -10550, Z: 2508 14:44:01
M X: 3024, Y: -10400, Z: 2515 14:44:01
M X: 3340, Y: -10614, Z: 2492 14:44:01
M X: 3348, Y: -10590, Z: 2817 14:44:02
M X: 3068, Y: -10400, Z: 2489 14:44:02
M X: 3338, Y: -10616, Z: 2445 14:44:02
M X: 3044, Y: -10612, Z: 2553 14:44:02
M X: 3396, Y: -10558, Z: 2528 14:44:02
M X: 3340, Y: -10618, Z: 2494 14:44:02
M X: 3032, Y: -10566, Z: 2495 14:44:03
M X: 3056, Y: -10600, Z: 2473 14:44:03
M X: 3022, Y: -10552, Z: 2479 14:44:03
M X: 3332, Y: -10380, Z: 2511 14:44:03
M X: 3024, Y: -10600, Z: 2847 14:44:03
M X: 3328, Y: -10374, Z: 2467 14:44:04
M X: 3104, Y: -10594, Z: 2458 14:44:04
M X: 3064, Y: -10620, Z: 2432 14:44:04
M X: 3024, Y: -10596, Z: 2473 14:44:04
M X: 3040, Y: -10372, Z: 2539 14:44:05
M X: 3444, Y: -10374, Z: 2668 14:51:44
M X: 3440, Y: -10588, Z: 2672 14:52:00
M X: 3220, Y: -10568, Z: 2464 14:52:00
M X: 3322, Y: -10204, Z: 2706 14:57:43
M X: 3222, Y: -10534, Z: 2709 15:00:16
O X: 0, Y: 0, Z: 0 15:22:42
O X: 10, Y: 20, Z: 0 15:23:35
M X: 3206, Y: -10236, Z: 2772 15:25:08
M X: 3212, Y: -10512, Z: 3087 15:25:12
M X: 3216, Y: -10526, Z: 2805 15:25:20
O X: 10, Y: 20, Z: 0 15:25:34
O X: 10, Y: 20, Z: 0 15:25:39
M X: 3048, Y: -10536, Z: 2951 15:31:24
O X: 0, Y: 0, Z: 0 15:31:24
O X: 30, Y: 0, Z: 0 15:36:55
M X: 1296, Y: -4466, Z: 3965 15:37:18
O X: 30, Y: 0, Z: 0 15:37:18
O X: 20, Y: 0, Z: 0 15:37:48
O X: 20, Y: 0, Z: 0 15:39:14
O X: 20, Y: 30, Z: 0 15:39:19
O X: 0, Y: 0, Z: 0 15:39:50
O X: 30, Y: 20, Z: 20 15:41:40
O X: 0, Y: 0, Z: 0 15:41:53
M X: 3258, Y: -8430, Z: 5256 16:00:42
M X: 3230, Y: -8726, Z: 5356 16:00:42
M X: 3284, Y: -8720, Z: 5320 16:00:42
M X: 3274, Y: -8448, Z: 5475 16:00:42
M X: 3314, Y: -8432, Z: 5274 16:00:42
M X: 3324, Y: -8714, Z: 5349 16:00:42
M X: 3260, Y: -8436, Z: 5270 16:00:42
M X: 3248, Y: -8740, Z: 5263 16:00:42
M X: 3298, Y: -8716, Z: 5314 16:00:42
M X: 3274, Y: -8752, Z: 5256 16:00:42
M X: 3282, Y: -8736, Z: 5264 16:00:42
M X: 3268, Y: -8730, Z: 5332 16:00:42
M X: 3232, Y: -8712, Z: 5487 16:00:42
M X: 3234, Y: -8818, Z: 5487 16:00:42
M X: 3252, Y: -8720, Z: 5339 16:00:42
M X: 3274, Y: -8776, Z: 5478 16:00:42
M X: 3274, Y: -8788, Z: 5499 16:00:42
M X: 3278, Y: -8376, Z: 5277 16:00:42
M X: 3276, Y: -8740, Z: 5337 16:00:42
M X: 3286, Y: -8718, Z: 5360 16:00:42
M X: 3480, Y: -8726, Z: 5300 16:00:42
M X: 3246, Y: -8416, Z: 5321 16:00:42
M X: 3272, Y: -8392, Z: 5299 16:00:42
M X: 3204, Y: -8404, Z: 5274 16:00:42
M X: 3226, Y: -8738, Z: 5370 16:00:42
M X: 3244, Y: -8758, Z: 5635 16:00:42
M X: 3216, Y: -8430, Z: 5307 16:00:42
M X: 3280, Y: -8406, Z: 5352 16:00:42
M X: 3282, Y: -8402, Z: 5313 16:00:42
M X: 3294, Y: -8720, Z: 5307 16:00:42
M X: 3240, Y: -8772, Z: 5283 16:00:42
M X: 3222, Y: -8678, Z: 5302 16:00:42
M X: 3240, Y: -8710, Z: 5290 16:00:42
M X: 3310, Y: -8430, Z: 5294 16:00:42
M X: 3298, Y: -8416, Z: 5318 16:00:42
M X: 3248, Y: -8394, Z: 5271 16:00:42
M X: 3248, Y: -8732, Z: 5276 16:00:42
M X: 3266, Y: -8414, Z: 5259 16:00:42
M X: 3258, Y: -8466, Z: 5496 16:00:42
M X: 3298, Y: -8434, Z: 5480 16:00:42
M X: 3288, Y: -8408, Z: 5272 16:00:42
M X: 3268, Y: -8744, Z: 5453 16:00:42
M X: 3230, Y: -8768, Z: 5279 16:00:42
M X: 3228, Y: -8710, Z: 5275 16:00:42
M X: 3296, Y: -8428, Z: 5489 16:00:42
M X: 3316, Y: -8426, Z: 5322 16:00:42
M X: 3252, Y: -8706, Z: 5268 16:00:42
M X: 3270, Y: -8420, Z: 5267 16:00:42
M X: 3280, Y: -8766, Z: 5459 16:00:42
M X: 3314, Y: -8446, Z: 5302 16:00:42
M X: 3300, Y: -8440, Z: 5486 16:00:42
M X: 3606, Y: -8710, Z: 5478 16:00:42
M X: 3282, Y: -8708, Z: 5288 16:00:42
M X: 3256, Y: -8756, Z: 5267 16:00:42
M X: 3268, Y: -8766, Z: 5259 16:00:42
M X: 3314, Y: -8714, Z: 5252 16:00:42
M X: 3278, Y: -8716, Z: 5479 16:00:42
M X: 3262, Y: -8416, Z: 5342 16:00:42
M X: 3220, Y: -8744, Z: 5305 16:00:42
M X: 3238, Y: -8742, Z: 5277 16:00:42
M X: 3256, Y: -8460, Z: 5307 16:00:42
M X: 3266, Y: -8432, Z: 5260 16:00:42
M X: 3318, Y: -8404, Z: 5307 16:00:42
M X: 3260, Y: -8758, Z: 5252 16:00:42
M X: 3268, Y: -8742, Z: 5273 16:00:42
M X: 3304, Y: -8402, Z: 5262 16:00:42
M X: 3324, Y: -8432, Z: 5251 16:00:42
M X: 3310, Y: -8676, Z: 5288 16:00:42
M X: 3280, Y: -8726, Z: 5499 16:00:42
M X: 3288, Y: -8708, Z: 5322 16:00:42
M X: 3268, Y: -8736, Z: 5273 16:00:42
M X: 3276, Y: -8750, Z: 5271 16:00:42
M X: 3278, Y: -8442, Z: 5270 16:00:42
M X: 3302, Y: -8446, Z: 5365 16:00:42
M X: 3254, Y: -8762, Z: 5285 16:00:42
M X: 3280, Y: -8448, Z: 5340 16:00:42
M X: 3216, Y: -8716, Z: 5284 16:00:42
M X: 3258, Y: -8726, Z: 5500 16:00:42
M X: 3274, Y: -8410, Z: 5345 16:00:42
M X: 3308, Y: -8446, Z: 5325 16:00:42
M X: 3254, Y: -8708, Z: 5249 16:00:42
M X: 3272, Y: -8710, Z: 5319 16:00:42
M X: 3300, Y: -8416, Z: 5341 16:00:42
M X: 3304, Y: -8706, Z: 5503 16:00:42
M X: 3248, Y: -8722, Z: 5652 16:00:42
M X: 3298, Y: -8424, Z: 5287 16:00:42
M X: 3254, Y: -8416, Z: 5330 16:00:42
M X: 3276, Y: -8424, Z: 5285 16:00:42
M X: 3256, Y: -8746, Z: 5361 16:00:42
M X: 3234, Y: -8758, Z: 5267 16:00:42
M X: 3314, Y: -8440, Z: 5298 16:00:42
M X: 3290, Y: -8404, Z: 5318 16:00:42
M X: 3316, Y: -8424, Z: 5279 16:00:42
M X: 3264, Y: -8748, Z: 5277 16:00:42
M X: 3260, Y: -8432, Z: 5272 16:00:42
M X: 3294, Y: -8402, Z: 5287 16:00:42
M X: 3324, Y: -8430, Z: 5336 16:00:42
M X: 3312, Y: -8742, Z: 5656 16:00:42
M X: 3240, Y: -8734, Z: 5476 16:00:42
M X: 3294, Y: -8716, Z: 5280 16:00:42
M X: 3596, Y: -8382, Z: 5636 16:00:42
M X: 3218, Y: -8442, Z: 5265 16:00:42
M X: 3240, Y: -8446, Z: 5481 16:00:42
M X: 3308, Y: -8400, Z: 5275 16:00:42
M X: 3318, Y: -8398, Z: 5281 16:00:42
M X: 3228, Y: -8438, Z: 5496 16:00:42
M X: 3248, Y: -8716, Z: 5248 16:00:43
M X: 3230, Y: -8722, Z: 5480 16:00:43
M X: 3314, Y: -8416, Z: 5255 16:00:43
M X: 3272, Y: -8738, Z: 5289 16:00:43
M X: 3266, Y: -8740, Z: 5500 16:00:43
M X: 3248, Y: -8710, Z: 5471 16:00:43
M X: 3238, Y: -8742, Z: 5267 16:00:43
M X: 3588, Y: -8434, Z: 5484 16:00:43
M X: 3258, Y: -8438, Z: 5248 16:00:43
M X: 3246, Y: -8420, Z: 5496 16:00:43
M X: 3260, Y: -8716, Z: 5308 16:00:43
M X: 3248, Y: -8740, Z: 5498 16:00:43
M X: 3244, Y: -8760, Z: 5329 16:00:43
M X: 3308, Y: -8482, Z: 5651 16:00:43
M X: 3274, Y: -8724, Z: 5270 16:00:43
M X: 3296, Y: -8402, Z: 5324 16:00:43
M X: 3312, Y: -8434, Z: 5499 16:00:43
M X: 3264, Y: -8420, Z: 5335 16:00:43
M X: 3236, Y: -8732, Z: 5299 16:00:43
M X: 3224, Y: -8768, Z: 5331 16:00:43
M X: 3236, Y: -8706, Z: 5369 16:00:43
M X: 3244, Y: -8370, Z: 5317 16:00:43
M X: 3274, Y: -8412, Z: 5285 16:00:43
M X: 3260, Y: -8448, Z: 5486 16:00:43
M X: 3232, Y: -8724, Z: 5289 16:00:43
M X: 3272, Y: -8438, Z: 5277 16:00:43
M X: 3292, Y: -8716, Z: 5293 16:00:43
M X: 3238, Y: -8778, Z: 5336 16:00:43
M X: 3252, Y: -8730, Z: 5296 16:00:43
M X: 3296, Y: -8448, Z: 5299 16:00:43
M X: 3274, Y: -8740, Z: 5277 16:00:43
M X: 3242, Y: -8734, Z: 5310 16:00:43
M X: 3256, Y: -8806, Z: 5492 16:00:43
M X: 3330, Y: -8740, Z: 5266 16:00:43
M X: 3322, Y: -8410, Z: 5292 16:00:43
M X: 3282, Y: -8400, Z: 5317 16:00:43
M X: 3316, Y: -8468, Z: 5253 16:00:43
M X: 3284, Y: -8448, Z: 5496 16:00:43
M X: 3244, Y: -8772, Z: 5268 16:00:43
M X: 3294, Y: -8726, Z: 5265 16:00:43
M X: 3272, Y: -8720, Z: 5255 16:00:43
M X: 3304, Y: -8396, Z: 5281 16:00:43
M X: 3324, Y: -8396, Z: 5260 16:00:43
M X: 3294, Y: -8736, Z: 5309 16:00:43
M X: 3270, Y: -8716, Z: 5261 16:00:43
M X: 3228, Y: -8408, Z: 5277 16:00:43
M X: 3246, Y: -8718, Z: 5315 16:00:43
M X: 3266, Y: -8404, Z: 5250 16:00:43
M X: 3284, Y: -8706, Z: 5502 16:00:43
M X: 3226, Y: -8440, Z: 5311 16:00:43
M X: 3320, Y: -8416, Z: 5255 16:00:43
M X: 3276, Y: -8432, Z: 5300 16:00:43
M X: 3296, Y: -8446, Z: 5277 16:00:43
M X: 3294, Y: -8414, Z: 5253 16:00:43
M X: 3268, Y: -8714, Z: 5285 16:00:43
M X: 3286, Y: -8718, Z: 5344 16:00:43
M X: 3276, Y: -8436, Z: 5461 16:00:43
M X: 3290, Y: -8708, Z: 5315 16:00:43
M X: 3246, Y: -8402, Z: 5270 16:00:43
M X: 3314, Y: -8442, Z: 5310 16:00:43
M X: 3294, Y: -8410, Z: 5454 16:00:43
M X: 3284, Y: -8710, Z: 5637 16:00:43
M X: 3258, Y: -8402, Z: 5270 16:00:43
M X: 3238, Y: -8714, Z: 5365 16:00:43
M X: 3246, Y: -8708, Z: 5260 16:00:43
M X: 3260, Y: -8762, Z: 5281 16:00:43
M X: 3272, Y: -8714, Z: 5280 16:00:43
M X: 3308, Y: -8390, Z: 5293 16:00:43
M X: 3254, Y: -8412, Z: 5322 16:00:43
M X: 3232, Y: -8764, Z: 5277 16:00:43
M X: 3250, Y: -8730, Z: 5317 16:00:43
M X: 3262, Y: -8426, Z: 5501 16:00:43
M X: 3258, Y: -8402, Z: 5282 16:00:43
M X: 3314, Y: -8366, Z: 5303 16:00:43
M X: 3276, Y: -8432, Z: 5275 16:00:43
M X: 3252, Y: -8724, Z: 5298 16:00:43
M X: 3276, Y: -8732, Z: 5289 16:00:43
M X: 3320, Y: -8420, Z: 5248 16:00:43
M X: 3272, Y: -8732, Z: 5311 16:00:43
M X: 3258, Y: -8712, Z: 5471 16:00:43
M X: 3270, Y: -8742, Z: 5490 16:00:43
M X: 3254, Y: -8798, Z: 5276 16:00:43
M X: 3240, Y: -8738, Z: 5252 16:00:43
M X: 3304, Y: -8758, Z: 5256 16:00:43
M X: 3270, Y: -8426, Z: 5475 16:00:43
M X: 3588, Y: -8424, Z: 5474 16:00:43
M X: 3326, Y: -8712, Z: 5253 16:00:43
M X: 3258, Y: -8370, Z: 5453 16:00:43
M X: 3296, Y: -8416, Z: 5275 16:00:43
M X: 3284, Y: -8412, Z: 5486 16:00:43
M X: 3278, Y: -8428, Z: 5318 16:00:43
M X: 3286, Y: -8438, Z: 5263 16:00:43
M X: 3254, Y: -8426, Z: 5276 16:00:43
M X: 3230, Y: -8760, Z: 5499 16:00:43
M X: 3230, Y: -8716, Z: 5491 16:00:43
M X: 3280, Y: -8396, Z: 5472 16:00:43
M X: 3282, Y: -8418, Z: 5264 16:00:44
M X: 3294, Y: -8424, Z: 5478 16:00:44
M X: 3236, Y: -8412, Z: 5303 16:00:44
M X: 3280, Y: -8416, Z: 5304 16:00:44
M X: 3246, Y: -8418, Z: 5275 16:00:44
M X: 3268, Y: -8444, Z: 5356 16:00:44
M X: 3258, Y: -8448, Z: 5249 16:00:44
M X: 3264, Y: -8436, Z: 5303 16:00:44
M X: 3254, Y: -8416, Z: 5499 16:00:44
M X: 3224, Y: -8736, Z: 5281 16:00:44
M X: 3274, Y: -8718, Z: 5289 16:00:44
M X: 3286, Y: -8398, Z: 5304 16:00:44
M X: 3278, Y: -8406, Z: 5336 16:00:44
M X: 3278, Y: -8768, Z: 5317 16:00:44
M X: 3260, Y: -8720, Z: 5338 16:00:44
M X: 3588, Y: -8426, Z: 5335 16:00:44
M X: 3314, Y: -8716, Z: 5503 16:00:44
M X: 3286, Y: -8764, Z: 5287 16:00:44
M X: 3284, Y: -8724, Z: 5295 16:00:44
M X: 3278, Y: -8710, Z: 5485 16:00:44
M X: 3276, Y: -8820, Z: 5497 16:00:44
M X: 3282, Y: -8758, Z: 5253 16:00:44
M X: 3318, Y: -8714, Z: 5344 16:00:44
M X: 3296, Y: -8726, Z: 5314 16:00:44
M X: 3242, Y: -8810, Z: 5457 16:00:44
M X: 3288, Y: -8732, Z: 5291 16:00:44
M X: 3322, Y: -8400, Z: 5349 16:00:44
M X: 3272, Y: -8762, Z: 5274 16:00:44
M X: 3254, Y: -8766, Z: 5475 16:00:44
M X: 3262, Y: -8412, Z: 5312 16:00:44
M X: 3294, Y: -8428, Z: 5322 16:00:44
M X: 3262, Y: -8694, Z: 5252 16:00:44
M X: 3236, Y: -8784, Z: 5464 16:00:44
M X: 3262, Y: -8718, Z: 5268 16:00:44
M X: 3274, Y: -8412, Z: 5283 16:00:44
M X: 3288, Y: -8740, Z: 5312 16:00:44
M X: 3246, Y: -8820, Z: 5275 16:00:44
M X: 3292, Y: -8728, Z: 5262 16:00:44
M X: 3224, Y: -8752, Z: 5480 16:00:44
M X: 3276, Y: -8800, Z: 5251 16:00:44
M X: 3278, Y: -8708, Z: 5288 16:00:44
M X: 3602, Y: -8438, Z: 5283 16:00:44
M X: 3278, Y: -8392, Z: 5307 16:00:44
M X: 3308, Y: -8386, Z: 5284 16:00:44
M X: 3308, Y: -8424, Z: 5302 16:00:44
M X: 3300, Y: -8710, Z: 5248 16:00:44
M X: 3252, Y: -8690, Z: 5260 16:00:44
M X: 3294, Y: -8432, Z: 5255 16:00:44
M X: 3300, Y: -8738, Z: 5305 16:00:44
M X: 3218, Y: -8778, Z: 5289 16:00:44
M X: 3296, Y: -8780, Z: 5283 16:00:44
M X: 3300, Y: -8710, Z: 5280 16:00:44
M X: 3598, Y: -8720, Z: 5280 16:00:44
M X: 3242, Y: -8774, Z: 5318 16:00:44
M X: 3242, Y: -8756, Z: 5260 16:00:44
M X: 3322, Y: -8738, Z: 5275 16:00:44
M X: 3616, Y: -8710, Z: 5262 16:00:44
M X: 3230, Y: -8708, Z: 5295 16:00:44
M X: 3256, Y: -8708, Z: 5279 16:00:44
M X: 3258, Y: -8720, Z: 5475 16:00:44
M X: 3304, Y: -8734, Z: 5485 16:00:44
M X: 3300, Y: -8422, Z: 5285 16:00:44
M X: 3306, Y: -8444, Z: 5328 16:00:44
M X: 3260, Y: -8776, Z: 5312 16:00:44
M X: 3586, Y: -8718, Z: 5317 16:00:44
M X: 3634, Y: -8706, Z: 5279 16:00:44
M X: 3612, Y: -8688, Z: 5475 16:00:44
M X: 3290, Y: -8428, Z: 5347 16:00:44
M X: 3304, Y: -8768, Z: 5297 16:00:44
M X: 3284, Y: -8724, Z: 5271 16:00:44
M X: 3586, Y: -8384, Z: 5274 16:00:44
M X: 3288, Y: -8804, Z: 5249 16:00:44
M X: 3252, Y: -8734, Z: 5254 16:00:44
M X: 3596, Y: -8424, Z: 5285 16:00:44
M X: 3336, Y: -8716, Z: 5298 16:00:44
M X: 3296, Y: -8794, Z: 5299 16:00:44
M X: 3230, Y: -8722, Z: 5500 16:00:44
M X: 3584, Y: -8446, Z: 5311 16:00:44
M X: 3494, Y: -8748, Z: 5304 16:00:44
M X: 3294, Y: -8758, Z: 5259 16:00:44
M X: 3320, Y: -8742, Z: 5353 16:00:44
M X: 3308, Y: -8436, Z: 5293 16:00:44
M X: 3288, Y: -8716, Z: 5302 16:00:44
M X: 3290, Y: -8754, Z: 5292 16:00:44
M X: 3280, Y: -8680, Z: 5493 16:00:44
M X: 3586, Y: -8752, Z: 5297 16:00:44
M X: 3314, Y: -8784, Z: 5304 16:00:44
M X: 3304, Y: -8446, Z: 5319 16:00:44
M X: 3590, Y: -8438, Z: 5322 16:00:44
M X: 3234, Y: -8752, Z: 5320 16:00:44
M X: 3262, Y: -8754, Z: 5258 16:00:44
M X: 3308, Y: -8710, Z: 5292 16:00:44
M X: 3302, Y: -8398, Z: 5267 16:00:44
M X: 3310, Y: -8766, Z: 5271 16:00:44
M X: 3300, Y: -8756, Z: 5487 16:00:44
M X: 3324, Y: -8716, Z: 5294 16:00:44
M X: 3290, Y: -8478, Z: 5326 16:00:44
M X: 3288, Y: -8774, Z: 5274 16:00:44
M X: 3300, Y: -8426, Z: 5292 16:00:44
M X: 3322, Y: -8712, Z: 5501 16:00:44
M X: 3278, Y: -8710, Z: 5254 16:00:44
M X: 3268, Y: -8764, Z: 5272 16:00:44
M X: 3306, Y: -8710, Z: 5299 16:00:44
M X: 3262, Y: -8406, Z: 5292 16:00:44
M X: 3272, Y: -8420, Z: 5324 16:00:44
M X: 3304, Y: -8758, Z: 5361 16:00:44
M X: 3280, Y: -8710, Z: 5292 16:00:44
M X: 3308, Y: -8376, Z: 5314 16:00:44
M X: 3306, Y: -8446, Z: 5311 16:00:44
M X: 3314, Y: -8400, Z: 5289 16:00:44
M X: 3296, Y: -8712, Z: 5355 16:00:44
M X: 3228, Y: -8758, Z: 5359 16:00:44
M X: 3252, Y: -8736, Z: 5275 16:00:44
M X: 3256, Y: -8786, Z: 5317 16:00:44
M X: 3272, Y: -8706, Z: 5337 16:00:44
M X: 3310, Y: -8442, Z: 5319 16:00:44
M X: 3270, Y: -8732, Z: 5255 16:00:44
M X: 3268, Y: -8728, Z: 5478 16:00:44
M X: 3286, Y: -8712, Z: 5269 16:00:44
M X: 3586, Y: -8412, Z: 5308 16:00:44
M X: 3270, Y: -8420, Z: 5267 16:00:44
M X: 3286, Y: -8728, Z: 5288 16:00:44
M X: 3322, Y: -8726, Z: 5291 16:00:44
M X: 3310, Y: -8392, Z: 5332 16:00:44
M X: 3284, Y: -8446, Z: 5359 16:00:44
M X: 3234, Y: -8734, Z: 5318 16:00:44
M X: 3268, Y: -8724, Z: 5295 16:00:44
M X: 3298, Y: -8746, Z: 5345 16:00:44
M X: 3278, Y: -8426, Z: 5326 16:00:44
M X: 3592, Y: -8420, Z: 5271 16:00:44
M X: 3274, Y: -8436, Z: 5307 16:00:44
M X: 3244, Y: -8740, Z: 5262 16:00:44
M X: 3284, Y: -8716, Z: 5395 16:00:44
M X: 3272, Y: -8392, Z: 5474 16:00:44
M X: 3270, Y: -8400, Z: 5308 16:00:44
M X: 3266, Y: -8712, Z: 5268 16:00:44
M X: 3250, Y: -8420, Z: 5307 16:00:44
M X: 3294, Y: -8408, Z: 5275 16:00:44
M X: 3326, Y: -8440, Z: 5316 16:00:44
M X: 3304, Y: -8708, Z: 5272 16:00:44
M X: 3588, Y: -8720, Z: 5277 16:00:44
M X: 3276, Y: -8396, Z: 5264 16:00:44
M X: 3242, Y: -8706, Z: 5330 16:00:44
M X: 3216, Y: -8760, Z: 5293 16:00:44
M X: 3270, Y: -8374, Z: 5287 16:00:44
M X: 3282, Y: -8412, Z: 5500 16:00:44
M X: 3250, Y: -8750, Z: 5313 16:00:44
M X: 3238, Y: -8742, Z: 5276 16:00:44
M X: 3320, Y: -8434, Z: 5497 16:00:45
M X: 3256, Y: -8734, Z: 5491 16:00:45
M X: 3286, Y: -8726, Z: 5260 16:00:45
M X: 3278, Y: -8718, Z: 5482 16:00:45
M X: 3280, Y: -8424, Z: 5252 16:00:45
M X: 3594, Y: -8746, Z: 5500 16:00:45
M X: 3282, Y: -8804, Z: 5274 16:00:45
M X: 3258, Y: -8764, Z: 5474 16:00:45
M X: 3310, Y: -8728, Z: 5254 16:00:45
M X: 3594, Y: -8706, Z: 5276 16:00:45
M X: 3248, Y: -8732, Z: 5473 16:00:45
M X: 3296, Y: -8764, Z: 5272 16:00:45
M X: 3238, Y: -8746, Z: 5461 16:00:45
M X: 3296, Y: -8728, Z: 5263 16:00:45
M X: 3322, Y: -8714, Z: 5272 16:00:45
M X: 3286, Y: -8798, Z: 5480 16:00:45
M X: 3290, Y: -8774, Z: 5430 16:00:45
M X: 3312, Y: -8420, Z: 5472 16:00:45
M X: 3272, Y: -8490, Z: 5490 16:00:45
M X: 3266, Y: -8738, Z: 5443 16:00:45
M X: 3276, Y: -8750, Z: 5288 16:00:45
M X: 3596, Y: -8422, Z: 5497 16:00:45
M X: 3302, Y: -8798, Z: 5477 16:00:45
M X: 3312, Y: -8798, Z: 5438 16:00:45
M X: 3584, Y: -8768, Z: 5413 16:00:45
M X: 3294, Y: -8742, Z: 5260 16:00:45
M X: 3656, Y: -8770, Z: 5456 16:00:45
M X: 3306, Y: -8730, Z: 5405 16:00:45
M X: 3322, Y: -8436, Z: 5456 16:00:45
M X: 3298, Y: -8720, Z: 5299 16:00:45
M X: 3302, Y: -8720, Z: 5429 16:00:45
M X: 3252, Y: -8800, Z: 5450 16:00:45
M X: 3276, Y: -8750, Z: 5465 16:00:45
M X: 3306, Y: -8402, Z: 5456 16:00:45
M X: 3274, Y: -8732, Z: 5263 16:00:45
M X: 3602, Y: -8758, Z: 5453 16:00:45
M X: 3586, Y: -8424, Z: 5257 16:00:45
M X: 3302, Y: -8806, Z: 5485 16:00:45
M X: 3620, Y: -8824, Z: 5499 16:00:45
M X: 3274, Y: -8792, Z: 5466 16:00:45
M X: 3312, Y: -8732, Z: 5439 16:00:45
M X: 3588, Y: -8444, Z: 5431 16:00:45
M X: 3270, Y: -8760, Z: 5426 16:00:45
M X: 3252, Y: -8820, Z: 5115 16:00:45
M X: 3296, Y: -8684, Z: 5488 16:00:45
M X: 3308, Y: -8720, Z: 5280 16:00:45
M X: 3288, Y: -8782, Z: 5284 16:00:45
M X: 3210, Y: -8780, Z: 5460 16:00:45
M X: 3308, Y: -8428, Z: 5452 16:00:45
M X: 3312, Y: -8718, Z: 5256 16:00:45
M X: 3598, Y: -8772, Z: 5400 16:00:45
M X: 3304, Y: -8772, Z: 5425 16:00:45
M X: 3322, Y: -8720, Z: 5450 16:00:45
M X: 3302, Y: -8716, Z: 5487 16:00:45
M X: 3298, Y: -8738, Z: 5442 16:00:45
M X: 3258, Y: -8772, Z: 5468 16:00:45
M X: 3602, Y: -8708, Z: 5458 16:00:45
M X: 3598, Y: -8438, Z: 5302 16:00:45
M X: 3264, Y: -8766, Z: 5492 16:00:45
M X: 3296, Y: -8770, Z: 5419 16:00:45
M X: 3292, Y: -8736, Z: 5466 16:00:45
M X: 3300, Y: -8404, Z: 5253 16:00:45
M X: 3274, Y: -8746, Z: 5452 16:00:45
M X: 3326, Y: -8778, Z: 5472 16:00:45
M X: 3324, Y: -8714, Z: 5450 16:00:45
M X: 3618, Y: -8752, Z: 5249 16:00:45
M X: 3594, Y: -8776, Z: 5440 16:00:45
M X: 3620, Y: -8768, Z: 5454 16:00:45
M X: 3594, Y: -8710, Z: 5465 16:00:45
M X: 3306, Y: -8748, Z: 5475 16:00:45
M X: 3316, Y: -8766, Z: 5256 16:00:45
M X: 3604, Y: -8810, Z: 5443 16:00:45
M X: 3580, Y: -8708, Z: 5493 16:00:45
M X: 3274, Y: -8714, Z: 5438 16:00:45
M X: 3244, Y: -8712, Z: 5398 16:00:45
M X: 3318, Y: -8726, Z: 5423 16:00:45
M X: 3318, Y: -8446, Z: 5490 16:00:45
M X: 3276, Y: -8758, Z: 5298 16:00:45
M X: 3652, Y: -8746, Z: 5442 16:00:45
M X: 3588, Y: -8428, Z: 5455 16:00:45
M X: 3286, Y: -8748, Z: 5480 16:00:45
M X: 3586, Y: -8710, Z: 5463 16:00:45
M X: 3302, Y: -8418, Z: 5411 16:00:45
M X: 3300, Y: -8722, Z: 5471 16:00:45
M X: 3298, Y: -8724, Z: 5405 16:00:45
M X: 3294, Y: -8736, Z: 5420 16:00:45
M X: 3294, Y: -8438, Z: 5484 16:00:45
M X: 3276, Y: -8740, Z: 5482 16:00:45
M X: 3284, Y: -8782, Z: 5465 16:00:45
M X: 3584, Y: -8418, Z: 5469 16:00:45
M X: 3320, Y: -8418, Z: 5502 16:00:45
M X: 3290, Y: -8730, Z: 5428 16:00:45
M X: 3278, Y: -8736, Z: 5405 16:00:45
M X: 3318, Y: -8418, Z: 5484 16:00:45
M X: 3278, Y: -8740, Z: 5481 16:00:45
M X: 3272, Y: -8728, Z: 5488 16:00:45
M X: 3590, Y: -8710, Z: 5263 16:00:45
M X: 3326, Y: -8400, Z: 5283 16:00:45
M X: 3268, Y: -8754, Z: 5456 16:00:45
M X: 3322, Y: -8740, Z: 5431 16:00:45
M X: 3628, Y: -8706, Z: 5317 16:00:45
M X: 3286, Y: -8768, Z: 5251 16:00:45
M X: 3274, Y: -8774, Z: 5402 16:00:45
M X: 3290, Y: -8748, Z: 5467 16:00:45
M X: 3242, Y: -8770, Z: 5404 16:00:45
M X: 3318, Y: -8432, Z: 5484 16:00:45
M X: 3288, Y: -8784, Z: 5467 16:00:45
M X: 3294, Y: -8792, Z: 5404 16:00:45
M X: 3296, Y: -8444, Z: 5384 16:00:45
M X: 3272, Y: -8760, Z: 5452 16:00:45
M X: 3286, Y: -8432, Z: 5393 16:00:45
M X: 3296, Y: -8462, Z: 5439 16:00:45
M X: 3226, Y: -8444, Z: 5405 16:00:45
M X: 3262, Y: -8754, Z: 5430 16:00:45
M X: 3278, Y: -8430, Z: 5446 16:00:45
M X: 3270, Y: -8714, Z: 5414 16:00:45
M X: 3312, Y: -8436, Z: 5459 16:00:45
M X: 3272, Y: -8762, Z: 5440 16:00:45
M X: 3268, Y: -8742, Z: 5459 16:00:45
M X: 3442, Y: -8806, Z: 5428 16:00:45
M X: 3248, Y: -8762, Z: 5463 16:00:45
M X: 3284, Y: -8742, Z: 5499 16:00:45
M X: 3268, Y: -8728, Z: 5427 16:00:45
M X: 3276, Y: -8712, Z: 5467 16:00:45
M X: 3260, Y: -8766, Z: 5463 16:00:45
M X: 3272, Y: -8770, Z: 5399 16:00:45
M X: 3278, Y: -8712, Z: 5409 16:00:45
M X: 3288, Y: -8398, Z: 5469 16:00:45
M X: 3250, Y: -8766, Z: 5412 16:00:45
M X: 3218, Y: -8788, Z: 5471 16:00:45
M X: 3304, Y: -8752, Z: 5491 16:00:45
M X: 3248, Y: -8768, Z: 5266 16:00:45
M X: 3604, Y: -8714, Z: 5406 16:00:45
M X: 3276, Y: -8708, Z: 5488 16:00:45
M X: 3266, Y: -8448, Z: 5478 16:00:45
M X: 3228, Y: -8578, Z: 5482 16:00:45
M X: 3278, Y: -8756, Z: 5439 16:00:45
M X: 3584, Y: -8720, Z: 5437 16:00:45
M X: 3270, Y: -8774, Z: 5382 16:00:45
M X: 3262, Y: -8744, Z: 5401 16:00:45
M X: 3272, Y: -8720, Z: 5441 16:00:45
M X: 3300, Y: -8718, Z: 5455 16:00:45
M X: 3584, Y: -8724, Z: 5421 16:00:45
M X: 3304, Y: -8742, Z: 5423 16:00:45
M X: 3274, Y: -8754, Z: 5442 16:00:45
M X: 3278, Y: -8408, Z: 5107 16:00:45
M X: 3304, Y: -8436, Z: 5419 16:00:45
M X: 3200, Y: -8748, Z: 5266 16:00:45
M X: 3292, Y: -8712, Z: 5406 16:00:45
M X: 3614, Y: -8444, Z: 5461 16:00:45
M X: 3240, Y: -8782, Z: 5469 16:00:45
M X: 3276, Y: -8730, Z: 5482 16:00:45
M X: 3596, Y: -8430, Z: 5251 16:00:45
M X: 3626, Y: -8764, Z: 5456 16:00:45
M X: 3280, Y: -8760, Z: 5489 16:00:45
M X: 3258, Y: -8758, Z: 5425 16:00:46
M X: 3286, Y: -8406, Z: 5479 16:00:46
M X: 3286, Y: -8716, Z: 5499 16:00:46
M X: 3284, Y: -8726, Z: 5480 16:00:46
M X: 3596, Y: -8422, Z: 5471 16:00:46
M X: 3646, Y: -8712, Z: 5456 16:00:46
M X: 3254, Y: -8784, Z: 5248 16:00:46
M X: 3274, Y: -8750, Z: 5452 16:00:46
M X: 3588, Y: -8738, Z: 5390 16:00:46
M X: 3568, Y: -8444, Z: 5450 16:00:46
M X: 3258, Y: -8796, Z: 5465 16:00:46
M X: 3300, Y: -8734, Z: 5470 16:00:46
M X: 3312, Y: -8734, Z: 5432 16:00:46
M X: 3288, Y: -8756, Z: 5499 16:00:46
M X: 3274, Y: -8786, Z: 5466 16:00:46
M X: 3278, Y: -8776, Z: 5458 16:00:46
M X: 3322, Y: -8688, Z: 5444 16:00:46
M X: 3228, Y: -8800, Z: 5478 16:00:46
M X: 3214, Y: -8732, Z: 5262 16:00:46
M X: 3262, Y: -8816, Z: 5461 16:00:46
M X: 3288, Y: -8710, Z: 5475 16:00:46
M X: 3606, Y: -8708, Z: 5453 16:00:46
M X: 3320, Y: -8766, Z: 5421 16:00:46
M X: 3296, Y: -8738, Z: 5379 16:00:46
M X: 3604, Y: -8726, Z: 5265 16:00:46
M X: 3294, Y: -8400, Z: 5456 16:00:46
M X: 3268, Y: -8764, Z: 5459 16:00:46
M X: 3300, Y: -8772, Z: 5250 16:00:46
M X: 3584, Y: -8400, Z: 5483 16:00:46
M X: 3252, Y: -8720, Z: 5430 16:00:46
M X: 3270, Y: -8764, Z: 5458 16:00:46
M X: 3284, Y: -8444, Z: 5487 16:00:46
M X: 3584, Y: -8716, Z: 5469 16:00:46
M X: 3262, Y: -8760, Z: 5474 16:00:46
M X: 3240, Y: -8764, Z: 5489 16:00:46
M X: 3290, Y: -8416, Z: 5493 16:00:46
M X: 3296, Y: -8714, Z: 5495 16:00:46
M X: 3276, Y: -8826, Z: 5484 16:00:46
M X: 3322, Y: -8712, Z: 5496 16:00:46
M X: 3282, Y: -8734, Z: 5269 16:00:46
M X: 3600, Y: -8716, Z: 5251 16:00:46
M X: 3290, Y: -8718, Z: 5268 16:00:46
M X: 3228, Y: -8754, Z: 5275 16:00:46
M X: 3238, Y: -8720, Z: 5260 16:00:46
M X: 3316, Y: -8434, Z: 5447 16:00:46
M X: 3300, Y: -8738, Z: 5444 16:00:46
M X: 3222, Y: -8436, Z: 5463 16:00:46
M X: 3214, Y: -8786, Z: 5447 16:00:46
M X: 3296, Y: -8442, Z: 5499 16:00:46
M X: 3310, Y: -8734, Z: 5272 16:00:46
M X: 3280, Y: -8786, Z: 5459 16:00:46
M X: 3246, Y: -8424, Z: 5470 16:00:46
M X: 3316, Y: -8712, Z: 5279 16:00:46
M X: 3282, Y: -8706, Z: 5267 16:00:46
M X: 3264, Y: -8746, Z: 5491 16:00:46
M X: 3310, Y: -8410, Z: 5270 16:00:46
M X: 3622, Y: -8476, Z: 5255 16:00:46
M X: 3268, Y: -8748, Z: 5257 16:00:46
M X: 3294, Y: -8710, Z: 5501 16:00:46
M X: 3314, Y: -8728, Z: 5491 16:00:46
M X: 3316, Y: -8732, Z: 5488 16:00:46
M X: 3270, Y: -8726, Z: 5248 16:00:46
M X: 3272, Y: -8438, Z: 5253 16:00:46
M X: 3628, Y: -8710, Z: 5477 16:00:46
M X: 3266, Y: -8736, Z: 5268 16:00:46
M X: 3240, Y: -8722, Z: 5496 16:00:46
M X: 3292, Y: -8702, Z: 5423 16:00:46
M X: 3306, Y: -8468, Z: 5422 16:00:46
M X: 3310, Y: -8770, Z: 5457 16:00:46
M X: 3248, Y: -8732, Z: 5492 16:00:46
M X: 3588, Y: -8426, Z: 5259 16:00:46
M X: 3590, Y: -8442, Z: 5265 16:00:46
M X: 3238, Y: -8780, Z: 5466 16:00:46
M X: 3248, Y: -8746, Z: 5446 16:00:46
M X: 3252, Y: -8428, Z: 5266 16:00:46
M X: 3292, Y: -8440, Z: 5254 16:00:46
M X: 3274, Y: -8728, Z: 5466 16:00:46
M X: 3232, Y: -8718, Z: 5479 16:00:46
M X: 3310, Y: -8444, Z: 5267 16:00:46
M X: 3286, Y: -8716, Z: 5408 16:00:46
M X: 3250, Y: -8758, Z: 5251 16:00:46
M X: 3316, Y: -8764, Z: 5489 16:00:46
M X: 3278, Y: -8442, Z: 5470 16:00:46
M X: 3260, Y: -8444, Z: 5293 16:00:46
M X: 3318, Y: -8782, Z: 5498 16:00:46
M X: 3454, Y: -8756, Z: 5268 16:00:46
M X: 3308, Y: -8440, Z: 5437 16:00:46
M X: 3314, Y: -8714, Z: 5288 16:00:46
M X: 3290, Y: -8746, Z: 5273 16:00:46
M X: 3244, Y: -8748, Z: 5278 16:00:46
M X: 3290, Y: -8752, Z: 5324 16:00:46
M X: 3256, Y: -8768, Z: 5266 16:00:46
M X: 3274, Y: -8746, Z: 5468 16:00:46
M X: 3274, Y: -8414, Z: 5439 16:00:46
M X: 3326, Y: -8484, Z: 5261 16:00:46
M X: 3256, Y: -8788, Z: 5258 16:00:46
M X: 3268, Y: -8768, Z: 5497 16:00:46
M X: 3300, Y: -8710, Z: 5482 16:00:46
M X: 3276, Y: -8744, Z: 5310 16:00:46
M X: 3228, Y: -8768, Z: 5433 16:00:46
M X: 3240, Y: -8812, Z: 5490 16:00:46
M X: 3610, Y: -8440, Z: 5439 16:00:46
M X: 3288, Y: -8752, Z: 5473 16:00:46
M X: 3324, Y: -8708, Z: 5455 16:00:46
M X: 3242, Y: -8766, Z: 5267 16:00:46
M X: 3256, Y: -8772, Z: 5443 16:00:46
M X: 3602, Y: -8756, Z: 5494 16:00:46
M X: 3636, Y: -8728, Z: 5464 16:00:46
M X: 3286, Y: -8748, Z: 5275 16:00:46
M X: 3282, Y: -8774, Z: 5272 16:00:46
M X: 3312, Y: -8704, Z: 5261 16:00:46
M X: 3300, Y: -8750, Z: 5501 16:00:46
M X: 3288, Y: -8732, Z: 5468 16:00:46
M X: 3218, Y: -8790, Z: 5424 16:00:46
M X: 3284, Y: -8696, Z: 5499 16:00:46
M X: 3594, Y: -8716, Z: 5472 16:00:46
M X: 3290, Y: -8734, Z: 5288 16:00:46
M X: 3212, Y: -8760, Z: 5435 16:00:46
M X: 3262, Y: -8800, Z: 5497 16:00:46
M X: 3298, Y: -8758, Z: 5481 16:00:46
M X: 3612, Y: -8716, Z: 5312 16:00:46
M X: 3316, Y: -8440, Z: 5469 16:00:46
M X: 3540, Y: -8722, Z: 5484 16:00:46
M X: 3298, Y: -8726, Z: 5473 16:00:46
M X: 3264, Y: -8710, Z: 5255 16:00:46
M X: 3246, Y: -8756, Z: 5418 16:00:46
M X: 3298, Y: -8766, Z: 5442 16:00:46
M X: 3268, Y: -8726, Z: 5252 16:00:46
M X: 3290, Y: -8442, Z: 5475 16:00:46
M X: 3304, Y: -8806, Z: 5465 16:00:46
M X: 3302, Y: -8758, Z: 5498 16:00:46
M X: 3288, Y: -8748, Z: 5483 16:00:46
M X: 3322, Y: -8730, Z: 5469 16:00:46
M X: 3286, Y: -8442, Z: 5440 16:00:46
M X: 3244, Y: -8782, Z: 5287 16:00:46
M X: 3248, Y: -8448, Z: 5494 16:00:46
M X: 3320, Y: -8710, Z: 5478 16:00:46
M X: 3210, Y: -8724, Z: 5250 16:00:46
M X: 3266, Y: -8760, Z: 5453 16:00:46
M X: 3322, Y: -8428, Z: 5484 16:00:46
M X: 3314, Y: -8752, Z: 5463 16:00:46
M X: 3294, Y: -8794, Z: 5270 16:00:46
M X: 3302, Y: -8774, Z: 5484 16:00:46
M X: 3326, Y: -8708, Z: 5489 16:00:46
M X: 3588, Y: -8720, Z: 5271 16:00:46
M X: 3274, Y: -8756, Z: 5491 16:00:46
M X: 3236, Y: -8744, Z: 5467 16:00:46
M X: 3302, Y: -8420, Z: 5258 16:00:46
M X: 3294, Y: -8748, Z: 5491 16:00:46
M X: 3270, Y: -8708, Z: 5278 16:00:46
M X: 3604, Y: -8736, Z: 5252 16:00:46
M X: 3602, Y: -8416, Z: 5498 16:00:46
M X: 3282, Y: -8774, Z: 5466 16:00:46
M X: 3240, Y: -8714, Z: 5494 16:00:46
M X: 3252, Y: -8764, Z: 5439 16:00:46
M X: 3598, Y: -8716, Z: 5254 16:00:46
M X: 3306, Y: -8736, Z: 5487 16:00:46
M X: 3272, Y: -8758, Z: 5262 16:00:46
M X: 3312, Y: -8734, Z: 5500 16:00:46
M X: 3314, Y: -8448, Z: 5483 16:00:46
M X: 3432, Y: -8742, Z: 5452 16:00:47
M X: 3272, Y: -8760, Z: 5459 16:00:47
M X: 3304, Y: -8712, Z: 5273 16:00:47
M X: 3268, Y: -8396, Z: 5314 16:00:47
M X: 3286, Y: -8734, Z: 5491 16:00:47
M X: 3310, Y: -8430, Z: 5271 16:00:47
M X: 3306, Y: -8716, Z: 5286 16:00:47
M X: 3270, Y: -8758, Z: 5488 16:00:47
M X: 3310, Y: -8760, Z: 5261 16:00:47
M X: 3294, Y: -8714, Z: 5473 16:00:47
M X: 3262, Y: -8796, Z: 5500 16:00:47
M X: 3310, Y: -8714, Z: 5441 16:00:47
M X: 3238, Y: -8730, Z: 5500 16:00:47
M X: 3292, Y: -8800, Z: 5277 16:00:47
M X: 3278, Y: -8752, Z: 5268 16:00:47
M X: 3310, Y: -8710, Z: 5497 16:00:47
M X: 3310, Y: -8742, Z: 5498 16:00:47
M X: 3264, Y: -8726, Z: 5498 16:00:47
M X: 3588, Y: -8432, Z: 5260 16:00:47
M X: 3280, Y: -8428, Z: 5268 16:00:47
M X: 3256, Y: -8758, Z: 5467 16:00:47
M X: 3266, Y: -8740, Z: 5502 16:00:47
M X: 3610, Y: -8432, Z: 5275 16:00:47
M X: 3312, Y: -8740, Z: 5464 16:00:47
M X: 3236, Y: -8822, Z: 5453 16:00:47
M X: 3296, Y: -8784, Z: 5283 16:00:47
M X: 3588, Y: -8748, Z: 5296 16:00:47
M X: 3326, Y: -8722, Z: 5266 16:00:47
M X: 3272, Y: -8826, Z: 5491 16:00:47
M X: 3288, Y: -8764, Z: 5473 16:00:47
M X: 3586, Y: -8720, Z: 5489 16:00:47
M X: 3322, Y: -8794, Z: 5281 16:00:47
M X: 3316, Y: -8808, Z: 5488 16:00:47
M X: 3266, Y: -8790, Z: 5413 16:00:47
M X: 3322, Y: -8728, Z: 5251 16:00:47
M X: 3268, Y: -8752, Z: 5484 16:00:47
M X: 3320, Y: -8736, Z: 5499 16:00:47
M X: 3300, Y: -8710, Z: 5482 16:00:47
M X: 3266, Y: -8758, Z: 5261 16:00:47
M X: 3438, Y: -8748, Z: 5426 16:00:47
M X: 3262, Y: -8822, Z: 5435 16:00:47
M X: 3282, Y: -8762, Z: 5495 16:00:47
M X: 3266, Y: -8778, Z: 5410 16:00:47
M X: 3246, Y: -8818, Z: 5471 16:00:47
M X: 3592, Y: -8734, Z: 5481 16:00:47
M X: 3252, Y: -8732, Z: 5500 16:00:47
M X: 3310, Y: -8718, Z: 5503 16:00:47
M X: 3290, Y: -8742, Z: 5485 16:00:47
M X: 3270, Y: -8762, Z: 5258 16:00:47
M X: 3294, Y: -8744, Z: 5273 16:00:47
M X: 3588, Y: -8676, Z: 5471 16:00:47
M X: 3272, Y: -8704, Z: 5483 16:00:47
M X: 3322, Y: -8750, Z: 5499 16:00:47
M X: 3318, Y: -8806, Z: 5499 16:00:47
M X: 3276, Y: -8764, Z: 5397 16:00:47
M X: 3324, Y: -8436, Z: 5256 16:00:47
M X: 3286, Y: -8736, Z: 5465 16:00:47
M X: 3256, Y: -8708, Z: 5447 16:00:47
M X: 3292, Y: -8752, Z: 5276 16:00:47
M X: 3254, Y: -8432, Z: 5275 16:00:47
M X: 3238, Y: -8758, Z: 5488 16:00:47
M X: 3302, Y: -8734, Z: 5417 16:00:47
M X: 3304, Y: -8708, Z: 5502 16:00:47
M X: 3600, Y: -8738, Z: 5259 16:00:47
M X: 3280, Y: -8808, Z: 5306 16:00:47
M X: 3612, Y: -8764, Z: 5286 16:00:47
M X: 3612, Y: -8762, Z: 5473 16:00:47
M X: 3324, Y: -8760, Z: 5299 16:00:47
M X: 3262, Y: -8776, Z: 5444 16:00:47
M X: 3310, Y: -8720, Z: 5497 16:00:47
M X: 3288, Y: -8716, Z: 5489 16:00:47
M X: 3278, Y: -8766, Z: 5470 16:00:47
M X: 3200, Y: -8768, Z: 5437 16:00:47
M X: 3242, Y: -8772, Z: 5466 16:00:47
M X: 3276, Y: -8774, Z: 5304 16:00:47
M X: 3294, Y: -8404, Z: 5498 16:00:47
M X: 3298, Y: -8732, Z: 5484 16:00:47
M X: 3232, Y: -8716, Z: 5452 16:00:47
M X: 3316, Y: -8438, Z: 5451 16:00:47
M X: 3314, Y: -8728, Z: 5476 16:00:47
M X: 3252, Y: -8720, Z: 5452 16:00:47
M X: 3250, Y: -8722, Z: 5445 16:00:47
M X: 3592, Y: -8654, Z: 5294 16:00:47
M X: 3260, Y: -8750, Z: 5426 16:00:47
M X: 3248, Y: -8750, Z: 5451 16:00:47
M X: 3270, Y: -8740, Z: 5456 16:00:47
M X: 3292, Y: -8424, Z: 5503 16:00:47
M X: 3242, Y: -8784, Z: 5486 16:00:47
M X: 3252, Y: -8810, Z: 5442 16:00:47
M X: 3298, Y: -8456, Z: 5472 16:00:47
M X: 3282, Y: -8754, Z: 5470 16:00:47
M X: 3216, Y: -8720, Z: 5284 16:00:47
M X: 3272, Y: -8710, Z: 5249 16:00:47
M X: 3486, Y: -8780, Z: 5498 16:00:47
M X: 3228, Y: -8812, Z: 5490 16:00:47
M X: 3300, Y: -8712, Z: 5264 16:00:47
M X: 3274, Y: -8724, Z: 5448 16:00:47
M X: 3228, Y: -8752, Z: 5283 16:00:47
M X: 3234, Y: -8748, Z: 5285 16:00:47
M X: 3288, Y: -8762, Z: 5482 16:00:47
M X: 3300, Y: -8434, Z: 5332 16:00:47
M X: 3228, Y: -8754, Z: 5264 16:00:47
M X: 3260, Y: -8814, Z: 5450 16:00:47
M X: 3280, Y: -8800, Z: 5263 16:00:47
M X: 3280, Y: -8752, Z: 5478 16:00:47
M X: 3278, Y: -8748, Z: 5477 16:00:47
M X: 3300, Y: -8750, Z: 5279 16:00:47
M X: 3240, Y: -8772, Z: 5468 16:00:47
M X: 3290, Y: -8446, Z: 5261 16:00:47
M X: 3268, Y: -8416, Z: 5497 16:00:47
M X: 3290, Y: -8426, Z: 5500 16:00:47
M X: 3234, Y: -8440, Z: 5256 16:00:47
M X: 3278, Y: -8708, Z: 5486 16:00:47
M X: 3212, Y: -8728, Z: 5469 16:00:47
M X: 3242, Y: -8744, Z: 5302 16:00:47
M X: 3284, Y: -8724, Z: 5276 16:00:47
M X: 3596, Y: -8432, Z: 5483 16:00:47
M X: 3298, Y: -8716, Z: 5278 16:00:47
M X: 3248, Y: -8752, Z: 5259 16:00:47
M X: 3270, Y: -8722, Z: 5272 16:00:47
M X: 3314, Y: -8720, Z: 5252 16:00:47
M X: 3270, Y: -8442, Z: 5467 16:00:47
M X: 3286, Y: -8804, Z: 5469 16:00:47
M X: 3306, Y: -8766, Z: 5464 16:00:47
M X: 3306, Y: -8826, Z: 5501 16:00:47
M X: 3268, Y: -8430, Z: 5278 16:00:47
M X: 3326, Y: -8706, Z: 5266 16:00:47
M X: 3272, Y: -8744, Z: 5261 16:00:47
M X: 3314, Y: -8730, Z: 5282 16:00:47
M X: 3318, Y: -8392, Z: 5260 16:00:47
M X: 3294, Y: -8732, Z: 5450 16:00:47
M X: 3268, Y: -8770, Z: 5462 16:00:47
M X: 3300, Y: -8720, Z: 5471 16:00:47
M X: 3292, Y: -8760, Z: 5270 16:00:47
M X: 3282, Y: -8746, Z: 5281 16:00:47
M X: 3326, Y: -8744, Z: 5251 16:00:47
M X: 3282, Y: -8438, Z: 5253 16:00:47
M X: 3252, Y: -8418, Z: 5472 16:00:47
M X: 3230, Y: -8764, Z: 5269 16:00:47
M X: 3200, Y: -8760, Z: 5465 16:00:47
M X: 3300, Y: -8388, Z: 5474 16:00:47
M X: 3286, Y: -8746, Z: 5489 16:00:47
M X: 3310, Y: -8730, Z: 5480 16:00:47
M X: 3270, Y: -8438, Z: 5498 16:00:47
M X: 3302, Y: -8708, Z: 5492 16:00:47
M X: 3602, Y: -8444, Z: 5430 16:00:47
M X: 3316, Y: -8448, Z: 5252 16:00:47
M X: 3266, Y: -8768, Z: 5463 16:00:48
M X: 3276, Y: -8726, Z: 5313 16:00:48
M X: 3324, Y: -8430, Z: 5422 16:00:48
M X: 3274, Y: -8746, Z: 5478 16:00:48
M X: 3268, Y: -8752, Z: 5472 16:00:48
M X: 3266, Y: -8744, Z: 5278 16:00:48
M X: 3260, Y: -8786, Z: 5477 16:00:48
M X: 3256, Y: -8748, Z: 5473 16:00:48
M X: 3274, Y: -8778, Z: 5273 16:00:48
M X: 3288, Y: -8438, Z: 5300 16:00:48
M X: 3304, Y: -8440, Z: 5253 16:00:48
M X: 3270, Y: -8754, Z: 5445 16:00:48
M X: 3250, Y: -8724, Z: 5425 16:00:48
M X: 3284, Y: -8410, Z: 5262 16:00:48
M X: 3290, Y: -8742, Z: 5427 16:00:48
M X: 3226, Y: -8754, Z: 5443 16:00:48
M X: 3296, Y: -8406, Z: 5465 16:00:48
M X: 3254, Y: -8738, Z: 5481 16:00:48
M X: 3326, Y: -8420, Z: 5427 16:00:48
M X: 3256, Y: -8732, Z: 5459 16:00:48
M X: 3228, Y: -8770, Z: 5269 16:00:48
M X: 3254, Y: -8742, Z: 5491 16:00:48
M X: 3242, Y: -8722, Z: 5489 16:00:48
M X: 3308, Y: -8716, Z: 5466 16:00:48
M X: 3286, Y: -8746, Z: 5465 16:00:48
M X: 3236, Y: -8726, Z: 5490 16:00:48
M X: 3300, Y: -8382, Z: 5466 16:00:48
M X: 3308, Y: -8770, Z: 5250 16:00:48
M X: 3280, Y: -8802, Z: 5463 16:00:48
M X: 3296, Y: -8746, Z: 5424 16:00:48
M X: 3274, Y: -8780, Z: 5453 16:00:48
M X: 3620, Y: -8718, Z: 5393 16:00:48
M X: 3294, Y: -8754, Z: 5456 16:00:48
M X: 3286, Y: -8750, Z: 5249 16:00:48
M X: 3528, Y: -8750, Z: 5462 16:00:48
M X: 3312, Y: -8716, Z: 5442 16:00:48
M X: 3298, Y: -8734, Z: 5483 16:00:48
M X: 3306, Y: -8720, Z: 5473 16:00:48
M X: 3616, Y: -8440, Z: 5445 16:00:48
M X: 3312, Y: -8432, Z: 5439 16:00:48
M X: 3584, Y: -8410, Z: 5253 16:00:48
M X: 3298, Y: -8762, Z: 5466 16:00:48
M X: 3290, Y: -8806, Z: 5440 16:00:48
M X: 3314, Y: -8714, Z: 5458 16:00:48
M X: 3298, Y: -8708, Z: 5413 16:00:48
M X: 3616, Y: -8716, Z: 5488 16:00:48
M X: 3276, Y: -8578, Z: 5472 16:00:48
M X: 3318, Y: -8714, Z: 5286 16:00:48
M X: 3320, Y: -8748, Z: 5097 16:00:48
M X: 3608, Y: -8714, Z: 5422 16:00:48
M X: 3596, Y: -8706, Z: 5450 16:00:48
M X: 3252, Y: -8748, Z: 5392 16:00:48
M X: 3292, Y: -8754, Z: 5484 16:00:48
M X: 3594, Y: -8426, Z: 5416 16:00:48
M X: 3308, Y: -8716, Z: 5463 16:00:48
M X: 3298, Y: -8738, Z: 5477 16:00:48
M X: 3294, Y: -8784, Z: 5451 16:00:48
M X: 3286, Y: -8806, Z: 5252 16:00:48
M X: 3310, Y: -8718, Z: 5385 16:00:48
M X: 3294, Y: -8756, Z: 5479 16:00:48
M X: 3282, Y: -8802, Z: 5442 16:00:48
M X: 3314, Y: -8764, Z: 5262 16:00:48
M X: 3324, Y: -8708, Z: 5470 16:00:48
M X: 3288, Y: -8786, Z: 5502 16:00:48
M X: 3276, Y: -8788, Z: 5476 16:00:48
M X: 3254, Y: -8762, Z: 5476 16:00:48
M X: 3298, Y: -8780, Z: 5250 16:00:48
M X: 3300, Y: -8438, Z: 5496 16:00:48
M X: 3272, Y: -8744, Z: 5480 16:00:48
M X: 3280, Y: -8770, Z: 5248 16:00:48
M X: 3316, Y: -8782, Z: 5251 16:00:48
M X: 3584, Y: -8442, Z: 5252 16:00:48
M X: 3274, Y: -8712, Z: 5259 16:00:48
M X: 3306, Y: -8712, Z: 5450 16:00:48
M X: 3238, Y: -8778, Z: 5466 16:00:48
M X: 3260, Y: -8746, Z: 5431 16:00:48
M X: 3208, Y: -8816, Z: 5461 16:00:48
M X: 3586, Y: -8754, Z: 5492 16:00:48
M X: 3290, Y: -8744, Z: 5430 16:00:48
M X: 3590, Y: -8730, Z: 5446 16:00:48
M X: 3290, Y: -8812, Z: 5281 16:00:48
M X: 3312, Y: -8752, Z: 5425 16:00:48
M X: 3596, Y: -8394, Z: 5472 16:00:48
M X: 3594, Y: -8738, Z: 5441 16:00:48
M X: 3304, Y: -8760, Z: 5480 16:00:48
M X: 3620, Y: -8734, Z: 5485 16:00:48
M X: 3604, Y: -8732, Z: 5254 16:00:48
M X: 3584, Y: -8728, Z: 5480 16:00:48
M X: 3244, Y: -8750, Z: 5460 16:00:48
M X: 3586, Y: -8688, Z: 5258 16:00:48
M X: 3594, Y: -8718, Z: 5261 16:00:48
M X: 3294, Y: -8786, Z: 5255 16:00:48
M X: 3276, Y: -8756, Z: 5458 16:00:48
M X: 3306, Y: -8444, Z: 5445 16:00:48
M X: 3598, Y: -8708, Z: 5248 16:00:48
M X: 3594, Y: -8452, Z: 5275 16:00:48
M X: 3280, Y: -8736, Z: 5448 16:00:48
M X: 3290, Y: -8758, Z: 5258 16:00:48
M X: 3332, Y: -8444, Z: 5494 16:00:48
M X: 3324, Y: -8766, Z: 5485 16:00:48
M X: 3272, Y: -8784, Z: 5255 16:00:48
M X: 3600, Y: -8438, Z: 5454 16:00:48
M X: 3292, Y: -8774, Z: 5444 16:00:48
M X: 3300, Y: -8796, Z: 5449 16:00:48
M X: 3304, Y: -8732, Z: 5461 16:00:48
M X: 3312, Y: -8756, Z: 5478 16:00:48
M X: 3300, Y: -8734, Z: 5270 16:00:48
M X: 3266, Y: -8740, Z: 5485 16:00:48
M X: 3314, Y: -8704, Z: 5462 16:00:48
M X: 3594, Y: -8444, Z: 5488 16:00:48
M X: 3316, Y: -8478, Z: 5493 16:00:48
M X: 3634, Y: -8802, Z: 5259 16:00:48
M X: 3308, Y: -8744, Z: 5266 16:00:48
M X: 3590, Y: -8792, Z: 5442 16:00:48
M X: 3312, Y: -8736, Z: 5436 16:00:48
M X: 3284, Y: -8758, Z: 5449 16:00:48
M X: 3610, Y: -8442, Z: 5479 16:00:48
M X: 3610, Y: -8406, Z: 5476 16:00:48
M X: 3304, Y: -8486, Z: 5275 16:00:48
M X: 3252, Y: -8732, Z: 5484 16:00:48
M X: 3608, Y: -8708, Z: 5500 16:00:48
M X: 3318, Y: -8428, Z: 5275 16:00:48
M X: 3584, Y: -8768, Z: 5255 16:00:48
M X: 3280, Y: -8744, Z: 5485 16:00:48
M X: 3594, Y: -8386, Z: 5452 16:00:48
M X: 3268, Y: -8758, Z: 5419 16:00:48
M X: 3274, Y: -8750, Z: 5253 16:00:48
M X: 3318, Y: -8726, Z: 5454 16:00:48
M X: 3284, Y: -8442, Z: 5494 16:00:48
M X: 3268, Y: -8760, Z: 5432 16:00:48
M X: 3288, Y: -8822, Z: 5482 16:00:48
M X: 3304, Y: -8752, Z: 5465 16:00:48
M X: 3608, Y: -8440, Z: 5482 16:00:48
M X: 3606, Y: -8768, Z: 5272 16:00:48
M X: 3276, Y: -8786, Z: 5450 16:00:48
M X: 3588, Y: -8414, Z: 5491 16:00:48
M X: 3584, Y: -8426, Z: 5496 16:00:48
M X: 3318, Y: -8432, Z: 5447 16:00:48
M X: 3266, Y: -8726, Z: 5405 16:00:48
M X: 3272, Y: -8718, Z: 5263 16:00:48
M X: 3608, Y: -8416, Z: 5266 16:00:48
M X: 3286, Y: -8728, Z: 5501 16:00:48
M X: 3292, Y: -8720, Z: 5413 16:00:48
M X: 3614, Y: -8448, Z: 5463 16:00:48
M X: 3280, Y: -8708, Z: 5278 16:00:48
M X: 3302, Y: -8724, Z: 5454 16:00:49
M X: 3244, Y: -8736, Z: 5503 16:00:49
M X: 3306, Y: -8712, Z: 5458 16:00:49
M X: 3606, Y: -8438, Z: 5430 16:00:49
M X: 3304, Y: -8756, Z: 5431 16:00:49
M X: 3268, Y: -8738, Z: 5496 16:00:49
M X: 3588, Y: -8412, Z: 5484 16:00:49
M X: 3326, Y: -8722, Z: 5384 16:00:49
M X: 3276, Y: -8774, Z: 5471 16:00:49
M X: 3238, Y: -8772, Z: 5416 16:00:49
M X: 3634, Y: -8438, Z: 5422 16:00:49
M X: 3278, Y: -8744, Z: 5460 16:00:49
M X: 3294, Y: -8808, Z: 5439 16:00:49
M X: 3294, Y: -8436, Z: 5433 16:00:49
M X: 3326, Y: -8724, Z: 5499 16:00:49
M X: 3254, Y: -8798, Z: 5474 16:00:49
M X: 3290, Y: -8740, Z: 5409 16:00:49
M X: 3322, Y: -8426, Z: 5442 16:00:49
M X: 3288, Y: -8750, Z: 5414 16:00:49
M X: 3280, Y: -8774, Z: 5490 16:00:49
M X: 3294, Y: -8714, Z: 5252 16:00:49
M X: 3234, Y: -8774, Z: 5425 16:00:49
M X: 3266, Y: -8742, Z: 5473 16:00:49
M X: 3282, Y: -8446, Z: 5480 16:00:49
M X: 3274, Y: -8764, Z: 5483 16:00:49
M X: 3240, Y: -8718, Z: 5449 16:00:49
M X: 3620, Y: -8442, Z: 5494 16:00:49
M X: 3304, Y: -8726, Z: 5248 16:00:49
M X: 3300, Y: -8754, Z: 5449 16:00:49
M X: 3200, Y: -8750, Z: 5483 16:00:49
M X: 3286, Y: -8730, Z: 5056 16:00:49
M X: 3598, Y: -8442, Z: 5479 16:00:49
M X: 3300, Y: -8752, Z: 5483 16:00:49
M X: 3314, Y: -8768, Z: 5484 16:00:49
M X: 3314, Y: -8718, Z: 5500 16:00:49
M X: 3638, Y: -8442, Z: 5466 16:00:49
M X: 3326, Y: -8722, Z: 5434 16:00:49
M X: 3266, Y: -8744, Z: 5463 16:00:49
M X: 3278, Y: -8786, Z: 5409 16:00:49
M X: 3282, Y: -8748, Z: 5490 16:00:49
M X: 3314, Y: -8754, Z: 5475 16:00:49
M X: 3240, Y: -8766, Z: 5468 16:00:49
M X: 3282, Y: -8742, Z: 5425 16:00:49
M X: 3302, Y: -8726, Z: 5479 16:00:49
M X: 3316, Y: -8418, Z: 5445 16:00:49
M X: 3272, Y: -8444, Z: 5497 16:00:49
M X: 3242, Y: -8756, Z: 5501 16:00:49
M X: 3286, Y: -8740, Z: 5463 16:00:49
M X: 3334, Y: -8412, Z: 5412 16:00:49
M X: 3286, Y: -8434, Z: 5494 16:00:49
M X: 3252, Y: -8762, Z: 5280 16:00:49
M X: 3298, Y: -8448, Z: 5497 16:00:49
M X: 3296, Y: -8456, Z: 5256 16:00:49
M X: 3276, Y: -8430, Z: 5461 16:00:49
M X: 3242, Y: -8742, Z: 5454 16:00:49
M X: 3246, Y: -8746, Z: 5451 16:00:49
M X: 3310, Y: -8432, Z: 5478 16:00:49
M X: 3594, Y: -8400, Z: 5263 16:00:49
M X: 3548, Y: -8706, Z: 5496 16:00:49
M X: 3290, Y: -8750, Z: 5264 16:00:49
M X: 3586, Y: -8742, Z: 5260 16:00:49
M X: 3298, Y: -8750, Z: 5433 16:00:49
M X: 3308, Y: -8740, Z: 5256 16:00:49
M X: 3300, Y: -8398, Z: 5290 16:00:49
M X: 3286, Y: -8424, Z: 5464 16:00:49
M X: 3236, Y: -8756, Z: 5439 16:00:49
M X: 3288, Y: -8728, Z: 5475 16:00:49
M X: 3294, Y: -8408, Z: 5432 16:00:49
M X: 3606, Y: -8748, Z: 5438 16:00:49
M X: 3220, Y: -8758, Z: 5472 16:00:49
M X: 3328, Y: -8706, Z: 5491 16:00:49
M X: 3326, Y: -8710, Z: 5460 16:00:49
M X: 3282, Y: -8724, Z: 5493 16:00:49
M X: 3262, Y: -8738, Z: 5421 16:00:49
M X: 3264, Y: -8738, Z: 5463 16:00:49
M X: 3314, Y: -8664, Z: 5450 16:00:49
M X: 3282, Y: -8740, Z: 5482 16:00:49
M X: 3302, Y: -8774, Z: 5425 16:00:49
M X: 3320, Y: -8728, Z: 5278 16:00:49
M X: 3594, Y: -8436, Z: 5464 16:00:49
M X: 3272, Y: -8790, Z: 5487 16:00:49
M X: 3254, Y: -8746, Z: 5251 16:00:49
M X: 3294, Y: -8752, Z: 5481 16:00:49
M X: 3294, Y: -8766, Z: 5415 16:00:49
M X: 3354, Y: -8408, Z: 5495 16:00:49
M X: 3294, Y: -8736, Z: 5500 16:00:49
M X: 3252, Y: -8728, Z: 5471 16:00:49
M X: 3316, Y: -8708, Z: 5462 16:00:49
M X: 3612, Y: -8438, Z: 5454 16:00:49
M X: 3584, Y: -8408, Z: 5394 16:00:49
M X: 3270, Y: -8752, Z: 5436 16:00:49
M X: 3270, Y: -8740, Z: 5440 16:00:49
M X: 3276, Y: -8718, Z: 5471 16:00:49
M X: 3312, Y: -8392, Z: 5446 16:00:49
M X: 3592, Y: -8434, Z: 5398 16:00:49
M X: 3302, Y: -8744, Z: 5488 16:00:49
M X: 3288, Y: -8744, Z: 5481 16:00:49
M X: 3588, Y: -8436, Z: 5461 16:00:49
M X: 3254, Y: -8718, Z: 5410 16:00:49
M X: 3274, Y: -8760, Z: 5451 16:00:49
M X: 3250, Y: -8750, Z: 5457 16:00:49
M X: 3594, Y: -8720, Z: 5476 16:00:49
M X: 3312, Y: -8432, Z: 5277 16:00:49
M X: 3252, Y: -8762, Z: 5467 16:00:49
M X: 3314, Y: -8756, Z: 5477 16:00:49
M X: 3298, Y: -8412, Z: 5268 16:00:49
M X: 3598, Y: -8712, Z: 5437 16:00:49
M X: 3254, Y: -8780, Z: 5436 16:00:49
M X: 3324, Y: -8746, Z: 5464 16:00:49
M X: 3320, Y: -8750, Z: 5258 16:00:49
M X: 3288, Y: -8722, Z: 5407 16:00:49
M X: 3314, Y: -8724, Z: 5403 16:00:49
M X: 3232, Y: -8724, Z: 5248 16:00:49
M X: 3310, Y: -8706, Z: 5417 16:00:49
M X: 3324, Y: -8750, Z: 5427 16:00:49
M X: 3292, Y: -8428, Z: 5403 16:00:49
M X: 3308, Y: -8786, Z: 5439 16:00:49
M X: 3312, Y: -8728, Z: 5401 16:00:49
M X: 3286, Y: -8744, Z: 5268 16:00:49
M X: 3594, Y: -8446, Z: 5458 16:00:49
M X: 3598, Y: -8442, Z: 5486 16:00:49
M X: 3290, Y: -8714, Z: 5465 16:00:49
M X: 3260, Y: -8722, Z: 5473 16:00:49
M X: 3278, Y: -8744, Z: 5466 16:00:49
M X: 3296, Y: -8404, Z: 5444 16:00:49
M X: 3274, Y: -8758, Z: 5278 16:00:49
M X: 3256, Y: -8792, Z: 5254 16:00:49
M X: 3280, Y: -8414, Z: 5249 16:00:49
M X: 3598, Y: -8374, Z: 5258 16:00:49
M X: 3310, Y: -8736, Z: 5497 16:00:49
M X: 3266, Y: -8712, Z: 5448 16:00:49
M X: 3290, Y: -8706, Z: 5482 16:00:49
M X: 3592, Y: -8418, Z: 5253 16:00:49
M X: 3314, Y: -8770, Z: 5433 16:00:49
M X: 3286, Y: -8770, Z: 5469 16:00:49
M X: 3326, Y: -8698, Z: 5261 16:00:49
M X: 3278, Y: -8738, Z: 5306 16:00:49
M X: 3292, Y: -8768, Z: 5280 16:00:49
M X: 3282, Y: -8732, Z: 5494 16:00:49
M X: 3316, Y: -8738, Z: 5502 16:00:49
M X: 3304, Y: -8742, Z: 5459 16:00:49
M X: 3602, Y: -8754, Z: 5306 16:00:49
M X: 3282, Y: -8752, Z: 5501 16:00:49
M X: 3298, Y: -8734, Z: 5490 16:00:49
M X: 3590, Y: -8748, Z: 5484 16:00:49
M X: 3284, Y: -8728, Z: 5476 16:00:49
M X: 3312, Y: -8800, Z: 5471 16:00:50
M X: 3298, Y: -8714, Z: 5500 16:00:50
M X: 3584, Y: -8712, Z: 5279 16:00:50
M X: 3598, Y: -8440, Z: 5468 16:00:50
M X: 3316, Y: -8728, Z: 5490 16:00:50
M X: 3236, Y: -8764, Z: 5253 16:00:50
M X: 3298, Y: -8432, Z: 5259 16:00:50
M X: 3600, Y: -8412, Z: 5462 16:00:50
M X: 3286, Y: -8418, Z: 5470 16:00:50
M X: 3258, Y: -8738, Z: 5265 16:00:50
M X: 3318, Y: -8752, Z: 5434 16:00:50
M X: 3324, Y: -8430, Z: 5264 16:00:50
M X: 3308, Y: -8744, Z: 5268 16:00:50
M X: 3270, Y: -8794, Z: 5253 16:00:50
M X: 3288, Y: -8756, Z: 5459 16:00:50
M X: 3320, Y: -8402, Z: 5476 16:00:50
M X: 3306, Y: -8750, Z: 5475 16:00:50
M X: 3276, Y: -8764, Z: 5501 16:00:50
M X: 3282, Y: -8750, Z: 5263 16:00:50
M X: 3302, Y: -8714, Z: 5296 16:00:50
M X: 3276, Y: -8718, Z: 5499 16:00:50
M X: 3268, Y: -8754, Z: 5494 16:00:50
M X: 3588, Y: -8422, Z: 5265 16:00:50
M X: 3272, Y: -8432, Z: 5327 16:00:50
M X: 3270, Y: -8738, Z: 5273 16:00:50
M X: 3276, Y: -8728, Z: 5319 16:00:50
M X: 3308, Y: -8438, Z: 5298 16:00:50
M X: 3248, Y: -8738, Z: 5501 16:00:50
M X: 3240, Y: -8770, Z: 5446 16:00:50
M X: 3320, Y: -8738, Z: 5467 16:00:50
M X: 3322, Y: -8442, Z: 5460 16:00:50
M X: 3252, Y: -8780, Z: 5451 16:00:50
M X: 3280, Y: -8440, Z: 5443 16:00:50
M X: 3588, Y: -8656, Z: 5441 16:00:50
M X: 3242, Y: -8436, Z: 5491 16:00:50
M X: 3290, Y: -8446, Z: 5436 16:00:50
M X: 3228, Y: -8752, Z: 5459 16:00:50
M X: 3230, Y: -8732, Z: 5472 16:00:50
M X: 3256, Y: -8790, Z: 5441 16:00:50
M X: 3262, Y: -8730, Z: 5475 16:00:50
M X: 3222, Y: -8730, Z: 5457 16:00:50
M X: 3242, Y: -8712, Z: 5438 16:00:50
M X: 3266, Y: -8390, Z: 5466 16:00:50
M X: 3336, Y: -8372, Z: 5435 16:00:50
M X: 3276, Y: -8736, Z: 5274 16:00:50
M X: 3298, Y: -8720, Z: 5433 16:00:50
M X: 3310, Y: -8436, Z: 5485 16:00:50
M X: 3600, Y: -8428, Z: 5436 16:00:50
M X: 3296, Y: -8708, Z: 5497 16:00:50
M X: 3258, Y: -8726, Z: 5474 16:00:50
M X: 3260, Y: -8420, Z: 5464 16:00:50
M X: 3278, Y: -8418, Z: 5443 16:00:50
M X: 3310, Y: -8426, Z: 5425 16:00:50
M X: 3218, Y: -8780, Z: 5438 16:00:50
M X: 3286, Y: -8706, Z: 5252 16:00:50
M X: 3260, Y: -8714, Z: 5484 16:00:50
M X: 3284, Y: -8412, Z: 5270 16:00:50
M X: 3274, Y: -8418, Z: 5324 16:00:50
M X: 3248, Y: -8726, Z: 5489 16:00:50
M X: 3238, Y: -8770, Z: 5489 16:00:50
M X: 3246, Y: -8740, Z: 5484 16:00:50
M X: 3234, Y: -8724, Z: 5382 16:00:50
M X: 3280, Y: -8740, Z: 5472 16:00:50
M X: 3280, Y: -8412, Z: 5448 16:00:50
M X: 3246, Y: -8772, Z: 5455 16:00:50
M X: 3246, Y: -8754, Z: 5441 16:00:50
M X: 3274, Y: -8750, Z: 5435 16:00:50
M X: 3288, Y: -8716, Z: 5248 16:00:50
M X: 3292, Y: -8718, Z: 5402 16:00:50
M X: 3226, Y: -8738, Z: 5405 16:00:50
M X: 3258, Y: -8742, Z: 5414 16:00:50
M X: 3322, Y: -8398, Z: 5403 16:00:50
M X: 3298, Y: -8716, Z: 5473 16:00:50
M X: 3252, Y: -8748, Z: 5459 16:00:50
M X: 3200, Y: -8756, Z: 5380 16:00:50
M X: 3282, Y: -8786, Z: 5471 16:00:50
M X: 3218, Y: -8794, Z: 5421 16:00:50
M X: 3242, Y: -8774, Z: 5266 16:00:50
M X: 3276, Y: -8420, Z: 5425 16:00:50
M X: 3302, Y: -8742, Z: 5359 16:00:50
M X: 3224, Y: -8496, Z: 5443 16:00:50
M X: 3216, Y: -8740, Z: 5487 16:00:50
M X: 3278, Y: -8746, Z: 5481 16:00:50
M X: 3270, Y: -8782, Z: 5491 16:00:50
M X: 3250, Y: -8750, Z: 5485 16:00:50
M X: 3236, Y: -8756, Z: 5466 16:00:50
M X: 3264, Y: -8732, Z: 5487 16:00:50
M X: 3282, Y: -8738, Z: 5469 16:00:50
M X: 3230, Y: -8710, Z: 5254 16:00:50
M X: 3256, Y: -8730, Z: 5460 16:00:50
M X: 3240, Y: -8516, Z: 5480 16:00:50
M X: 3258, Y: -8712, Z: 5478 16:00:50
M X: 3344, Y: -8390, Z: 5314 16:00:50
M X: 3318, Y: -8722, Z: 5496 16:00:50
M X: 3610, Y: -8710, Z: 5447 16:00:50
M X: 3588, Y: -8736, Z: 5250 16:00:50
M X: 3296, Y: -8766, Z: 5473 16:00:50
M X: 3290, Y: -8440, Z: 5418 16:00:50
M X: 3282, Y: -8740, Z: 5457 16:00:50
M X: 3324, Y: -8796, Z: 5412 16:00:50
M X: 3294, Y: -8750, Z: 5428 16:00:50
M X: 3308, Y: -8736, Z: 5250 16:00:50
M X: 3312, Y: -8776, Z: 5282 16:00:50
M X: 3288, Y: -8738, Z: 5248 16:00:50
M X: 3286, Y: -8746, Z: 5324 16:00:50
M X: 3262, Y: -8804, Z: 5491 16:00:50
M X: 3292, Y: -8746, Z: 5253 16:00:50
M X: 3314, Y: -8718, Z: 5460 16:00:50
M X: 3344, Y: -8710, Z: 5278 16:00:50
M X: 3278, Y: -8752, Z: 5460 16:00:50
M X: 3272, Y: -8730, Z: 5494 16:00:50
M X: 3260, Y: -8424, Z: 5252 16:00:50
M X: 3280, Y: -8716, Z: 5388 16:00:50
M X: 3272, Y: -8730, Z: 5430 16:00:50
M X: 3604, Y: -8444, Z: 5284 16:00:50
M X: 3326, Y: -8752, Z: 5477 16:00:51
M X: 3304, Y: -8752, Z: 5467 16:00:51
M X: 3296, Y: -8752, Z: 5446 16:00:51
M X: 3302, Y: -8438, Z: 5470 16:00:51
M X: 3230, Y: -8804, Z: 5464 16:00:51
M X: 3250, Y: -8784, Z: 5275 16:00:51
M X: 3248, Y: -8788, Z: 5436 16:00:51
M X: 3308, Y: -8766, Z: 5485 16:00:51
M X: 3286, Y: -8766, Z: 5328 16:00:51
M X: 3286, Y: -8816, Z: 5266 16:00:51
M X: 3300, Y: -8772, Z: 5276 16:00:51
M X: 3248, Y: -8780, Z: 5479 16:00:51
M X: 3280, Y: -8764, Z: 5452 16:00:51
M X: 3284, Y: -8756, Z: 5452 16:00:51
M X: 3238, Y: -8772, Z: 5433 16:00:51
M X: 3228, Y: -8762, Z: 5498 16:00:51
M X: 3320, Y: -8778, Z: 5433 16:00:51
M X: 3282, Y: -8772, Z: 5444 16:00:51
M X: 3286, Y: -8758, Z: 5499 16:00:51
M X: 3216, Y: -8750, Z: 5477 16:00:51
M X: 3294, Y: -8716, Z: 5454 16:00:51
M X: 3244, Y: -8764, Z: 5490 16:00:51
M X: 3274, Y: -8796, Z: 5497 16:00:51
M X: 3204, Y: -8818, Z: 5479 16:00:51
M X: 3244, Y: -8442, Z: 5305 16:00:51
M X: 3264, Y: -8724, Z: 5281 16:00:51
M X: 3304, Y: -8436, Z: 5251 16:00:51
M X: 3290, Y: -8732, Z: 5340 16:00:51
M X: 3320, Y: -8716, Z: 5264 16:00:51
M X: 3276, Y: -8742, Z: 5489 16:00:51
M X: 3226, Y: -8772, Z: 5465 16:00:51
M X: 3252, Y: -8764, Z: 5269 16:00:51
M X: 3316, Y: -8444, Z: 5498 16:00:51
M X: 3288, Y: -8718, Z: 5289 16:00:51
M X: 3596, Y: -8424, Z: 5451 16:00:51
M X: 3286, Y: -8460, Z: 5431 16:00:51
M X: 3250, Y: -8742, Z: 5490 16:00:51
M X: 3318, Y: -8448, Z: 5316 16:00:51
M X: 3316, Y: -8406, Z: 5496 16:00:51
M X: 3542, Y: -8718, Z: 5474 16:00:51
M X: 3306, Y: -8728, Z: 5266 16:00:51
M X: 3600, Y: -8440, Z: 5285 16:00:51
M X: 3594, Y: -8774, Z: 5486 16:00:51
M X: 3304, Y: -8768, Z: 5440 16:00:51
M X: 3276, Y: -8744, Z: 5482 16:00:51
M X: 3226, Y: -8772, Z: 5487 16:00:51
M X: 3250, Y: -8780, Z: 5459 16:00:51
M X: 3256, Y: -8776, Z: 5484 16:00:51
M X: 3294, Y: -8760, Z: 5448 16:00:51
M X: 3260, Y: -8776, Z: 5448 16:00:51
M X: 3290, Y: -8448, Z: 5478 16:00:51
M X: 3264, Y: -8778, Z: 5463 16:00:51
M X: 3268, Y: -8718, Z: 5307 16:00:51
M X: 3316, Y: -8762, Z: 5467 16:00:51
M X: 3268, Y: -8796, Z: 5488 16:00:51
M X: 3506, Y: -8428, Z: 5485 16:00:51
M X: 3266, Y: -8712, Z: 5452 16:00:51
M X: 3232, Y: -8788, Z: 5412 16:00:51
M X: 3560, Y: -8398, Z: 5396 16:00:51
M X: 3610, Y: -8706, Z: 5458 16:00:51
M X: 3282, Y: -8756, Z: 5468 16:00:51
M X: 3268, Y: -8734, Z: 5291 16:00:51
M X: 3314, Y: -8806, Z: 5484 16:00:51
M X: 3274, Y: -8708, Z: 5431 16:00:51
M X: 3274, Y: -8718, Z: 5391 16:00:51
M X: 3296, Y: -8708, Z: 5444 16:00:51
M X: 3286, Y: -8424, Z: 5471 16:00:51
M X: 3300, Y: -8424, Z: 5392 16:00:51
M X: 3314, Y: -8724, Z: 5254 16:00:51
M X: 3606, Y: -8712, Z: 5493 16:00:51
M X: 3298, Y: -8718, Z: 5465 16:00:51
M X: 3312, Y: -8440, Z: 5455 16:00:51
M X: 3286, Y: -8424, Z: 5432 16:00:51
M X: 3326, Y: -8444, Z: 5458 16:00:51
M X: 3604, Y: -8436, Z: 5423 16:00:51
M X: 3292, Y: -8442, Z: 5272 16:00:51
M X: 3288, Y: -8442, Z: 5499 16:00:51
M X: 3310, Y: -8446, Z: 5458 16:00:51
M X: 3320, Y: -8408, Z: 5401 16:00:51
M X: 3586, Y: -8434, Z: 5480 16:00:51
M X: 3588, Y: -8712, Z: 5461 16:00:51
M X: 3280, Y: -8446, Z: 5499 16:00:51
M X: 3300, Y: -8730, Z: 5465 16:00:51
M X: 3594, Y: -8396, Z: 5286 16:00:51
M X: 3324, Y: -8720, Z: 5266 16:00:51
M X: 3314, Y: -8446, Z: 5502 16:00:51
M X: 3314, Y: -8432, Z: 5271 16:00:51
M X: 3292, Y: -8774, Z: 5267 16:00:51
M X: 3284, Y: -8754, Z: 5427 16:00:51
M X: 3318, Y: -8738, Z: 5490 16:00:51
M X: 3286, Y: -8812, Z: 5258 16:00:51
M X: 3274, Y: -8738, Z: 5260 16:00:51
M X: 3264, Y: -8764, Z: 5404 16:00:51
M X: 3272, Y: -8746, Z: 5494 16:00:51
M X: 3262, Y: -8754, Z: 5454 16:00:51
M X: 3236, Y: -8828, Z: 5257 16:00:51
M X: 3204, Y: -8798, Z: 5494 16:00:51
M X: 3244, Y: -8816, Z: 5467 16:00:51
M X: 3240, Y: -8742, Z: 5466 16:00:51
M X: 3318, Y: -8742, Z: 5470 16:00:51
M X: 3304, Y: -8444, Z: 5493 16:00:51
M X: 3294, Y: -8440, Z: 5467 16:00:51
M X: 3294, Y: -8748, Z: 5479 16:00:51
M X: 3274, Y: -8772, Z: 5472 16:00:51
M X: 3268, Y: -8772, Z: 5476 16:00:51
M X: 3316, Y: -8812, Z: 5477 16:00:51
M X: 3234, Y: -8762, Z: 5417 16:00:51
M X: 3270, Y: -8780, Z: 5442 16:00:51
M X: 3230, Y: -8716, Z: 5448 16:00:51
M X: 3270, Y: -8756, Z: 5477 16:00:51
M X: 3322, Y: -8738, Z: 5335 16:00:51
M X: 3300, Y: -8704, Z: 5459 16:00:51
M X: 3292, Y: -8726, Z: 5446 16:00:51
M X: 3292, Y: -8708, Z: 5432 16:00:51
M X: 3290, Y: -8430, Z: 5456 16:00:51
M X: 3306, Y: -8702, Z: 5458 16:00:51
M X: 3596, Y: -8406, Z: 5408 16:00:52
M X: 3320, Y: -8490, Z: 5488 16:00:52
M X: 3316, Y: -8738, Z: 5458 16:00:52
M X: 3596, Y: -8778, Z: 5441 16:00:52
M X: 3278, Y: -8782, Z: 5479 16:00:52
M X: 3240, Y: -8816, Z: 5459 16:00:52
M X: 3246, Y: -8716, Z: 5451 16:00:52
M X: 3276, Y: -8738, Z: 5264 16:00:52
M X: 3274, Y: -8710, Z: 5477 16:00:52
M X: 3278, Y: -8724, Z: 5450 16:00:52
M X: 3304, Y: -8744, Z: 5487 16:00:52
M X: 3284, Y: -8420, Z: 5472 16:00:52
M X: 3328, Y: -8712, Z: 5441 16:00:52
M X: 3274, Y: -8786, Z: 5496 16:00:52
M X: 3282, Y: -8764, Z: 5423 16:00:52
M X: 3290, Y: -8724, Z: 5425 16:00:52
M X: 3242, Y: -8810, Z: 5302 16:00:52
M X: 3262, Y: -8764, Z: 5425 16:00:52
M X: 3272, Y: -8740, Z: 5456 16:00:52
M X: 3620, Y: -8718, Z: 5443 16:00:52
M X: 3596, Y: -8740, Z: 5414 16:00:52
M X: 3328, Y: -8392, Z: 5479 16:00:52
M X: 3608, Y: -8748, Z: 5425 16:00:52
M X: 3614, Y: -8738, Z: 5461 16:00:52
M X: 3306, Y: -8748, Z: 5422 16:00:52
M X: 3302, Y: -8792, Z: 5445 16:00:52
M X: 3282, Y: -8774, Z: 5397 16:00:52
M X: 3292, Y: -8824, Z: 5406 16:00:52
M X: 3268, Y: -8774, Z: 5454 16:00:52
M X: 3272, Y: -8796, Z: 5422 16:00:52
M X: 3596, Y: -8762, Z: 5446 16:00:52
M X: 3276, Y: -8736, Z: 5252 16:00:52
M X: 3254, Y: -8726, Z: 5478 16:00:52
M X: 3286, Y: -8424, Z: 5492 16:00:52
M X: 3292, Y: -8730, Z: 5475 16:00:52
M X: 3318, Y: -8418, Z: 5107 16:00:52
M X: 3242, Y: -8796, Z: 5465 16:00:52
M X: 3286, Y: -8784, Z: 5440 16:00:52
M X: 3312, Y: -8744, Z: 5476 16:00:52
M X: 3290, Y: -8744, Z: 5463 16:00:52
M X: 3296, Y: -8756, Z: 5422 16:00:52
M X: 3262, Y: -8424, Z: 5438 16:00:52
M X: 3312, Y: -8708, Z: 5495 16:00:52
M X: 3272, Y: -8744, Z: 5306 16:00:52
M X: 3276, Y: -8736, Z: 5463 16:00:52
M X: 3228, Y: -8718, Z: 5437 16:00:52
M X: 3226, Y: -8756, Z: 5440 16:00:52
M X: 3270, Y: -8440, Z: 5267 16:00:52
M X: 3296, Y: -8726, Z: 5462 16:00:52
M X: 3608, Y: -8706, Z: 5426 16:00:52
M X: 3596, Y: -8418, Z: 5461 16:00:52
M X: 3610, Y: -8720, Z: 5460 16:00:52
M X: 3308, Y: -8444, Z: 5462 16:00:52
M X: 3284, Y: -8722, Z: 5449 16:00:52
M X: 3592, Y: -8714, Z: 5411 16:00:52
M X: 3282, Y: -8742, Z: 5259 16:00:52
M X: 3232, Y: -8742, Z: 5480 16:00:52
M X: 3228, Y: -8760, Z: 5449 16:00:52
M X: 3258, Y: -8784, Z: 5460 16:00:52
M X: 3304, Y: -8434, Z: 5484 16:00:52
M X: 3282, Y: -8442, Z: 5294 16:00:52
M X: 3288, Y: -8716, Z: 5481 16:00:52
M X: 3304, Y: -8730, Z: 5428 16:00:52
M X: 3216, Y: -8742, Z: 5503 16:00:52
M X: 3224, Y: -8776, Z: 5481 16:00:52
M X: 3232, Y: -8756, Z: 5484 16:00:52
M X: 3326, Y: -8432, Z: 5458 16:00:52
M X: 3302, Y: -8440, Z: 5454 16:00:52
M X: 3272, Y: -8716, Z: 5275 16:00:52
M X: 3312, Y: -8730, Z: 5472 16:00:52
M X: 3308, Y: -8784, Z: 5493 16:00:52
M X: 3260, Y: -8826, Z: 5461 16:00:52
M X: 3278, Y: -8748, Z: 5275 16:00:52
M X: 3304, Y: -8782, Z: 5427 16:00:52
M X: 3248, Y: -8724, Z: 5456 16:00:52
M X: 3260, Y: -8740, Z: 5406 16:00:52
M X: 3260, Y: -8766, Z: 5265 16:00:52
M X: 3242, Y: -8752, Z: 5255 16:00:52
M X: 3308, Y: -8720, Z: 5433 16:00:52
M X: 3314, Y: -8778, Z: 5287 16:00:52
M X: 3318, Y: -8766, Z: 5276 16:00:52
M X: 3302, Y: -8760, Z: 5267 16:00:52
M X: 3646, Y: -8422, Z: 5497 16:00:52
M X: 3248, Y: -8752, Z: 5482 16:00:52
M X: 3302, Y: -8444, Z: 5452 16:00:52
M X: 3302, Y: -8760, Z: 5436 16:00:52
M X: 3236, Y: -8738, Z: 5437 16:00:52
M X: 3286, Y: -8728, Z: 5469 16:00:52
M X: 3280, Y: -8830, Z: 5259 16:00:52
M X: 3238, Y: -8770, Z: 5473 16:00:52
M X: 3256, Y: -8734, Z: 5484 16:00:52
M X: 3306, Y: -8416, Z: 5270 16:00:52
M X: 3296, Y: -8448, Z: 5491 16:00:52
M X: 3306, Y: -8744, Z: 5494 16:00:52
M X: 3312, Y: -8720, Z: 5488 16:00:52
M X: 3590, Y: -8736, Z: 5496 16:00:52
M X: 3318, Y: -8708, Z: 5489 16:00:52
M X: 3312, Y: -8712, Z: 5442 16:00:52
M X: 3316, Y: -8750, Z: 5500 16:00:52
M X: 3264, Y: -8740, Z: 5456 16:00:52
M X: 3598, Y: -8736, Z: 5287 16:00:52
M X: 3304, Y: -8706, Z: 5499 16:00:52
M X: 3296, Y: -8438, Z: 5468 16:00:52
M X: 3280, Y: -8448, Z: 5251 16:00:52
M X: 3278, Y: -8776, Z: 5486 16:00:52
M X: 3228, Y: -8762, Z: 5252 16:00:52
M X: 3254, Y: -8726, Z: 5436 16:00:52
M X: 3592, Y: -8754, Z: 5499 16:00:52
M X: 3298, Y: -8764, Z: 5303 16:00:52
M X: 3312, Y: -8774, Z: 5460 16:00:52
M X: 3290, Y: -8448, Z: 5437 16:00:53
M X: 3338, Y: -8728, Z: 5490 16:00:53
M X: 3308, Y: -8726, Z: 5460 16:00:53
M X: 3312, Y: -8446, Z: 5472 16:00:53
M X: 3248, Y: -8736, Z: 5405 16:00:53
M X: 3314, Y: -8432, Z: 5454 16:00:53
M X: 3244, Y: -8734, Z: 5480 16:00:53
M X: 3272, Y: -8752, Z: 5426 16:00:53
M X: 3298, Y: -8748, Z: 5262 16:00:53
M X: 3282, Y: -8720, Z: 5503 16:00:53
M X: 3304, Y: -8442, Z: 5450 16:00:53
M X: 3312, Y: -8446, Z: 5276 16:00:53
M X: 3326, Y: -8438, Z: 5250 16:00:53
M X: 3276, Y: -8716, Z: 5446 16:00:53
M X: 3294, Y: -8402, Z: 5463 16:00:53
M X: 3362, Y: -8414, Z: 5252 16:00:53
M X: 3596, Y: -8422, Z: 5496 16:00:53
M X: 3232, Y: -8436, Z: 5457 16:00:53
M X: 3266, Y: -8762, Z: 5429 16:00:53
M X: 3246, Y: -8730, Z: 5272 16:00:53
M X: 3280, Y: -8410, Z: 5433 16:00:53
M X: 3300, Y: -8716, Z: 5487 16:00:53
M X: 3308, Y: -8710, Z: 5483 16:00:53
M X: 3316, Y: -8412, Z: 5493 16:00:53
M X: 3216, Y: -8730, Z: 5498 16:00:53
M X: 3288, Y: -8742, Z: 5258 16:00:53
M X: 3268, Y: -8770, Z: 5252 16:00:53
M X: 3232, Y: -8736, Z: 5248 16:00:53
M X: 3282, Y: -8720, Z: 5503 16:00:53
M X: 3252, Y: -8706, Z: 5492 16:00:53
M X: 3250, Y: -8758, Z: 5457 16:00:53
M X: 3288, Y: -8746, Z: 5451 16:00:53
M X: 3614, Y: -8424, Z: 5484 16:00:53
M X: 3306, Y: -8740, Z: 5249 16:00:53
M X: 3242, Y: -8744, Z: 5503 16:00:53
M X: 3592, Y: -8724, Z: 5266 16:00:53
M X: 3288, Y: -8440, Z: 5498 16:00:53
M X: 3286, Y: -8762, Z: 5279 16:00:53
M X: 3272, Y: -8430, Z: 5490 16:00:53
M X: 3308, Y: -8740, Z: 5249 16:00:53
M X: 3324, Y: -8422, Z: 5423 16:00:53
M X: 3304, Y: -8694, Z: 5265 16:00:53
M X: 3266, Y: -8768, Z: 5485 16:00:53
M X: 3238, Y: -8744, Z: 5305 16:00:53
M X: 3584, Y: -8406, Z: 5481 16:00:53
M X: 3286, Y: -8416, Z: 5444 16:00:53
M X: 3274, Y: -8738, Z: 5407 16:00:53
M X: 3304, Y: -8724, Z: 5503 16:00:53
M X: 3256, Y: -8732, Z: 5283 16:00:53
M X: 3250, Y: -8442, Z: 5497 16:00:53
M X: 3260, Y: -8756, Z: 5249 16:00:53
M X: 3256, Y: -8796, Z: 5259 16:00:53
M X: 3300, Y: -8778, Z: 5255 16:00:53
M X: 3604, Y: -8690, Z: 5260 16:00:53
M X: 3608, Y: -8720, Z: 5477 16:00:53
M X: 3602, Y: -8488, Z: 5475 16:00:53
M X: 3618, Y: -8434, Z: 5456 16:00:53
M X: 3626, Y: -8434, Z: 5463 16:00:53
M X: 3600, Y: -8448, Z: 5417 16:00:53
M X: 3620, Y: -8784, Z: 5480 16:00:53
M X: 3602, Y: -8434, Z: 5473 16:00:53
M X: 3322, Y: -8726, Z: 5483 16:00:53
M X: 3288, Y: -8750, Z: 5455 16:00:53
M X: 3304, Y: -8778, Z: 5495 16:00:53
M X: 3298, Y: -8770, Z: 5271 16:00:53
M X: 3276, Y: -8744, Z: 5250 16:00:53
M X: 3602, Y: -8440, Z: 5252 16:00:53
M X: 3272, Y: -8748, Z: 5262 16:00:53
M X: 3276, Y: -8808, Z: 5453 16:00:53
M X: 3314, Y: -8438, Z: 5499 16:00:53
M X: 3266, Y: -8752, Z: 5273 16:00:53
M X: 3320, Y: -8712, Z: 5496 16:00:53
M X: 3602, Y: -8744, Z: 5482 16:00:53
M X: 3290, Y: -8430, Z: 5262 16:00:53
M X: 3306, Y: -8726, Z: 5437 16:00:53
M X: 3634, Y: -8734, Z: 5492 16:00:53
M X: 3606, Y: -8738, Z: 5480 16:00:53
M X: 3596, Y: -8726, Z: 5480 16:00:53
M X: 3314, Y: -8786, Z: 5503 16:00:53
M X: 3288, Y: -8398, Z: 5488 16:00:53
M X: 3286, Y: -8788, Z: 5432 16:00:53
M X: 3344, Y: -8768, Z: 5461 16:00:53
M X: 3278, Y: -8756, Z: 5491 16:00:53
M X: 3318, Y: -8782, Z: 5293 16:00:53
M X: 3250, Y: -8764, Z: 5456 16:00:53
M X: 3634, Y: -8762, Z: 5262 16:00:53
M X: 3600, Y: -8440, Z: 5484 16:00:53
M X: 3310, Y: -8750, Z: 5433 16:00:53
M X: 3306, Y: -8712, Z: 5472 16:00:53
M X: 3324, Y: -8710, Z: 5421 16:00:53
M X: 3272, Y: -8702, Z: 5458 16:00:53
M X: 3294, Y: -8718, Z: 5479 16:00:53
M X: 3312, Y: -8752, Z: 5448 16:00:53
M X: 3616, Y: -8460, Z: 5439 16:00:53
M X: 3568, Y: -8430, Z: 5438 16:00:53
M X: 3304, Y: -8762, Z: 5249 16:00:53
M X: 3538, Y: -8760, Z: 5473 16:00:53
M X: 3326, Y: -8732, Z: 5265 16:00:53
M X: 3584, Y: -8446, Z: 5500 16:00:53
M X: 3320, Y: -8738, Z: 5426 16:00:53
M X: 3262, Y: -8762, Z: 5444 16:00:53
M X: 3586, Y: -8738, Z: 5421 16:00:53
M X: 3314, Y: -8738, Z: 5495 16:00:54
M X: 3280, Y: -8438, Z: 5501 16:00:54
M X: 3232, Y: -8762, Z: 5472 16:00:54
M X: 3260, Y: -8732, Z: 5502 16:00:54
M X: 3580, Y: -8442, Z: 5256 16:00:54
M X: 3302, Y: -8706, Z: 5452 16:00:54
M X: 3250, Y: -8786, Z: 5402 16:00:54
M X: 3264, Y: -8822, Z: 5462 16:00:54
M X: 3272, Y: -8732, Z: 5491 16:00:54
M X: 3604, Y: -8724, Z: 5451 16:00:54
M X: 3290, Y: -8432, Z: 5491 16:00:54
M X: 3272, Y: -8750, Z: 5402 16:00:54
M X: 3284, Y: -8740, Z: 5440 16:00:54
M X: 3298, Y: -8738, Z: 5453 16:00:54
M X: 3620, Y: -8716, Z: 5450 16:00:54
M X: 3292, Y: -8436, Z: 5398 16:00:54
M X: 3222, Y: -8760, Z: 5479 16:00:54
M X: 3298, Y: -8782, Z: 5451 16:00:54
M X: 3278, Y: -8728, Z: 5476 16:00:54
M X: 3602, Y: -8714, Z: 5408 16:00:54
M X: 3266, Y: -8774, Z: 5405 16:00:54
M X: 3282, Y: -8770, Z: 5495 16:00:54
M X: 3298, Y: -8712, Z: 5469 16:00:54
M X: 3586, Y: -8714, Z: 5493 16:00:54
M X: 3266, Y: -8722, Z: 5308 16:00:54
M X: 3264, Y: -8780, Z: 5262 16:00:54
M X: 3326, Y: -8742, Z: 5452 16:00:54
M X: 3268, Y: -8796, Z: 5433 16:00:54
M X: 3296, Y: -8742, Z: 5465 16:00:54
M X: 3280, Y: -8706, Z: 5260 16:00:54
M X: 3248, Y: -8824, Z: 5451 16:00:54
M X: 3266, Y: -8754, Z: 5287 16:00:54
M X: 3324, Y: -8732, Z: 5262 16:00:54
M X: 3320, Y: -8776, Z: 5264 16:00:54
M X: 3244, Y: -8764, Z: 5483 16:00:54
M X: 3326, Y: -8720, Z: 5465 16:00:54
M X: 3584, Y: -8730, Z: 5477 16:00:54
M X: 3288, Y: -8760, Z: 5490 16:00:54
M X: 3286, Y: -8766, Z: 5472 16:00:54
M X: 3242, Y: -8744, Z: 5489 16:00:54
M X: 3304, Y: -8810, Z: 5286 16:00:54
M X: 3590, Y: -8822, Z: 5475 16:00:54
M X: 3600, Y: -8730, Z: 5489 16:00:54
M X: 3596, Y: -8740, Z: 5466 16:00:54
M X: 3592, Y: -8798, Z: 5480 16:00:54
M X: 3288, Y: -8796, Z: 5441 16:00:54
M X: 3294, Y: -8742, Z: 5473 16:00:54
M X: 3230, Y: -8792, Z: 5254 16:00:54
M X: 3590, Y: -8744, Z: 5409 16:00:54
M X: 3302, Y: -8772, Z: 5441 16:00:54
M X: 3630, Y: -8412, Z: 5468 16:00:54
M X: 3302, Y: -8738, Z: 5385 16:00:54
M X: 3298, Y: -8772, Z: 5391 16:00:54
M X: 3296, Y: -8762, Z: 5479 16:00:54
M X: 3610, Y: -8752, Z: 5427 16:00:54
M X: 3324, Y: -8726, Z: 5429 16:00:54
M X: 3316, Y: -8726, Z: 5429 16:00:54
M X: 3266, Y: -8722, Z: 5430 16:00:54
M X: 3600, Y: -8724, Z: 5433 16:00:54
M X: 3318, Y: -8766, Z: 5471 16:00:54
M X: 3266, Y: -8754, Z: 5154 16:00:54
M X: 3256, Y: -8780, Z: 5484 16:00:54
M X: 3294, Y: -8728, Z: 5257 16:00:54
M X: 3242, Y: -8748, Z: 5447 16:00:54
M X: 3276, Y: -8726, Z: 5441 16:00:54
M X: 3278, Y: -8796, Z: 5400 16:00:54
M X: 3342, Y: -8714, Z: 5407 16:00:54
M X: 3584, Y: -8736, Z: 5434 16:00:54
M X: 3596, Y: -8426, Z: 5470 16:00:54
M X: 3220, Y: -8746, Z: 5456 16:00:54
M X: 3304, Y: -8774, Z: 5481 16:00:54
M X: 3266, Y: -8754, Z: 5482 16:00:54
M X: 3610, Y: -8462, Z: 5457 16:00:54
M X: 3586, Y: -8726, Z: 5500 16:00:54
M X: 3320, Y: -8436, Z: 5258 16:00:54
M X: 3256, Y: -8728, Z: 5464 16:00:54
M X: 3304, Y: -8770, Z: 5253 16:00:54
M X: 3278, Y: -8752, Z: 5256 16:00:54
M X: 3250, Y: -8750, Z: 5473 16:00:54
M X: 3300, Y: -8448, Z: 5459 16:00:54
M X: 3258, Y: -8720, Z: 5428 16:00:54
M X: 3296, Y: -8724, Z: 5485 16:00:54
M X: 3596, Y: -8424, Z: 5497 16:00:54
M X: 3588, Y: -8436, Z: 5260 16:00:54
O X: 0, Y: 0, Z: 0 16:00:54
O X: 0, Y: 0, Z: 0 16:00:54
M X: 620, Y: -4594, Z: 1673 16:35:06
O X: 0, Y: 0, Z: 0 16:35:06
M X: 624, Y: -4572, Z: 1684 16:35:08
O X: 0, Y: 0, Z: 0 16:35:08
M X: 608, Y: -4890, Z: 1676 16:35:33
O X: 0, Y: 0, Z: 0 16:35:33
M X: 562, Y: -4606, Z: 1700 16:36:40
M X: 580, Y: -4636, Z: 1722 16:36:40
O X: 0, Y: 0, Z: 0 16:36:40
O X: 0, Y: 0, Z: 0 16:36:40
M X: -6558, Y: -12326, Z: 10564 17:08:49
O X: 0, Y: 0, Z: 0 17:08:49
