O 2 0 0 14:57:17
O 5 0 0 14:57:18
O 7 0 0 14:57:18
O 10 0 0 14:57:18
O 12 0 0 14:57:18
O 15 0 0 14:57:18
O 17 0 0 14:57:19
O 232 231 37 15:09:30
O 0 0 0 15:10:11
O 212 231 37 15:12:26
O 212 231 10 15:12:42
O 212 231 5 15:12:47
O 212 231 8 15:13:12
O 212 226 8 15:13:20
O 212 223 8 15:13:24
O 212 221 8 15:13:24
O 212 220 8 15:14:53
O 212 220 20 15:15:32
O 212 230 20 15:15:39
O 212 250 20 15:15:50
O 212 221 20 15:17:17
O 212 221 17 15:17:19
O 212 221 15 15:17:23
O 212 221 12 15:17:23
O 209 221 12 15:17:27
O 212 221 12 15:17:34
O 211 221 12 15:17:40
O 211 220 12 15:17:58
O 212 225 12 15:18:47
O 212 225 100 15:19:06
O 212 225 10 15:22:35
O 212 225 100 15:23:56
O 212 225 102 15:24:00
O 212 225 105 15:24:00
O 212 225 107 15:24:02
O 212 225 110 15:24:03
O 101 225 110 15:25:53
O 101 225 10 15:26:56
O 51 225 10 15:28:52
O 81 225 10 15:33:33
O 151 225 10 15:34:32
O 112 225 10 15:35:43
O 112 225 100 15:36:54
O 112 225 0 15:38:18
O 112 225 100 15:51:23
O 112 225 0 15:56:24
O 212 225 100 15:57:56
O 112 115 100 16:00:49
O 112 115 0 16:02:02
O 112 215 0 16:22:14
O 112 225 0 16:23:55
O 112 225 100 16:29:06
O 112 115 100 16:30:53
O 212 225 100 16:35:12
