O 200 232 0 16:16:30
O 200 229 0 16:16:41
O 200 227 0 16:16:41
O 200 227 -2 16:16:47
O 200 227 0 16:16:49
O 202 227 0 16:16:51
O 202 227 -2 16:16:57
O 202 227 0 16:16:58
O 202 227 2 16:16:58
O 205 227 2 16:16:59
O 207 227 2 16:17:04
O 0 0 0 16:26:31
O 0 0 0 16:26:41
O 0 0 0 16:26:42
O 0 0 0 16:26:42
O 0 0 0 16:26:43
O 0 0 0 16:26:43
O 0 0 0 16:26:43
O 0 0 0 16:26:43
O 0 0 0 16:26:43
O 0 0 0 16:26:47
O -2 0 0 16:26:48
O -5 0 0 16:26:49
O 0 0 0 16:26:52
O 0 0 0 16:26:55
O 0 0 0 16:26:56
O 0 0 0 16:26:56
O 0 0 0 16:26:56
O 0 0 0 16:26:56
O -2 0 0 16:27:02
O -5 0 0 16:27:02
O -7 0 0 16:27:03
O -10 0 0 16:27:03
O -12 0 0 16:27:03
O -15 0 0 16:27:03
O -17 0 0 16:27:03
O -20 0 0 16:27:03
O -22 0 0 16:27:03
O -25 0 0 16:27:03
O -27 0 0 16:27:03
O -30 0 0 16:27:03
O -32 0 0 16:27:04
O -35 0 0 16:27:04
O -37 0 0 16:27:04
O -40 0 0 16:27:04
O -42 0 0 16:27:04
O -45 0 0 16:27:04
O -47 0 0 16:27:04
O -50 0 0 16:27:04
O -52 0 0 16:27:04
O -55 0 0 16:27:04
O -57 0 0 16:27:05
O -60 0 0 16:27:05
O -62 0 0 16:27:05
O -65 0 0 16:27:05
O -67 0 0 16:27:05
O -70 0 0 16:27:05
O -72 0 0 16:27:05
O -75 0 0 16:27:05
O -77 0 0 16:27:05
O -80 0 0 16:27:06
O -82 0 0 16:27:06
O -85 0 0 16:27:06
O -87 0 0 16:27:06
O -90 0 0 16:27:06
O -92 0 0 16:27:06
O -95 0 0 16:27:06
O -97 0 0 16:27:06
O -100 0 0 16:27:06
O -102 0 0 16:27:06
O -105 0 0 16:27:07
O -107 0 0 16:27:07
O -110 0 0 16:27:07
O -112 0 0 16:27:07
O -115 0 0 16:27:07
O -117 0 0 16:27:07
O -120 0 0 16:27:07
O -122 0 0 16:27:07
O -125 0 0 16:27:07
O -127 0 0 16:27:07
O -130 0 0 16:27:08
O -132 0 0 16:27:08
O -135 0 0 16:27:08
O -137 0 0 16:27:08
O -140 0 0 16:27:08
O -142 0 0 16:27:08
O -145 0 0 16:27:08
O -147 0 0 16:27:08
O -150 0 0 16:27:08
O -152 0 0 16:27:08
O -155 0 0 16:27:09
O -157 0 0 16:27:09
O -160 0 0 16:27:09
O -162 0 0 16:27:09
O -165 0 0 16:27:09
O -167 0 0 16:27:09
O -170 0 0 16:27:09
O -172 0 0 16:27:09
O -175 0 0 16:27:09
O -177 0 0 16:27:09
O -180 0 0 16:27:10
O -182 0 0 16:27:10
O -185 0 0 16:27:10
O -187 0 0 16:27:10
O -190 0 0 16:27:10
O -192 0 0 16:27:10
O -195 0 0 16:27:10
O -197 0 0 16:27:10
O -200 0 0 16:27:10
O -202 0 0 16:27:10
O -205 0 0 16:27:11
O -207 0 0 16:27:11
O -2 0 0 16:27:11
O -2 0 0 16:27:11
O -2 0 0 16:27:11
O -2 0 0 16:27:11
O -2 0 0 16:27:11
O -2 0 0 16:27:11
O -2 0 0 16:27:11
O -2 0 0 16:27:11
O -2 0 0 16:27:11
O -2 0 0 16:27:11
O -2 0 0 16:27:11
O -2 0 0 16:27:11
O -2 0 0 16:27:11
O -2 0 0 16:27:11
O -2 0 0 16:27:11
O -2 0 0 16:27:11
O -2 0 0 16:27:11
O -2 0 0 16:27:11
O -2 0 0 16:27:11
O -2 0 0 16:27:11
O -2 0 0 16:27:11
O -2 0 0 16:27:11
O -2 0 0 16:27:11
O -2 0 0 16:27:11
O -2 0 0 16:27:11
O -2 0 0 16:27:11
O -2 0 0 16:27:11
O -2 0 0 16:27:11
O -2 0 0 16:27:11
O -2 0 0 16:27:11
O -2 0 0 16:27:11
O -2 0 0 16:27:11
O -2 0 0 16:27:11
O -2 0 0 16:27:11
O -2 0 0 16:27:11
O -2 0 0 16:27:11
O -2 0 0 16:27:11
O -2 0 0 16:27:11
O -2 0 0 16:27:12
O -2 0 0 16:27:12
O -2 0 0 16:27:12
O -2 -2 0 16:27:14
O -2 -5 0 16:27:15
O -2 -7 0 16:27:15
O -2 -10 0 16:27:15
O -2 -12 0 16:27:15
O -2 -15 0 16:27:15
O -2 -17 0 16:27:15
O -2 -20 0 16:27:15
O -2 -22 0 16:27:16
O -2 -25 0 16:27:16
O -2 -27 0 16:27:16
O -2 -30 0 16:27:16
O -2 -32 0 16:27:16
O -2 -35 0 16:27:16
O -2 -37 0 16:27:16
O -2 -40 0 16:27:16
O -2 -42 0 16:27:16
O 0 0 0 16:27:19
O -2 0 0 16:27:20
O -2 -2 0 16:27:20
O -2 -5 0 16:27:21
O -2 -7 0 16:27:21
O -2 -10 0 16:27:21
O -2 -12 0 16:27:21
O -2 -15 0 16:27:21
O -2 -17 0 16:27:21
O -2 -20 0 16:27:21
O -2 -22 0 16:27:21
O -2 -25 0 16:27:22
O -2 -27 0 16:27:22
O -2 -30 0 16:27:23
O -2 -32 0 16:27:23
O -2 -35 0 16:27:23
O -2 -37 0 16:27:23
O -2 -40 0 16:27:23
O -2 -42 0 16:27:23
O -2 -45 0 16:27:23
O -2 -47 0 16:27:23
O -2 -50 0 16:27:24
O -2 -52 0 16:27:24
O -2 -55 0 16:27:24
O -2 -57 0 16:27:24
O -2 -60 0 16:27:24
O -2 -62 0 16:27:24
O -2 -65 0 16:27:24
O -2 -67 0 16:27:24
O -2 -70 0 16:27:24
O -2 -72 0 16:27:24
O -2 -75 0 16:27:25
O -2 -77 0 16:27:25
O -2 -80 0 16:27:25
O -2 -82 0 16:27:25
O -2 -85 0 16:27:25
O -2 -87 0 16:27:25
O -2 -90 0 16:27:25
O -2 -92 0 16:27:25
O -2 -95 0 16:27:25
O -2 -97 0 16:27:25
O -2 -100 0 16:27:26
O -2 -102 0 16:27:26
O -2 -105 0 16:27:26
O -2 -107 0 16:27:26
O -2 -110 0 16:27:26
O -2 -112 0 16:27:26
O -2 -115 0 16:27:26
O -2 -117 0 16:27:26
O -2 -120 0 16:27:26
O -2 -122 0 16:27:26
O -2 -125 0 16:27:27
O -2 -127 0 16:27:27
O -2 -130 0 16:27:27
O -2 -132 0 16:27:27
O -2 -135 0 16:27:27
O -2 -137 0 16:27:27
O -2 -140 0 16:27:27
O -2 -142 0 16:27:27
O -2 -145 0 16:27:27
O -2 -147 0 16:27:27
O -2 -150 0 16:27:28
O -2 -152 0 16:27:28
O -2 -155 0 16:27:28
O -2 -157 0 16:27:28
O -2 -160 0 16:27:28
O -2 -162 0 16:27:28
O -2 -165 0 16:27:28
O -2 -167 0 16:27:28
O -2 -170 0 16:27:28
O -2 -172 0 16:27:29
O -2 -175 0 16:27:29
O -2 -177 0 16:27:29
O -2 -180 0 16:27:29
O -2 -182 0 16:27:29
O -2 -185 0 16:27:29
O -2 -187 0 16:27:29
O -2 -190 0 16:27:29
O -2 -192 0 16:27:29
O -2 -195 0 16:27:29
O -2 -197 0 16:27:30
O -2 -200 0 16:27:30
O -2 -202 0 16:27:30
O -2 -205 0 16:27:30
O -2 -207 0 16:27:30
O -2 -210 0 16:27:30
O -2 -212 0 16:27:30
O -2 -215 0 16:27:30
O -2 -217 0 16:27:30
O -2 -220 0 16:27:30
O -2 -222 0 16:27:31
O -2 -225 0 16:27:31
O -2 -227 0 16:27:31
O -2 -2 0 16:27:31
O -2 -2 0 16:27:31
O -2 -2 0 16:27:31
O -2 -2 0 16:27:31
O -2 -2 0 16:27:31
O -2 -2 0 16:27:31
O -2 -2 0 16:27:31
O -2 -2 0 16:27:31
O -2 -2 0 16:27:31
O -2 -2 0 16:27:31
O -2 -2 0 16:27:31
O -2 -2 0 16:27:31
O -2 -2 0 16:27:31
O -2 -2 0 16:27:31
O -2 -2 0 16:27:31
O -2 -2 0 16:27:31
O -2 -2 0 16:27:31
O -2 -2 0 16:27:31
O -2 -2 0 16:27:31
O -2 -2 0 16:27:31
O -2 -2 0 16:27:31
O -2 -2 0 16:27:31
O -2 -2 0 16:27:31
O -2 -2 0 16:27:31
O -2 -2 0 16:27:31
O -2 -2 0 16:27:31
O -2 -2 0 16:27:31
O -2 -2 0 16:27:31
O -2 -2 0 16:27:31
O -2 -2 0 16:27:31
O -2 -2 0 16:27:31
O -2 -2 0 16:27:31
O -2 -2 0 16:27:31
O -2 -2 0 16:27:31
O -2 -2 0 16:27:31
O -2 -2 0 16:27:31
O -2 -2 0 16:27:31
O -2 -2 0 16:27:31
O -2 -2 0 16:27:32
O -2 0 0 16:27:33
O -2 -2 0 16:27:34
O -2 -2 0 16:27:34
O -2 -2 0 16:27:34
O 0 -2 0 16:27:35
O -2 -2 0 16:27:36
O 0 -2 0 16:27:36
O 0 -2 0 16:27:36
O 0 -2 0 16:27:37
O 2 -2 0 16:27:37
O 0 -2 0 16:27:37
O 0 0 0 16:27:38
O 0 -2 0 16:27:38
O 0 -2 0 16:27:39
O 0 -2 0 16:27:39
O 0 -2 0 16:27:39
O 0 -2 0 16:27:39
O 0 -2 0 16:27:39
O 0 -2 0 16:27:39
O 0 -2 0 16:27:39
O 0 -2 0 16:27:39
O 0 -2 0 16:27:39
O 0 -2 0 16:27:39
O 0 -2 0 16:27:39
O 0 -2 0 16:27:39
O 0 -2 0 16:27:39
O 2 -2 0 16:27:40
O 2 -2 0 16:27:40
O 0 -2 0 16:27:40
O 0 0 0 16:27:41
O 0 -2 0 16:27:41
O 0 -2 -2 16:27:42
O 0 -2 0 16:27:42
O 0 -2 2 16:27:42
O 0 -2 0 16:27:43
