O 2 0 0 14:07:03
O 5 0 0 14:07:03
O 7 0 0 14:07:04
O 10 0 0 14:07:04
O 12 0 0 14:07:04
O 15 0 0 14:07:04
O 17 0 0 14:07:04
O 20 0 0 14:07:04
O 22 0 0 14:07:04
O 25 0 0 14:07:04
O 27 0 0 14:07:04
O 30 0 0 14:07:04
O 32 0 0 14:07:05
O 35 0 0 14:07:05
O 37 0 0 14:07:05
O 40 0 0 14:07:05
O 42 0 0 14:07:05
O 45 0 0 14:07:05
O 47 0 0 14:07:05
O 50 0 0 14:07:05
O 52 0 0 14:07:05
O 55 0 0 14:07:05
O 57 0 0 14:07:06
O 60 0 0 14:07:06
O 62 0 0 14:07:06
O 65 0 0 14:07:06
O 67 0 0 14:07:06
O 70 0 0 14:07:06
O 72 0 0 14:07:06
O 75 0 0 14:07:06
O 77 0 0 14:07:06
O 80 0 0 14:07:06
O 82 0 0 14:07:07
O 85 0 0 14:07:07
O 87 0 0 14:07:07
O 90 0 0 14:07:07
O 92 0 0 14:07:07
O 95 0 0 14:07:07
O 97 0 0 14:07:07
O 100 0 0 14:07:07
O 102 0 0 14:07:07
O 105 0 0 14:07:08
O 107 0 0 14:07:08
O 110 0 0 14:07:08
O 112 0 0 14:07:08
O 115 0 0 14:07:08
O 117 0 0 14:07:08
O 120 0 0 14:07:08
O 122 0 0 14:07:08
O 125 0 0 14:07:08
O 127 0 0 14:07:08
O 130 0 0 14:07:09
O 132 0 0 14:07:09
O 135 0 0 14:07:09
O 137 0 0 14:07:09
O 140 0 0 14:07:09
O 142 0 0 14:07:09
O 145 0 0 14:07:09
O 147 0 0 14:07:09
O 150 0 0 14:07:09
O 152 0 0 14:07:09
O 155 0 0 14:07:10
O 157 0 0 14:07:10
O 160 0 0 14:07:10
O 162 0 0 14:07:10
O 165 0 0 14:07:10
O 167 0 0 14:07:10
O 170 0 0 14:07:10
O 172 0 0 14:07:10
O 175 0 0 14:07:10
O 177 0 0 14:07:10
O 180 0 0 14:07:11
O 182 0 0 14:07:11
O 185 0 0 14:07:11
O 187 0 0 14:07:11
O 190 0 0 14:07:11
O 192 0 0 14:07:11
O 195 0 0 14:07:11
O 197 0 0 14:07:11
O 200 0 0 14:07:11
O 202 0 0 14:07:11
O 205 0 0 14:07:12
O 207 0 0 14:07:12
O 210 0 0 14:07:12
O 212 0 0 14:07:12
O 210 0 0 14:07:13
O 207 0 0 14:07:13
O -2 0 0 14:07:30
O 0 0 0 14:07:30
O 2 0 0 14:07:42
O 5 0 0 14:07:42
O 7 0 0 14:07:42
O 10 0 0 14:07:42
O 12 0 0 14:07:42
O 15 0 0 14:07:42
O 17 0 0 14:07:42
O 20 0 0 14:07:42
O 22 0 0 14:07:42
O 25 0 0 14:07:42
O 27 0 0 14:07:42
O 30 0 0 14:07:43
O 32 0 0 14:07:43
O 35 0 0 14:07:43
O 37 0 0 14:07:43
O 40 0 0 14:07:43
O 42 0 0 14:07:43
O 45 0 0 14:07:43
O 47 0 0 14:07:43
O 50 0 0 14:07:43
O 52 0 0 14:07:43
O 55 0 0 14:07:44
O 57 0 0 14:07:44
O 60 0 0 14:07:44
O 62 0 0 14:07:44
O 65 0 0 14:07:44
O 67 0 0 14:07:44
O 70 0 0 14:07:44
O 72 0 0 14:07:45
O 75 0 0 14:07:45
O 77 0 0 14:07:45
O 80 0 0 14:07:45
O 82 0 0 14:07:45
O 85 0 0 14:07:46
O 87 0 0 14:07:46
O 90 0 0 14:07:46
O 92 0 0 14:07:46
O 95 0 0 14:07:46
O 97 0 0 14:07:46
O 100 0 0 14:07:46
O 102 0 0 14:07:46
O 105 0 0 14:07:46
O 107 0 0 14:07:46
O 110 0 0 14:07:47
O 112 0 0 14:07:47
O 115 0 0 14:07:47
O 117 0 0 14:07:47
O 120 0 0 14:07:47
O 122 0 0 14:07:48
O 125 0 0 14:07:48
O 127 0 0 14:07:48
O 130 0 0 14:07:48
O 132 0 0 14:07:48
O 135 0 0 14:07:48
O 137 0 0 14:07:49
O 140 0 0 14:07:49
O 142 0 0 14:07:49
O 145 0 0 14:07:49
O 147 0 0 14:07:49
O 150 0 0 14:07:50
O 152 0 0 14:07:50
O 155 0 0 14:07:50
O 157 0 0 14:07:50
O 160 0 0 14:07:51
O 162 0 0 14:07:51
O 165 0 0 14:07:51
O 167 0 0 14:07:51
O 170 0 0 14:07:52
O 172 0 0 14:07:52
O 175 0 0 14:07:52
O 177 0 0 14:07:52
O 180 0 0 14:07:52
O 182 0 0 14:07:53
O 185 0 0 14:07:53
O 187 0 0 14:07:53
O 190 0 0 14:07:53
O 192 0 0 14:07:54
O 195 0 0 14:07:54
O 197 0 0 14:07:55
O 195 0 0 14:07:56
O 192 0 0 14:07:56
O 190 0 0 14:07:57
O 187 0 0 14:07:57
O 185 0 0 14:07:57
O 185 2 0 14:07:57
O 185 5 0 14:07:58
O 185 7 0 14:07:58
O 185 10 0 14:07:58
O 185 12 0 14:07:58
O 185 15 0 14:07:59
O 185 17 0 14:07:59
O 185 20 0 14:07:59
O 185 22 0 14:07:59
O 185 25 0 14:07:59
O 185 27 0 14:07:59
O 185 30 0 14:07:59
O 185 32 0 14:07:59
O 185 35 0 14:07:59
O 185 37 0 14:08:00
O 185 40 0 14:08:00
O 185 42 0 14:08:00
O 185 45 0 14:08:00
O 185 47 0 14:08:00
O 185 50 0 14:08:00
O 185 52 0 14:08:00
O 185 55 0 14:08:00
O 185 57 0 14:08:00
O 185 60 0 14:08:00
O 185 62 0 14:08:01
O 185 65 0 14:08:01
O 185 67 0 14:08:01
O 185 70 0 14:08:01
O 185 72 0 14:08:01
O 185 75 0 14:08:01
O 185 77 0 14:08:01
O 185 80 0 14:08:01
O 185 82 0 14:08:01
O 185 85 0 14:08:01
O 185 87 0 14:08:02
O 185 90 0 14:08:02
O 185 92 0 14:08:02
O 185 95 0 14:08:02
O 185 97 0 14:08:02
O 185 100 0 14:08:02
O 185 102 0 14:08:02
O 185 105 0 14:08:02
O 185 107 0 14:08:02
O 185 110 0 14:08:02
O 185 112 0 14:08:03
O 185 115 0 14:08:03
O 185 117 0 14:08:03
O 185 120 0 14:08:04
O 185 122 0 14:08:04
O 185 125 0 14:08:04
O 185 127 0 14:08:04
O 185 130 0 14:08:04
O 185 132 0 14:08:04
O 185 135 0 14:08:04
O 185 137 0 14:08:04
O 185 140 0 14:08:05
O 185 142 0 14:08:05
O 185 145 0 14:08:05
O 185 147 0 14:08:05
O 185 150 0 14:08:05
O 185 152 0 14:08:05
O 185 155 0 14:08:05
O 185 157 0 14:08:05
O 185 160 0 14:08:05
O 185 162 0 14:08:05
O 185 165 0 14:08:06
O 185 167 0 14:08:06
O 185 170 0 14:08:06
O 185 172 0 14:08:06
O 185 175 0 14:08:06
O 185 177 0 14:08:07
O 182 177 0 14:08:07
O 182 180 0 14:08:07
O 180 180 0 14:08:08
O 180 182 0 14:08:08
O 177 182 0 14:08:08
O 177 185 0 14:08:09
O 175 185 0 14:08:09
O 175 187 0 14:08:09
O 175 190 0 14:08:10
O 175 192 0 14:08:10
O 175 195 0 14:08:10
O 177 195 0 14:08:10
O 180 195 0 14:08:11
O 182 195 0 14:08:12
O 180 195 0 14:08:13
O 180 197 0 14:08:13
O 180 200 0 14:08:14
O 180 202 0 14:08:14
O 180 205 0 14:08:14
O 180 207 0 14:08:15
O 182 207 0 14:08:16
O 182 207 2 14:08:21
O 182 207 5 14:08:21
O 182 207 7 14:08:22
O 182 207 10 14:08:23
O 180 207 10 14:08:25
O 177 207 10 14:08:25
O 177 205 10 14:08:26
O 177 202 10 14:08:26
O 175 202 10 14:08:26
O 175 202 7 14:08:28
O 175 202 5 14:08:29
O 177 202 5 14:08:30
O 180 202 5 14:08:31
O 182 202 5 14:08:31
O 185 202 5 14:08:31
O 182 202 5 14:08:32
O 182 205 5 14:08:33
O 182 207 5 14:08:33
O 185 207 5 14:08:34
O 182 207 5 14:08:34
O 185 207 5 14:08:34
O 185 210 5 14:08:35
O 182 210 5 14:08:37
O 182 207 5 14:08:37
O 185 207 5 14:08:38
O 182 207 5 14:08:38
O 182 210 5 14:08:38
O 182 207 5 14:08:39
O 185 207 5 14:08:39
O 182 207 5 14:08:39
O 180 207 5 14:08:39
O 180 210 5 14:08:40
O 182 210 5 14:08:40
O 182 207 5 14:08:41
O 185 207 5 14:08:41
O 185 205 5 14:08:42
O 182 205 5 14:08:42
O 185 205 5 14:08:43
O 182 205 5 14:08:43
O 182 207 5 14:08:44
O 182 205 5 14:08:44
O 180 205 5 14:08:45
O 182 205 5 14:08:46
O 182 207 5 14:08:47
O 182 205 5 14:08:47
O 180 205 5 14:08:47
O 182 205 5 14:08:48
O 182 207 5 14:08:48
O 182 205 5 14:08:49
O 182 207 5 14:08:49
O 182 205 5 14:08:50
O 182 207 5 14:08:50
O 180 207 5 14:13:04
O 180 205 5 14:13:06
O 177 205 5 14:13:47
O 175 205 5 14:13:48
O 172 205 5 14:13:48
O 170 205 5 14:13:48
O 167 205 5 14:13:48
O 165 205 5 14:13:48
O 162 205 5 14:13:49
O 160 205 5 14:13:49
O 157 205 5 14:13:49
O 155 205 5 14:13:49
O 152 205 5 14:13:49
O 150 205 5 14:13:49
O 147 205 5 14:13:50
O 145 205 5 14:13:50
O 147 205 5 14:18:37
O 150 205 5 14:18:39
O 152 205 5 14:18:39
O 155 205 5 14:18:39
O 157 205 5 14:18:40
O 160 205 5 14:18:40
O 162 205 5 14:18:40
O 165 205 5 14:18:42
O 167 205 5 14:18:42
O 170 205 5 14:18:42
O 172 205 5 14:18:43
O 175 205 5 14:18:43
O 177 205 5 14:18:44
O 180 205 5 14:18:44
O 180 207 5 14:18:46
O 182 207 5 14:18:46
O 182 205 5 14:18:47
O 182 207 5 14:18:48
O 180 207 5 14:18:50
O 182 207 5 14:18:50
O 185 207 5 14:18:51
O 182 207 5 14:18:52
O 182 205 5 14:18:53
O 182 207 5 14:18:53
O 185 207 5 14:18:54
O 182 207 5 14:18:54
O 182 205 5 14:18:54
O 182 207 5 14:18:55
O 185 207 5 14:18:55
O 182 207 5 14:18:55
O 182 205 5 14:18:56
O 182 207 5 14:18:56
O 185 207 5 14:18:56
O 182 207 5 14:18:57
O 182 205 5 14:18:57
O 180 205 5 14:19:08
O 182 205 5 14:19:11
O 180 205 5 14:19:12
O 182 205 5 14:19:12
O 180 205 5 14:19:13
O 182 205 5 14:19:13
O 180 205 5 14:19:13
O 177 205 5 14:23:49
O 180 205 5 14:23:50
