O0 -2 0 0 14:50:07
O0 -5 0 0 14:50:17
O0 1 0 0 14:52:35
O0 2 0 0 14:52:37
O0 3 0 0 14:52:39
O0 4 0 0 14:52:40
O0 5 0 0 14:52:41
O0 6 0 0 14:52:41
O0 7 0 0 14:52:41
O0 8 0 0 14:52:42
O0 9 0 0 14:52:42
O0 10 0 0 14:52:42
O0 11 0 0 14:52:42
O0 12 0 0 14:52:42
O0 13 0 0 14:52:43
O0 14 0 0 14:52:43
O0 15 0 0 14:52:43
O0 16 0 0 14:52:43
O0 17 0 0 14:52:44
O0 18 0 0 14:52:44
O0 19 0 0 14:52:44
O0 18 0 0 14:52:45
O0 17 0 0 14:52:45
O0 16 0 0 14:52:45
O0 15 0 0 14:52:45
O0 14 0 0 14:52:45
O0 13 0 0 14:52:46
O0 12 0 0 14:52:46
O0 11 0 0 14:52:46
O0 10 0 0 14:52:46
O0 9 0 0 14:52:46
O0 8 0 0 14:52:47
O0 7 0 0 14:52:47
O0 6 0 0 14:52:47
O0 5 0 0 14:52:47
O0 4 0 0 14:52:47
O0 3 0 0 14:52:48
O0 2 0 0 14:52:48
O0 1 0 0 14:52:48
O0 0 0 0 14:52:48
O0 -1 0 0 14:52:49
O0 -2 0 0 14:52:50
O0 -3 0 0 14:52:50
O0 -4 0 0 14:52:50
O0 -5 0 0 14:52:50
O0 -6 0 0 14:52:51
O0 -7 0 0 14:52:51
O0 -8 0 0 14:52:51
O0 -7 0 0 14:52:53
O0 -6 0 0 14:52:53
O0 -5 0 0 14:52:53
O0 -4 0 0 14:52:54
O0 -3 0 0 14:52:54
O0 -2 0 0 14:52:54
O0 -1 0 0 14:52:54
O0 0 0 0 14:52:54
O0 1 0 0 14:52:55
O0 2 0 0 14:52:55
O0 1 0 0 14:52:55
O0 0 0 0 14:52:55
O0 -1 0 0 14:52:56
O0 -2 0 0 14:52:56
O0 -3 0 0 14:52:56
O0 -4 0 0 14:52:56
O0 -5 0 0 14:52:57
O0 -6 0 0 14:52:57
O0 -7 0 0 14:52:57
O0 -8 0 0 14:52:58
O0 -7 0 0 14:52:59
O0 -6 0 0 14:52:59
O0 -5 0 0 14:53:00
O0 -4 0 0 14:53:00
O0 -3 0 0 14:53:00
O0 -2 0 0 14:53:00
O0 -1 0 0 14:53:01
O0 0 0 0 14:53:01
O0 1 0 0 14:53:01
O0 2 0 0 14:53:01
O0 3 0 0 14:53:02
O0 4 0 0 14:53:02
O0 5 0 0 14:53:02
O0 6 0 0 14:53:02
O0 7 0 0 14:53:02
O0 8 0 0 14:53:03
O0 9 0 0 14:53:03
O0 10 0 0 14:53:04
O0 11 0 0 14:53:04
O0 12 0 0 14:53:04
O0 13 0 0 14:53:05
O0 14 0 0 14:53:05
O0 15 0 0 14:53:06
O0 16 0 0 14:53:06
O0 17 0 0 14:53:07
O0 18 0 0 14:53:07
O0 19 0 0 14:53:07
O0 20 0 0 14:53:07
O0 21 0 0 14:53:08
O0 22 0 0 14:53:08
O0 23 0 0 14:53:08
O0 1 0 0 14:53:42
O0 2 0 0 14:53:43
O0 3 0 0 14:53:44
O0 4 0 0 14:53:44
O0 5 0 0 14:53:44
O0 6 0 0 14:53:45
O0 7 0 0 14:53:45
O0 8 0 0 14:53:46
O0 9 0 0 14:53:46
O0 10 0 0 14:53:46
O0 11 0 0 14:53:46
O0 12 0 0 14:53:47
O0 13 0 0 14:53:47
O0 14 0 0 14:53:48
O0 15 0 0 14:53:48
O0 16 0 0 14:53:48
O0 17 0 0 14:53:48
O0 18 0 0 14:53:49
O0 19 0 0 14:53:49
O0 20 0 0 14:53:49
O0 21 0 0 14:53:49
O0 22 0 0 14:53:49
O0 23 0 0 14:53:50
O0 24 0 0 14:53:50
O0 25 0 0 14:53:50
O0 24 0 0 14:53:50
O0 23 0 0 14:53:50
O0 22 0 0 14:53:51
O0 21 0 0 14:53:51
O0 20 0 0 14:53:51
O0 19 0 0 14:53:51
O0 18 0 0 14:53:51
O0 17 0 0 14:53:52
O0 16 0 0 14:53:52
O0 15 0 0 14:53:52
O0 14 0 0 14:53:52
O0 13 0 0 14:53:53
O0 12 0 0 14:53:53
O0 11 0 0 14:53:53
O0 10 0 0 14:53:54
O0 9 0 0 14:53:54
O0 8 0 0 14:53:54
O0 7 0 0 14:53:54
O0 6 0 0 14:53:55
O0 5 0 0 14:53:55
O0 4 0 0 14:53:55
O0 3 0 0 14:53:56
O0 2 0 0 14:53:56
O0 1 0 0 14:53:56
O0 0 0 0 14:53:57
O0 -1 0 0 14:53:57
O0 -2 0 0 14:53:58
O0 -1 0 0 14:54:00
O0 0 0 0 14:54:00
O0 1 0 0 14:54:00
O0 2 0 0 14:54:01
O0 3 0 0 14:54:01
O0 4 0 0 14:54:01
O0 5 0 0 14:54:02
O0 6 0 0 14:54:02
O0 7 0 0 14:54:02
O0 8 0 0 14:54:03
O0 9 0 0 14:54:03
O0 10 0 0 14:54:03
O0 11 0 0 14:54:03
O0 12 0 0 14:54:04
O0 13 0 0 14:54:04
O0 14 0 0 14:54:04
O0 15 0 0 14:54:05
O0 16 0 0 14:54:05
O0 17 0 0 14:54:05
O0 18 0 0 14:54:06
O0 19 0 0 14:54:06
O0 20 0 0 14:54:06
O0 21 0 0 14:54:07
O0 22 0 0 14:54:07
O0 23 0 0 14:54:07
O0 24 0 0 14:54:07
O0 25 0 0 14:54:08
O0 26 0 0 14:54:08
O0 27 0 0 14:54:08
O0 28 0 0 14:54:08
O0 29 0 0 14:54:08
O0 30 0 0 14:54:09
O0 31 0 0 14:54:09
O0 32 0 0 14:54:09
O0 33 0 0 14:54:09
O0 34 0 0 14:54:10
O0 35 0 0 14:54:10
O0 36 0 0 14:54:10
O0 37 0 0 14:54:10
O0 38 0 0 14:54:11
O0 39 0 0 14:54:11
O0 40 0 0 14:54:11
O0 41 0 0 14:54:11
O0 1 0 0 15:01:04
O0 2 0 0 15:01:05
O0 3 0 0 15:01:05
O0 10 0 0 15:01:10
O0 50 0 0 15:01:17
O0 0 0 0 15:01:24
O0 1 0 0 15:01:26
O0 2 0 0 15:01:27
O0 3 0 0 15:01:27
O0 2 0 0 15:01:28
O0 1 0 0 15:01:28
O0 0 0 0 15:01:28
O0 1 0 0 15:01:29
O0 2 0 0 15:01:30
O0 3 0 0 15:01:30
O0 100 0 0 15:01:40
O0 0 0 0 15:03:31
O0 1 0 0 15:04:57
O0 2 0 0 15:04:58
O0 3 0 0 15:04:58
O0 4 0 0 15:04:59
O0 5 0 0 15:04:59
O0 6 0 0 15:04:59
O0 7 0 0 15:05:00
O0 8 0 0 15:05:00
O0 9 0 0 15:05:00
O0 10 0 0 15:05:00
O0 11 0 0 15:05:01
O0 12 0 0 15:05:01
O0 100 0 0 15:05:10
O0 0 0 0 15:05:18
