M1 372 -4646 2454 14:02:00
O 0 0 0 14:02:00
M2 -10682 -4748 6243 14:02:17
M3 5822 2378 -3161 14:02:21
M4 -2164 -6560 -63 14:02:28
M5 8924 794 7144 14:02:36
M1 362 -4666 2547 14:02:39
M2 -10614 -4716 6263 14:02:39
M3 5802 2386 -3116 14:02:39
M4 -2184 -6572 18 14:02:39
M5 8922 736 7097 14:02:39
M1 334 -4692 2425 14:02:46
M2 -10672 -4760 6235 14:02:46
M3 5834 2380 -2981 14:02:46
M4 -2126 -6660 -50 14:02:46
M5 8902 718 7045 14:02:46
M1 326 -4696 2533 14:02:48
M2 -10654 -4764 6306 14:02:48
M3 5834 2412 -3075 14:02:48
M4 -2150 -6578 -68 14:02:48
M5 8884 764 7084 14:02:48
M1 356 -4660 2492 14:02:48
M2 -10656 -4732 6146 14:02:48
M3 5820 2400 -3101 14:02:48
M4 -2172 -6612 -60 14:02:48
M5 8886 744 7150 14:02:48
M1 340 -4668 2475 14:02:49
M2 -10634 -4722 6206 14:02:49
M3 5836 2402 -3065 14:02:49
M4 -2164 -6602 21 14:02:49
M5 8974 758 7134 14:02:49
M1 366 -4718 2470 14:02:50
M2 -10622 -4714 6263 14:02:50
M3 5798 2412 -3088 14:02:50
M4 -2178 -6654 -47 14:02:50
M5 8912 754 7056 14:02:50
M1 340 -4664 2547 14:02:51
M2 -10710 -4744 6218 14:02:51
M3 5792 2388 -3104 14:02:51
M4 -2212 -6588 22 14:02:51
M5 8912 774 7091 14:02:51
M1 338 -4678 2452 14:02:51
M2 -10586 -4676 6238 14:02:51
M3 5776 2344 -3129 14:02:51
M4 -2228 -6626 -9 14:02:51
M5 8896 828 7099 14:02:51
M1 392 -4680 2467 14:02:52
M2 -10612 -4716 6170 14:02:52
M3 5764 2380 -3160 14:02:52
M4 -2168 -6640 -40 14:02:52
M5 8890 734 7098 14:02:52
M1 360 -4616 2490 14:02:52
M2 -10634 -4698 6261 14:02:52
M3 5814 2390 -3062 14:02:52
M4 -2168 -6590 38 14:02:52
M5 8886 766 7166 14:02:52
M1 312 -4682 2524 14:02:52
M2 -10694 -4672 6182 14:02:52
M3 5808 2386 -3167 14:02:52
M4 -2246 -6594 11 14:02:52
M5 8894 708 7140 14:02:52
M1 360 -4646 2445 14:02:52
M2 -10700 -4698 6233 14:02:52
M3 5806 2420 -3117 14:02:52
M4 -2218 -6594 78 14:02:52
M5 8932 812 7154 14:02:52
O 0 0 2 14:07:50
O 0 2 2 14:07:53
O 2 2 2 14:07:55
O 5 2 2 14:07:55
O 7 2 2 14:07:56
O 10 2 2 14:07:56
O 12 2 2 14:07:56
O 15 2 2 14:07:57
O 17 2 2 14:07:57
O 20 2 2 14:07:57
O 22 2 2 14:07:57
O 25 2 2 14:07:57
O 27 2 2 14:07:57
O 30 2 2 14:07:57
O 32 2 2 14:07:58
O 35 2 2 14:07:58
O 37 2 2 14:07:58
O 40 2 2 14:07:58
O 42 2 2 14:07:58
O 45 2 2 14:07:58
O 47 2 2 14:07:58
O 50 2 2 14:07:58
O 52 2 2 14:07:58
O 55 2 2 14:07:59
O 57 2 2 14:07:59
O 60 2 2 14:07:59
O 62 2 2 14:07:59
O 65 2 2 14:07:59
O 67 2 2 14:07:59
O 70 2 2 14:07:59
O 72 2 2 14:07:59
O 75 2 2 14:07:59
O 77 2 2 14:07:59
O 80 2 2 14:08:00
O 82 2 2 14:08:00
O 85 2 2 14:08:00
O 87 2 2 14:08:00
O 90 2 2 14:08:00
O 92 2 2 14:08:00
O 95 2 2 14:08:00
O 97 2 2 14:08:00
O 100 2 2 14:08:00
O 102 2 2 14:08:00
O 105 2 2 14:08:01
O 107 2 2 14:08:01
O 110 2 2 14:08:01
O 112 2 2 14:08:01
O 115 2 2 14:08:01
O 117 2 2 14:08:01
O 120 2 2 14:08:01
O 122 2 2 14:08:01
O 125 2 2 14:08:01
O 127 2 2 14:08:01
O 130 2 2 14:08:02
O 132 2 2 14:08:02
O 135 2 2 14:08:02
O 137 2 2 14:08:03
O 140 2 2 14:08:03
O 142 2 2 14:08:03
O 145 2 2 14:08:03
O 147 2 2 14:08:04
O 150 2 2 14:08:04
O 152 2 2 14:08:05
O 155 2 2 14:08:05
O 157 2 2 14:08:05
O 160 2 2 14:08:06
O 162 2 2 14:08:06
O 165 2 2 14:08:06
O 165 5 2 14:08:07
O 165 7 2 14:08:07
O 165 10 2 14:08:07
O 165 12 2 14:08:08
O 165 15 2 14:08:08
O 165 17 2 14:08:08
O 165 20 2 14:08:08
O 165 22 2 14:08:08
O 165 25 2 14:08:08
O 165 27 2 14:08:08
O 165 30 2 14:08:08
O 165 32 2 14:08:08
O 165 35 2 14:08:08
O 165 37 2 14:08:09
O 165 40 2 14:08:09
O 165 42 2 14:08:09
O 165 45 2 14:08:09
O 165 47 2 14:08:09
O 165 50 2 14:08:09
O 165 52 2 14:08:09
O 165 55 2 14:08:09
O 165 57 2 14:08:09
O 165 60 2 14:08:09
O 165 62 2 14:08:10
O 165 65 2 14:08:10
O 165 67 2 14:08:10
O 165 70 2 14:08:10
O 165 72 2 14:08:10
O 165 75 2 14:08:10
O 165 77 2 14:08:10
O 165 80 2 14:08:10
O 0 2 0 14:08:28
O 0 5 0 14:08:28
O 0 7 0 14:08:28
O 0 10 0 14:08:29
O 0 12 0 14:08:29
O 0 15 0 14:08:29
O 0 17 0 14:08:29
O 0 20 0 14:08:29
O 0 22 0 14:08:29
O 0 25 0 14:08:29
O -2 0 0 14:19:12
O -2 0 0 14:30:29
O 0 0 0 14:30:37
O 2 0 0 14:44:09
O 5 0 0 14:44:18
O -2 0 0 14:45:26
O -5 0 0 14:45:27
O -2 0 0 14:45:28
O -2 -2 0 14:45:28
O -5 -2 0 14:45:28
O -2 -2 0 14:45:29
O -2 -5 0 14:45:29
O -5 -5 0 14:45:29
O -7 -5 0 14:45:29
O -7 -7 0 14:45:30
O -10 -7 0 14:45:30
O -10 -10 0 14:45:30
O -12 -12 0 14:45:30
O -15 -12 0 14:45:30
O -17 -15 0 14:45:31
O -20 -15 0 14:45:31
O -22 -15 0 14:45:31
O -25 -17 0 14:45:31
O -27 -20 0 14:45:33
O 50 50 0 14:51:21
O 52 50 0 14:51:22
O 55 50 0 14:51:23
O 52 50 0 14:51:24
O 50 50 0 14:51:24
O 52 50 0 14:51:25
O 55 50 0 14:51:25
O 55 52 0 14:51:25
O 55 55 0 14:51:26
O 55 52 0 14:51:26
O 55 50 0 14:51:27
O 52 50 0 14:51:27
O 55 50 0 14:51:27
O 55 52 0 14:51:28
O 55 50 0 14:51:28
O 57 50 0 14:51:28
O 55 50 0 14:51:28
O 55 47 0 14:51:29
O 57 47 0 14:51:29
O 57 50 0 14:51:29
O 55 50 0 14:51:29
O 55 47 0 14:51:29
O 57 47 0 14:51:30
O 57 50 0 14:51:30
O 55 50 0 14:51:30
O 55 47 0 14:51:31
O 57 47 0 14:51:31
O 55 47 0 14:51:31
O 55 50 0 14:51:31
O 55 47 0 14:51:32
O 57 47 0 14:51:32
O 55 47 0 14:51:32
O 55 45 0 14:51:33
O 55 47 0 14:51:33
O 57 47 0 14:51:33
O 55 47 0 14:51:34
O 55 45 0 14:51:34
O 55 47 0 14:51:34
O 55 45 0 14:51:34
O 57 45 0 14:51:35
O 55 45 0 14:51:35
O 55 42 0 14:51:35
O 55 45 0 14:51:35
O 55 47 0 14:51:36
O 55 45 0 14:51:36
O 57 45 0 14:51:36
O 55 45 0 14:51:36
O 55 42 0 14:51:36
O 57 42 0 14:51:36
O 57 45 0 14:51:37
O 57 47 0 14:51:37
O 57 50 0 14:51:37
O 57 47 0 14:51:37
O 57 45 0 14:51:37
O 57 42 0 14:51:38
O 55 42 0 14:51:38
O 52 42 0 14:51:38
O 50 42 0 14:51:38
O 52 42 0 14:51:38
O 55 42 0 14:51:39
O 57 42 0 14:51:39
O 57 45 0 14:51:39
O 57 47 0 14:51:39
O 57 50 0 14:51:39
O 57 52 0 14:51:40
O 57 55 0 14:51:40
O 57 57 0 14:51:40
O 57 60 0 14:51:40
O 57 62 0 14:51:40
O 57 65 0 14:51:40
O 57 67 0 14:51:41
O 57 70 0 14:51:41
O 57 67 0 14:51:41
O 60 67 0 14:51:41
O 57 67 0 14:51:41
O 57 65 0 14:51:41
O 55 65 0 14:51:42
O 57 65 0 14:51:42
O 55 65 0 14:51:42
O 55 62 0 14:51:42
O 52 62 0 14:51:42
O 55 62 0 14:51:43
O 55 60 0 14:51:43
O 57 60 0 14:51:43
O 57 62 0 14:51:43
O 55 62 0 14:51:43
O 57 62 0 14:51:43
O 57 65 0 14:51:43
O 60 65 0 14:51:44
O 57 65 0 14:51:44
O 60 65 0 14:51:44
O 57 65 0 14:51:44
O 55 65 0 14:51:44
O 57 65 0 14:51:44
O 57 67 0 14:51:45
O 60 67 0 14:51:45
O 57 67 0 14:51:45
O 60 67 0 14:51:45
O 57 67 0 14:51:45
O 0 -2 0 14:51:58
O -2 -2 0 14:51:58
O 0 -2 0 14:52:05
O 0 0 0 14:52:06
O -2 0 0 14:52:06
O 150 170 30 14:52:55
O 150 172 30 14:52:59
O 150 172 32 14:53:02
O 150 172 35 14:53:02
O 150 175 35 14:53:03
O 150 177 35 14:53:03
O 150 180 35 14:53:03
O 150 182 35 14:53:04
O 150 185 35 14:53:08
O 150 187 35 14:53:08
O 150 190 35 14:53:09
O 150 192 35 14:53:09
O 150 195 35 14:53:09
O 150 197 35 14:53:10
O 150 200 35 14:53:10
O 150 202 35 14:53:10
O 150 205 35 14:53:10
O 150 207 35 14:53:10
O 150 210 35 14:53:11
O 150 212 35 14:53:11
O 150 215 35 14:53:11
O 150 217 35 14:53:11
O 150 220 35 14:53:11
O 150 222 35 14:56:59
O 150 225 35 14:57:00
O 152 225 35 14:57:00
O 150 225 35 14:57:00
O 152 225 35 14:57:01
O 152 225 32 14:57:01
O 152 225 30 14:57:02
O 152 225 27 14:57:02
O 152 225 25 14:57:02
O 152 225 22 14:57:02
O 150 225 22 14:57:03
O 150 227 22 14:57:03
O 150 227 20 14:57:04
O 150 227 17 14:57:04
O 150 227 20 14:57:11
O 147 227 20 14:57:12
O 147 227 22 14:57:14
O 147 227 20 14:57:15
O 147 230 20 14:57:16
O 147 232 20 14:57:16
O 147 232 17 14:57:17
O 147 230 17 14:57:18
O 147 232 17 14:57:19
O 145 232 17 14:57:19
O 147 232 17 14:57:27
O 147 232 15 14:57:30
O 147 232 12 14:57:30
O 147 232 10 14:57:31
O 147 232 7 14:57:31
O 147 232 10 14:59:37
O 147 232 12 14:59:38
O 147 232 15 14:59:38
O 147 232 17 14:59:39
O 147 232 20 14:59:39
O 147 235 20 14:59:41
O 147 237 20 14:59:42
O 147 240 20 14:59:42
O 147 242 20 14:59:42
O 147 245 20 14:59:43
O 147 247 20 14:59:43
O 147 250 20 14:59:43
O 147 252 20 14:59:44
O 147 255 20 14:59:44
O 147 257 20 14:59:44
O 147 260 20 14:59:45
O 147 262 20 14:59:45
O 147 265 20 14:59:45
O 147 267 20 14:59:46
O 147 270 20 14:59:46
O 147 272 20 14:59:46
O 147 275 20 14:59:47
O 147 277 20 15:00:42
O 147 280 20 15:00:43
O 147 282 20 15:00:43
O 150 282 20 15:00:45
O 152 282 20 15:00:45
O 155 282 20 15:00:46
O 157 282 20 15:00:46
O 160 282 20 15:00:46
O 162 282 20 15:00:46
O 165 282 20 15:00:47
O 167 282 20 15:00:48
O 170 282 20 15:00:48
O 170 285 20 15:00:49
O 172 285 20 15:00:51
O 172 285 17 15:00:52
O 172 285 15 15:00:53
O 172 285 12 15:00:53
O 172 285 10 15:00:53
O 172 285 7 15:00:53
O 172 285 5 15:00:54
O 172 285 2 15:00:54
O 172 285 0 15:00:54
O 0 0 2 15:01:47
O 147 132 50 15:02:43
O 147 232 50 15:02:59
O 147 232 47 15:03:51
O 147 232 45 15:03:52
O 147 232 42 15:03:52
O 147 232 40 15:03:52
O 147 232 37 15:03:52
O 147 232 35 15:03:53
O 147 232 32 15:03:53
O 147 232 30 15:03:53
O 147 232 27 15:03:53
O 147 232 25 15:03:54
O 147 232 22 15:03:54
O 147 232 20 15:03:54
O 147 232 17 15:03:54
O 147 232 15 15:03:55
O 147 232 12 15:03:55
O 147 232 10 15:03:55
O 147 232 12 15:04:03
O 147 232 15 15:04:05
O 147 234 15 15:04:06
O 147 233 15 15:04:16
O 147 235 15 15:04:51
O 147 238 15 15:04:51
O 147 240 15 15:04:52
O 147 243 15 15:04:52
O 147 245 15 15:04:52
O 147 248 15 15:04:53
O 147 250 15 15:04:53
O 147 253 15 15:04:53
O 147 255 15 15:04:53
O 147 258 15 15:04:54
O 147 260 15 15:04:54
O 147 263 15 15:04:54
O 147 265 15 15:04:54
O 147 268 15 15:04:54
O 147 270 15 15:04:55
O 147 273 15 15:04:55
O 147 273 12 15:05:01
O 147 273 10 15:05:01
O 147 273 7 15:05:02
O 147 273 5 15:05:03
O 147 273 4 15:05:21
O 147 273 6 15:13:54
O 147 273 9 15:13:55
O 147 273 11 15:13:55
O 147 273 14 15:13:55
O 147 273 16 15:13:55
O 147 273 19 15:13:55
O 147 273 21 15:13:56
O 147 273 24 15:13:56
O 147 275 24 15:14:00
O 147 275 21 15:14:01
O 147 278 21 15:14:02
O 147 280 21 15:14:02
O 147 278 21 15:14:03
O 147 278 24 15:14:03
O 147 278 26 15:14:03
O 147 278 29 15:14:04
O 147 275 29 15:14:04
O 147 273 29 15:14:04
O 147 270 29 15:14:04
O 147 270 31 15:14:05
O 147 268 31 15:14:05
O 147 265 31 15:14:05
O 147 263 31 15:14:05
O 147 260 31 15:14:06
O 147 258 31 15:14:06
O 147 255 31 15:14:06
O 147 233 31 15:14:15
O 0 0 0 16:02:07
O -2 0 0 16:02:09
O -5 0 0 16:02:10
O -7 0 0 16:02:10
O -10 0 0 16:02:11
O -12 0 0 16:02:11
O -15 0 0 16:02:11
O -17 0 0 16:02:11
O -20 0 0 16:02:11
O -22 0 0 16:02:11
O -25 0 0 16:02:11
O -27 0 0 16:02:11
O -30 0 0 16:02:11
O -32 0 0 16:02:11
O -35 0 0 16:02:12
O -37 0 0 16:02:12
O -40 0 0 16:02:12
O -42 0 0 16:02:12
O -45 0 0 16:02:12
O -47 0 0 16:02:12
O -50 0 0 16:02:12
O -52 0 0 16:02:12
O -55 0 0 16:02:12
O -57 0 0 16:02:12
O -60 0 0 16:02:13
O -62 0 0 16:02:13
O -65 0 0 16:02:13
O -67 0 0 16:02:13
O -70 0 0 16:02:13
