M1 2158 -4962 1715 10:29:59
M2 3442 -4132 3201 10:29:59
M3 19298 3404 -8551 10:29:59
M4 698 -4442 2802 10:29:59
M5 304 1876 326 10:29:59
O0 0 0 0 10:29:59
O0 173 228 30 10:31:15
M1 282 -4686 1823 10:33:58
M2 1528 -3946 3206 10:33:58
M3 19042 1990 -8509 10:33:58
M4 2562 -4564 3063 10:33:58
M5 58 -300 836 10:33:58
O0 173 228 30 10:33:58
M1 324 -4766 1809 10:33:59
M2 1500 -3922 3187 10:33:59
M3 19042 1990 -8445 10:33:59
M4 2544 -4564 2938 10:33:59
M5 38 -292 756 10:33:59
O0 173 228 30 10:33:59
M2 1468 -3896 3241 10:34:04
M2 1512 -3908 3183 10:34:08
M2 1472 -3892 3154 10:34:09
M2 1524 -3926 3198 10:34:09
M2 1470 -3936 3198 10:34:09
M2 1492 -3976 3232 10:34:09
M2 1558 -3950 3157 10:34:10
M2 1510 -3842 3151 10:35:00
M2 1516 -3894 3196 10:35:04
M1 398 -4678 1657 10:35:10
O0 173 228 30 10:35:10
M1 330 -4686 1820 10:35:12
M2 1446 -3934 3212 10:35:12
M3 19092 1978 -8471 10:35:12
M4 2550 -4526 3007 10:35:12
M5 58 -338 751 10:35:12
O0 173 228 30 10:35:12
M1 376 -4668 1675 10:35:14
M2 1538 -3894 3318 10:35:14
M3 19062 1990 -8515 10:35:14
M4 2554 -4576 2952 10:35:14
M5 46 -256 708 10:35:14
O0 173 228 30 10:35:14
M1 366 -4680 1727 10:35:15
M2 1534 -3920 3196 10:35:15
M3 19096 1948 -8504 10:35:15
M4 2574 -4576 2928 10:35:15
M5 -30 -346 778 10:35:15
O0 173 228 30 10:35:15
M1 346 -4682 1700 10:35:15
M2 1580 -3922 3270 10:35:15
M3 19064 1982 -8555 10:35:15
M4 2568 -4556 3011 10:35:15
M5 48 -266 803 10:35:15
O0 173 228 30 10:35:15
M1 336 -4696 1704 10:35:15
M2 1518 -3940 3294 10:35:15
M3 19056 1988 -8483 10:35:15
M4 2602 -4588 3079 10:35:15
M5 62 -296 750 10:35:15
O0 173 228 30 10:35:15
M1 318 -4656 1742 10:35:15
M2 1556 -3886 3288 10:35:15
M3 19070 2018 -8450 10:35:15
M4 2550 -4596 3052 10:35:15
M5 88 -292 791 10:35:15
O0 173 228 30 10:35:15
M1 316 -4718 1735 10:35:16
M2 1520 -3900 3250 10:35:16
M3 19114 2028 -8472 10:35:16
M4 2580 -4532 2999 10:35:16
M5 90 -266 769 10:35:16
O0 173 228 30 10:35:16
M1 384 -4710 1708 10:35:16
M2 1528 -3930 3313 10:35:16
M3 19096 1968 -8530 10:35:16
M4 2510 -4578 3020 10:35:16
M5 60 -260 794 10:35:16
O0 173 228 30 10:35:16
M1 338 -4718 1729 10:35:16
M2 1562 -3866 3274 10:35:16
M3 19084 1978 -8492 10:35:16
M4 2536 -4570 3025 10:35:16
M5 -12 -230 877 10:35:16
O0 173 228 30 10:35:16
M1 360 -4756 1707 10:35:16
M2 1502 -3880 3264 10:35:16
M3 19080 2010 -8382 10:35:16
M4 2572 -4538 3031 10:35:16
M5 60 -292 856 10:35:16
O0 173 228 30 10:35:16
M2 1554 -3910 3223 10:36:13
M2 1514 -3914 3201 10:36:19
M2 1566 -3922 3080 10:36:20
M2 1510 -3886 3091 10:36:21
M2 1552 -3938 3222 10:36:21
M2 1572 -3924 3186 10:36:22
M2 1586 -3930 3185 10:36:27
M2 1512 -3922 3064 10:36:28
M2 1522 -3932 3187 10:36:29
M2 1516 -3940 3139 10:36:30
M2 1508 -3924 3166 10:36:31
M2 1456 -3880 3170 10:36:32
M2 1496 -3938 3192 10:36:32
M2 1534 -3886 3187 10:36:33
M2 1516 -3934 3299 10:36:33
M2 1514 -3890 3276 10:36:33
M2 1510 -3916 3255 10:36:33
M2 1492 -3898 3143 10:36:33
M2 1484 -3926 3136 10:36:33
M2 1542 -3976 3175 10:36:34
M2 1558 -3908 3210 10:36:34
M2 1508 -3924 3168 10:36:34
M2 1528 -3952 3273 10:36:34
