O 200 232 0 09:19:10
M 324 -2282 844 09:19:10
O 200 232 0 09:19:10
M 314 -2300 802 09:19:10
O 200 232 0 09:19:10
M 298 -2254 838 09:19:10
O 200 232 0 09:19:10
M 298 -2242 824 09:19:10
O 200 232 0 09:19:10
M 386 -2242 850 09:19:11
O 199 232 0 09:19:11
O 199 232 0 09:19:11
M 408 -2300 865 09:19:11
M 316 -2230 839 09:19:11
O 199 232 0 09:19:11
O 199 232 0 09:19:11
M 360 -2284 875 09:19:11
M 312 -2282 845 09:19:11
O 199 232 0 09:19:11
M 320 -2252 827 09:19:11
O 198 232 0 09:19:11
O 198 232 0 09:19:11
M 346 -2282 866 09:19:11
M 326 -2334 905 09:19:11
O 198 232 0 09:19:11
O 198 232 0 09:19:11
M 296 -2284 880 09:19:11
M 352 -2284 830 09:19:11
O 198 232 0 09:19:11
M 298 -2316 900 09:19:12
O 197 232 0 09:19:12
O 197 232 0 09:19:12
M 316 -2264 866 09:19:12
M 316 -2264 866 09:19:12
O 197 232 0 09:19:12
M 274 -2316 786 09:19:12
O 197 232 0 09:19:12
M 334 -2346 798 09:19:12
O 197 232 0 09:19:12
M 328 -2104 762 09:19:12
O 196 232 0 09:19:12
O 196 232 0 09:19:12
O 196 232 0 09:19:12
M 274 -2308 830 09:19:12
M 290 -2338 855 09:19:12
O 196 232 0 09:19:12
M 308 -2306 890 09:19:12
O 196 232 0 09:19:12
M 304 -2322 821 09:19:12
M 314 -2304 857 09:19:12
O 195 232 0 09:19:12
O 195 232 0 09:19:12
M 290 -2332 829 09:19:12
M 302 -2300 894 09:19:13
O 195 232 0 09:19:13
O 195 232 0 09:19:13
M 290 -2240 807 09:19:13
M 342 -2256 776 09:19:13
O 195 232 0 09:19:13
M 328 -2310 858 09:19:13
O 194 232 0 09:19:13
O 194 232 0 09:19:13
M 366 -2314 737 09:19:13
M 342 -2348 851 09:19:13
O 194 232 0 09:19:13
O 194 232 0 09:19:13
M 280 -2270 813 09:19:13
M 316 -2314 835 09:19:13
O 194 232 0 09:19:13
M 402 -2320 863 09:19:13
O 193 232 0 09:19:13
M 390 -2304 846 09:19:13
O 193 232 0 09:19:13
M 394 -2348 930 09:19:13
O 193 232 0 09:19:13
M 334 -2372 967 09:19:13
O 193 232 0 09:19:14
M 380 -2338 871 09:19:14
O 193 232 0 09:19:14
M 344 -2344 851 09:19:14
O 192 232 0 09:19:14
O 192 232 0 09:19:14
M 312 -2318 887 09:19:14
M 340 -2296 871 09:19:14
O 192 232 0 09:19:14
O 192 232 0 09:19:14
M 346 -2378 815 09:19:14
M 338 -2330 896 09:19:14
O 192 232 0 09:19:14
M 346 -2358 804 09:19:14
O 191 232 0 09:19:14
M 348 -2316 822 09:19:14
O 191 232 0 09:19:14
M 332 -2368 924 09:19:14
O 191 232 0 09:19:15
M 336 -2318 828 09:19:15
O 191 232 0 09:19:15
M 310 -2304 882 09:19:15
O 191 232 0 09:19:15
M 304 -2362 900 09:19:15
O 190 232 0 09:19:15
O 190 232 0 09:19:15
M 370 -2278 827 09:19:15
M 354 -2374 777 09:19:15
O 190 232 0 09:19:15
O 190 232 0 09:19:15
M 316 -2310 889 09:19:15
M 308 -2408 857 09:19:15
O 190 232 0 09:19:15
M 306 -2326 790 09:19:15
O 189 232 0 09:19:16
O 189 232 0 09:19:16
M 318 -2350 854 09:19:16
M 318 -2356 833 09:19:16
O 189 232 0 09:19:16
M 306 -2382 864 09:19:16
O 189 232 0 09:19:16
M 316 -2300 779 09:19:16
O 189 232 0 09:19:16
M 360 -2324 838 09:19:16
O 188 232 0 09:19:16
O 188 232 0 09:19:16
M 310 -2370 882 09:19:16
M 342 -2378 865 09:19:17
O 188 232 0 09:19:17
O 188 232 0 09:19:17
M 322 -2364 838 09:19:17
M 314 -2308 856 09:19:17
O 188 232 0 09:19:17
M 330 -2338 898 09:19:17
O 187 232 0 09:19:17
O 187 232 0 09:19:17
M 328 -2366 834 09:19:17
M 360 -2342 906 09:19:17
O 187 232 0 09:19:17
O 187 232 0 09:19:17
M 328 -2330 866 09:19:17
M 350 -2330 862 09:19:17
O 187 232 0 09:19:17
M 382 -2384 826 09:19:17
O 186 232 0 09:19:17
O 186 232 0 09:19:17
M 320 -2380 839 09:19:17
M 372 -2370 792 09:19:17
O 186 232 0 09:19:17
O 186 232 0 09:19:17
M 346 -2348 927 09:19:17
M 364 -2342 788 09:19:17
O 186 232 0 09:19:17
M 352 -2316 826 09:19:18
O 185 232 0 09:19:18
M 374 -2342 797 09:19:18
O 185 232 0 09:19:18
M 300 -2314 832 09:19:18
O 185 232 0 09:19:18
M 342 -2372 900 09:19:18
O 185 232 0 09:19:18
M 340 -2312 859 09:19:18
O 185 232 0 09:19:18
M 350 -2292 814 09:19:18
O 184 232 0 09:19:18
O 184 232 0 09:19:18
M 286 -2346 816 09:19:18
M 346 -2356 866 09:19:18
O 184 232 0 09:19:18
O 184 232 0 09:19:18
M 334 -2296 802 09:19:18
M 350 -2322 824 09:19:18
O 184 232 0 09:19:18
M 352 -2348 792 09:19:19
O 183 232 0 09:19:19
O 183 232 0 09:19:19
M 366 -2354 878 09:19:19
M 350 -2300 878 09:19:19
O 183 232 0 09:19:19
M 312 -2362 872 09:19:19
O 183 232 0 09:19:19
M 346 -2416 818 09:19:20
O 183 232 0 09:19:20
M 294 -2336 848 09:19:20
O 182 232 0 09:19:20
O 182 232 0 09:19:20
M 300 -2358 853 09:19:20
M 314 -2368 739 09:19:20
O 182 232 0 09:19:20
O 182 232 0 09:19:20
M 296 -2374 884 09:19:20
M 334 -2360 826 09:19:20
O 182 232 0 09:19:20
M 326 -2342 775 09:19:20
O 181 232 0 09:19:20
O 200 232 0 09:22:59
M 300 -2308 863 09:22:59
O 200 232 0 09:22:59
M 322 -2326 863 09:22:59
O 200 232 0 09:22:59
M 316 -2254 883 09:22:59
O 200 232 0 09:22:59
M 276 -2292 900 09:22:59
O 200 232 0 09:22:59
M 362 -2304 931 09:22:59
O 199 232 0 09:22:59
M 292 -2278 821 09:22:59
O 199 232 0 09:22:59
M 278 -2300 919 09:22:59
O 199 232 0 09:22:59
M 294 -2288 869 09:22:59
O 199 232 0 09:22:59
M 296 -2236 893 09:22:59
O 199 232 0 09:22:59
M 322 -2276 908 09:22:59
O 198 232 0 09:22:59
M 280 -2266 853 09:23:00
O 198 232 0 09:23:00
M 308 -2306 899 09:23:00
O 198 232 0 09:23:00
M 274 -2236 883 09:23:00
O 198 232 0 09:23:00
M 310 -2286 885 09:23:00
O 198 232 0 09:23:00
M 326 -2278 892 09:23:00
O 197 232 0 09:23:00
M 250 -2296 914 09:23:00
O 197 232 0 09:23:00
M 286 -2284 894 09:23:00
O 197 232 0 09:23:00
M 322 -2264 949 09:23:00
O 197 232 0 09:23:00
M 300 -2294 923 09:23:00
O 197 232 0 09:23:00
M 334 -2282 888 09:23:00
O 196 232 0 09:23:00
M 372 -2276 906 09:23:00
O 196 232 0 09:23:00
M 348 -2286 830 09:23:00
O 196 232 0 09:23:00
M 256 -2296 863 09:23:00
O 196 232 0 09:23:00
M 358 -2264 899 09:23:00
O 196 232 0 09:23:00
M 378 -2338 887 09:23:00
O 195 232 0 09:23:00
M 342 -2314 924 09:23:00
O 195 232 0 09:23:00
M 314 -2344 911 09:23:01
O 195 232 0 09:23:01
M 352 -2358 895 09:23:01
O 195 232 0 09:23:01
M 342 -2322 846 09:23:01
O 195 232 0 09:23:01
M 276 -2324 828 09:23:01
O 194 232 0 09:23:01
M 316 -2314 879 09:23:01
O 194 232 0 09:23:01
M 300 -2410 855 09:23:01
O 194 232 0 09:23:01
M 252 -2310 954 09:23:01
O 194 232 0 09:23:01
M 314 -2322 899 09:23:01
O 194 232 0 09:23:01
M 300 -2378 896 09:23:01
O 193 232 0 09:23:01
M 312 -2360 884 09:23:01
O 193 232 0 09:23:01
M 282 -2324 883 09:23:01
O 193 232 0 09:23:01
M 304 -2382 865 09:23:01
O 193 232 0 09:23:01
M 290 -2330 932 09:23:01
O 193 232 0 09:23:01
M 288 -2290 927 09:23:01
O 192 232 0 09:23:01
M 348 -2358 848 09:23:01
O 192 232 0 09:23:01
M 360 -2358 880 09:23:01
O 192 232 0 09:23:02
M 300 -2296 841 09:23:02
O 192 232 0 09:23:02
M 306 -2378 939 09:23:02
O 192 232 0 09:23:02
M 274 -2314 863 09:23:02
O 191 232 0 09:23:02
M 296 -2346 828 09:23:02
O 191 232 0 09:23:02
M 282 -2378 819 09:23:02
O 191 232 0 09:23:02
M 326 -2348 837 09:23:02
O 191 232 0 09:23:02
M 326 -2378 834 09:23:02
O 191 232 0 09:23:02
M 328 -2342 885 09:23:02
O 190 232 0 09:23:02
M 340 -2332 793 09:23:02
O 190 232 0 09:23:02
M 304 -2338 897 09:23:02
O 190 232 0 09:23:02
M 300 -2304 910 09:23:02
O 190 232 0 09:23:02
M 312 -2358 812 09:23:02
O 190 232 0 09:23:02
M 326 -2336 819 09:23:02
O 189 232 0 09:23:02
O 0 0 0 12:57:22
O 1 1 1 12:57:38
O 2 2 2 12:57:46
O 3 3 3 12:57:55
O 0 0 0 12:58:04
O 0 0 0 12:58:10
O 0 -2 0 12:58:11
O 0 -2 0 12:58:12
O 0 -2 0 12:58:12
O 2 -2 0 12:58:13
O -2 -2 0 12:58:13
O -2 -2 0 12:58:14
O -2 -2 0 12:58:14
O -2 -2 0 12:58:14
O -2 -2 0 12:58:14
O 0 -2 0 12:58:14
O -2 -2 0 12:58:14
O 0 -2 0 12:58:15
O -2 -2 0 12:58:15
O 2 -2 0 12:58:15
O -2 -2 0 12:58:15
O -2 -2 0 12:58:15
O 0 -2 0 12:58:16
O 2 -2 0 12:58:16
O 5 -2 0 12:58:17
O 7 -2 0 12:58:17
O 10 -2 0 12:58:17
O 10 0 0 12:58:17
O 10 2 0 12:58:17
O 10 5 0 12:58:18
O 10 7 0 12:58:18
O 10 5 0 12:58:18
O 10 2 0 12:58:18
O 10 0 0 12:58:18
O 7 0 0 12:58:19
O 10 0 0 12:58:19
O 10 2 0 12:58:19
O 12 2 0 12:58:20
O 10 2 0 12:58:20
O 10 0 0 12:58:20
O 12 0 0 12:58:20
O 10 0 0 12:58:20
O 10 2 0 12:58:21
O 12 2 0 12:58:21
O 10 2 0 12:58:21
O 10 0 0 12:58:21
O 12 0 0 12:58:21
O 12 2 0 12:58:22
O 10 2 0 12:58:22
O 10 0 0 12:58:22
O 12 0 0 12:58:22
O 12 0 2 12:58:22
O 12 2 2 12:58:23
O 12 2 0 12:58:23
O 10 2 0 12:58:23
O 10 0 0 12:58:23
O 10 0 -2 12:58:23
O 12 0 -2 12:58:23
O 12 0 0 12:58:24
O 12 0 2 12:58:26
O 12 0 5 12:58:27
O 0 0 0 12:58:57
O -2 0 0 12:58:58
O 2 0 0 12:58:58
O 2 -2 0 12:58:58
O 5 0 0 12:58:59
O 2 0 0 12:58:59
O 2 2 0 12:58:59
O 5 2 0 12:58:59
O 2 2 0 12:58:59
O 2 0 0 12:58:59
O 5 0 2 12:59:00
O 5 0 0 12:59:00
O 5 0 2 12:59:01
O 5 0 0 12:59:01
O 5 0 2 12:59:01
O 5 0 2 12:59:01
O 5 0 0 12:59:01
O 5 0 2 12:59:01
O 2 0 2 12:59:01
O 2 0 5 12:59:01
O 2 0 7 12:59:02
O 5 0 10 12:59:02
O 7 0 10 12:59:02
O 7 0 12 12:59:02
O 7 0 15 12:59:03
O 7 2 17 12:59:03
O 7 5 17 12:59:03
O 10 7 17 12:59:03
O 12 10 17 12:59:03
O 200 232 0 13:57:30
