O 212 281 37 17:12:27
M 4960 1908 -16917 17:12:27
M 4956 1904 -16899 17:12:27
M 4964 1922 -16915 17:12:27
M 4978 1878 -16942 17:12:27
M 4916 1898 -16918 17:12:27
M 4970 1920 -16993 17:12:27
M 4984 1902 -16948 17:12:27
M 4960 1852 -17008 17:12:27
M 4982 1938 -16980 17:12:27
M 4932 1918 -16965 17:12:27
M 4966 1908 -16925 17:12:27
M 4960 1898 -16980 17:12:27
M 4974 1848 -16956 17:12:27
M 4960 1826 -16920 17:12:27
M 4940 1862 -16961 17:12:27
M 4952 1870 -16926 17:12:27
M 4990 1862 -16929 17:12:27
M 5010 1844 -16957 17:12:27
M 4982 1880 -16935 17:12:27
M 5006 1868 -16910 17:12:27
M 4984 1892 -16976 17:12:27
M 4994 1866 -16958 17:12:27
M 4936 1858 -16953 17:12:27
M 5004 1880 -16891 17:12:27
M 4964 1870 -16959 17:12:27
M 4952 1944 -16943 17:12:27
M 4980 1854 -16963 17:12:27
M 4956 1856 -16899 17:12:27
M 5016 1882 -16898 17:12:27
M 4996 1870 -16910 17:12:27
M 4974 1864 -16989 17:12:27
M 5000 1848 -16940 17:12:27
M 4998 1868 -16906 17:12:27
M 4954 1866 -16945 17:12:27
M 4978 1932 -16957 17:12:27
M 4954 1886 -16955 17:12:27
M 4988 1870 -16933 17:12:27
M 4968 1868 -16918 17:12:27
M 4966 1886 -16935 17:12:27
M 4964 1894 -16905 17:12:27
M 4988 1874 -16928 17:12:27
M 4978 1924 -16994 17:12:27
M 4966 1872 -16916 17:12:27
M 4988 1844 -16930 17:12:27
M 4932 1870 -16931 17:12:27
M 4942 1866 -17005 17:12:27
M 4928 1886 -16926 17:12:27
M 4968 1882 -16917 17:12:27
M 4950 1888 -16982 17:12:27
M 4978 1906 -16908 17:12:27
M 4948 1930 -16958 17:12:27
M 4948 1876 -16903 17:12:27
M 4952 1886 -17031 17:12:27
M 4944 1896 -16990 17:12:27
M 4966 1910 -16865 17:12:27
M 4952 1898 -16940 17:12:27
M 4986 1876 -16867 17:12:27
M 4900 1934 -16846 17:12:27
M 4926 1926 -16676 17:12:27
M 4984 1902 -16937 17:12:27
M 5008 1902 -16913 17:12:27
M 4978 1856 -16963 17:12:27
M 4970 1888 -16966 17:12:27
M 4952 1868 -16901 17:12:27
M 5006 1846 -16934 17:12:27
M 4988 1880 -16914 17:12:27
M 4990 1850 -16928 17:12:27
M 4970 1860 -16932 17:12:27
M 4970 1888 -16961 17:12:27
M 4980 1858 -16972 17:12:27
M 4952 1846 -16932 17:12:27
M 4940 1870 -16931 17:12:27
M 4936 1880 -16875 17:12:27
M 4922 1888 -16954 17:12:27
M 4902 1854 -16970 17:12:27
M 4948 1916 -16912 17:12:27
M 4914 1882 -16879 17:12:27
M 4928 1838 -16875 17:12:27
M 4956 1840 -16895 17:12:27
M 4952 1862 -16852 17:12:27
M 4948 1904 -16929 17:12:27
M 4902 1896 -16934 17:12:27
M 4934 1878 -16958 17:12:27
M 4900 1868 -16885 17:12:27
M 4924 1876 -16872 17:12:27
M 4968 1888 -16909 17:12:27
M 4950 1838 -16905 17:12:27
M 4882 1830 -16883 17:12:27
M 4928 1884 -16907 17:12:27
M 4938 1856 -16963 17:12:27
M 4922 1860 -16917 17:12:27
M 4954 1878 -16933 17:12:27
M 4952 1838 -17023 17:12:27
M 4950 1878 -16928 17:12:27
M 4948 1844 -16868 17:12:27
M 4900 1882 -16867 17:12:27
M 4910 1882 -16922 17:12:27
M 4892 1872 -16908 17:12:27
M 4904 1904 -16937 17:12:27
M 4920 1816 -16884 17:12:27
O 212 276 37 17:12:27
M 4930 1808 -16944 17:12:27
M 4952 1854 -17013 17:12:27
M 4904 1878 -16987 17:12:27
M 4926 1828 -16958 17:12:27
M 4906 1830 -16955 17:12:27
M 4918 1886 -16993 17:12:27
M 4914 1848 -16982 17:12:27
M 4902 1836 -16975 17:12:27
M 4918 1844 -16985 17:12:27
M 4886 1834 -16951 17:12:27
M 4850 1818 -16929 17:12:27
M 4912 1894 -16895 17:12:27
M 4906 1866 -16933 17:12:27
M 4916 1880 -16963 17:12:27
M 4902 1878 -16942 17:12:27
M 4894 1878 -16920 17:12:27
M 4924 1906 -16992 17:12:27
M 4904 1886 -16924 17:12:27
M 4926 1844 -16950 17:12:27
M 4886 1864 -16943 17:12:27
M 4926 1856 -16976 17:12:27
M 4918 1832 -16960 17:12:27
M 4910 1856 -16886 17:12:27
M 4866 1852 -16962 17:12:27
M 4916 1850 -16950 17:12:27
M 4906 1850 -16947 17:12:27
M 4928 1834 -16901 17:12:27
M 4920 1866 -16934 17:12:27
M 4922 1904 -16912 17:12:27
M 4912 1836 -16960 17:12:27
M 4942 1882 -16946 17:12:27
M 4944 1832 -16883 17:12:27
M 4888 1838 -16927 17:12:27
M 4872 1848 -16861 17:12:27
M 4900 1884 -16922 17:12:27
M 4910 1850 -16903 17:12:27
M 4908 1874 -16884 17:12:27
M 4912 1884 -16902 17:12:27
M 4894 1916 -16934 17:12:27
M 4920 1874 -16910 17:12:27
M 4904 1900 -16905 17:12:27
M 4922 1868 -16940 17:12:27
M 4888 1890 -16884 17:12:27
M 4872 1862 -16936 17:12:27
M 4900 1872 -16922 17:12:27
M 4946 1886 -16895 17:12:27
M 4946 1890 -16906 17:12:27
M 4888 1888 -16901 17:12:27
M 4912 1838 -16936 17:12:27
M 4874 1840 -16861 17:12:27
M 4938 1874 -16920 17:12:27
M 4910 1864 -16913 17:12:27
M 4874 1860 -16850 17:12:27
M 4920 1862 -16873 17:12:27
M 4906 1852 -16874 17:12:27
M 4922 1866 -16847 17:12:27
M 4938 1832 -16854 17:12:27
M 4922 1836 -16907 17:12:27
M 4950 1828 -16896 17:12:27
M 4914 1838 -16964 17:12:27
M 4942 1888 -16957 17:12:27
M 4952 1876 -16935 17:12:27
M 4926 1854 -17005 17:12:27
M 4922 1848 -16874 17:12:27
M 4956 1902 -16848 17:12:27
M 4954 1876 -16890 17:12:27
M 4952 1904 -16938 17:12:27
M 4916 1810 -16942 17:12:27
M 4922 1868 -16927 17:12:27
M 4918 1852 -16958 17:12:27
M 4960 1848 -16854 17:12:27
M 4942 1842 -16901 17:12:27
M 4916 1884 -16895 17:12:27
M 4922 1902 -16904 17:12:27
M 4944 1880 -16934 17:12:27
M 4892 1874 -16889 17:12:27
M 4890 1820 -16912 17:12:27
M 4940 1858 -16971 17:12:27
M 4914 1834 -16951 17:12:27
M 4936 1888 -16909 17:12:27
M 4894 1868 -16939 17:12:27
M 4940 1888 -16924 17:12:27
M 4940 1856 -16967 17:12:27
M 4918 1846 -16913 17:12:27
M 4900 1864 -16878 17:12:27
M 4924 1834 -16951 17:12:27
M 4932 1892 -16914 17:12:27
M 4924 1872 -16965 17:12:27
M 4938 1860 -16922 17:12:27
M 4956 1886 -16968 17:12:27
M 4916 1888 -16940 17:12:27
M 4946 1860 -16912 17:12:27
M 4900 1824 -16884 17:12:27
M 4908 1872 -17137 17:12:27
M 4910 1854 -16915 17:12:27
M 4930 2046 -16869 17:12:27
M 4884 1844 -16937 17:12:27
M 4944 1852 -16891 17:12:27
M 4962 1862 -16963 17:12:27
M 4918 1842 -16944 17:12:27
O 212 271 37 17:12:27
M 4904 1794 -16951 17:12:27
M 4896 1838 -16959 17:12:27
M 4934 1874 -16900 17:12:27
M 4868 1844 -16955 17:12:27
M 4892 1818 -16973 17:12:27
M 4906 1846 -16952 17:12:27
M 4886 1824 -16951 17:12:27
M 4890 1786 -16958 17:12:27
M 4900 1824 -16910 17:12:27
M 4920 1858 -16887 17:12:27
M 4900 1808 -16944 17:12:27
M 4902 1846 -16942 17:12:27
M 4926 1852 -16934 17:12:27
M 4900 1842 -16909 17:12:27
M 4924 1836 -16923 17:12:27
M 4986 1864 -16884 17:12:27
M 4902 1884 -16948 17:12:27
M 4906 1862 -16953 17:12:27
M 4916 1850 -16927 17:12:27
M 4878 1854 -16901 17:12:27
M 4916 1800 -16889 17:12:27
M 4906 1844 -16877 17:12:27
M 4902 1812 -16926 17:12:27
M 4630 1816 -16991 17:12:27
M 4956 1856 -16962 17:12:27
M 4936 1876 -17030 17:12:27
M 4936 1864 -16958 17:12:27
M 4930 1866 -16991 17:12:27
M 4966 1832 -16940 17:12:27
M 4942 1814 -16941 17:12:27
M 4960 1880 -16899 17:12:27
M 4952 1880 -16946 17:12:27
M 4904 1886 -16930 17:12:27
M 4930 1826 -16929 17:12:27
M 4930 1838 -16960 17:12:27
M 4922 1862 -16942 17:12:27
M 4928 1878 -16938 17:12:27
M 4882 1940 -16977 17:12:27
M 4916 1834 -16905 17:12:27
M 4930 1848 -17001 17:12:27
M 4882 1848 -16921 17:12:27
M 4896 1860 -16966 17:12:27
M 4922 1860 -16926 17:12:27
M 4876 1868 -16970 17:12:27
M 4920 1826 -16968 17:12:27
M 4922 1816 -16943 17:12:27
M 4876 1824 -16950 17:12:27
M 4900 1848 -17012 17:12:27
M 4864 1856 -16986 17:12:27
M 4888 1844 -16958 17:12:27
M 4910 1826 -16939 17:12:27
M 4926 1818 -16928 17:12:27
M 4906 1826 -16979 17:12:27
M 4954 1838 -16904 17:12:27
M 4904 1830 -16936 17:12:27
M 4906 1870 -16971 17:12:27
M 4898 1858 -16895 17:12:27
M 4926 1878 -16981 17:12:27
M 4876 1874 -16928 17:12:27
M 4910 1860 -16942 17:12:27
M 4910 1866 -16911 17:12:27
M 4882 1848 -16946 17:12:27
M 4896 1834 -16949 17:12:27
M 4916 1858 -16982 17:12:27
M 4912 1868 -16929 17:12:27
M 4918 1908 -16898 17:12:27
M 4912 1828 -17132 17:12:27
M 4922 1852 -16993 17:12:27
M 4932 1870 -16933 17:12:27
M 4848 1834 -16991 17:12:27
M 4900 1830 -16885 17:12:27
M 4930 1818 -16946 17:12:27
M 4916 1804 -16977 17:12:27
M 4890 1826 -16857 17:12:27
M 4904 1802 -16871 17:12:27
M 4858 1806 -16967 17:12:27
M 4906 1828 -16953 17:12:27
M 4920 1874 -16971 17:12:27
M 4922 1830 -16896 17:12:27
M 4916 1838 -16933 17:12:27
M 4912 1840 -17020 17:12:27
M 4870 1834 -16910 17:12:27
M 4898 1868 -16917 17:12:27
M 4952 1852 -16946 17:12:27
M 4934 1866 -16981 17:12:27
M 4920 1816 -16978 17:12:27
M 4924 1828 -16975 17:12:27
M 4922 1868 -16891 17:12:27
M 4920 1828 -16924 17:12:27
M 4892 1852 -16952 17:12:27
M 4840 1864 -16948 17:12:27
M 4892 1834 -16941 17:12:27
M 4912 1798 -16934 17:12:27
M 4910 1836 -16864 17:12:27
M 4908 1884 -16940 17:12:27
M 4892 1830 -16901 17:12:27
M 4872 1838 -16904 17:12:27
M 4916 1836 -16949 17:12:27
M 4956 1852 -16960 17:12:27
M 4888 1836 -16932 17:12:27
O 212 266 37 17:12:28
M 4894 1816 -16902 17:12:28
M 4910 1786 -16928 17:12:28
M 4906 1822 -16866 17:12:28
M 4884 1828 -16979 17:12:28
M 4876 1798 -16924 17:12:28
M 4866 1820 -16947 17:12:28
M 4902 1818 -16982 17:12:28
M 4908 1770 -16940 17:12:28
M 4912 1790 -16988 17:12:28
M 4842 1798 -16950 17:12:28
M 4850 1804 -16912 17:12:28
M 4864 1814 -16893 17:12:28
M 4896 1842 -16900 17:12:28
M 4898 1812 -16976 17:12:28
M 4884 1854 -16936 17:12:28
M 4906 1822 -16991 17:12:28
M 4898 1794 -16930 17:12:28
M 4862 1848 -16972 17:12:28
M 4888 1858 -16929 17:12:28
M 4884 1802 -16939 17:12:28
M 4896 1808 -16950 17:12:28
M 4884 1814 -16944 17:12:28
M 4882 1830 -16937 17:12:28
M 4860 1788 -16976 17:12:28
M 4874 1816 -16915 17:12:28
M 4876 1810 -16888 17:12:28
M 4852 1770 -16961 17:12:28
M 4892 1806 -16949 17:12:28
M 4858 1798 -16916 17:12:28
M 4902 1814 -16963 17:12:28
M 4856 1824 -16964 17:12:28
M 4926 1832 -16896 17:12:28
M 4854 1814 -16884 17:12:28
M 4914 1810 -16971 17:12:28
M 4936 1800 -16943 17:12:28
M 4936 1786 -16971 17:12:28
M 4916 1802 -17009 17:12:28
M 4868 1776 -16917 17:12:28
M 4882 1784 -16904 17:12:28
M 4840 1804 -16904 17:12:28
M 4876 1784 -16915 17:12:28
M 4890 1804 -16943 17:12:28
M 4846 1790 -16929 17:12:28
M 4916 1762 -16923 17:12:28
M 4856 1790 -16908 17:12:28
M 4914 1810 -16971 17:12:28
M 4894 1804 -16928 17:12:28
M 4888 1802 -16939 17:12:28
M 4888 1806 -16928 17:12:28
M 4904 1760 -16946 17:12:28
M 4898 1770 -16925 17:12:28
M 4886 1826 -16910 17:12:28
M 4914 1792 -16949 17:12:28
M 4888 1790 -16978 17:12:28
M 4914 1828 -16849 17:12:28
M 4904 1878 -16941 17:12:28
M 4882 1810 -16956 17:12:28
M 4906 1762 -16909 17:12:28
M 4958 1850 -16962 17:12:28
M 4938 1788 -16926 17:12:28
M 4930 1848 -16888 17:12:28
M 4916 1880 -16924 17:12:28
M 4934 1846 -16922 17:12:28
M 4908 1776 -16892 17:12:28
M 4932 1792 -16971 17:12:28
M 4934 1796 -16988 17:12:28
M 4918 1844 -16954 17:12:28
M 4916 1810 -16939 17:12:28
M 4870 1772 -16993 17:12:28
M 4886 1812 -16899 17:12:28
M 4940 1754 -16874 17:12:28
M 4900 1788 -16971 17:12:28
M 4878 1818 -16989 17:12:28
M 4862 1812 -16982 17:12:28
M 4860 1820 -16920 17:12:28
M 4864 1818 -16955 17:12:28
M 4892 1834 -16959 17:12:28
M 4924 1802 -16912 17:12:28
M 4916 1802 -16996 17:12:28
M 4934 1826 -16980 17:12:28
M 4842 1822 -16941 17:12:28
M 4846 1832 -17023 17:12:28
M 4928 1816 -16985 17:12:28
M 4864 1838 -16974 17:12:28
M 4914 1808 -16999 17:12:28
M 4912 1808 -16977 17:12:28
M 4884 1804 -16908 17:12:28
M 4872 1796 -16899 17:12:28
M 4872 1816 -16938 17:12:28
M 4892 1818 -17010 17:12:28
M 4858 1818 -16746 17:12:28
M 4906 1870 -16975 17:12:28
M 4884 1840 -16953 17:12:28
M 4878 1780 -16977 17:12:28
M 4890 1806 -16891 17:12:28
M 4884 1760 -16978 17:12:28
M 4868 1798 -17013 17:12:28
M 4902 1762 -16984 17:12:28
M 4900 1810 -16964 17:12:28
M 4912 1812 -16922 17:12:28
O 212 261 37 17:12:28
M 4806 1750 -17013 17:12:28
M 4848 1764 -16957 17:12:28
M 4816 1808 -16966 17:12:28
M 4836 1782 -16921 17:12:28
M 4808 1804 -16910 17:12:28
M 4832 1762 -17029 17:12:28
M 4812 1816 -16913 17:12:28
M 4830 1806 -16919 17:12:28
M 4840 1790 -16926 17:12:28
M 4802 1784 -16946 17:12:28
M 4814 1810 -16957 17:12:28
M 4852 1812 -16954 17:12:28
M 4796 1790 -16923 17:12:28
M 4806 1786 -16971 17:12:28
M 4818 1786 -16977 17:12:28
M 4788 1788 -16960 17:12:28
M 4838 1796 -17011 17:12:28
M 4854 1754 -16992 17:12:28
M 4822 1788 -17017 17:12:28
M 4802 1746 -16958 17:12:28
M 4842 1770 -17017 17:12:28
M 4884 1798 -16942 17:12:28
M 4812 1774 -16939 17:12:28
M 4872 1810 -16934 17:12:28
M 4860 1774 -16932 17:12:28
M 4858 1810 -16913 17:12:28
M 4898 1794 -16989 17:12:28
M 4856 1792 -17046 17:12:28
M 4862 1810 -16977 17:12:28
M 4834 1806 -17001 17:12:28
M 4816 1820 -16938 17:12:28
M 4844 1776 -16961 17:12:28
M 4792 1552 -16953 17:12:28
M 4826 1774 -17001 17:12:28
M 4858 1796 -17031 17:12:28
M 4846 1760 -16969 17:12:28
M 4812 1798 -16973 17:12:28
M 4814 1794 -16914 17:12:28
M 4800 1810 -16912 17:12:28
M 4842 1820 -16929 17:12:28
M 4816 1768 -16929 17:12:28
M 4832 1842 -16956 17:12:28
M 4800 1776 -16991 17:12:28
M 4824 1790 -16962 17:12:28
M 4850 1838 -16921 17:12:28
M 4836 1830 -16977 17:12:28
M 4816 1810 -16918 17:12:28
M 4824 1790 -16959 17:12:28
M 4906 1802 -16937 17:12:28
M 4854 1796 -16955 17:12:28
M 4866 1764 -16960 17:12:28
M 4856 1796 -16950 17:12:28
M 4794 1800 -16887 17:12:28
M 4876 1760 -16851 17:12:28
M 4844 1776 -16894 17:12:28
M 4826 1770 -16925 17:12:28
M 4862 1792 -16945 17:12:28
M 4826 1766 -16886 17:12:28
M 4796 1766 -16978 17:12:28
M 4850 1810 -16990 17:12:28
M 4818 1788 -16921 17:12:28
M 4746 1798 -16951 17:12:28
M 4820 1812 -16965 17:12:28
M 4794 1752 -16972 17:12:28
M 4802 1770 -16932 17:12:28
M 4838 1800 -17133 17:12:28
M 4844 1836 -16884 17:12:28
M 4856 1810 -16981 17:12:28
M 4844 1812 -16952 17:12:28
M 4820 1802 -16947 17:12:28
M 4836 1816 -16965 17:12:28
M 4782 1794 -17003 17:12:28
M 4830 1772 -16985 17:12:28
M 4826 1792 -16958 17:12:28
M 4818 1784 -17004 17:12:28
M 4780 1766 -17021 17:12:28
M 4830 1794 -16945 17:12:28
M 4818 1832 -17005 17:12:28
M 4856 1802 -17048 17:12:28
M 4834 1774 -16935 17:12:28
M 4844 1814 -16942 17:12:28
M 4852 1816 -16909 17:12:28
M 4896 1810 -17005 17:12:28
M 4852 1830 -16958 17:12:28
M 4836 1828 -16913 17:12:28
M 4910 1806 -16994 17:12:28
M 4862 1814 -16957 17:12:28
M 4868 1814 -16975 17:12:28
M 4876 1802 -16988 17:12:28
M 4836 1798 -17031 17:12:28
M 4816 1802 -16994 17:12:28
M 4862 1762 -16951 17:12:28
M 4852 1784 -16986 17:12:28
M 4836 1840 -16973 17:12:28
M 4862 1814 -17030 17:12:28
M 4892 1792 -16998 17:12:28
M 4842 1846 -17013 17:12:28
M 4854 1820 -17053 17:12:28
M 4836 1788 -16987 17:12:28
M 4902 1726 -17035 17:12:28
O 212 256 37 17:12:28
M 4838 1708 -16986 17:12:28
M 4854 1754 -16949 17:12:28
M 4808 1778 -16934 17:12:28
M 4856 1750 -16941 17:12:28
M 4850 1738 -17018 17:12:28
M 4768 1782 -16995 17:12:28
M 4818 1756 -16968 17:12:28
M 4816 1788 -16945 17:12:28
M 4826 1780 -16951 17:12:28
M 4876 1768 -17031 17:12:28
M 4814 1782 -16872 17:12:28
M 4814 1804 -17022 17:12:28
M 4824 1756 -16946 17:12:28
M 4832 1764 -16883 17:12:28
M 4868 1800 -16970 17:12:28
M 4812 1778 -16934 17:12:28
M 4832 1758 -17003 17:12:28
M 4846 1756 -16929 17:12:28
M 4820 1770 -16973 17:12:28
M 4832 1790 -16946 17:12:28
M 4812 1790 -16974 17:12:28
M 4794 1798 -16928 17:12:28
M 4816 1818 -16892 17:12:28
M 4836 1836 -16992 17:12:28
M 4882 1814 -16929 17:12:28
M 4844 1794 -16874 17:12:28
M 4818 1826 -16902 17:12:28
M 4850 1790 -16961 17:12:28
M 4862 1796 -16950 17:12:28
M 4846 1772 -16960 17:12:28
M 4788 1810 -16923 17:12:28
M 4844 1790 -16962 17:12:28
M 4842 1744 -16941 17:12:28
M 4828 1736 -16920 17:12:28
M 4920 1744 -16942 17:12:28
M 4856 1798 -17002 17:12:28
M 4858 1790 -16985 17:12:28
M 4844 1778 -16984 17:12:28
M 4860 1724 -16937 17:12:28
M 4876 1796 -16968 17:12:28
M 4868 1786 -16945 17:12:28
M 4880 1782 -17021 17:12:28
M 4840 1802 -16988 17:12:28
M 4854 1758 -16993 17:12:28
M 4844 1746 -16955 17:12:28
M 4812 1752 -16965 17:12:28
M 4858 1794 -16993 17:12:28
M 4856 1790 -16934 17:12:28
M 4878 1790 -16933 17:12:28
M 4856 1780 -17001 17:12:28
M 4846 1766 -16990 17:12:28
M 4866 1774 -16994 17:12:28
M 4812 1750 -17014 17:12:28
M 4878 1792 -16975 17:12:28
M 4862 1774 -16915 17:12:28
M 4858 1790 -17033 17:12:28
M 4860 1720 -16964 17:12:28
M 4612 1750 -16952 17:12:28
M 4840 1738 -16968 17:12:28
M 4832 1786 -16944 17:12:28
M 4852 1812 -16926 17:12:28
M 4838 1754 -16948 17:12:28
M 4880 1794 -16953 17:12:28
M 4836 1750 -16920 17:12:28
M 4882 1772 -16953 17:12:28
M 4850 1762 -16966 17:12:28
M 4848 1798 -16922 17:12:28
M 4828 2042 -16976 17:12:28
M 4816 1814 -16957 17:12:28
M 4830 1748 -16993 17:12:28
M 4802 1794 -16992 17:12:28
M 4844 1796 -16948 17:12:28
M 4858 1808 -17019 17:12:28
M 4834 1774 -16879 17:12:28
M 4862 1820 -17011 17:12:28
M 4864 1734 -16883 17:12:28
M 4868 1826 -17018 17:12:28
M 4842 1810 -16930 17:12:28
M 4850 1816 -16880 17:12:28
M 4838 1832 -16983 17:12:28
M 4862 1778 -16934 17:12:28
M 4826 1760 -16919 17:12:28
M 4852 1808 -16952 17:12:28
M 4866 1836 -16981 17:12:28
M 4858 1768 -16924 17:12:28
M 4840 1794 -16955 17:12:28
M 4838 1778 -16968 17:12:28
M 4818 1784 -16980 17:12:28
M 4810 1768 -16902 17:12:28
M 4864 1788 -16937 17:12:28
M 4882 1778 -16937 17:12:28
M 4790 1776 -16868 17:12:28
M 4880 1822 -16957 17:12:28
M 4832 1810 -16937 17:12:28
M 4852 1792 -16938 17:12:28
M 4848 1784 -16959 17:12:28
M 4810 1844 -16946 17:12:28
M 4856 1800 -16918 17:12:28
M 4830 1800 -16980 17:12:28
M 4852 1804 -16964 17:12:28
O 212 251 37 17:12:29
M 4836 1768 -16911 17:12:29
M 4784 1774 -16980 17:12:29
M 4790 1788 -16975 17:12:29
M 4774 1750 -16962 17:12:29
M 4756 1804 -16938 17:12:29
M 4766 1730 -17042 17:12:29
M 4772 1770 -16978 17:12:29
M 4730 1778 -17031 17:12:29
M 4762 1790 -17026 17:12:29
M 4796 1772 -17019 17:12:29
M 4774 1770 -16978 17:12:29
M 4798 1814 -16992 17:12:29
M 4772 1754 -17067 17:12:29
M 4764 1764 -16986 17:12:29
M 4784 1806 -17012 17:12:29
M 4792 1794 -17015 17:12:29
M 4778 1772 -16981 17:12:29
M 4812 1790 -17026 17:12:29
M 4762 1790 -16988 17:12:29
M 4768 1806 -17067 17:12:29
M 4766 1776 -16989 17:12:29
M 4806 1800 -16969 17:12:29
M 4772 1806 -16966 17:12:29
M 4776 1780 -16977 17:12:29
M 4800 1772 -16928 17:12:29
M 4820 1760 -16924 17:12:29
M 4782 1812 -16946 17:12:29
M 4790 1794 -16971 17:12:29
M 4760 1826 -16991 17:12:29
M 4806 1796 -17020 17:12:29
M 4808 1748 -16985 17:12:29
M 4774 1800 -16987 17:12:29
M 4798 1810 -16958 17:12:29
M 4806 1810 -16968 17:12:29
M 4776 1754 -17089 17:12:29
M 4766 1768 -17008 17:12:29
M 4792 1778 -16971 17:12:29
M 4774 2018 -17002 17:12:29
M 4796 1796 -17007 17:12:29
M 4812 1790 -17010 17:12:29
M 4812 1760 -16987 17:12:29
M 4846 1754 -16996 17:12:29
M 4786 1778 -17045 17:12:29
M 4808 1754 -17122 17:12:29
M 4822 1760 -17090 17:12:29
M 4786 1792 -16980 17:12:29
M 4784 1782 -17009 17:12:29
M 4822 1788 -16957 17:12:29
M 4784 1820 -17055 17:12:29
M 4780 1732 -17047 17:12:29
M 4770 1786 -16998 17:12:29
M 4800 1754 -17012 17:12:29
M 4778 1796 -17005 17:12:29
M 4768 1770 -17036 17:12:29
M 4758 1780 -16984 17:12:29
M 4770 1796 -17074 17:12:29
M 4744 1742 -17006 17:12:29
M 4818 1702 -17035 17:12:29
M 4838 1730 -16988 17:12:29
M 4758 1766 -16987 17:12:29
M 4814 1760 -17023 17:12:29
M 4816 1754 -16995 17:12:29
M 4832 1750 -17025 17:12:29
M 4822 1796 -17047 17:12:29
M 4804 1744 -16969 17:12:29
M 4782 1760 -16962 17:12:29
M 4794 1732 -16982 17:12:29
M 4780 1770 -16900 17:12:29
M 4802 1772 -16990 17:12:29
M 4802 1776 -16953 17:12:29
M 4814 1744 -17002 17:12:29
M 4808 1758 -17004 17:12:29
M 4820 1756 -16984 17:12:29
M 4778 1730 -17028 17:12:29
M 4766 1756 -16939 17:12:29
M 4844 1774 -16965 17:12:29
M 4830 1724 -17042 17:12:29
M 4840 1746 -16943 17:12:29
M 4872 1750 -16880 17:12:29
M 4820 1766 -16982 17:12:29
M 4846 1766 -16946 17:12:29
M 4846 1760 -16975 17:12:29
M 4864 1722 -17014 17:12:29
M 4834 1738 -16959 17:12:29
M 4848 1752 -16962 17:12:29
M 4820 1756 -16932 17:12:29
M 4822 1790 -16976 17:12:29
M 4824 1758 -16965 17:12:29
M 4848 1732 -17019 17:12:29
M 4824 1760 -16986 17:12:29
M 4840 1764 -16976 17:12:29
M 4834 1770 -17015 17:12:29
M 4816 1728 -16986 17:12:29
M 4844 1774 -17022 17:12:29
M 4814 1804 -17004 17:12:29
M 4846 1752 -16970 17:12:29
M 4890 1794 -17074 17:12:29
M 4804 1766 -16966 17:12:29
M 4842 1748 -17045 17:12:29
M 4840 1750 -17072 17:12:29
O 212 246 37 17:12:29
M 4770 1758 -17037 17:12:29
M 4702 1746 -16970 17:12:29
M 4738 1750 -16986 17:12:29
M 4784 1772 -17008 17:12:29
M 4754 1756 -17040 17:12:29
M 4804 1752 -17009 17:12:29
M 4792 1752 -16994 17:12:29
M 4760 1724 -16974 17:12:29
M 4808 1720 -16936 17:12:29
M 4800 1758 -16984 17:12:29
M 4796 1728 -16988 17:12:29
M 4796 1744 -17050 17:12:29
M 4814 1738 -17012 17:12:29
M 4792 1752 -16953 17:12:29
M 4802 1756 -17022 17:12:29
M 4824 1754 -16986 17:12:29
M 4820 1732 -17029 17:12:29
M 4824 1730 -17067 17:12:29
M 4780 1752 -17008 17:12:29
M 4784 1724 -16999 17:12:29
M 4772 1768 -17078 17:12:29
M 4740 1716 -16971 17:12:29
M 4786 1796 -17007 17:12:29
M 4742 1566 -16974 17:12:29
M 4828 1736 -16987 17:12:29
M 4766 1738 -16947 17:12:29
M 4830 1738 -16997 17:12:29
M 4812 1750 -17021 17:12:29
M 4762 1768 -17021 17:12:29
M 4830 1764 -17076 17:12:29
M 4780 1770 -17000 17:12:29
M 4786 1774 -17045 17:12:29
M 4768 1804 -17048 17:12:29
M 4780 1794 -16990 17:12:29
M 4748 1774 -17039 17:12:29
M 4746 1782 -17036 17:12:29
M 4776 1778 -17020 17:12:29
M 4762 1802 -16942 17:12:29
M 4714 1788 -16989 17:12:29
M 4762 1780 -16997 17:12:29
M 4792 1742 -17047 17:12:29
M 4744 1718 -17004 17:12:29
M 4790 1738 -16956 17:12:29
M 4744 1780 -17015 17:12:29
M 4760 1792 -17018 17:12:29
M 4790 1740 -17028 17:12:29
M 4736 1782 -17016 17:12:29
M 4792 1800 -16979 17:12:29
M 4802 1766 -17043 17:12:29
M 4786 1736 -16955 17:12:29
M 4752 1748 -16991 17:12:29
M 4808 1778 -16987 17:12:29
M 4800 1756 -16995 17:12:29
M 4746 1788 -16974 17:12:29
M 4744 1738 -17089 17:12:29
M 4768 1772 -17055 17:12:29
M 4762 1772 -17022 17:12:29
M 4772 1742 -17082 17:12:29
M 4788 1784 -17076 17:12:29
M 4784 1754 -17040 17:12:29
M 4730 1770 -17004 17:12:29
M 4724 1770 -17051 17:12:29
M 4746 1782 -17105 17:12:29
M 4764 1744 -17003 17:12:29
M 4734 1740 -17050 17:12:29
M 4788 1776 -17048 17:12:29
M 4786 1816 -16981 17:12:29
M 4754 1778 -16976 17:12:29
M 4772 1768 -17020 17:12:29
M 4752 1770 -16976 17:12:29
M 4760 1728 -17029 17:12:29
M 4750 1734 -17027 17:12:29
M 4726 1796 -17017 17:12:29
M 4814 1736 -17001 17:12:29
M 4806 1812 -16998 17:12:29
M 4794 1768 -17078 17:12:29
M 4722 1800 -17045 17:12:29
M 4792 1730 -17013 17:12:29
M 4738 1748 -16965 17:12:29
M 4768 1796 -16993 17:12:29
M 4746 1792 -17061 17:12:29
M 4758 1780 -17050 17:12:29
M 4758 1754 -17058 17:12:29
M 4794 1734 -17006 17:12:29
M 4778 1754 -17010 17:12:29
M 4792 1758 -17076 17:12:29
M 4770 1786 -17010 17:12:29
M 4746 1746 -16980 17:12:29
M 4758 1764 -17023 17:12:29
M 4752 1754 -16959 17:12:29
M 4760 1706 -16996 17:12:29
M 4746 1716 -17009 17:12:29
M 4780 1700 -17076 17:12:29
M 4740 1734 -17072 17:12:29
M 4794 1740 -17062 17:12:29
M 4750 1718 -17052 17:12:29
M 4740 1772 -17048 17:12:29
M 4740 1740 -17036 17:12:29
M 4718 1736 -17043 17:12:29
M 4770 1776 -17012 17:12:29
O 212 241 37 17:12:29
M 4688 1690 -17038 17:12:29
M 4734 1722 -17003 17:12:29
M 4714 1712 -17072 17:12:29
M 4678 1712 -17020 17:12:29
M 4742 1744 -17080 17:12:29
M 4682 1784 -16957 17:12:29
M 4716 1738 -17044 17:12:29
M 4674 1754 -17042 17:12:29
M 4714 1776 -17002 17:12:29
M 4704 1778 -16996 17:12:29
M 4688 1756 -17075 17:12:29
M 4722 1792 -17044 17:12:29
M 4746 1800 -17043 17:12:29
M 4718 1788 -17054 17:12:29
M 4732 1796 -17011 17:12:29
M 4770 1760 -17055 17:12:29
M 4742 1776 -17010 17:12:29
M 4674 1784 -16970 17:12:29
M 4736 1800 -16993 17:12:29
M 4706 1784 -17014 17:12:29
M 4750 1772 -17004 17:12:29
M 4678 1798 -17022 17:12:29
M 4728 1792 -17006 17:12:29
M 4722 1780 -16963 17:12:29
M 4730 1770 -16979 17:12:29
M 4722 1764 -17009 17:12:29
M 4724 1780 -16941 17:12:29
M 4694 1820 -17007 17:12:29
M 4708 1810 -17015 17:12:29
M 4662 1782 -16980 17:12:29
M 4712 1740 -17004 17:12:29
M 4742 1756 -17021 17:12:29
M 4702 1784 -17146 17:12:29
M 4690 1768 -17051 17:12:29
M 4668 1784 -17088 17:12:29
M 4676 1766 -17080 17:12:29
M 4660 1826 -17118 17:12:29
M 4752 1782 -16957 17:12:29
M 4696 1756 -17031 17:12:29
M 4710 1778 -17070 17:12:29
M 4710 1784 -17015 17:12:29
M 4748 1796 -17061 17:12:29
M 4662 1766 -17041 17:12:29
M 4700 1798 -16968 17:12:29
M 4710 1796 -17008 17:12:29
M 4688 1800 -17038 17:12:29
M 4708 1772 -17010 17:12:29
M 4736 1778 -17040 17:12:29
M 4724 1776 -17052 17:12:29
M 4760 1808 -17043 17:12:29
M 4692 1770 -17001 17:12:29
M 4708 1808 -17034 17:12:29
M 4754 1810 -17020 17:12:29
M 4688 1770 -17029 17:12:29
M 4726 1828 -17016 17:12:29
M 4702 1788 -17053 17:12:29
M 4704 1748 -16990 17:12:29
M 4714 1790 -17085 17:12:29
M 4768 1756 -17004 17:12:29
M 4724 1768 -17047 17:12:29
M 4768 1762 -17108 17:12:29
M 4714 1802 -17007 17:12:29
M 4688 1752 -16995 17:12:29
M 4690 1790 -17058 17:12:29
M 4732 1778 -17076 17:12:29
M 4756 1772 -17059 17:12:29
M 4732 1776 -17047 17:12:29
M 4702 1756 -17076 17:12:29
M 4704 1734 -17067 17:12:29
M 4676 1790 -17009 17:12:29
M 4674 1774 -17017 17:12:29
M 4702 1766 -17045 17:12:29
M 4700 1756 -17130 17:12:29
M 4714 1758 -17102 17:12:29
M 4700 1734 -17054 17:12:29
M 4720 1782 -17072 17:12:29
M 4676 1734 -17111 17:12:29
M 4730 1748 -17023 17:12:29
M 4718 1826 -17073 17:12:29
M 4736 1750 -17070 17:12:29
M 4726 1808 -17045 17:12:29
M 4714 1774 -17041 17:12:29
M 4724 1796 -16996 17:12:29
M 4716 1808 -16995 17:12:29
M 4760 1792 -16939 17:12:29
M 4694 1754 -17008 17:12:29
M 4704 1806 -17029 17:12:29
M 4742 1784 -16976 17:12:29
M 4718 1800 -17026 17:12:29
M 4716 1768 -17008 17:12:29
M 4736 1836 -17046 17:12:29
M 4718 1760 -17022 17:12:29
M 4708 1744 -17098 17:12:29
M 4734 1750 -17036 17:12:29
M 4700 1748 -17056 17:12:29
M 4740 1738 -17031 17:12:29
M 4670 1804 -17010 17:12:29
M 4692 1764 -16997 17:12:29
M 4758 1792 -16978 17:12:29
M 4712 1754 -17014 17:12:29
O 212 236 37 17:12:29
M 4648 1772 -17062 17:12:29
M 4696 1778 -17064 17:12:29
M 4654 1760 -17103 17:12:29
M 4688 1762 -17128 17:12:29
M 4714 1766 -17095 17:12:29
M 4700 1536 -17094 17:12:29
M 4740 1756 -17124 17:12:29
M 4688 1736 -17113 17:12:29
M 4730 1770 -17059 17:12:29
M 4710 1820 -17065 17:12:29
M 4680 1800 -17114 17:12:29
M 4696 1750 -17062 17:12:29
M 4670 1806 -17060 17:12:29
M 4686 1800 -17050 17:12:29
M 4686 1812 -17031 17:12:29
M 4670 1808 -17111 17:12:29
M 4646 1840 -17136 17:12:29
M 4660 1804 -17130 17:12:29
M 4700 1798 -17062 17:12:29
M 4712 1834 -17053 17:12:29
M 4680 1796 -17044 17:12:29
M 4670 1768 -17085 17:12:29
M 4696 1810 -17070 17:12:29
M 4684 1808 -17092 17:12:30
M 4670 1758 -17091 17:12:30
M 4666 1800 -17027 17:12:30
M 4698 1794 -17040 17:12:30
M 4706 1798 -17111 17:12:30
M 4680 1776 -17048 17:12:30
M 4636 1760 -16996 17:12:30
M 4666 1788 -17092 17:12:30
M 4734 1740 -17128 17:12:30
M 4656 1768 -17050 17:12:30
M 4702 1766 -17110 17:12:30
M 4690 1790 -17103 17:12:30
M 4668 1806 -17107 17:12:30
M 4704 1760 -17131 17:12:30
M 4698 1770 -17071 17:12:30
M 4702 1792 -17045 17:12:30
M 4674 1816 -17043 17:12:30
M 4720 1768 -17088 17:12:30
M 4690 1790 -17085 17:12:30
M 4698 1800 -17061 17:12:30
M 4650 1796 -17042 17:12:30
M 4704 1746 -17040 17:12:30
M 4694 1762 -17167 17:12:30
M 4696 1778 -17090 17:12:30
M 4674 1778 -17069 17:12:30
M 4690 1792 -17063 17:12:30
M 4690 1768 -17077 17:12:30
M 4676 1784 -17155 17:12:30
M 4680 1810 -17088 17:12:30
M 4728 1744 -17109 17:12:30
M 4680 1746 -17090 17:12:30
M 4672 1802 -17127 17:12:30
M 4668 1760 -17072 17:12:30
M 4698 1760 -17066 17:12:30
M 4698 1804 -17119 17:12:30
M 4668 1784 -17130 17:12:30
M 4736 1782 -17045 17:12:30
M 4680 1800 -17104 17:12:30
M 4684 1766 -17056 17:12:30
M 4710 1766 -17124 17:12:30
M 4712 1782 -17083 17:12:30
M 4732 1826 -17064 17:12:30
M 4676 1764 -17053 17:12:30
M 4678 1778 -17111 17:12:30
M 4716 1812 -17032 17:12:30
M 4742 1810 -17061 17:12:30
M 4702 1772 -17066 17:12:30
M 4730 1780 -17096 17:12:30
M 4732 1814 -17037 17:12:30
M 4668 1782 -17062 17:12:30
M 4696 1782 -17057 17:12:30
M 4706 1792 -17064 17:12:30
M 4694 1540 -17064 17:12:30
M 4698 1780 -17071 17:12:30
M 4660 1762 -17072 17:12:30
M 4710 1774 -17066 17:12:30
M 4682 1790 -17110 17:12:30
M 4654 1794 -17089 17:12:30
M 4654 1802 -17049 17:12:30
M 4658 1788 -17091 17:12:30
M 4672 1802 -17106 17:12:30
M 4642 1770 -17099 17:12:30
M 4700 1766 -17025 17:12:30
M 4660 1758 -17118 17:12:30
M 4648 1756 -17054 17:12:30
M 4668 1822 -17067 17:12:30
M 4636 1774 -17064 17:12:30
M 4652 1778 -17072 17:12:30
M 4710 1800 -17070 17:12:30
M 4720 1778 -17085 17:12:30
M 4740 1780 -17082 17:12:30
M 4700 1766 -17129 17:12:30
M 4692 1768 -17092 17:12:30
M 4694 1806 -17070 17:12:30
M 4710 1826 -17071 17:12:30
M 4692 1804 -17136 17:12:30
M 4710 1786 -17184 17:12:30
O 212 231 37 17:12:30
M 4660 1830 -17060 17:12:30
M 4656 1876 -17102 17:12:30
M 4698 1836 -17110 17:12:30
M 4652 1816 -17132 17:12:30
M 4634 1816 -17105 17:12:30
M 4656 1802 -17146 17:12:30
M 4670 1800 -17120 17:12:30
M 4658 1796 -17132 17:12:30
M 4646 1734 -17117 17:12:30
M 4680 1784 -17130 17:12:30
M 4650 1768 -17113 17:12:30
M 4656 1784 -17094 17:12:30
M 4658 1784 -17025 17:12:30
M 4660 1818 -17055 17:12:30
M 4672 1796 -17118 17:12:30
M 4682 1800 -17137 17:12:30
M 4702 1762 -17051 17:12:30
M 4644 1728 -17125 17:12:30
M 4656 1770 -17078 17:12:30
M 4678 1816 -17020 17:12:30
M 4656 1832 -17171 17:12:30
M 4680 1762 -17113 17:12:30
M 4704 1734 -17095 17:12:30
M 4664 1766 -17097 17:12:30
M 4678 1780 -17041 17:12:30
M 4660 1778 -17090 17:12:30
M 4698 1792 -17091 17:12:30
M 4668 1776 -17167 17:12:30
M 4632 1770 -17124 17:12:30
M 4658 1810 -17121 17:12:30
M 4676 1766 -17077 17:12:30
M 4712 1786 -17148 17:12:30
M 4680 1766 -17122 17:12:30
M 4608 1746 -17159 17:12:30
M 4626 1782 -17187 17:12:30
M 4652 1758 -17124 17:12:30
M 4634 1776 -17057 17:12:30
M 4674 1788 -17073 17:12:30
M 4618 1744 -17130 17:12:30
M 4624 1756 -17087 17:12:30
M 4652 1748 -17077 17:12:30
M 4620 1804 -17138 17:12:30
M 4652 2020 -17148 17:12:30
M 4622 1806 -17045 17:12:30
M 4662 1790 -17120 17:12:30
M 4648 1734 -17121 17:12:30
M 4670 1754 -17137 17:12:30
M 4664 1758 -17147 17:12:30
M 4624 1788 -17185 17:12:30
M 4650 1790 -17137 17:12:30
M 4618 1748 -17139 17:12:30
M 4642 1770 -17143 17:12:30
M 4654 1762 -17134 17:12:30
M 4650 1758 -17109 17:12:30
M 4680 1756 -17095 17:12:30
M 4682 1804 -17114 17:12:30
M 4648 1788 -17135 17:12:30
M 4706 1780 -17096 17:12:30
M 4692 1806 -17109 17:12:30
M 4662 1812 -17054 17:12:30
M 4646 1826 -17066 17:12:30
M 4676 1818 -17112 17:12:30
M 4688 1790 -17047 17:12:30
M 4676 1816 -17109 17:12:30
M 4690 1808 -17136 17:12:30
M 4664 1788 -17107 17:12:30
M 4728 1768 -17082 17:12:30
M 4698 1768 -17083 17:12:30
M 4670 1768 -17125 17:12:30
M 4662 1816 -17078 17:12:30
M 4664 1776 -17108 17:12:30
M 4618 1810 -17101 17:12:30
M 4706 1780 -17107 17:12:30
M 4662 1784 -17164 17:12:30
M 4622 1762 -17068 17:12:30
M 4702 1788 -17108 17:12:30
M 4640 1786 -17090 17:12:30
M 4640 1810 -17110 17:12:30
M 4628 1796 -17093 17:12:30
M 4658 1830 -17155 17:12:30
M 4674 1818 -17099 17:12:30
M 4656 1790 -17114 17:12:30
M 4684 1760 -17149 17:12:30
M 4654 1778 -17133 17:12:30
M 4702 1806 -17105 17:12:30
M 4698 1804 -17125 17:12:30
M 4704 1776 -17111 17:12:30
M 4686 1820 -17057 17:12:30
M 4702 1778 -17128 17:12:30
M 4676 1800 -17130 17:12:30
M 4664 1776 -17107 17:12:30
M 4682 1788 -17131 17:12:30
M 4636 1760 -17149 17:12:30
M 4684 1762 -17088 17:12:30
M 4702 1784 -17166 17:12:30
M 4698 1816 -17142 17:12:30
M 4674 1792 -17090 17:12:30
M 4652 1768 -17117 17:12:30
M 4700 1776 -17091 17:12:30
M 4632 1784 -17120 17:12:30
O 212 226 37 17:12:30
M 4622 1814 -17104 17:12:30
M 4616 1824 -17001 17:12:30
M 4582 1836 -17046 17:12:30
M 4610 1806 -17125 17:12:30
M 4588 1780 -17153 17:12:30
M 4654 1802 -17080 17:12:30
M 4618 1800 -17005 17:12:30
M 4634 1814 -17002 17:12:30
M 4650 1850 -17019 17:12:30
M 4642 1806 -16975 17:12:30
M 4716 1808 -17052 17:12:30
M 4656 1790 -17074 17:12:30
M 4656 1842 -17020 17:12:30
M 4638 1818 -17050 17:12:30
M 4652 1830 -17069 17:12:30
M 4626 1816 -17032 17:12:30
M 4636 1824 -17085 17:12:30
M 4628 1824 -17074 17:12:30
M 4658 1842 -17092 17:12:30
M 4666 1778 -17080 17:12:30
M 4708 1834 -17067 17:12:30
M 4630 1810 -17141 17:12:30
M 4672 1786 -17013 17:12:30
M 4688 1864 -17018 17:12:30
M 4652 1786 -17042 17:12:30
M 4702 1806 -17052 17:12:30
M 4676 1818 -17014 17:12:30
M 4696 1812 -17046 17:12:30
M 4696 1800 -17063 17:12:30
M 4636 1804 -17100 17:12:30
M 4662 1814 -17124 17:12:30
M 4614 1792 -17110 17:12:30
M 4850 1824 -17083 17:12:30
M 4702 1834 -17131 17:12:30
M 4682 1804 -17116 17:12:30
M 4636 1830 -17052 17:12:30
M 4676 1832 -16986 17:12:30
M 4650 1818 -17015 17:12:30
M 4626 1756 -17015 17:12:30
M 4594 1848 -17057 17:12:30
M 4624 1822 -17081 17:12:30
M 4618 1834 -17042 17:12:30
M 4644 1822 -17061 17:12:30
M 4700 1800 -17037 17:12:30
M 4660 1810 -17112 17:12:30
M 4666 1814 -17014 17:12:30
M 4646 1804 -16999 17:12:30
M 4686 1794 -17043 17:12:30
M 4656 1728 -17033 17:12:30
M 4656 1806 -17064 17:12:30
M 4634 1808 -17068 17:12:30
M 4630 1848 -17023 17:12:30
M 4672 1806 -17046 17:12:30
M 4646 1836 -17095 17:12:30
M 4630 1812 -17128 17:12:30
M 4658 1834 -17112 17:12:30
M 4670 1850 -17098 17:12:30
M 4636 1790 -17089 17:12:30
M 4702 1810 -17081 17:12:30
M 4664 1822 -17083 17:12:30
M 4678 1850 -17078 17:12:30
M 4652 1852 -17058 17:12:30
M 4622 1818 -17105 17:12:30
M 4634 1832 -17124 17:12:30
M 4632 1766 -17036 17:12:30
M 4648 1808 -17054 17:12:30
M 4644 1844 -17101 17:12:30
M 4596 1804 -17154 17:12:30
M 4630 1824 -17065 17:12:30
M 4632 1816 -17043 17:12:30
M 4638 1824 -17097 17:12:30
M 4646 1788 -17181 17:12:30
M 4630 1812 -17089 17:12:30
M 4598 1800 -17068 17:12:30
M 4624 1798 -17068 17:12:30
M 4618 1750 -17095 17:12:30
M 4640 1792 -17121 17:12:30
M 4638 2014 -17131 17:12:30
M 4678 1782 -17115 17:12:30
M 4630 1782 -17108 17:12:30
M 4612 1766 -17122 17:12:30
M 4634 1784 -17104 17:12:30
M 4634 1796 -17103 17:12:30
M 4632 1770 -17163 17:12:30
M 4598 1780 -17102 17:12:30
M 4626 1766 -17081 17:12:30
M 4608 1764 -17158 17:12:30
M 4644 1782 -17029 17:12:30
M 4652 1764 -17068 17:12:30
M 4644 1804 -17133 17:12:30
M 4646 1814 -17125 17:12:30
M 4612 1808 -17110 17:12:30
M 4644 1776 -17123 17:12:30
M 4630 1852 -17141 17:12:30
M 4652 1796 -17085 17:12:30
M 4634 1780 -17092 17:12:30
M 4636 1790 -17061 17:12:30
M 4626 1816 -17113 17:12:30
M 4640 1848 -17170 17:12:30
M 4632 1822 -17078 17:12:30
O 212 221 37 17:12:30
M 4608 1822 -17084 17:12:30
M 4658 1836 -17078 17:12:30
M 4604 1860 -17072 17:12:30
M 4604 1836 -17030 17:12:30
M 4604 1832 -17086 17:12:30
M 4594 1850 -17092 17:12:30
M 4628 1844 -17013 17:12:30
M 4646 1868 -17055 17:12:30
M 4630 1862 -17123 17:12:30
M 4638 1824 -17007 17:12:30
M 4612 1864 -17076 17:12:30
M 4616 1826 -17083 17:12:30
M 4608 1878 -17095 17:12:30
M 4600 1800 -17020 17:12:30
M 4626 1826 -17037 17:12:30
M 4604 1822 -17050 17:12:30
M 4612 1802 -17122 17:12:30
M 4560 1812 -17041 17:12:30
M 4568 1856 -16972 17:12:30
M 4564 1830 -17031 17:12:30
M 4602 1824 -17081 17:12:30
M 4634 1812 -17036 17:12:30
M 4680 1812 -17071 17:12:30
M 4644 1856 -17129 17:12:30
M 4616 1860 -17073 17:12:30
M 4592 1856 -16984 17:12:30
M 4612 1826 -17091 17:12:30
M 4580 1840 -17048 17:12:30
M 4576 1816 -17055 17:12:30
M 4594 1836 -17038 17:12:30
M 4610 1848 -17038 17:12:30
M 4636 1888 -17015 17:12:30
M 4594 1862 -17043 17:12:30
M 4572 1844 -17019 17:12:30
M 4570 1898 -17086 17:12:30
M 4610 1890 -17103 17:12:30
M 4560 1868 -17087 17:12:30
M 4578 1826 -17047 17:12:30
M 4628 1830 -17062 17:12:30
M 4632 1854 -17053 17:12:30
M 4580 1880 -16992 17:12:30
M 4644 1874 -17042 17:12:30
M 4644 1834 -17036 17:12:30
M 4674 1818 -17033 17:12:30
M 4598 1834 -17040 17:12:30
M 4646 1858 -16987 17:12:30
M 4618 1856 -17057 17:12:30
M 4608 1898 -17074 17:12:30
M 4634 1852 -17057 17:12:30
M 4626 1856 -17035 17:12:30
M 4580 1844 -17014 17:12:30
M 4612 1856 -16999 17:12:30
M 4610 1902 -17090 17:12:30
M 4670 1876 -17072 17:12:30
M 4654 1904 -17041 17:12:30
M 4604 1890 -17017 17:12:30
M 4612 1874 -16978 17:12:30
M 4696 1870 -17020 17:12:30
M 4642 1910 -17037 17:12:30
M 4618 1876 -16978 17:12:30
M 4642 1834 -17053 17:12:30
M 4626 1844 -17065 17:12:30
M 4618 1828 -17096 17:12:30
M 4628 1802 -17049 17:12:30
M 4652 1862 -17003 17:12:30
M 4624 1840 -17050 17:12:30
M 4596 1862 -17023 17:12:30
M 4604 1844 -16970 17:12:30
M 4636 1866 -17009 17:12:30
M 4616 1862 -17024 17:12:30
M 4652 1822 -17073 17:12:30
M 4668 1874 -17029 17:12:30
M 4602 1850 -17062 17:12:30
M 4594 1858 -17007 17:12:30
M 4618 1868 -17016 17:12:30
M 4624 1852 -17009 17:12:30
M 4612 1842 -16990 17:12:30
M 4660 1790 -17030 17:12:30
M 4578 1822 -17043 17:12:30
M 4622 1844 -17057 17:12:30
M 4588 1842 -17040 17:12:30
M 4618 1878 -17003 17:12:30
M 4598 1868 -16992 17:12:30
M 4602 1838 -16999 17:12:30
M 4578 1846 -17027 17:12:30
M 4608 1870 -16989 17:12:30
M 4614 1828 -16986 17:12:30
M 4604 1850 -17038 17:12:30
M 4598 1838 -16952 17:12:30
M 4592 1822 -17036 17:12:30
M 4618 1830 -17028 17:12:30
M 4618 1858 -16971 17:12:30
M 4626 1880 -17087 17:12:30
M 4624 1856 -16994 17:12:30
M 4618 1830 -17009 17:12:30
M 4612 1866 -17035 17:12:30
M 4636 1824 -17046 17:12:30
M 4630 1802 -17059 17:12:30
M 4636 1868 -17053 17:12:30
M 4594 1830 -17031 17:12:30
O 212 216 37 17:12:31
M 4594 1864 -17132 17:12:31
M 4584 1824 -17077 17:12:31
M 4580 1884 -17063 17:12:31
M 4612 1898 -17122 17:12:31
M 4618 1866 -17102 17:12:31
M 4544 1864 -17080 17:12:31
M 4572 1862 -17073 17:12:31
M 4576 1856 -17076 17:12:31
M 4596 1792 -17098 17:12:31
M 4526 1824 -17098 17:12:31
M 4576 1884 -17056 17:12:31
M 4594 1814 -17076 17:12:31
M 4582 1888 -17041 17:12:31
M 4596 1854 -17079 17:12:31
M 4546 1852 -17063 17:12:31
M 4542 1876 -17102 17:12:31
M 4538 1816 -17036 17:12:31
M 4558 1884 -17065 17:12:31
M 4576 1856 -17114 17:12:31
M 4546 1878 -17071 17:12:31
M 4572 1892 -17154 17:12:31
M 4578 1826 -17130 17:12:31
M 4544 1832 -17085 17:12:31
M 4576 1862 -17097 17:12:31
M 4566 1890 -17108 17:12:31
M 4564 1838 -17073 17:12:31
M 4556 1866 -17030 17:12:31
M 4580 1828 -17113 17:12:31
M 4552 1832 -17088 17:12:31
M 4570 1886 -17083 17:12:31
M 4556 1858 -17049 17:12:31
M 4554 1852 -17071 17:12:31
M 4538 1890 -17084 17:12:31
M 4560 1860 -17138 17:12:31
M 4538 1892 -17018 17:12:31
M 4548 1904 -17101 17:12:31
M 4544 1848 -17112 17:12:31
M 4564 1868 -17077 17:12:31
M 4500 1868 -17057 17:12:31
M 4530 1846 -17088 17:12:31
M 4526 1826 -17127 17:12:31
M 4528 1818 -17103 17:12:31
M 4534 1832 -17116 17:12:31
M 4532 1844 -17089 17:12:31
M 4544 1862 -17099 17:12:31
M 4564 1876 -17118 17:12:31
M 4582 1852 -17139 17:12:31
M 4828 1814 -17081 17:12:31
M 4512 1850 -17139 17:12:31
M 4570 1834 -17164 17:12:31
M 4604 1852 -17109 17:12:31
M 4552 1834 -17071 17:12:31
M 4632 1854 -17027 17:12:31
M 4558 1862 -17130 17:12:31
M 4566 1858 -17098 17:12:31
M 4552 1860 -17114 17:12:31
M 4614 1860 -17140 17:12:31
M 4626 1898 -17111 17:12:31
M 4566 1902 -17081 17:12:31
M 4590 1836 -17145 17:12:31
M 4614 1826 -17097 17:12:31
M 4608 1838 -17065 17:12:31
M 4602 1844 -17064 17:12:31
M 4578 1832 -17127 17:12:31
M 4564 1832 -17137 17:12:31
M 4566 1810 -17079 17:12:31
M 4554 1850 -17067 17:12:31
M 4520 1852 -17093 17:12:31
M 4544 1826 -17089 17:12:31
M 4584 1894 -17056 17:12:31
M 4578 1852 -17022 17:12:31
M 4630 1840 -17087 17:12:31
M 4546 1862 -17146 17:12:31
M 4596 1824 -17071 17:12:31
M 4572 1860 -17064 17:12:31
M 4570 1816 -17059 17:12:31
M 4554 1860 -17105 17:12:31
M 4602 1886 -17056 17:12:31
M 4564 1858 -16996 17:12:31
M 4564 1858 -17027 17:12:31
M 4580 1890 -17027 17:12:31
M 4542 1894 -17044 17:12:31
M 4568 1832 -17091 17:12:31
M 4560 1832 -17061 17:12:31
M 4578 1856 -17015 17:12:31
M 4584 1862 -17110 17:12:31
M 4550 1864 -17077 17:12:31
M 4564 1878 -17056 17:12:31
M 4566 1852 -17079 17:12:31
M 4548 1866 -17081 17:12:31
M 4562 1844 -17109 17:12:31
M 4590 1806 -17016 17:12:31
M 4544 1826 -17176 17:12:31
M 4564 1890 -17042 17:12:31
M 4592 1884 -17082 17:12:31
M 4584 1886 -17077 17:12:31
M 4568 1874 -17148 17:12:31
M 4554 1866 -17117 17:12:31
M 4590 1868 -17130 17:12:31
M 4510 1832 -17127 17:12:31
O 212 211 37 17:12:31
M 4514 1908 -17092 17:12:31
M 4584 1880 -17092 17:12:31
M 4558 1910 -17064 17:12:31
M 4548 1918 -17111 17:12:31
M 4574 1876 -17102 17:12:31
M 4532 1884 -17116 17:12:31
M 4554 1836 -17092 17:12:31
M 4554 1918 -17079 17:12:31
M 4522 1844 -17120 17:12:31
M 4564 1818 -17016 17:12:31
M 4572 1872 -17043 17:12:31
M 4596 1860 -17056 17:12:31
M 4564 1904 -17061 17:12:31
M 4582 1890 -17070 17:12:31
M 4594 1850 -17050 17:12:31
M 4592 1862 -17049 17:12:31
M 4570 1864 -17085 17:12:31
M 4560 1842 -17053 17:12:31
M 4508 1846 -17069 17:12:31
M 4588 1858 -17022 17:12:31
M 4578 1890 -17017 17:12:31
M 4608 1842 -17055 17:12:31
M 4590 1838 -17106 17:12:31
M 4546 1816 -17076 17:12:31
M 4570 1866 -17099 17:12:31
M 4594 1898 -17096 17:12:31
M 4526 1844 -17082 17:12:31
M 4560 1868 -17138 17:12:31
M 4548 1852 -17092 17:12:31
M 4538 1838 -17055 17:12:31
M 4566 1850 -17022 17:12:31
M 4520 1838 -17097 17:12:31
M 4576 1854 -17074 17:12:31
M 4562 1838 -17037 17:12:31
M 4532 1834 -17043 17:12:31
M 4534 1830 -17093 17:12:31
M 4568 1816 -17116 17:12:31
M 4602 1850 -17030 17:12:31
M 4528 1832 -17140 17:12:31
M 4564 1874 -17080 17:12:31
M 4538 1830 -17082 17:12:31
M 4588 1846 -17087 17:12:31
M 4568 1838 -17011 17:12:31
M 4580 1828 -17061 17:12:31
M 4584 1888 -17031 17:12:31
M 4534 1840 -17082 17:12:31
M 4572 1832 -17088 17:12:31
M 4544 1854 -17024 17:12:31
M 4518 1826 -16965 17:12:31
M 4536 1868 -17067 17:12:31
M 4478 1848 -17078 17:12:31
M 4590 1868 -17060 17:12:31
M 4568 1846 -17080 17:12:31
M 4532 1886 -17026 17:12:31
M 4558 1830 -17050 17:12:31
M 4522 1874 -17082 17:12:31
M 4544 1866 -17038 17:12:31
M 4532 1896 -17016 17:12:31
M 4586 1848 -17023 17:12:31
M 4570 1822 -17061 17:12:31
M 4588 1822 -17059 17:12:31
M 4550 1858 -17084 17:12:31
M 4580 1848 -17069 17:12:31
M 4582 1852 -17118 17:12:31
M 4552 1882 -17004 17:12:31
M 4616 1882 -17084 17:12:31
M 4586 1864 -17084 17:12:31
M 4538 1872 -17074 17:12:31
M 4568 1874 -17069 17:12:31
M 4556 1828 -17038 17:12:31
M 4596 1848 -17085 17:12:31
M 4534 1882 -17038 17:12:31
M 4560 1894 -17067 17:12:31
M 4564 1880 -17025 17:12:31
M 4570 1890 -17060 17:12:31
M 4552 1892 -17046 17:12:31
M 4562 1884 -17036 17:12:31
M 4518 1820 -17026 17:12:31
M 4560 1890 -17053 17:12:31
M 4552 1898 -17083 17:12:31
M 4598 1906 -17097 17:12:31
M 4552 1876 -17040 17:12:31
M 4550 1884 -17060 17:12:31
M 4542 1902 -17016 17:12:31
M 4576 1904 -16997 17:12:31
M 4556 1882 -16989 17:12:31
M 4586 1892 -17024 17:12:31
M 4588 1906 -17105 17:12:31
M 4580 1878 -17010 17:12:31
M 4564 1876 -17053 17:12:31
M 4558 1864 -17046 17:12:31
M 4556 1876 -17091 17:12:31
M 4584 1884 -16969 17:12:31
M 4534 1864 -17004 17:12:31
M 4548 1860 -17058 17:12:31
M 4538 1864 -16983 17:12:31
M 4564 1884 -17091 17:12:31
M 4546 1880 -17029 17:12:31
M 4530 1892 -17091 17:12:31
M 4546 1882 -17028 17:12:31
O 212 206 37 17:12:31
M 4512 1868 -17033 17:12:31
M 4540 1860 -17024 17:12:31
M 4470 1848 -17069 17:12:31
M 4538 1888 -17068 17:12:31
M 4500 1858 -17032 17:12:31
M 4536 1870 -17062 17:12:31
M 4560 1894 -17101 17:12:31
M 4510 1866 -17077 17:12:31
M 4456 1888 -17035 17:12:31
M 4476 1880 -17037 17:12:31
M 4464 1910 -17065 17:12:31
M 4500 1860 -17044 17:12:31
M 4482 1850 -17097 17:12:31
M 4442 1856 -17043 17:12:31
M 4474 1830 -17031 17:12:31
M 4508 1886 -17005 17:12:31
M 4486 1890 -17126 17:12:31
M 4482 1864 -17045 17:12:31
M 4506 1858 -17084 17:12:31
M 4478 1852 -17073 17:12:31
M 4518 1928 -17054 17:12:31
M 4508 1870 -17008 17:12:31
M 4502 1864 -17038 17:12:31
M 4482 1882 -17100 17:12:31
M 4484 1848 -17062 17:12:31
M 4490 1882 -17014 17:12:31
M 4468 1850 -17061 17:12:31
M 4490 1878 -17082 17:12:31
M 4462 1882 -16992 17:12:31
M 4460 1862 -17062 17:12:31
M 4512 1914 -17061 17:12:31
M 4462 1846 -17091 17:12:31
M 4462 1868 -17086 17:12:31
M 4448 1912 -17042 17:12:31
M 4462 1854 -17015 17:12:31
M 4496 1852 -17074 17:12:31
M 4488 1892 -17051 17:12:31
M 4490 1914 -17041 17:12:31
M 4522 1886 -17053 17:12:31
M 4506 1900 -17035 17:12:31
M 4478 1912 -17004 17:12:31
M 4478 1900 -17012 17:12:31
M 4484 1896 -16988 17:12:31
M 4454 1900 -17018 17:12:31
M 4512 1928 -17047 17:12:31
M 4446 1934 -17008 17:12:31
M 4480 1920 -17030 17:12:31
M 4476 1904 -17098 17:12:31
M 4504 1904 -17044 17:12:31
M 4550 1902 -17068 17:12:31
M 4516 1860 -17023 17:12:31
M 4502 1876 -16995 17:12:31
M 4504 1904 -17029 17:12:31
M 4530 1884 -17081 17:12:31
M 4508 1868 -17030 17:12:31
M 4516 1874 -17066 17:12:31
M 4484 1886 -16976 17:12:31
M 4512 1928 -17041 17:12:31
M 4528 1860 -17038 17:12:31
M 4550 1864 -17016 17:12:31
M 4528 1908 -17028 17:12:31
M 4556 1880 -17030 17:12:31
M 4496 1880 -17020 17:12:31
M 4536 1896 -17061 17:12:31
M 4524 1896 -17073 17:12:31
M 4500 1900 -17074 17:12:31
M 4466 1892 -17063 17:12:31
M 4508 1898 -17046 17:12:31
M 4514 1862 -17048 17:12:31
M 4512 1884 -17067 17:12:31
M 4494 1872 -16971 17:12:31
M 4534 1868 -16984 17:12:31
M 4552 1886 -17034 17:12:31
M 4516 1886 -17068 17:12:31
M 4532 1880 -17067 17:12:31
M 4464 1844 -17024 17:12:31
M 4502 1892 -17072 17:12:31
M 4520 1854 -17110 17:12:31
M 4526 1888 -17125 17:12:31
M 4470 1874 -17064 17:12:31
M 4522 1886 -17030 17:12:31
M 4504 1888 -17050 17:12:31
M 4476 1878 -16983 17:12:31
M 4456 1840 -16980 17:12:31
M 4462 1884 -17004 17:12:31
M 4524 1892 -17079 17:12:31
M 4516 1906 -17055 17:12:31
M 4498 1862 -17072 17:12:31
M 4478 1870 -17121 17:12:31
M 4500 1940 -17070 17:12:31
M 4522 1902 -17111 17:12:31
M 4544 1900 -17043 17:12:31
M 4522 1938 -17011 17:12:31
M 4494 1916 -17025 17:12:31
M 4522 1886 -17019 17:12:31
M 4486 1936 -17000 17:12:31
M 4474 1856 -17067 17:12:31
M 4496 1878 -17068 17:12:31
M 4542 1884 -17067 17:12:31
M 4500 1904 -17048 17:12:31
O 212 201 37 17:12:32
M 4502 1892 -17071 17:12:32
M 4500 1852 -16992 17:12:32
M 4518 1932 -16984 17:12:32
M 4512 1906 -17015 17:12:32
M 4500 1876 -17091 17:12:32
M 4502 1850 -17054 17:12:32
M 4498 1938 -17025 17:12:32
M 4534 1916 -17014 17:12:32
M 4492 1872 -17035 17:12:32
M 4506 1912 -17030 17:12:32
M 4484 1938 -17017 17:12:32
M 4508 1906 -17112 17:12:32
M 4486 1894 -17075 17:12:32
M 4484 1886 -17123 17:12:32
M 4456 1884 -17052 17:12:32
M 4458 1932 -17043 17:12:32
M 4462 1854 -17048 17:12:32
M 4472 1898 -17110 17:12:32
M 4474 1888 -17137 17:12:32
M 4496 1870 -17121 17:12:32
M 4452 1906 -17050 17:12:32
M 4476 1918 -17094 17:12:32
M 4476 1900 -17132 17:12:32
M 4510 1940 -17022 17:12:32
M 4518 1904 -17096 17:12:32
M 4498 1904 -17106 17:12:32
M 4460 1872 -17050 17:12:32
M 4456 1894 -17080 17:12:32
M 4478 1924 -17034 17:12:32
M 4476 1906 -17100 17:12:32
M 4454 1938 -17122 17:12:32
M 4494 1934 -17083 17:12:32
M 4492 1916 -17094 17:12:32
M 4462 1874 -17024 17:12:32
M 4462 1906 -17001 17:12:32
M 4446 1888 -17068 17:12:32
M 4468 1890 -17011 17:12:32
M 4488 1932 -17066 17:12:32
M 4434 1900 -17068 17:12:32
M 4440 1910 -17075 17:12:32
M 4458 1906 -17092 17:12:32
M 4462 1942 -17073 17:12:32
M 4414 1890 -17067 17:12:32
M 4456 1912 -17069 17:12:32
M 4464 1860 -17093 17:12:32
M 4460 1904 -17105 17:12:32
M 4450 1846 -17146 17:12:32
M 4488 1884 -17035 17:12:32
M 4464 1908 -17058 17:12:32
M 4464 1888 -17046 17:12:32
M 4456 1852 -17016 17:12:32
M 4468 1896 -17048 17:12:32
M 4456 1864 -17026 17:12:32
M 4458 1896 -17073 17:12:32
M 4496 1904 -17047 17:12:32
M 4504 1880 -17054 17:12:32
M 4500 1884 -17100 17:12:32
M 4436 1868 -17064 17:12:32
M 4472 1888 -17097 17:12:32
M 4442 1884 -17071 17:12:32
M 4454 1842 -17077 17:12:32
M 4468 1884 -17046 17:12:32
M 4470 1916 -17092 17:12:32
M 4448 1922 -17082 17:12:32
M 4450 1876 -17127 17:12:32
M 4418 1878 -17019 17:12:32
M 4474 1886 -17040 17:12:32
M 4492 1866 -17051 17:12:32
M 4514 1920 -17077 17:12:32
M 4472 1896 -17080 17:12:32
M 4448 1898 -17071 17:12:32
M 4492 1896 -17047 17:12:32
M 4468 1950 -17043 17:12:32
M 4496 1926 -17051 17:12:32
M 4506 1912 -17122 17:12:32
M 4420 1906 -17094 17:12:32
M 4500 1914 -17053 17:12:32
M 4516 1926 -17057 17:12:32
M 4464 1900 -17050 17:12:32
M 4490 1900 -16997 17:12:32
M 4484 1914 -17008 17:12:32
M 4456 1918 -17060 17:12:32
M 4472 1934 -17068 17:12:32
M 4458 1884 -17035 17:12:32
M 4470 1914 -17099 17:12:32
M 4492 1912 -17049 17:12:32
M 4450 1868 -17043 17:12:32
M 4496 1892 -17027 17:12:32
M 4474 1908 -17071 17:12:32
M 4486 1936 -17144 17:12:32
M 4514 1916 -17044 17:12:32
M 4474 1894 -17038 17:12:32
M 4486 1958 -17040 17:12:32
M 4440 1916 -17081 17:12:32
M 4504 1928 -17068 17:12:32
M 4462 1862 -17040 17:12:32
M 4458 1924 -17072 17:12:32
M 4498 1906 -17060 17:12:32
M 4468 1908 -17108 17:12:32
M 4468 1922 -17030 17:12:32
O 212 196 37 17:12:32
M 4464 1948 -17082 17:12:32
M 4438 1932 -17123 17:12:32
M 4442 1976 -17012 17:12:32
M 4438 1950 -17121 17:12:32
M 4454 1950 -17046 17:12:32
M 4468 1982 -17066 17:12:32
M 4442 1964 -17124 17:12:32
M 4446 1958 -17060 17:12:32
M 4448 1988 -17105 17:12:32
M 4424 1966 -17098 17:12:32
M 4400 1956 -17126 17:12:32
M 4448 1950 -17093 17:12:32
M 4430 1970 -17146 17:12:32
M 4448 1982 -17084 17:12:32
M 4428 1986 -17092 17:12:32
M 4464 1936 -17130 17:12:32
M 4422 1972 -17044 17:12:32
M 4410 1984 -17099 17:12:32
M 4406 1944 -17089 17:12:32
M 4432 1990 -17075 17:12:32
M 4470 1972 -17107 17:12:32
M 4448 1914 -17054 17:12:32
M 4464 1962 -17095 17:12:32
M 4440 1966 -17067 17:12:32
M 4400 1978 -17129 17:12:32
M 4410 1918 -17076 17:12:32
M 4428 1986 -17149 17:12:32
M 4456 1926 -17096 17:12:32
M 4438 1962 -17050 17:12:32
M 4382 1966 -17103 17:12:32
M 4390 1942 -17026 17:12:32
M 4412 1940 -17058 17:12:32
M 4426 1958 -17102 17:12:32
M 4414 1946 -17099 17:12:32
M 4452 1946 -17067 17:12:32
M 4420 1952 -17073 17:12:32
M 4436 1910 -17094 17:12:32
M 4450 1922 -17102 17:12:32
M 4422 1956 -17106 17:12:32
M 4434 1946 -17128 17:12:32
M 4464 1944 -17103 17:12:32
M 4438 1980 -17116 17:12:32
M 4466 1930 -17037 17:12:32
M 4462 1944 -17019 17:12:32
M 4434 1926 -17120 17:12:32
M 4418 1988 -17059 17:12:32
M 4440 1922 -17060 17:12:32
M 4490 1976 -17157 17:12:32
M 4440 1928 -17112 17:12:32
M 4450 1922 -17131 17:12:32
M 4462 1930 -17075 17:12:32
M 4450 1978 -17081 17:12:32
M 4442 1900 -17138 17:12:32
M 4472 1948 -17143 17:12:32
M 4440 1918 -17148 17:12:32
M 4438 1932 -17083 17:12:32
M 4398 1968 -17103 17:12:32
M 4496 1954 -17173 17:12:32
M 4474 1924 -17124 17:12:32
M 4460 1964 -17070 17:12:32
M 4468 1954 -17045 17:12:32
M 4444 1928 -17069 17:12:32
M 4430 1970 -17066 17:12:32
M 4460 1978 -17063 17:12:32
M 4460 1964 -17022 17:12:32
M 4414 1964 -17144 17:12:32
M 4432 1924 -17103 17:12:32
M 4456 1990 -17053 17:12:32
M 4426 1950 -17103 17:12:32
M 4486 1968 -17080 17:12:32
M 4458 1950 -17064 17:12:32
M 4470 1944 -17094 17:12:32
M 4404 1930 -17057 17:12:32
M 4432 1974 -17068 17:12:32
M 4478 1910 -17003 17:12:32
M 4450 1940 -17067 17:12:32
M 4480 1938 -17086 17:12:32
M 4444 1926 -17047 17:12:32
M 4456 1930 -16995 17:12:32
M 4462 1928 -17018 17:12:32
M 4420 1940 -17042 17:12:32
M 4460 1898 -17073 17:12:32
M 4450 1910 -17085 17:12:32
M 4452 1950 -17033 17:12:32
M 4442 1960 -17070 17:12:32
M 4502 1964 -17080 17:12:32
M 4442 1958 -17059 17:12:32
M 4498 1938 -17033 17:12:32
M 4484 1966 -17032 17:12:32
M 4488 1958 -17056 17:12:32
M 4396 1922 -17080 17:12:32
M 4440 1930 -17078 17:12:32
M 4448 1928 -17064 17:12:32
M 4430 1928 -17073 17:12:32
M 4422 1898 -17087 17:12:32
M 4516 1884 -17074 17:12:32
M 4464 1902 -17067 17:12:32
M 4468 1898 -16998 17:12:32
M 4470 1928 -17089 17:12:32
M 4450 1936 -17085 17:12:32
O 212 191 37 17:12:32
M 4340 1944 -17048 17:12:32
M 4366 1910 -17031 17:12:32
M 4374 1934 -17062 17:12:32
M 4366 1882 -17072 17:12:32
M 4386 1894 -17067 17:12:32
M 4338 1886 -17023 17:12:32
M 4372 1948 -17027 17:12:32
M 4422 1940 -17021 17:12:32
M 4402 1990 -17086 17:12:32
M 4372 1922 -17033 17:12:32
M 4388 1954 -17027 17:12:32
M 4352 1910 -17093 17:12:32
M 4412 1924 -17056 17:12:32
M 4360 1944 -17060 17:12:32
M 4368 1902 -17020 17:12:32
M 4414 1930 -17076 17:12:32
M 4386 1922 -17039 17:12:32
M 4376 1928 -17002 17:12:32
M 4416 1910 -16995 17:12:32
M 4408 1892 -17037 17:12:32
M 4364 1930 -17063 17:12:32
M 4428 1912 -17095 17:12:32
M 4376 1952 -17068 17:12:32
M 4406 1900 -17047 17:12:32
M 4392 1926 -17067 17:12:32
M 4360 1932 -17088 17:12:32
M 4370 1916 -17057 17:12:32
M 4372 1872 -17056 17:12:32
M 4346 1892 -17090 17:12:32
M 4336 1882 -17086 17:12:32
M 4392 1910 -17013 17:12:32
M 4372 1908 -17082 17:12:32
M 4394 1920 -17060 17:12:32
M 4372 1934 -17040 17:12:32
M 4386 1880 -16984 17:12:32
M 4364 1936 -17015 17:12:32
M 4384 1880 -17042 17:12:32
M 4376 1898 -17078 17:12:32
M 4394 1896 -17018 17:12:32
M 4378 1946 -16996 17:12:32
M 4350 1910 -17007 17:12:32
M 4362 1898 -17035 17:12:32
M 4408 1898 -16958 17:12:32
M 4392 1914 -17022 17:12:32
M 4356 1896 -17038 17:12:32
M 4400 1932 -17112 17:12:32
M 4358 1926 -17020 17:12:32
M 4278 1864 -17077 17:12:32
M 4348 1906 -17076 17:12:32
M 4400 1894 -17054 17:12:32
M 4392 1904 -17062 17:12:32
M 4348 1902 -17068 17:12:32
M 4396 1894 -17045 17:12:32
M 4374 1894 -17048 17:12:32
M 4388 1908 -17011 17:12:32
M 4374 1884 -17045 17:12:32
M 4374 1874 -17069 17:12:32
M 4394 1918 -17047 17:12:32
M 4372 1910 -17046 17:12:32
M 4374 1910 -17042 17:12:32
M 4404 1902 -17074 17:12:32
M 4382 1956 -17050 17:12:32
M 4376 1914 -17038 17:12:32
M 4344 1930 -17054 17:12:32
M 4378 1952 -17037 17:12:32
M 4382 1934 -16979 17:12:32
M 4386 1928 -17063 17:12:32
M 4388 1954 -17043 17:12:32
M 4382 1898 -17043 17:12:32
M 4336 1994 -17103 17:12:32
M 4360 1924 -17083 17:12:32
M 4398 1932 -17113 17:12:32
M 4408 1910 -17026 17:12:32
M 4418 1914 -17083 17:12:32
M 4354 1890 -17123 17:12:32
M 4416 1960 -17064 17:12:32
M 4432 1934 -17070 17:12:32
M 4376 1962 -17124 17:12:32
M 4362 1894 -17110 17:12:32
M 4124 1906 -17075 17:12:32
M 4382 1958 -17121 17:12:32
M 4350 1924 -17067 17:12:32
M 4442 1914 -17088 17:12:32
M 4398 1892 -17119 17:12:32
M 4402 1916 -17120 17:12:32
M 4392 1906 -17107 17:12:32
M 4356 1910 -17029 17:12:32
M 4366 1902 -17123 17:12:32
M 4368 1924 -17104 17:12:32
M 4352 1878 -17119 17:12:32
M 4376 1890 -17078 17:12:32
M 4368 1922 -17008 17:12:32
M 4398 1930 -17030 17:12:32
M 4350 1904 -17044 17:12:32
M 4390 1952 -17080 17:12:32
M 4336 1936 -17118 17:12:32
M 4380 1954 -17083 17:12:32
M 4392 1904 -17040 17:12:32
M 4352 1958 -17066 17:12:32
M 4398 1936 -17053 17:12:32
