O0 0 0 0 14:18:23
O0 1 0 0 14:18:34
O0 1 1 0 14:18:38
O0 1 1 1 14:18:39
O0 1 1 2 14:18:40
O0 2 1 2 14:18:46
O0 2 2 2 14:18:46
O0 2 2 3 14:18:46
O0 3 2 3 14:18:47
O0 3 2 4 14:18:47
O0 3 3 4 14:18:48
O0 3 3 5 14:18:48
O0 3 4 5 14:18:48
O0 3 4 6 14:18:48
O0 3 5 6 14:18:50
O0 3 5 7 14:18:50
O0 3 6 7 14:18:51
O0 4 6 7 14:18:51
O0 4 6 8 14:18:51
O0 4 7 8 14:18:52
O0 5 7 8 14:18:52
O0 5 7 9 14:18:52
O0 6 7 9 14:18:52
O0 6 7 10 14:18:52
O0 7 7 10 14:18:53
O0 7 7 11 14:18:53
O0 7 7 12 14:18:53
O0 8 7 12 14:18:53
O0 8 8 12 14:18:54
O0 8 8 13 14:18:54
O0 9 8 13 14:18:54
O0 9 9 13 14:18:55
O0 9 9 14 14:18:55
O0 9 10 14 14:18:55
O0 10 10 14 14:18:55
O0 10 11 14 14:18:55
O0 10 11 15 14:18:55
O0 11 11 15 14:18:55
O0 11 12 15 14:18:55
O0 11 12 16 14:18:56
O0 11 13 16 14:18:56
O0 11 14 16 14:18:56
O0 11 14 17 14:18:56
O0 11 15 17 14:18:56
O0 11 16 17 14:18:56
O0 12 16 17 14:18:56
O0 12 17 17 14:18:57
O0 13 17 17 14:18:57
O0 13 18 17 14:18:57
O0 14 18 17 14:18:57
O0 14 19 17 14:18:57
O0 15 19 17 14:18:57
O0 15 20 17 14:18:57
O0 16 20 17 14:18:57
O0 16 21 17 14:18:57
O0 17 21 17 14:18:57
O0 17 22 17 14:19:03
O0 18 22 17 14:19:03
O0 19 22 17 14:19:03
O0 19 23 17 14:19:04
O0 20 23 17 14:19:04
O0 20 24 17 14:19:04
O0 21 24 17 14:19:04
O0 21 25 17 14:19:04
O0 22 25 17 14:19:05
O0 22 26 17 14:19:05
O0 23 26 17 14:19:05
O0 24 26 17 14:19:05
O0 24 27 17 14:19:05
O0 24 28 17 14:19:05
O0 0 28 0 14:19:15
O0 1 28 0 14:19:31
O0 2 28 0 14:19:31
O0 2 29 0 14:19:32
O0 2 30 0 14:19:33
O0 2 31 0 14:19:34
O0 2 32 0 14:19:35
O0 2 33 0 14:19:35
O0 2 34 0 14:19:35
O0 2 35 0 14:19:35
O0 2 36 0 14:19:36
O0 2 37 0 14:19:36
O0 2 37 -1 14:19:38
O0 2 37 0 14:19:38
O0 0 0 0 14:19:39
O0 0 1 0 14:20:20
O0 0 2 0 14:20:22
O0 0 3 0 14:20:23
O0 0 4 0 14:20:23
O0 0 5 0 14:20:24
O0 0 6 0 14:20:25
O0 0 7 0 14:20:25
O0 0 8 0 14:20:25
O0 0 9 0 14:20:25
O0 0 10 0 14:20:25
O0 0 11 0 14:20:26
O0 0 12 0 14:20:26
O0 0 13 0 14:20:26
O0 0 14 0 14:20:26
O0 0 14 1 14:20:43
O0 0 14 2 14:20:43
O0 0 14 1 14:20:43
O0 0 14 0 14:20:44
O0 0 14 1 14:20:44
O0 0 14 2 14:20:44
O0 0 14 1 14:20:44
O0 0 14 0 14:20:45
O0 0 14 1 14:20:46
O0 0 14 2 14:20:46
O0 0 14 3 14:20:46
O0 0 14 4 14:20:47
O0 0 14 5 14:20:47
O0 0 14 6 14:20:47
O0 0 14 7 14:20:47
O0 0 14 8 14:20:47
O0 0 14 9 14:20:48
O0 0 14 10 14:20:48
O0 0 14 11 14:20:48
O0 0 0 -1 14:21:04
O0 0 0 -2 14:21:05
O0 0 0 -1 14:21:05
O0 0 0 0 14:21:05
O0 0 0 1 14:21:05
O0 0 0 2 14:21:06
O0 0 0 3 14:21:06
O0 0 0 4 14:21:06
O0 0 0 5 14:21:06
O0 0 0 6 14:21:08
O0 0 0 7 14:21:09
O0 0 0 8 14:21:10
O0 0 0 9 14:21:10
O0 0 0 10 14:21:10
O0 0 0 11 14:21:10
O0 0 0 12 14:21:10
O0 0 0 13 14:21:10
O0 0 0 14 14:21:11
O0 0 0 15 14:21:11
O0 0 0 16 14:21:11
O0 0 0 17 14:21:11
O0 0 0 18 14:21:11
O0 0 0 19 14:21:11
O0 0 0 20 14:21:11
O0 0 0 21 14:21:12
O0 0 0 22 14:21:12
O0 0 0 23 14:21:12
O0 0 0 24 14:21:12
O0 0 0 25 14:21:12
O0 0 0 26 14:21:13
O0 0 0 27 14:21:13
O0 0 0 28 14:21:13
O0 0 0 29 14:21:13
O0 0 0 30 14:21:13
O0 0 0 31 14:21:14
O0 0 0 32 14:21:14
O0 0 0 33 14:21:14
O0 0 0 34 14:21:14
O0 0 0 35 14:21:15
O0 0 0 36 14:21:15
O0 0 0 37 14:21:15
O0 0 0 38 14:21:16
O0 0 0 39 14:21:16
O0 0 0 38 14:21:19
O0 0 0 37 14:21:20
O0 0 0 36 14:21:20
O0 0 0 35 14:21:20
O0 0 0 34 14:21:20
O0 0 0 33 14:21:20
O0 0 0 32 14:21:20
O0 0 0 31 14:21:21
O0 0 0 30 14:21:21
O0 0 0 29 14:21:21
O0 0 0 28 14:21:21
O0 0 0 27 14:21:21
O0 0 0 26 14:21:21
O0 0 0 25 14:21:22
O0 0 0 24 14:21:22
O0 0 0 23 14:21:22
O0 0 0 22 14:21:22
O0 0 0 21 14:21:23
O0 0 0 20 14:21:23
O0 0 0 19 14:21:23
O0 0 0 18 14:21:23
O0 0 0 17 14:21:23
O0 0 0 16 14:21:24
O0 0 0 15 14:21:24
O0 0 0 14 14:21:24
O0 0 0 13 14:21:24
O0 0 0 12 14:21:25
O0 0 0 11 14:21:25
O0 0 0 10 14:21:25
O0 0 0 9 14:21:25
O0 0 0 8 14:21:25
O0 0 0 7 14:21:25
O0 0 0 6 14:21:26
O0 0 0 5 14:21:26
O0 0 0 4 14:21:26
O0 0 0 3 14:21:26
O0 0 0 2 14:21:26
O0 0 0 1 14:21:27
O0 0 0 0 14:21:27
O0 0 0 -1 14:21:28
O0 0 0 -2 14:21:28
O0 0 0 -3 14:21:28
O0 0 0 -4 14:21:29
O0 0 0 -5 14:21:29
O0 0 0 -6 14:21:29
O0 0 0 -7 14:21:29
O0 0 0 -8 14:21:30
O0 0 0 -9 14:21:30
O0 0 0 -10 14:21:30
O0 0 0 -11 14:21:31
O0 0 0 -12 14:21:31
O0 0 0 0 14:21:33
O0 0 0 1 14:21:53
O0 1 0 1 14:21:55
O0 2 0 1 14:21:55
O0 3 0 1 14:21:55
O0 4 0 1 14:21:56
O0 5 0 1 14:21:56
O0 6 0 1 14:21:56
O0 7 0 1 14:21:56
O0 8 0 1 14:21:56
O0 9 0 1 14:21:57
O0 10 0 1 14:21:57
O0 11 0 1 14:21:57
O0 12 0 1 14:21:58
O0 13 0 1 14:21:58
O0 14 0 1 14:21:58
O0 15 0 1 14:21:58
O0 16 0 1 14:21:59
O0 17 0 1 14:21:59
O0 16 0 1 14:21:59
O0 15 0 1 14:22:00
O0 14 0 1 14:22:00
O0 13 0 1 14:22:00
O0 12 0 1 14:22:01
O0 11 0 1 14:22:01
O0 10 0 1 14:22:01
O0 9 0 1 14:22:01
O0 8 0 1 14:22:02
O0 7 0 1 14:22:02
O0 6 0 1 14:22:02
O0 5 0 1 14:22:03
O0 4 0 1 14:22:03
O0 3 0 1 14:22:03
O0 2 0 1 14:22:03
O0 1 0 1 14:22:04
O0 0 0 1 14:22:05
O0 -1 0 1 14:22:05
O0 -1 1 1 14:22:25
O0 -1 2 1 14:22:25
O0 -1 3 1 14:22:27
O0 -1 4 1 14:22:27
O0 -1 5 1 14:22:29
O0 -1 6 1 14:22:29
O0 -1 7 1 14:22:29
O0 -1 8 1 14:22:29
O0 -1 9 1 14:22:30
O0 -1 10 1 14:22:30
O0 -1 11 1 14:22:31
O0 -1 12 1 14:22:31
O0 -1 13 1 14:22:31
O0 -1 14 1 14:22:32
O0 -1 15 1 14:22:32
O0 -1 16 1 14:22:32
O0 -1 17 1 14:22:33
O0 -1 18 1 14:23:22
O0 -1 19 1 14:23:22
O0 -1 20 1 14:23:23
O0 -1 21 1 14:23:24
O0 -1 22 1 14:23:25
O0 -1 23 1 14:23:25
O0 -1 24 1 14:23:27
O0 -1 25 1 14:23:33
O0 -1 26 1 14:23:33
O0 -1 27 1 14:23:34
O0 -1 28 1 14:23:35
O0 -1 29 1 14:23:35
O0 -1 30 1 14:23:36
O0 -1 31 1 14:23:37
O0 -1 32 1 14:23:38
O0 -1 33 1 14:23:41
O0 -1 34 1 14:23:42
O0 -1 35 1 14:23:43
O0 -1 36 1 14:23:47
O0 -1 37 1 14:23:47
O0 0 -1 0 14:27:25
O0 0 -2 0 14:27:26
O0 0 -3 0 14:27:26
O0 0 -4 0 14:27:27
O0 0 -5 0 14:27:27
O0 0 -6 0 14:27:27
O0 0 -7 0 14:27:27
O0 0 -8 0 14:27:27
O0 0 -9 0 14:27:28
O0 0 -10 0 14:27:28
O0 0 -11 0 14:27:28
O0 0 -12 0 14:27:28
O0 0 -13 0 14:27:29
O0 0 -14 0 14:27:29
O0 0 -15 0 14:27:29
O0 0 -16 0 14:27:29
O0 0 -17 0 14:27:29
O0 0 -18 0 14:27:30
O0 0 -19 0 14:27:30
O0 0 -20 0 14:27:30
O0 0 -21 0 14:27:30
O0 0 -22 0 14:27:30
O0 0 -23 0 14:27:31
O0 0 -24 0 14:27:32
O0 0 -23 0 14:27:32
O0 0 -22 0 14:27:33
O0 0 -21 0 14:27:33
O0 0 -20 0 14:27:33
O0 0 -19 0 14:27:33
O0 0 -18 0 14:27:33
O0 0 -17 0 14:27:34
O0 0 -16 0 14:27:34
O0 0 -15 0 14:27:35
O0 0 -16 0 14:27:35
O0 0 -17 0 14:27:35
O0 0 -18 0 14:27:35
O0 0 -19 0 14:27:36
O0 0 -20 0 14:27:36
O0 0 -21 0 14:27:37
O0 0 -22 0 14:27:37
O0 1 -22 0 14:27:40
O0 2 -22 0 14:27:40
O0 1 -22 0 14:27:40
O0 0 -22 0 14:27:41
O0 1 -22 0 14:27:42
O0 2 -22 0 14:27:42
O0 1 -22 0 14:27:42
O0 0 -22 0 14:27:42
O0 1 0 0 14:52:55
O0 2 0 0 14:52:55
O0 2 1 0 14:52:56
O0 2 2 0 14:52:57
O0 2 1 0 14:52:57
O0 2 0 0 14:52:58
O0 2 -1 0 14:52:59
O0 2 -2 0 14:52:59
O0 2 -3 0 14:53:01
O0 2 -2 0 14:53:01
O0 2 -1 0 14:53:02
O0 2 0 0 14:53:02
O0 2 1 0 14:53:03
O0 2 2 0 14:53:04
O0 2 3 0 14:53:04
O0 2 4 0 14:53:05
O0 2 5 0 14:53:05
O0 2 6 0 14:53:05
O0 2 7 0 14:53:05
O0 2 8 0 14:53:05
O0 2 9 0 14:53:06
O0 2 10 0 14:53:07
O0 2 9 0 14:53:07
O0 2 8 0 14:53:07
O0 2 7 0 14:53:08
O0 2 6 0 14:53:09
O0 2 5 0 14:53:09
O0 2 4 0 14:53:12
O0 2 3 0 14:53:12
O0 2 2 0 14:53:13
O0 2 1 0 14:53:14
O0 2 0 0 14:53:14
O0 2 -1 0 14:53:15
O0 2 -2 0 14:53:16
O0 2 -3 0 14:53:17
O0 2 -4 0 14:53:17
O0 2 -3 0 14:53:18
O0 2 -2 0 14:53:18
O0 2 -1 0 14:53:19
O0 2 0 0 14:53:19
O0 2 1 0 14:53:19
O0 2 2 0 14:53:19
O0 2 3 0 14:53:20
O0 3 3 0 14:53:21
O0 4 3 0 14:53:21
O0 3 3 0 14:53:21
O0 2 3 0 14:53:22
O0 1 3 0 14:53:22
O0 0 3 0 14:53:22
O0 -1 3 0 14:53:22
O0 -2 3 0 14:53:23
O0 -3 3 0 14:53:23
O0 -2 3 0 14:53:24
O0 -1 3 0 14:53:25
O0 0 3 0 14:53:25
O0 1 3 0 14:53:25
O0 2 3 0 14:53:25
O0 3 3 0 14:53:26
O0 4 3 0 14:53:26
O0 5 3 0 14:53:26
O0 6 3 0 14:53:26
O0 7 3 0 14:53:26
O0 8 3 0 14:53:27
O0 9 3 0 14:53:27
O0 8 3 0 14:53:45
O0 7 3 0 14:53:45
O0 7 2 0 14:53:46
O0 7 1 0 14:53:46
O0 7 0 0 14:53:46
O0 6 0 0 14:53:48
O0 5 0 0 14:53:48
O0 4 0 0 14:53:48
O0 3 0 0 14:53:48
O0 2 0 0 14:53:49
O0 1 0 0 14:53:49
O0 0 0 0 14:53:49
O0 5 3 0 14:54:25
O0 6 3 0 14:54:25
O0 99 150 30 14:54:54
O0 99 100 30 14:55:23
O0 -5 -3 -1 15:01:24
O0 -4 -3 -1 15:01:27
O0 -5 -3 -1 15:01:27
O0 -5 -2 -1 15:01:28
O0 -5 -1 -1 15:01:28
O0 -5 0 -1 15:01:29
O0 -5 -1 -1 15:01:29
O0 -5 -2 -1 15:01:29
O0 -5 -3 -1 15:01:30
O0 -5 -2 -1 15:01:31
O0 -5 -1 -1 15:01:31
O0 -5 0 -1 15:01:31
O0 -5 -1 -1 15:01:32
O0 -5 -2 -1 15:01:32
O0 -5 -3 -1 15:01:32
O0 9 3 2 15:02:07
O0 9 3 3 15:02:07
O0 9 3 2 15:02:07
O0 10 3 2 15:02:08
O0 10 3 3 15:02:08
O0 10 3 2 15:02:08
O0 11 3 2 15:02:10
O0 11 4 2 15:02:10
O0 11 4 3 15:02:10
O0 11 5 3 15:02:11
O0 12 5 4 15:02:11
O0 12 6 4 15:02:14
O0 13 6 5 15:02:14
O0 13 7 5 15:02:15
O0 14 7 6 15:02:15
O0 14 8 6 15:02:16
O0 15 8 7 15:02:16
O0 15 9 7 15:02:17
O0 16 9 8 15:02:17
O0 16 10 8 15:02:18
O0 17 10 9 15:02:18
O0 17 11 9 15:02:19
O0 18 11 10 15:02:19
O0 18 11 11 15:02:19
O0 19 12 11 15:02:20
O0 19 12 12 15:02:21
O0 20 13 12 15:02:21
O0 21 13 12 15:02:22
O0 21 14 13 15:02:22
O0 0 0 0 15:02:32
O0 10 0 0 15:02:52
O0 30 0 0 15:04:32
O0 31 0 0 15:04:40
O0 32 0 0 15:04:40
O0 33 0 0 15:04:41
O0 34 0 0 15:04:43
O0 35 0 0 15:04:43
O0 36 0 0 15:05:18
O0 0 0 0 15:05:34
O0 30 0 0 15:05:44
O0 0 0 0 15:05:59
O0 30 0 0 15:06:09
O0 0 0 0 15:06:16
O0 30 0 0 15:07:06
O0 0 0 0 15:07:11
O0 30 0 0 15:07:17
O0 0 0 0 15:07:26
O0 30 0 0 15:07:31
O0 0 0 0 15:07:35
O0 30 0 0 15:07:41
O0 0 0 0 15:07:46
O0 30 0 0 15:11:35
O0 0 0 0 15:11:44
O0 30 0 0 15:11:52
O0 0 0 0 15:12:00
O0 30 0 0 15:12:15
O0 0 0 0 15:12:24
O0 30 0 0 15:12:33
O0 50 0 0 15:12:44
O0 0 0 0 15:12:50
O0 1 0 0 15:44:21
O0 2 0 0 15:44:22
O0 3 0 0 15:44:26
O0 4 0 0 15:44:26
O0 10 0 0 15:44:34
O0 0 0 0 15:44:42
O0 10 0 0 15:44:48
O0 0 0 0 15:44:55
O0 1 0 0 15:47:47
O0 3 0 0 15:47:57
O0 10 0 0 15:48:01
O0 0 0 0 15:48:05
O0 10 0 0 15:48:42
O0 0 0 0 15:49:57
O0 10 0 0 15:51:34
O0 0 0 0 15:51:40
O0 20 0 0 15:51:51
O0 0 0 0 15:51:56
O0 30 0 0 15:52:02
O0 10 0 0 15:52:06
O0 30 0 0 15:52:10
O0 40 0 0 15:52:18
O0 10 0 0 15:52:23
O0 0 0 0 15:52:28
O0 10 0 0 15:52:39
O0 30 0 0 15:52:45
O0 0 0 0 15:52:51
O0 20 0 0 15:53:50
O0 0 0 0 15:53:56
O0 40 0 0 15:54:02
O0 0 0 0 15:54:08
O0 0 60 0 15:54:30
O0 0 0 0 15:54:47
O0 0 0 0 15:54:51
O0 -53 0 1 15:55:36
O0 -53 0 1 15:55:37
O0 -53 1 1 15:55:37
O0 -53 2 1 15:55:37
O0 0 50 0 15:58:00
O0 0 0 0 15:58:06
O0 0 70 0 16:01:28
O0 0 0 0 16:01:35
O0 0 60 0 16:04:58
