O 0 0 2 14:55:32
O 0 0 5 14:55:33
O 0 0 7 14:55:34
O 0 0 5 14:55:35
O 0 0 2 14:55:35
O 0 0 0 14:55:35
O 202 227 0 17:06:46
O 207 227 0 17:10:26
M 3632 -2990 10610 17:10:26
M 3602 -2920 10673 17:10:27
O 206 227 0 17:10:27
M 3256 -2956 11045 17:10:27
M 3230 -3008 11005 17:10:27
O 205 227 0 17:10:28
M 2832 -3010 11290 17:10:28
M 2708 -3004 11338 17:10:28
O 204 227 0 17:10:28
M 2300 -3116 11494 17:10:28
M 2278 -3074 11578 17:10:28
O 203 227 0 17:10:29
M 1802 -3158 11760 17:10:29
M 1788 -3104 11823 17:10:29
O 201 227 0 17:10:29
M 1228 -3168 11826 17:10:29
M 1280 -3160 11946 17:10:30
O 200 227 0 17:10:30
M 696 -3204 11967 17:10:30
M 714 -3180 11988 17:10:30
O 199 227 0 17:10:30
M 136 -3184 11903 17:10:30
M 212 -3178 11928 17:10:31
O 198 227 0 17:10:31
M -350 -3216 11922 17:10:31
M -416 -3186 11820 17:10:31
O 197 227 0 17:10:32
M -940 -3264 11678 17:10:32
M -962 -3230 11694 17:10:32
O 196 227 0 17:10:32
M -1386 -3212 11507 17:10:32
M -1458 -3240 11478 17:10:32
O 195 227 0 17:10:33
M -1958 -3236 11156 17:10:33
M -1904 -3244 11140 17:10:33
O 194 227 0 17:10:33
M -2330 -3258 10842 17:10:33
M -2350 -3234 10865 17:10:34
O 193 227 0 17:10:34
M -2764 -3172 10426 17:10:34
M -2696 -3182 10482 17:10:34
O 192 227 0 17:10:34
M -3084 -3220 10094 17:10:34
M -3120 -3206 10099 17:10:35
O 191 227 0 17:10:35
M -3382 -3114 9615 17:10:35
M -3386 -3126 9601 17:10:35
O 190 227 0 17:10:35
M -3602 -3106 9202 17:10:36
M -3618 -3114 9152 17:10:36
O 189 227 0 17:10:36
M -3878 -3080 8711 17:10:36
M -3812 -3086 8646 17:10:36
O 188 227 0 17:10:37
M -3996 -3046 8145 17:10:37
M -3946 -3006 8132 17:10:37
O 187 227 0 17:10:37
M -4072 -3010 7635 17:10:37
M -4044 -2942 7667 17:10:38
O 207 226 0 17:10:39
M 3700 -3050 10578 17:10:39
M 3658 -3084 10600 17:10:39
O 206 226 0 17:10:39
M 3244 -3118 10967 17:10:39
M 3238 -3130 10986 17:10:39
O 205 226 0 17:10:40
M 2862 -3186 11237 17:10:40
M 2826 -3148 11349 17:10:40
O 204 226 0 17:10:40
M 2282 -3242 11560 17:10:40
M 2352 -3202 11521 17:10:41
O 203 226 0 17:10:41
M 1832 -3276 11759 17:10:41
M 1788 -3350 11713 17:10:41
O 201 226 0 17:10:41
M 1302 -3332 11842 17:10:41
M 1282 -3376 11871 17:10:42
O 200 226 0 17:10:42
M 780 -3356 11867 17:10:42
M 768 -3370 11832 17:10:42
O 199 226 0 17:10:43
M 196 -3424 11845 17:10:43
M 172 -3364 11788 17:10:43
O 198 226 0 17:10:43
M -418 -3430 11756 17:10:43
M -338 -3454 11721 17:10:43
O 197 226 0 17:10:44
M -854 -3390 11607 17:10:44
M -866 -3472 11559 17:10:44
O 196 226 0 17:10:44
M -1402 -3432 11337 17:10:44
M -1406 -3472 11372 17:10:45
O 195 226 0 17:10:45
M -1928 -3448 11040 17:10:45
M -1860 -3374 11026 17:10:45
O 194 226 0 17:10:45
M -2274 -3416 10748 17:10:45
M -2272 -3390 10757 17:10:46
O 193 226 0 17:10:46
M -2682 -3396 10327 17:10:46
M -2690 -3366 10382 17:10:46
O 192 226 0 17:10:46
M -3018 -3306 9956 17:10:47
M -3068 -3276 9982 17:10:47
O 191 226 0 17:10:47
M -3336 -3292 9486 17:10:47
M -3316 -3240 9482 17:10:47
O 190 226 0 17:10:48
M -3528 -3246 9117 17:10:48
M -3570 -3228 9069 17:10:48
O 189 226 0 17:10:48
M -3774 -3162 8549 17:10:48
M -3758 -3194 8523 17:10:49
O 188 226 0 17:10:49
M -3922 -3138 8031 17:10:49
M -3950 -3148 8003 17:10:49
O 187 226 0 17:10:49
M -4030 -3122 7557 17:10:49
M -4000 -3112 7548 17:10:50
O 207 225 0 17:10:51
M 3606 -3474 10556 17:10:51
M 3554 -3494 10493 17:10:51
O 206 225 0 17:10:51
M 3154 -3578 10854 17:10:51
M 3208 -3542 10912 17:10:52
O 205 225 0 17:10:52
M 2738 -3588 11125 17:10:52
M 2732 -3620 11158 17:10:52
O 204 225 0 17:10:52
M 2258 -3648 11336 17:10:52
M 2268 -3650 11351 17:10:53
O 203 225 0 17:10:53
M 1762 -3714 11563 17:10:53
M 1724 -3718 11489 17:10:53
O 201 225 0 17:10:53
M 1200 -3734 11634 17:10:54
M 1222 -3784 11646 17:10:54
O 200 225 0 17:10:54
M 670 -3838 11639 17:10:54
M 684 -3812 11673 17:10:54
O 199 225 0 17:10:55
M 130 -3778 11538 17:10:55
M 136 -3812 11622 17:10:55
O 198 225 0 17:10:55
M -354 -3826 11499 17:10:55
M -434 -3862 11470 17:10:56
O 197 225 0 17:10:56
M -850 -3786 11372 17:10:56
M -916 -3816 11353 17:10:56
O 196 225 0 17:10:56
M -1448 -3852 11069 17:10:56
M -1404 -3810 11143 17:10:57
O 195 225 0 17:10:57
M -1862 -3746 10853 17:10:57
M -1860 -3788 10811 17:10:57
O 194 225 0 17:10:57
M -2316 -3786 10453 17:10:58
M -2290 -3770 10476 17:10:58
O 193 225 0 17:10:58
M -2688 -3760 10197 17:10:58
M -2708 -3706 10105 17:10:58
O 192 225 0 17:10:59
M -2998 -3666 9725 17:10:59
M -2990 -3698 9629 17:10:59
O 191 225 0 17:10:59
M -3216 -3638 9307 17:10:59
M -3258 -3646 9249 17:11:00
O 190 225 0 17:11:00
M -3490 -3550 8801 17:11:00
M -3492 -3566 8822 17:11:00
O 189 225 0 17:11:00
M -3718 -3500 8359 17:11:00
M -3672 -3470 8379 17:11:01
O 188 225 0 17:11:01
M -3810 -3446 7849 17:11:01
M -3796 -3418 7911 17:11:01
O 187 225 0 17:11:01
M -3934 -3370 7358 17:11:02
M -3932 -3408 7373 17:11:02
O 207 224 0 17:11:03
M 3314 -3968 10282 17:11:03
M 3348 -3966 10369 17:11:03
O 206 224 0 17:11:03
M 2922 -4068 10592 17:11:03
M 2940 -4108 10675 17:11:04
O 205 224 0 17:11:04
M 2398 -4152 10932 17:11:04
M 2436 -4146 10893 17:11:04
O 204 224 0 17:11:05
M 1960 -4214 11073 17:11:05
M 2006 -4182 11183 17:11:05
O 203 224 0 17:11:05
M 1456 -4272 11435 17:11:05
M 1426 -4290 11223 17:11:05
O 201 224 0 17:11:06
M 980 -4322 11326 17:11:06
M 950 -4334 11265 17:11:06
O 200 224 0 17:11:06
M 482 -4332 11314 17:11:06
M 468 -4312 11247 17:11:07
O 199 224 0 17:11:07
M -62 -4398 11224 17:11:07
M -76 -4404 11164 17:11:07
O 198 224 0 17:11:07
M -580 -4376 11088 17:11:07
M -512 -4374 11111 17:11:08
O 197 224 0 17:11:08
M -1036 -4368 10964 17:11:08
M -1054 -4350 10976 17:11:08
O 196 224 0 17:11:08
M -1500 -4324 10755 17:11:09
M -1506 -4336 10710 17:11:09
O 195 224 0 17:11:09
M -1948 -4354 10376 17:11:09
M -1910 -4300 10441 17:11:09
O 194 224 0 17:11:10
M -2328 -4246 9993 17:11:10
M -2276 -4284 10045 17:11:10
O 193 224 0 17:11:10
M -2664 -4244 9676 17:11:10
M -2672 -4216 9678 17:11:11
O 192 224 0 17:11:11
M -2964 -4182 9251 17:11:11
M -2864 -4122 9286 17:11:11
O 191 224 0 17:11:11
M -3190 -4080 8778 17:11:11
M -3212 -4112 8795 17:11:12
O 190 224 0 17:11:12
M -3430 -4042 8421 17:11:12
M -3424 -3968 8430 17:11:12
O 189 224 0 17:11:12
M -3592 -3922 7957 17:11:13
M -3598 -3914 7902 17:11:13
O 188 224 0 17:11:13
M -3656 -3824 7461 17:11:13
M -3692 -3764 7407 17:11:13
O 187 224 0 17:11:14
M -3818 -3726 6981 17:11:14
M -3806 -3682 7016 17:11:14
O 207 223 0 17:11:15
M 3234 -4400 10137 17:11:15
M 3180 -4354 10177 17:11:15
O 206 223 0 17:11:15
M 2730 -4516 10391 17:11:16
M 2778 -4494 10422 17:11:16
O 205 223 0 17:11:16
M 2356 -4612 10664 17:11:16
M 2354 -4556 10630 17:11:16
O 204 223 0 17:11:17
M 1846 -4690 10768 17:11:17
M 1840 -4670 10799 17:11:17
O 203 223 0 17:11:17
M 1402 -4730 10930 17:11:17
M 1350 -4706 10965 17:11:18
O 201 223 0 17:11:18
M 844 -4778 10941 17:11:18
M 900 -4818 11032 17:11:18
O 200 223 0 17:11:18
M 350 -4824 10995 17:11:18
M 356 -4802 11017 17:11:19
O 199 223 0 17:11:19
M -116 -4790 10945 17:11:19
M -120 -4822 10836 17:11:19
O 198 223 0 17:11:19
M -568 -4838 10736 17:11:20
M -630 -4800 10714 17:11:20
O 197 223 0 17:11:20
M -1098 -4812 10608 17:11:20
M -1040 -4800 10553 17:11:20
O 196 223 0 17:11:21
M -1502 -4826 10306 17:11:21
M -1506 -4774 10280 17:11:21
O 195 223 0 17:11:21
M -1892 -4662 9966 17:11:21
M -1862 -4678 9968 17:11:22
O 194 223 0 17:11:22
M -2230 -4698 9766 17:11:22
M -2288 -4632 9710 17:11:22
O 193 223 0 17:11:22
M -2620 -4596 9358 17:11:22
M -2604 -4558 9277 17:11:23
O 192 223 0 17:11:23
M -2868 -4490 8895 17:11:23
M -2882 -4490 8958 17:11:23
O 191 223 0 17:11:23
M -3098 -4404 8529 17:11:24
M -3130 -4380 8508 17:11:24
O 190 223 0 17:11:24
M -3292 -4332 8049 17:11:24
M -3346 -4324 8049 17:11:24
O 189 223 0 17:11:25
M -3424 -4264 7512 17:11:25
M -3444 -4230 7628 17:11:25
O 188 223 0 17:11:25
M -3562 -4104 7157 17:11:25
M -3564 -4126 7168 17:11:25
O 187 223 0 17:11:26
M -3632 -4020 6822 17:11:26
M -3688 -3972 6760 17:11:26
O 207 221 0 17:11:27
M 3102 -4780 9900 17:11:27
M 3092 -4764 9923 17:11:27
O 206 221 0 17:11:28
M 2654 -4914 10178 17:11:28
M 2602 -4852 10165 17:11:28
O 205 221 0 17:11:28
M 2216 -4984 10398 17:11:28
M 2236 -4952 10388 17:11:29
O 204 221 0 17:11:29
M 1768 -5046 10568 17:11:29
M 1758 -5060 10510 17:11:29
O 203 221 0 17:11:29
M 1226 -5120 10578 17:11:29
M 1320 -5110 10656 17:11:30
O 201 221 0 17:11:30
M 872 -5124 10619 17:11:30
M 756 -5170 10604 17:11:30
O 200 221 0 17:11:30
M 378 -5198 10538 17:11:31
M 342 -5178 10604 17:11:31
O 199 221 0 17:11:31
M -182 -5198 10425 17:11:31
M -172 -5224 10491 17:11:31
O 198 221 0 17:11:32
M -586 -5220 10347 17:11:32
M -572 -5128 10315 17:11:32
O 197 221 0 17:11:32
M -1024 -5196 10165 17:11:32
M -1102 -5144 10121 17:11:33
O 196 221 0 17:11:33
M -1454 -5144 9871 17:11:33
M -1466 -5112 9913 17:11:33
O 195 221 0 17:11:33
M -1828 -5038 9650 17:11:33
M -1884 -5044 9637 17:11:34
O 194 221 0 17:11:34
M -2216 -4972 9290 17:11:34
M -2184 -4968 9301 17:11:34
O 193 221 0 17:11:34
M -2516 -4910 8943 17:11:35
M -2608 -4866 8897 17:11:35
O 192 221 0 17:11:35
M -2840 -4786 8501 17:11:35
M -2804 -4812 8493 17:11:35
O 191 221 0 17:11:36
M -3084 -4692 8178 17:11:36
M -3050 -4696 8088 17:11:36
O 190 221 0 17:11:36
M -3240 -4616 7640 17:11:36
M -3214 -4582 7653 17:11:36
O 189 221 0 17:11:37
M -3370 -4426 7233 17:11:37
M -3420 -4414 7306 17:11:37
O 188 221 0 17:11:37
M -3454 -4332 6791 17:11:37
M -3524 -4324 6815 17:11:38
O 187 221 0 17:11:38
M -3526 -4234 6421 17:11:38
M -3530 -4124 6434 17:11:38
O 207 220 0 17:11:39
M 2940 -5074 9591 17:11:39
M 2948 -5074 9578 17:11:40
O 206 220 0 17:11:40
M 2590 -5196 9821 17:11:40
M 2556 -5202 9813 17:11:40
O 205 220 0 17:11:40
M 2146 -5252 9995 17:11:40
M 2088 -5298 9975 17:11:41
O 204 220 0 17:11:41
M 1626 -5388 10116 17:11:41
M 1630 -5378 10149 17:11:41
O 203 220 0 17:11:41
M 1214 -5462 10187 17:11:42
M 1202 -5480 10192 17:11:42
O 201 220 0 17:11:42
M 718 -5480 10132 17:11:42
M 738 -5506 10183 17:11:42
O 200 220 0 17:11:43
M 212 -5526 10090 17:11:43
M 294 -5464 10192 17:11:43
O 199 220 0 17:11:43
M -166 -5532 10168 17:11:43
M -216 -5526 10049 17:11:44
O 198 220 0 17:11:44
M -634 -5440 9937 17:11:44
M -626 -5458 9905 17:11:44
O 197 220 0 17:11:44
M -1056 -5422 9720 17:11:44
M -1050 -5466 9728 17:11:45
O 196 220 0 17:11:45
M -1448 -5412 9477 17:11:45
M -1472 -5400 9484 17:11:45
O 195 220 0 17:11:45
M -1796 -5364 9173 17:11:46
M -1860 -5346 9215 17:11:46
O 194 220 0 17:11:46
M -2192 -5318 8860 17:11:46
M -2096 -5238 8907 17:11:46
O 193 220 0 17:11:47
M -2422 -5126 8531 17:11:47
M -2434 -5182 8483 17:11:47
O 192 220 0 17:11:47
M -2680 -5060 8175 17:11:47
M -2720 -5046 8083 17:11:47
O 191 220 0 17:11:48
M -2964 -4932 7811 17:11:48
M -2920 -4900 7761 17:11:48
O 190 220 0 17:11:48
M -3092 -4754 7336 17:11:48
M -3080 -4762 7329 17:11:49
O 189 220 0 17:11:49
M -3200 -4714 6918 17:11:49
M -3278 -4646 6925 17:11:49
O 188 220 0 17:11:49
M -3340 -4546 6541 17:11:50
M -3382 -4524 6538 17:11:50
O 187 220 0 17:11:50
M -3420 -4386 6136 17:11:50
M -3416 -4474 6096 17:11:50
O 207 219 0 17:11:51
M 2796 -5370 9240 17:11:51
M 2794 -5412 9255 17:11:52
O 206 219 0 17:11:52
M 2398 -5542 9527 17:11:52
M 2388 -5546 9463 17:11:52
O 205 219 0 17:11:52
M 1962 -5628 9659 17:11:53
M 1990 -5616 9581 17:11:53
O 204 219 0 17:11:53
M 1592 -5706 9700 17:11:53
M 1598 -5686 9694 17:11:53
O 203 219 0 17:11:54
M 1072 -5776 9794 17:11:54
M 1126 -5742 9741 17:11:54
O 201 219 0 17:11:54
M 688 -5804 9846 17:11:54
M 568 -5756 9701 17:11:55
O 200 219 0 17:11:55
M 242 -5834 9658 17:11:55
M 252 -5794 9737 17:11:55
O 199 219 0 17:11:55
M -226 -5786 9607 17:11:55
M -236 -5788 9622 17:11:56
O 198 219 0 17:11:56
M -630 -5758 9285 17:11:56
M -632 -5750 9434 17:11:56
O 197 219 0 17:11:56
M -1068 -5670 9252 17:11:57
M -1098 -5752 9266 17:11:57
O 196 219 0 17:11:57
M -1446 -5650 9036 17:11:57
M -1432 -5670 9024 17:11:57
O 195 219 0 17:11:58
M -1770 -5592 8808 17:11:58
M -1826 -5602 8783 17:11:58
O 194 219 0 17:11:58
M -2104 -5488 8422 17:11:58
M -2122 -5464 8398 17:11:58
O 193 219 0 17:11:59
M -2310 -5396 8017 17:11:59
M -2378 -5424 8054 17:11:59
O 192 219 0 17:11:59
M -2616 -5294 7744 17:11:59
M -2596 -5260 7682 17:12:00
O 191 219 0 17:12:00
M -2808 -5106 7438 17:12:00
M -2760 -5170 7344 17:12:00
O 190 219 0 17:12:00
M -2950 -5010 6968 17:12:01
M -2978 -5026 7041 17:12:01
O 189 219 0 17:12:01
M -3106 -4842 6556 17:12:01
M -3122 -4758 6573 17:12:01
O 188 219 0 17:12:02
M -3240 -4722 6208 17:12:02
M -3184 -4756 6240 17:12:02
O 187 219 0 17:12:02
M -3280 -4544 5889 17:12:02
M -3242 -4550 5889 17:12:02
O 207 218 0 17:12:03
M 2690 -5636 8853 17:12:04
M 2688 -5642 8776 17:12:04
O 206 218 0 17:12:04
M 2258 -5768 8977 17:12:04
M 2288 -5796 9024 17:12:04
O 205 218 0 17:12:05
M 1908 -5816 9161 17:12:05
M 1884 -5832 9102 17:12:05
O 204 218 0 17:12:05
M 1484 -5950 9316 17:12:05
M 1448 -5984 9239 17:12:06
O 203 218 0 17:12:06
M 1048 -6020 9307 17:12:06
M 1024 -6028 9304 17:12:06
O 201 218 0 17:12:06
M 654 -5998 9320 17:12:06
M 646 -6034 9332 17:12:07
O 200 218 0 17:12:07
M 196 -6012 9239 17:12:07
M 224 -6084 9271 17:12:07
O 199 218 0 17:12:07
M -192 -6028 9362 17:12:08
M -220 -6008 9136 17:12:08
O 198 218 0 17:12:08
M -634 -5986 9017 17:12:08
M -622 -6046 8987 17:12:08
O 197 218 0 17:12:09
M -994 -5924 8797 17:12:09
M -1034 -5932 8850 17:12:09
O 196 218 0 17:12:09
M -1368 -5890 8581 17:12:09
M -1360 -5928 8617 17:12:09
O 195 218 0 17:12:10
M -1676 -5818 8285 17:12:10
M -1710 -5800 8291 17:12:10
O 194 218 0 17:12:10
M -2012 -5696 7980 17:12:10
M -1988 -5668 8012 17:12:11
O 193 218 0 17:12:11
M -2238 -5552 7652 17:12:11
M -2244 -5578 7728 17:12:11
O 192 218 0 17:12:11
M -2486 -5416 7314 17:12:11
