O0 0 1 0 10:02:30
O0 0 0 0 10:02:33
O0 0 -1 0 10:02:34
O0 0 0 0 10:03:26
O0 1 0 0 10:22:53
O0 2 0 0 10:22:55
O0 2 1 0 10:22:55
O0 2 2 0 10:22:55
O0 3 2 0 10:22:56
O0 2 2 0 10:22:56
O0 2 1 0 10:22:57
O0 2 0 0 10:22:57
O0 2 -1 0 10:22:57
O0 2 0 0 10:22:58
O0 2 -1 0 10:22:58
O0 1 -1 0 10:22:59
O0 2 -1 0 10:22:59
O0 2 0 0 10:23:00
O0 2 1 0 10:23:05
O0 2 2 0 10:23:06
O0 2 3 0 10:23:14
O0 2 4 0 10:23:15
O0 2 5 0 10:23:15
O0 2 6 0 10:23:15
O0 2 7 0 10:23:16
O0 2 8 0 10:23:16
O0 2 9 0 10:23:16
O0 2 8 0 10:23:17
O0 2 7 0 10:23:17
O0 2 6 0 10:23:17
O0 2 5 0 10:23:18
O0 2 4 0 10:23:18
O0 2 3 0 10:23:19
O0 2 2 0 10:23:19
O0 2 1 0 10:23:19
O0 2 0 0 10:23:19
O0 2 -1 0 10:23:20
O0 2 0 0 10:23:22
O0 2 1 0 10:23:22
O0 2 2 0 10:23:22
O0 2 3 0 10:23:23
O0 2 4 0 10:23:23
O0 2 5 0 10:23:23
O0 2 6 0 10:23:24
O0 2 7 0 10:23:24
O0 2 6 0 10:23:25
O0 2 5 0 10:23:25
O0 2 4 0 10:23:25
O0 2 3 0 10:23:25
O0 2 2 0 10:23:25
O0 2 1 0 10:23:26
O0 2 0 0 10:23:26
O0 2 -1 0 10:23:26
O0 2 0 0 10:23:41
O0 2 1 0 10:23:42
O0 2 2 0 10:23:42
O0 2 3 0 10:23:43
O0 2 4 0 10:23:43
O0 3 4 0 10:23:43
O0 3 5 0 10:23:44
O0 4 5 0 10:23:44
O0 4 6 0 10:23:45
O0 5 6 0 10:23:45
O0 4 6 0 10:23:46
O0 3 6 0 10:23:46
O0 2 6 0 10:23:47
O0 1 6 0 10:23:47
O0 1 7 0 10:23:48
O0 1 6 0 10:23:49
O0 1 5 0 10:23:49
O0 1 4 0 10:23:49
O0 1 3 0 10:23:50
O0 1 2 0 10:23:50
O0 1 1 0 10:23:50
O0 1 0 0 10:23:51
O0 1 -1 0 10:23:51
O0 2 -1 0 10:23:52
O0 2 0 0 10:23:53
O0 3 0 0 10:23:53
O0 3 1 0 10:23:53
O0 4 1 0 10:23:53
O0 5 1 0 10:23:53
O0 5 2 0 10:23:54
O0 6 2 0 10:23:54
O0 6 3 0 10:23:54
O0 6 4 0 10:23:55
O0 7 4 0 10:23:55
O0 6 4 0 10:23:56
O0 5 4 0 10:23:56
O0 4 4 0 10:23:57
O0 3 4 0 10:23:58
O0 4 4 0 10:24:02
O0 5 4 0 10:24:03
O0 6 4 0 10:24:07
O0 7 4 0 10:24:08
O0 6 4 0 10:24:08
O0 5 4 0 10:24:08
O0 4 4 0 10:24:08
O0 3 4 0 10:24:09
O0 10 10 0 10:24:23
O0 0 0 0 10:24:34
O0 100 0 0 10:25:00
O0 90 0 0 10:25:10
O0 90 0 30 10:25:31
O0 90 60 30 10:26:13
O0 90 90 30 10:26:24
O0 90 91 30 10:26:40
O0 90 92 30 10:26:41
O0 90 91 30 10:26:54
O0 90 81 30 10:27:13
O0 0 0 30 10:27:56
O0 0 0 0 10:28:04
O0 50 0 0 10:31:42
O0 50 30 15 10:32:19
O0 50 31 15 10:32:32
O0 50 36 15 10:32:55
O0 25 18 15 10:36:03
O0 12 9 15 10:36:12
O0 0 100 0 10:39:12
O0 0 101 0 10:39:26
O0 0 111 0 10:39:42
O0 0 211 0 10:39:56
O0 0 0 0 10:40:17
O0 0 100 0 10:40:29
O0 0 0 0 10:40:40
O0 0 100 0 10:41:00
O0 0 0 0 10:41:16
O0 0 100 0 10:41:53
O0 0 0 0 10:41:59
O0 0 100 0 10:42:07
O0 0 0 0 10:42:12
O0 0 200 0 10:42:31
O0 0 0 0 10:42:40
O0 0 100 0 10:43:53
O0 0 0 0 10:44:04
O0 100 0 0 10:45:51
O0 0 0 0 10:46:05
O0 0 0 30 10:47:17
O0 0 0 50 10:47:31
O0 147 223 50 10:50:29
O0 148 228 50 10:51:10
O0 172 228 50 10:52:35
O0 172 227 50 10:53:14
O0 172 226 50 10:53:15
O0 172 225 50 10:53:15
O0 172 224 50 10:53:18
O0 171 224 50 10:54:53
O0 170 224 50 10:54:54
O0 169 224 50 10:54:54
O0 168 224 50 10:54:55
O0 167 224 50 10:54:55
O0 166 224 50 10:54:56
O0 165 224 50 10:54:56
O0 164 224 50 10:54:56
O0 164 223 50 10:54:58
O0 164 222 50 10:54:58
O0 164 221 50 10:54:59
O0 164 220 50 10:54:59
O0 164 219 50 10:55:00
O0 164 218 50 10:55:00
O0 163 218 50 10:57:16
O0 162 218 50 10:57:16
O0 161 218 50 10:57:17
O0 160 218 50 10:57:17
O0 159 218 50 10:57:17
O0 158 218 50 10:57:18
O0 157 218 50 10:57:18
O0 156 218 50 10:57:18
O0 155 218 50 10:57:19
O0 154 218 50 10:57:19
O0 153 218 50 10:57:19
O0 152 218 50 10:57:19
O0 151 218 50 10:57:20
O0 150 218 50 10:57:20
O0 149 218 50 10:57:20
O0 148 218 50 10:57:21
O0 147 218 50 10:57:21
O0 146 218 50 10:57:22
O0 145 218 50 10:57:22
O0 145 218 49 10:57:27
O0 145 218 48 10:57:27
O0 145 218 47 10:57:27
O0 145 218 46 10:57:27
O0 145 218 45 10:57:28
O0 145 218 44 10:57:28
O0 145 218 43 10:57:28
O0 145 218 42 10:57:28
O0 145 218 41 10:57:28
O0 145 218 40 10:57:29
O0 145 218 39 10:57:29
O0 145 218 38 10:57:29
O0 145 218 37 10:57:29
O0 145 218 36 10:57:29
O0 145 218 35 10:57:30
O0 145 218 34 10:57:30
O0 145 218 33 10:57:30
O0 145 218 32 10:57:30
O0 145 218 31 10:57:30
O0 145 218 30 10:57:31
O0 145 218 29 10:57:31
O0 145 218 28 10:57:31
O0 145 218 27 10:57:31
O0 145 218 26 10:57:31
O0 145 218 25 10:57:32
O0 145 218 24 10:57:32
O0 145 218 23 10:57:32
O0 145 218 22 10:57:32
O0 145 218 21 10:57:32
O0 145 218 20 10:57:33
O0 145 218 19 10:57:33
O0 145 218 18 10:57:33
O0 145 218 17 10:57:33
O0 145 218 16 10:57:33
O0 145 218 15 10:57:34
O0 145 218 14 10:57:34
O0 145 218 13 10:57:34
O0 145 218 12 10:57:34
O0 145 218 11 10:57:34
O0 145 218 10 10:57:35
O0 145 218 9 10:57:35
O0 145 219 9 10:57:49
O0 145 220 9 10:57:49
O0 145 221 9 10:57:50
O0 145 222 9 10:57:50
O0 145 222 8 10:57:55
O0 145 222 7 10:57:56
O0 145 222 6 10:57:56
O0 145 222 5 10:57:56
O0 145 222 4 10:57:56
O0 145 222 3 10:57:57
O0 145 222 2 10:57:57
O0 145 222 1 10:57:57
O0 145 222 0 10:57:57
O0 145 223 0 10:58:03
O0 144 223 0 10:58:08
O0 144 223 1 10:58:19
O0 144 223 0 10:58:20
O0 144 223 1 10:58:20
O0 144 223 2 10:58:21
O0 144 223 3 10:58:21
O0 144 223 4 10:58:21
O0 144 223 5 10:58:22
O0 144 223 6 10:58:22
O0 144 223 7 10:58:22
O0 144 223 8 10:58:22
O0 144 223 9 10:58:22
O0 144 223 10 10:58:23
O0 144 223 11 10:58:23
O0 144 223 12 10:58:23
O0 144 223 13 10:58:23
O0 144 223 14 10:58:23
O0 144 223 15 10:58:24
O0 144 223 16 10:58:24
O0 144 223 17 10:58:24
O0 144 223 18 10:58:24
O0 144 223 19 10:58:24
O0 144 223 20 10:58:25
O0 144 223 21 10:58:25
O0 144 223 22 10:58:25
O0 144 223 23 10:58:25
O0 144 223 24 10:58:25
O0 144 223 23 10:58:49
O0 144 223 22 10:58:50
O0 144 223 21 10:58:50
O0 144 223 20 10:58:50
O0 144 223 19 10:58:50
O0 144 223 18 10:58:51
O0 144 223 17 10:58:51
O0 144 223 16 10:58:51
O0 144 223 15 10:58:51
O0 144 223 14 10:58:51
O0 144 223 13 10:58:52
O0 144 223 12 10:58:52
O0 144 223 11 10:58:52
O0 144 223 10 10:58:52
O0 144 223 9 10:58:53
O0 144 223 8 10:58:53
O0 144 223 7 10:58:53
O0 144 223 6 10:58:53
O0 144 223 5 10:58:53
O0 144 223 4 10:58:54
O0 144 223 3 10:58:54
O0 144 223 2 10:58:54
O0 144 223 1 10:58:54
O0 144 223 0 10:58:54
O0 144 223 -1 10:58:55
O0 144 223 0 11:02:09
O0 144 223 1 11:02:09
O0 144 223 2 11:02:09
O0 144 223 3 11:02:10
O0 144 223 4 11:02:10
O0 144 223 5 11:02:10
O0 144 223 6 11:02:10
O0 144 223 7 11:02:11
O0 144 223 8 11:02:11
O0 144 223 9 11:02:11
O0 144 223 10 11:02:11
O0 144 223 11 11:02:11
O0 144 223 12 11:02:12
O0 144 223 13 11:02:12
O0 144 223 14 11:02:12
O0 144 223 15 11:02:12
O0 144 223 16 11:02:13
O0 144 223 17 11:02:13
O0 144 223 18 11:02:13
O0 144 223 19 11:02:13
O0 144 223 20 11:02:13
O0 144 223 21 11:02:13
O0 144 223 22 11:02:13
O0 144 223 23 11:02:13
O0 144 223 24 11:02:13
O0 144 223 25 11:02:13
O0 144 223 26 11:02:13
O0 144 223 27 11:02:13
O0 144 223 28 11:02:14
O0 144 223 29 11:02:14
O0 144 223 30 11:02:14
O0 144 223 31 11:02:14
O0 144 223 32 11:02:14
O0 144 223 33 11:02:14
O0 144 223 34 11:02:14
O0 144 223 35 11:02:14
O0 144 223 36 11:02:14
O0 144 223 37 11:02:14
O0 144 223 38 11:02:14
O0 144 223 39 11:02:14
O0 144 223 40 11:02:14
O0 144 223 41 11:02:14
O0 144 223 42 11:02:14
O0 144 223 43 11:02:14
O0 144 223 44 11:02:14
O0 144 223 45 11:02:14
O0 144 223 46 11:02:14
O0 144 223 47 11:02:14
O0 144 223 48 11:02:14
O0 144 223 49 11:02:15
O0 144 223 50 11:02:15
O0 144 223 51 11:02:15
O0 144 223 52 11:02:15
O0 144 223 53 11:02:15
O0 144 223 54 11:02:15
O0 144 223 55 11:02:15
O0 144 223 56 11:02:15
O0 144 223 57 11:02:15
O0 144 223 58 11:02:15
O0 144 223 59 11:02:15
O0 144 223 60 11:02:15
O0 144 223 61 11:02:15
O0 144 223 62 11:02:15
O0 144 223 63 11:02:15
O0 144 223 64 11:02:15
O0 144 223 65 11:02:15
O0 144 223 66 11:02:15
O0 144 223 67 11:02:15
O0 144 223 68 11:02:15
O0 144 223 69 11:02:16
O0 144 223 70 11:02:16
O0 144 223 71 11:02:16
O0 144 223 72 11:02:16
O0 144 223 73 11:02:16
O0 144 223 74 11:02:16
O0 144 223 75 11:02:16
O0 144 223 76 11:02:16
O0 144 223 77 11:02:16
O0 144 223 78 11:02:16
O0 144 223 79 11:02:16
O0 144 223 80 11:02:16
O0 144 223 81 11:02:16
O0 144 223 80 11:02:17
O0 144 223 79 11:02:17
O0 144 223 78 11:02:17
O0 144 223 77 11:02:17
O0 144 223 76 11:02:17
O0 144 223 75 11:02:18
O0 144 223 74 11:02:18
O0 144 223 73 11:02:18
O0 144 223 72 11:02:18
O0 144 223 71 11:02:18
O0 144 223 70 11:02:19
O0 144 222 70 11:02:22
O0 144 221 70 11:02:23
O0 144 220 70 11:02:23
O0 144 219 70 11:02:24
O0 144 218 70 11:02:24
O0 144 217 70 11:02:24
O0 144 216 70 11:02:24
O0 144 215 70 11:02:24
O0 144 214 70 11:02:24
O0 144 213 70 11:02:24
O0 144 212 70 11:02:24
O0 144 211 70 11:02:24
O0 143 211 70 11:02:25
O0 142 211 70 11:02:25
O0 141 211 70 11:02:27
O0 140 211 70 11:02:28
O0 139 211 70 11:02:29
O0 138 211 70 11:02:29
O0 137 211 70 11:02:29
O0 136 211 70 11:02:30
O0 135 211 70 11:02:30
O0 0 0 0 11:02:49
O0 0 0 10 11:03:19
O0 0 0 0 11:03:23
O0 0 0 100 11:03:32
O0 0 0 0 11:03:44
O0 170 228 50 11:05:49
O0 170 233 50 11:06:48
O0 170 223 50 11:06:53
O0 170 218 50 11:06:57
