O 200 232 0 11:42:34
O 200 232 0 11:45:14
M 460 -2450 807 12:59:11
O 200 232 0 12:59:11
O 200 232 0 12:59:25
O 200 232 0 13:05:51
M 422 -2446 919 13:15:02
O 200 232 0 13:15:02
M 456 -2426 790 13:44:28
O 200 232 0 13:44:28
O 197 232 0 13:46:17
O 200 232 0 13:46:19
O 200 232 2 13:46:25
O 200 232 0 13:46:26
O 197 232 0 13:46:27
O 200 232 0 13:46:28
O 200 234 0 13:46:28
O 200 232 0 13:46:28
O 197 232 0 13:46:31
O 200 232 0 13:46:31
O 200 234 0 13:46:31
O 200 232 0 13:46:31
O 197 232 0 13:46:32
O 200 232 0 13:46:32
O 200 234 0 13:46:32
O 200 232 0 13:46:33
O 197 232 0 13:46:33
O 200 232 0 13:46:33
O 200 234 0 13:46:33
O 200 232 0 13:46:33
O 197 232 0 13:49:19
O 200 232 0 13:49:20
O 200 234 0 13:49:21
O 200 232 0 13:49:21
O 197 232 0 13:49:21
O 200 232 0 13:49:22
O 200 234 0 13:49:22
O 200 237 0 13:49:22
O 197 237 0 13:49:23
O 200 237 0 13:49:23
O 200 239 0 13:49:24
O 200 237 0 13:49:24
O 200 239 0 13:49:24
O 200 237 0 13:49:24
O 197 237 0 13:49:25
O 200 237 0 13:49:25
O 202 237 0 13:49:25
O 202 239 0 13:49:26
O 202 237 0 13:49:26
O 200 237 0 13:49:26
O 202 237 0 13:49:27
O 202 239 0 13:49:27
O 202 237 0 13:49:28
O 200 237 0 13:49:28
O 202 237 0 13:49:28
O 202 239 0 13:49:28
O 202 237 0 13:49:29
O 200 237 0 13:49:29
O 202 237 0 13:49:29
O 202 239 0 13:49:29
O 202 237 0 13:49:30
O 200 237 0 13:49:30
O 202 237 0 13:49:30
O 202 239 0 13:49:30
O 202 237 0 13:49:30
O 200 237 0 13:49:31
O 202 237 0 13:49:31
O 202 239 0 13:49:31
O 202 237 0 13:49:31
O 200 237 0 13:49:31
O 202 237 0 13:49:31
O 202 239 0 13:49:32
O 202 237 0 13:49:32
O 202 239 0 13:49:33
O 202 237 0 13:49:33
O 202 239 0 13:49:34
O 202 237 0 13:49:34
O 202 239 0 13:49:34
O 202 237 0 13:49:34
O 200 232 0 13:49:55
O 201 232 0 13:50:03
O 200 232 0 13:50:09
O 201 232 0 13:50:19
O 200 232 0 13:50:32
O 202 232 0 13:54:17
O 200 232 0 13:54:18
O 200 234 0 13:54:18
O 200 232 0 13:54:19
O 200 232 0 13:54:24
O 201 232 0 13:54:32
O 200 232 0 13:54:37
O 197 232 0 13:56:45
O 200 232 0 13:56:45
O 200 232 1 14:08:04
O 200 232 0 14:08:08
O 200 232 0 14:08:12
O 200 232 0 14:08:12
O 200 232 0 14:08:12
O 200 232 0 14:08:12
O 200 232 0 14:08:13
O 200 232 0 14:08:13
O 200 232 0 14:08:13
O 200 232 0 14:20:57
O 200 232 0 14:20:59
O 200 232 0 14:21:32
O 200 232 0 14:21:34
O 200 232 0 14:21:35
O 200 232 0 14:23:24
O 200 232 0 14:23:27
O 200 232 0 14:23:30
O 200 232 0 14:24:04
O 200 232 0 14:24:06
O 200 232 0 14:25:07
O 200 232 0 14:25:34
O 200 232 0 14:25:36
O 200 232 0 14:25:36
O 200 232 0 14:25:37
O 200 232 0 14:25:37
O 200 232 0 14:25:37
O 200 232 0 14:25:37
O 200 232 0 14:25:37
O 200 232 0 14:25:37
O 200 232 0 14:25:37
O 200 232 0 14:25:38
O 200 232 0 14:25:38
O 200 232 2 14:25:43
O 200 232 2 14:25:46
O 200 232 0 14:25:49
M 484 -2358 851 14:25:52
O 200 232 0 14:25:52
O 200 232 0 14:25:55
O 200 232 0 14:25:57
M 482 -2416 943 14:26:07
O 200 232 0 14:26:07
O 200 232 0 14:26:09
O 200 232 0 14:28:05
O 200 232 0 14:28:05
O 200 232 0 14:28:10
O 200 232 0 14:28:10
O 200 232 0 14:30:46
O 200 232 0 14:30:46
O 200 232 0 14:31:55
O 200 232 0 14:31:55
O 200 232 0 14:33:14
O 200 232 0 14:33:14
O 200 232 0 14:37:26
O 200 232 0 14:37:26
O 200 232 0 14:37:31
O 200 232 0 14:37:31
O 200 232 0 14:37:33
O 200 232 0 14:37:33
O 200 232 1 14:38:00
O 200 232 0 14:38:14
O 200 232 0 14:38:29
O 200 232 0 14:38:29
O 200 232 0 14:37:26
O 200 232 0 14:37:31
O 200 232 0 14:37:33
O 200 232 0 14:38:14
O 200 232 0 14:38:29
M 462 -2408 963 14:38:47
M 462 -2324 897 14:38:47
M 434 -2354 920 14:38:47
M 426 -2356 863 14:38:47
M 464 -2290 881 14:38:47
M 434 -2348 874 14:38:47
M 440 -2348 894 14:38:47
M 444 -2368 910 14:38:47
M 460 -2324 878 14:38:47
M 452 -2400 901 14:38:47
M 472 -2346 924 14:38:47
M 500 -2310 859 14:38:47
M 438 -2356 904 14:38:47
M 484 -2348 873 14:38:47
M 460 -2400 905 14:38:47
M 436 -2340 911 14:38:47
M 446 -2360 898 14:38:47
M 478 -2308 920 14:38:47
M 488 -2352 905 14:38:47
M 514 -2348 903 14:38:47
M 472 -2362 939 14:38:47
M 480 -2380 939 14:38:47
M 422 -2360 851 14:38:47
M 444 -2364 946 14:38:47
M 468 -2364 900 14:38:47
M 480 -2392 981 14:38:47
M 464 -2406 945 14:38:47
M 492 -2380 926 14:38:47
M 536 -2366 886 14:38:47
M 482 -2396 928 14:38:47
M 534 -2402 928 14:38:47
M 472 -2386 886 14:38:47
M 488 -2374 889 14:38:47
M 478 -2358 942 14:38:47
M 496 -2366 929 14:38:47
M 464 -2360 927 14:38:47
M 484 -2348 849 14:38:47
M 508 -2388 944 14:38:47
M 514 -2372 927 14:38:47
M 480 -2396 910 14:38:47
M 472 -2354 917 14:38:47
M 462 -2382 937 14:38:47
M 476 -2358 914 14:38:47
M 516 -2374 847 14:38:47
M 516 -2360 908 14:38:47
M 476 -2394 860 14:38:47
M 488 -2394 903 14:38:47
M 492 -2410 887 14:38:47
M 510 -2386 824 14:38:47
M 490 -2388 914 14:38:47
M 486 -2422 879 14:38:47
M 524 -2442 873 14:38:47
M 544 -2396 921 14:38:47
M 266 -2372 906 14:38:47
M 532 -2394 813 14:38:47
M 500 -2410 917 14:38:47
M 540 -2402 914 14:38:47
M 504 -2414 880 14:38:47
M 490 -2404 920 14:38:47
M 462 -2384 932 14:38:47
M 488 -2366 896 14:38:47
M 452 -2412 923 14:38:47
M 486 -2392 960 14:38:47
M 516 -2406 917 14:38:47
M 514 -2384 1013 14:38:47
M 524 -2380 948 14:38:47
M 532 -2370 923 14:38:47
M 534 -2434 948 14:38:47
M 536 -2402 904 14:38:47
M 494 -2356 861 14:38:47
M 256 -2402 950 14:38:47
M 550 -2364 977 14:38:47
M 522 -2374 937 14:38:47
M 526 -2382 931 14:38:47
M 476 -2402 875 14:38:47
M 464 -2384 904 14:38:47
M 528 -2364 920 14:38:47
M 506 -2434 930 14:38:47
M 518 -2378 955 14:38:47
M 542 -2364 957 14:38:47
M 512 -2370 854 14:38:47
M 528 -2412 801 14:38:47
M 504 -2370 908 14:38:47
M 472 -2336 956 14:38:47
M 520 -2352 925 14:38:47
M 520 -2368 885 14:38:47
M 524 -2364 1016 14:38:47
M 490 -2410 887 14:38:47
M 498 -2402 929 14:38:47
M 500 -2326 960 14:38:47
M 506 -2348 875 14:38:47
M 520 -2356 940 14:38:47
M 510 -2376 950 14:38:47
M 486 -2412 958 14:38:47
M 490 -2382 932 14:38:47
M 476 -2336 951 14:38:47
M 522 -2352 864 14:38:47
M 508 -2366 843 14:38:48
M 492 -2356 884 14:38:48
M 500 -2336 847 14:38:48
M 520 -2338 889 14:38:48
M 518 -2346 935 14:38:48
M 430 -2364 930 14:38:48
M 472 -2388 934 14:38:48
M 494 -2372 925 14:38:48
M 472 -2346 955 14:38:48
M 454 -2366 947 14:38:48
M 492 -2312 947 14:38:48
M 510 -2368 912 14:38:48
M 456 -2350 914 14:38:48
M 454 -2344 934 14:38:48
M 502 -2378 953 14:38:48
M 486 -2336 939 14:38:48
M 480 -2352 924 14:38:48
M 480 -2382 878 14:38:48
M 486 -2418 880 14:38:48
M 460 -2366 878 14:38:48
M 524 -2386 893 14:38:48
M 472 -2372 854 14:38:48
M 482 -2362 929 14:38:48
M 422 -2420 905 14:38:48
M 478 -2388 867 14:38:48
M 454 -2414 917 14:38:48
M 484 -2394 921 14:38:48
M 504 -2400 822 14:38:48
M 484 -2372 867 14:38:48
M 462 -2394 897 14:38:48
M 516 -2384 934 14:38:48
M 562 -2368 919 14:38:48
M 472 -2388 863 14:38:48
M 470 -2404 929 14:38:48
M 478 -2378 912 14:38:48
M 458 -2382 903 14:38:48
M 482 -2384 854 14:38:48
M 516 -2368 937 14:38:48
M 510 -2348 905 14:38:48
M 534 -2356 908 14:38:48
M 500 -2348 913 14:38:48
M 510 -2346 868 14:38:48
M 508 -2384 938 14:38:48
M 550 -2366 940 14:38:48
M 552 -2332 963 14:38:48
M 486 -2348 915 14:38:48
M 506 -2380 945 14:38:48
M 510 -2352 914 14:38:48
M 498 -2386 897 14:38:48
M 486 -2382 970 14:38:48
M 494 -2376 933 14:38:48
M 498 -2358 980 14:38:48
M 550 -2396 942 14:38:48
M 534 -2382 942 14:38:48
M 552 -2388 957 14:38:48
M 516 -2344 955 14:38:48
M 538 -2362 933 14:38:48
M 550 -2404 917 14:38:48
M 552 -2352 885 14:38:48
M 498 -2386 953 14:38:48
M 498 -2380 926 14:38:48
M 476 -2382 949 14:38:48
M 512 -2352 945 14:38:48
M 484 -2302 990 14:38:48
M 486 -2378 965 14:38:48
M 518 -2370 961 14:38:48
M 502 -2386 896 14:38:48
M 450 -2362 861 14:38:48
M 470 -2372 921 14:38:48
M 492 -2410 928 14:38:48
M 466 -2366 905 14:38:48
M 492 -2348 942 14:38:48
M 492 -2400 910 14:38:48
M 480 -2388 875 14:38:48
M 480 -2344 841 14:38:48
M 494 -2374 957 14:38:48
M 484 -2334 940 14:38:48
M 464 -2386 955 14:38:48
M 442 -2356 941 14:38:48
M 492 -2386 917 14:38:48
M 494 -2410 975 14:38:48
M 506 -2356 920 14:38:48
M 474 -2358 885 14:38:48
M 446 -2384 961 14:38:48
M 512 -2384 924 14:38:48
M 486 -2382 866 14:38:48
M 438 -2410 938 14:38:48
M 490 -2358 892 14:38:48
M 506 -2364 892 14:38:48
M 480 -2384 890 14:38:48
M 460 -2416 958 14:38:48
M 480 -2380 950 14:38:48
M 444 -2348 846 14:38:48
M 516 -2412 859 14:38:48
M 522 -2388 922 14:38:48
M 484 -2398 867 14:38:48
M 478 -2352 873 14:38:48
M 474 -2380 904 14:38:48
M 488 -2358 932 14:38:48
M 480 -2326 926 14:38:48
M 498 -2400 909 14:38:48
M 536 -2366 850 14:38:48
M 474 -2374 889 14:38:48
M 500 -2390 955 14:38:48
M 518 -2382 879 14:38:48
M 484 -2378 931 14:38:48
M 526 -2366 919 14:38:48
M 512 -2380 871 14:38:48
M 500 -2352 940 14:38:48
M 528 -2418 874 14:38:48
M 508 -2406 898 14:38:48
M 454 -2386 900 14:38:48
M 466 -2394 858 14:38:48
M 460 -2412 890 14:38:48
M 470 -2354 888 14:38:48
M 492 -2378 901 14:38:48
M 490 -2360 894 14:38:48
M 526 -2360 898 14:38:48
M 510 -2372 838 14:38:48
M 478 -2380 842 14:38:48
M 462 -2344 895 14:38:48
M 486 -2390 899 14:38:48
M 490 -2356 891 14:38:48
M 480 -2380 951 14:38:48
M 518 -2364 948 14:38:48
M 520 -2382 996 14:38:48
M 528 -2348 976 14:38:48
M 502 -2408 897 14:38:48
M 496 -2410 963 14:38:48
M 460 -2392 970 14:38:48
M 506 -2316 926 14:38:48
M 466 -2394 964 14:38:48
M 486 -2368 932 14:38:48
M 516 -2398 909 14:38:48
M 522 -2378 936 14:38:48
M 524 -2378 833 14:38:48
M 500 -2376 877 14:38:48
M 494 -2388 888 14:38:48
M 490 -2390 924 14:38:48
M 472 -2376 890 14:38:48
M 508 -2364 946 14:38:48
M 520 -2382 876 14:38:48
M 528 -2356 993 14:38:48
M 520 -2370 935 14:38:48
M 518 -2322 947 14:38:48
M 500 -2320 907 14:38:48
M 496 -2320 881 14:38:48
M 544 -2326 906 14:38:48
M 498 -2334 908 14:38:48
M 504 -2372 906 14:38:48
M 492 -2324 860 14:38:48
M 502 -2304 885 14:38:48
M 476 -2354 966 14:38:48
M 494 -2336 954 14:38:48
M 490 -2352 928 14:38:48
M 500 -2384 934 14:38:48
M 510 -2372 900 14:38:48
M 510 -2304 883 14:38:48
M 512 -2310 929 14:38:48
M 558 -2328 914 14:38:48
M 496 -2356 968 14:38:48
M 530 -2368 946 14:38:48
M 484 -2396 921 14:38:48
M 508 -2332 924 14:38:48
M 492 -2392 985 14:38:48
M 514 -2384 934 14:38:48
M 518 -2356 970 14:38:48
M 504 -2360 908 14:38:48
M 478 -2374 964 14:38:48
M 494 -2316 934 14:38:48
M 514 -2374 970 14:38:48
M 552 -2370 883 14:38:48
M 542 -2372 900 14:38:48
M 502 -2386 941 14:38:48
M 576 -2324 856 14:38:48
M 532 -2340 901 14:38:48
M 510 -2300 937 14:38:48
M 486 -2330 884 14:38:48
M 514 -2316 922 14:38:48
M 524 -2374 916 14:38:48
M 538 -2350 984 14:38:48
M 550 -2366 865 14:38:48
M 488 -2376 909 14:38:48
M 484 -2388 878 14:38:48
M 500 -2360 898 14:38:48
M 516 -2412 888 14:38:48
M 496 -2394 951 14:38:48
M 542 -2442 865 14:38:48
M 508 -2370 923 14:38:48
M 510 -2368 881 14:38:48
M 488 -2414 909 14:38:48
M 488 -2356 910 14:38:48
M 460 -2342 895 14:38:48
M 508 -2364 863 14:38:48
M 494 -2382 857 14:38:48
M 458 -2322 911 14:38:48
M 468 -2360 893 14:38:48
M 520 -2306 898 14:38:48
M 506 -2378 941 14:38:48
M 516 -2362 945 14:38:48
M 472 -2368 946 14:38:48
M 486 -2326 926 14:38:48
M 490 -2374 891 14:38:48
M 520 -2424 953 14:38:48
M 518 -2398 992 14:38:48
M 474 -2362 933 14:38:48
M 506 -2334 960 14:38:48
M 480 -2344 959 14:38:48
M 484 -2396 938 14:38:48
M 488 -2386 873 14:38:48
M 488 -2336 941 14:38:48
M 486 -2388 942 14:38:48
M 530 -2452 918 14:38:48
M 478 -2354 960 14:38:48
M 510 -2358 924 14:38:48
M 458 -2380 923 14:38:48
M 504 -2336 940 14:38:48
M 488 -2378 935 14:38:48
M 476 -2374 1016 14:38:48
M 502 -2316 891 14:38:48
M 468 -2380 920 14:38:48
M 458 -2364 902 14:38:48
M 474 -2334 970 14:38:48
M 516 -2350 903 14:38:48
M 492 -2380 956 14:38:48
M 492 -2352 871 14:38:48
M 482 -2374 908 14:38:48
M 454 -2388 900 14:38:48
M 484 -2380 962 14:38:48
M 462 -2394 958 14:38:48
M 480 -2370 932 14:38:48
M 482 -2396 971 14:38:48
M 444 -2404 913 14:38:48
M 486 -2360 978 14:38:48
M 414 -2372 898 14:38:48
M 450 -2384 979 14:38:48
M 466 -2352 929 14:38:48
M 464 -2366 947 14:38:48
M 474 -2362 865 14:38:48
M 458 -2386 887 14:38:48
M 434 -2358 997 14:38:48
M 482 -2314 933 14:38:48
M 476 -2342 866 14:38:48
M 484 -2338 881 14:38:48
M 460 -2346 938 14:38:48
M 492 -2364 868 14:38:48
M 494 -2382 905 14:38:48
M 456 -2330 849 14:38:48
M 524 -2366 888 14:38:48
M 486 -2364 959 14:38:48
M 484 -2348 976 14:38:48
M 490 -2372 904 14:38:48
M 456 -2348 888 14:38:48
M 516 -2376 932 14:38:48
M 434 -2342 902 14:38:48
M 414 -2324 916 14:38:48
M 472 -2314 924 14:38:48
M 496 -2372 913 14:38:48
M 456 -2356 852 14:38:48
M 472 -2346 914 14:38:48
M 510 -2348 952 14:38:48
M 444 -2364 888 14:38:48
M 456 -2354 901 14:38:48
M 470 -2358 894 14:38:48
M 462 -2354 908 14:38:48
M 438 -2380 930 14:38:48
M 476 -2372 879 14:38:48
M 460 -2384 946 14:38:48
M 456 -2430 949 14:38:48
M 518 -2376 882 14:38:48
M 492 -2324 933 14:38:48
M 500 -2340 945 14:38:48
M 508 -2386 911 14:38:48
M 536 -2374 947 14:38:48
M 498 -2382 893 14:38:48
M 554 -2392 916 14:38:48
M 470 -2368 931 14:38:48
M 542 -2374 900 14:38:48
M 540 -2384 852 14:38:48
M 538 -2416 849 14:38:48
M 516 -2342 892 14:38:48
M 522 -2380 986 14:38:48
M 536 -2380 936 14:38:48
M 540 -2380 940 14:38:48
M 558 -2352 961 14:38:48
M 510 -2376 853 14:38:48
M 552 -2354 837 14:38:48
M 490 -2364 865 14:38:48
M 718 -2382 889 14:38:48
M 542 -2344 966 14:38:48
M 472 -2358 991 14:38:48
M 512 -2408 953 14:38:48
M 504 -2402 890 14:38:48
M 532 -2386 899 14:38:48
M 528 -2378 908 14:38:48
M 512 -2398 933 14:38:48
M 518 -2362 950 14:38:48
M 476 -2390 896 14:38:48
M 510 -2368 948 14:38:48
M 476 -2414 854 14:38:48
M 544 -2400 928 14:38:48
M 490 -2364 933 14:38:48
M 480 -2348 888 14:38:48
M 478 -2380 869 14:38:48
M 520 -2352 904 14:38:48
M 482 -2358 874 14:38:48
M 470 -2376 867 14:38:48
M 454 -2370 874 14:38:48
M 474 -2394 890 14:38:48
M 476 -2366 923 14:38:48
M 484 -2416 897 14:38:48
M 472 -2422 862 14:38:48
M 508 -2412 926 14:38:48
M 482 -2404 920 14:38:48
M 508 -2350 901 14:38:48
M 458 -2400 858 14:38:48
M 548 -2406 927 14:38:48
M 526 -2396 907 14:38:48
M 482 -2412 852 14:38:48
M 520 -2366 915 14:38:48
M 524 -2348 904 14:38:48
M 526 -2398 924 14:38:48
M 500 -2370 928 14:38:48
M 456 -2372 921 14:38:48
M 468 -2364 937 14:38:48
M 508 -2364 885 14:38:48
M 528 -2346 925 14:38:48
M 516 -2380 930 14:38:48
M 536 -2358 911 14:38:48
M 552 -2358 936 14:38:48
M 492 -2378 979 14:38:48
M 486 -2396 891 14:38:48
M 482 -2406 977 14:38:48
M 474 -2396 967 14:38:48
M 484 -2364 865 14:38:48
M 442 -2366 879 14:38:48
M 518 -2394 867 14:38:48
M 476 -2340 881 14:38:48
M 520 -2384 916 14:38:48
M 540 -2400 900 14:38:48
M 508 -2370 851 14:38:48
M 464 -2338 906 14:38:48
M 496 -2386 862 14:38:48
M 458 -2358 927 14:38:48
M 488 -2410 898 14:38:48
M 478 -2370 898 14:38:48
M 506 -2372 882 14:38:48
M 462 -2354 853 14:38:48
M 500 -2378 925 14:38:48
M 540 -2366 938 14:38:48
M 472 -2348 902 14:38:48
M 464 -2356 927 14:38:48
M 486 -2378 874 14:38:48
M 516 -2354 907 14:38:48
M 508 -2386 902 14:38:48
M 478 -2384 906 14:38:48
M 506 -2378 893 14:38:48
M 494 -2394 930 14:38:48
M 486 -2348 947 14:38:48
M 488 -2346 943 14:38:48
M 448 -2388 915 14:38:48
M 458 -2380 953 14:38:48
M 450 -2392 938 14:38:48
M 508 -2374 925 14:38:48
M 518 -2374 910 14:38:48
M 486 -2348 921 14:38:48
M 452 -2352 842 14:38:48
M 460 -2360 865 14:38:48
M 450 -2442 973 14:38:48
M 466 -2318 1060 14:38:48
M 476 -2358 937 14:38:48
M 492 -2362 926 14:38:48
M 496 -2380 938 14:38:48
M 464 -2362 940 14:38:48
M 500 -2340 893 14:38:48
M 472 -2352 870 14:38:48
M 472 -2386 835 14:38:48
M 488 -2382 896 14:38:48
M 450 -2386 904 14:38:48
M 480 -2366 855 14:38:48
M 442 -2352 941 14:38:48
M 506 -2390 884 14:38:48
M 424 -2384 853 14:38:48
M 472 -2348 864 14:38:48
M 470 -2338 890 14:38:48
M 472 -2374 886 14:38:48
M 502 -2346 895 14:38:48
M 468 -2378 951 14:38:48
M 458 -2358 917 14:38:48
M 508 -2380 882 14:38:48
M 484 -2332 908 14:38:48
M 440 -2382 832 14:38:48
M 514 -2396 932 14:38:48
M 516 -2382 938 14:38:48
M 496 -2402 950 14:38:48
M 488 -2406 903 14:38:48
M 486 -2388 930 14:38:48
M 466 -2352 882 14:38:48
M 480 -2356 920 14:38:48
M 514 -2368 938 14:38:48
M 464 -2376 869 14:38:48
M 484 -2404 895 14:38:48
M 494 -2390 847 14:38:48
M 506 -2388 880 14:38:48
M 494 -2374 909 14:38:48
M 488 -2392 881 14:38:48
M 526 -2410 866 14:38:48
M 508 -2346 916 14:38:48
M 432 -2382 925 14:38:48
M 474 -2396 971 14:38:48
M 474 -2398 869 14:38:48
M 470 -2394 876 14:38:48
M 506 -2332 909 14:38:48
M 518 -2346 931 14:38:48
M 486 -2422 957 14:38:48
M 502 -2364 951 14:38:48
M 484 -2372 926 14:38:48
M 468 -2364 917 14:38:48
M 472 -2378 881 14:38:48
M 474 -2360 860 14:38:48
M 462 -2380 880 14:38:48
M 486 -2364 938 14:38:48
M 464 -2374 924 14:38:48
M 460 -2338 978 14:38:48
M 500 -2344 930 14:38:48
M 470 -2426 946 14:38:48
M 474 -2360 980 14:38:48
M 446 -2354 965 14:38:48
M 490 -2316 920 14:38:48
M 456 -2330 978 14:38:48
M 456 -2346 951 14:38:48
M 472 -2350 1005 14:38:48
M 472 -2380 919 14:38:48
M 430 -2364 943 14:38:48
M 416 -2358 904 14:38:48
M 476 -2344 932 14:38:48
M 456 -2418 928 14:38:48
M 514 -2384 854 14:38:48
M 494 -2344 966 14:38:48
M 476 -2394 944 14:38:48
M 500 -2364 943 14:38:48
M 488 -2382 959 14:38:48
M 464 -2376 895 14:38:48
M 512 -2378 985 14:38:48
M 478 -2418 887 14:38:48
M 506 -2346 940 14:38:48
M 478 -2364 917 14:38:48
M 486 -2362 923 14:38:48
M 502 -2392 933 14:38:48
M 520 -2354 888 14:38:48
M 512 -2400 956 14:38:48
M 496 -2404 892 14:38:48
M 390 -2410 971 14:38:48
M 480 -2418 913 14:38:48
M 466 -2412 909 14:38:48
M 488 -2410 892 14:38:48
M 484 -2392 905 14:38:48
M 524 -2336 961 14:38:48
M 464 -2410 992 14:38:48
M 476 -2392 901 14:38:48
M 448 -2374 884 14:38:48
M 476 -2396 912 14:38:48
M 468 -2400 908 14:38:48
M 498 -2386 953 14:38:48
M 496 -2398 982 14:38:48
M 494 -2372 873 14:38:48
M 472 -2368 884 14:38:48
M 484 -2362 877 14:38:48
M 484 -2390 892 14:38:48
M 490 -2364 928 14:38:48
M 442 -2392 930 14:38:48
M 490 -2374 881 14:38:48
M 458 -2408 883 14:38:48
M 490 -2332 917 14:38:48
M 504 -2332 865 14:38:48
M 514 -2428 889 14:38:48
M 518 -2404 908 14:38:48
M 490 -2340 981 14:38:48
M 742 -2358 871 14:38:48
M 486 -2376 888 14:38:48
M 504 -2382 939 14:38:48
M 484 -2330 879 14:38:48
M 492 -2376 878 14:38:48
M 534 -2392 869 14:38:48
M 492 -2360 950 14:38:48
M 492 -2376 896 14:38:48
M 510 -2402 893 14:38:48
M 446 -2378 848 14:38:48
M 460 -2398 960 14:38:48
M 488 -2368 960 14:38:48
M 504 -2364 894 14:38:48
M 464 -2382 898 14:38:48
M 482 -2364 960 14:38:48
M 498 -2358 915 14:38:48
M 478 -2396 952 14:38:48
M 456 -2342 952 14:38:48
M 450 -2344 914 14:38:48
M 502 -2346 963 14:38:48
M 496 -2352 947 14:38:48
M 520 -2352 901 14:38:48
M 426 -2398 930 14:38:48
M 468 -2356 900 14:38:49
M 444 -2384 957 14:38:49
M 388 -2394 985 14:38:49
M 504 -2414 909 14:38:49
M 492 -2404 900 14:38:49
M 466 -2384 923 14:38:49
M 448 -2396 925 14:38:49
M 458 -2406 994 14:38:49
M 486 -2366 891 14:38:49
M 470 -2412 956 14:38:49
M 498 -2374 888 14:38:49
M 462 -2372 911 14:38:49
M 468 -2386 938 14:38:49
M 486 -2376 916 14:38:49
M 470 -2370 981 14:38:49
M 502 -2376 943 14:38:49
M 540 -2378 1000 14:38:49
M 526 -2370 914 14:38:49
M 562 -2390 982 14:38:49
M 506 -2372 927 14:38:49
M 496 -2412 926 14:38:49
M 490 -2398 903 14:38:49
M 504 -2406 898 14:38:49
M 496 -2354 899 14:38:49
M 504 -2334 882 14:38:49
M 486 -2380 890 14:38:49
M 510 -2400 883 14:38:49
M 462 -2396 901 14:38:49
M 452 -2416 984 14:38:49
M 428 -2382 933 14:38:49
M 450 -2354 935 14:38:49
M 500 -2384 923 14:38:49
M 504 -2336 959 14:38:49
M 458 -2360 913 14:38:49
M 480 -2374 941 14:38:49
M 514 -2360 952 14:38:49
M 460 -2364 942 14:38:49
M 508 -2342 954 14:38:49
M 532 -2420 933 14:38:49
M 544 -2362 956 14:38:49
M 470 -2408 922 14:38:49
M 508 -2362 848 14:38:49
M 512 -2392 916 14:38:49
M 502 -2344 866 14:38:49
M 544 -2388 928 14:38:49
M 480 -2382 839 14:38:49
M 554 -2340 882 14:38:49
M 546 -2400 923 14:38:49
M 532 -2366 915 14:38:49
M 510 -2350 840 14:38:49
M 496 -2356 947 14:38:49
M 502 -2374 969 14:38:49
M 542 -2374 910 14:38:49
M 498 -2420 879 14:38:49
M 536 -2372 885 14:38:49
M 540 -2396 885 14:38:49
M 482 -2412 868 14:38:49
M 508 -2390 949 14:38:49
M 510 -2380 863 14:38:49
M 552 -2412 905 14:38:49
M 488 -2408 877 14:38:49
M 530 -2356 925 14:38:49
M 498 -2414 929 14:38:49
M 546 -2362 873 14:38:49
M 540 -2408 868 14:38:49
M 522 -2338 890 14:38:49
M 500 -2380 914 14:38:49
M 482 -2354 933 14:38:49
M 496 -2392 903 14:38:49
M 504 -2328 970 14:38:49
M 488 -2372 990 14:38:49
M 494 -2370 957 14:38:49
M 446 -2390 937 14:38:49
M 444 -2404 942 14:38:49
M 516 -2330 961 14:38:49
M 514 -2354 867 14:38:49
M 496 -2384 968 14:38:49
M 512 -2340 1000 14:38:49
M 506 -2392 868 14:38:49
M 472 -2404 887 14:38:49
M 520 -2362 910 14:38:49
M 488 -2404 902 14:38:49
M 538 -2390 914 14:38:49
M 506 -2352 899 14:38:49
M 466 -2402 869 14:38:49
M 488 -2388 929 14:38:49
M 480 -2350 952 14:38:49
M 512 -2406 872 14:38:49
M 490 -2356 914 14:38:49
M 490 -2336 915 14:38:49
M 486 -2372 880 14:38:49
M 504 -2360 976 14:38:49
M 486 -2400 950 14:38:49
M 478 -2334 907 14:38:49
M 504 -2364 934 14:38:49
M 496 -2380 975 14:38:49
M 442 -2350 940 14:38:49
M 476 -2380 923 14:38:49
M 488 -2362 898 14:38:49
M 490 -2396 931 14:38:49
M 458 -2414 899 14:38:49
M 514 -2394 904 14:38:49
M 496 -2378 892 14:38:49
M 514 -2408 939 14:38:49
M 524 -2404 840 14:38:49
M 496 -2360 835 14:38:49
M 514 -2378 915 14:38:49
M 526 -2370 889 14:38:49
M 516 -2344 849 14:38:49
M 526 -2374 839 14:38:49
M 546 -2430 875 14:38:49
M 470 -2386 929 14:38:49
M 486 -2398 914 14:38:49
M 520 -2416 871 14:38:49
M 518 -2376 879 14:38:49
M 478 -2426 904 14:38:49
M 478 -2414 874 14:38:49
M 480 -2404 823 14:38:49
M 530 -2386 864 14:38:49
M 536 -2416 869 14:38:49
M 572 -2348 914 14:38:49
M 512 -2406 918 14:38:49
M 536 -2356 899 14:38:49
M 498 -2342 886 14:38:49
M 526 -2364 938 14:38:49
M 474 -2340 885 14:38:49
M 516 -2310 880 14:38:49
M 500 -2396 848 14:38:49
M 552 -2396 896 14:38:49
M 516 -2388 862 14:38:49
M 510 -2386 949 14:38:49
M 568 -2420 912 14:38:49
M 532 -2398 940 14:38:49
M 490 -2440 959 14:38:49
M 520 -2406 896 14:38:49
M 534 -2376 996 14:38:49
M 604 -2432 959 14:38:49
M 540 -2432 883 14:38:49
M 510 -2378 871 14:38:49
M 528 -2386 945 14:38:49
M 544 -2380 905 14:38:49
M 476 -2370 865 14:38:49
M 522 -2392 954 14:38:49
M 504 -2406 940 14:38:49
M 510 -2398 983 14:38:49
M 258 -2362 891 14:38:49
M 500 -2416 891 14:38:49
M 536 -2418 880 14:38:49
M 506 -2394 819 14:38:49
M 492 -2376 930 14:38:49
M 526 -2344 922 14:38:49
M 458 -2402 956 14:38:49
M 498 -2326 887 14:38:49
M 494 -2358 887 14:38:49
M 482 -2320 958 14:38:49
M 480 -2388 859 14:38:49
M 500 -2362 886 14:38:49
M 492 -2360 925 14:38:49
M 538 -2396 936 14:38:49
M 474 -2386 871 14:38:49
M 538 -2354 906 14:38:49
M 552 -2380 863 14:38:49
M 550 -2350 969 14:38:49
M 512 -2372 907 14:38:49
M 582 -2420 974 14:38:49
M 538 -2394 957 14:38:49
M 530 -2324 918 14:38:49
M 536 -2382 983 14:38:49
M 534 -2382 940 14:38:49
M 502 -2328 915 14:38:49
M 466 -2370 990 14:38:49
M 502 -2390 961 14:38:49
M 520 -2394 946 14:38:49
M 524 -2382 884 14:38:49
M 548 -2388 923 14:38:49
M 530 -2362 922 14:38:49
M 520 -2328 929 14:38:49
M 548 -2354 926 14:38:49
M 560 -2412 974 14:38:49
M 538 -2418 953 14:38:49
M 560 -2372 918 14:38:49
M 550 -2410 936 14:38:49
M 520 -2420 976 14:38:49
M 528 -2414 943 14:38:49
M 520 -2376 1004 14:38:49
M 524 -2372 928 14:38:49
M 524 -2376 925 14:38:49
M 554 -2426 909 14:38:49
M 554 -2348 920 14:38:49
M 580 -2382 952 14:38:49
M 500 -2368 942 14:38:49
M 522 -2320 1003 14:38:49
M 502 -2390 954 14:38:49
M 522 -2370 967 14:38:49
M 536 -2352 948 14:38:49
M 554 -2404 961 14:38:49
M 540 -2364 1013 14:38:49
M 558 -2410 940 14:38:49
M 526 -2342 957 14:38:49
M 552 -2344 961 14:38:49
M 572 -2354 990 14:38:49
M 512 -2384 997 14:38:49
M 528 -2364 976 14:38:49
M 492 -2352 873 14:38:49
M 504 -2394 923 14:38:49
M 498 -2398 911 14:38:49
M 544 -2406 912 14:38:49
M 506 -2358 1004 14:38:49
M 470 -2380 915 14:38:49
M 514 -2428 894 14:38:49
M 522 -2420 878 14:38:49
M 532 -2412 956 14:38:49
M 512 -2358 950 14:38:49
M 522 -2386 930 14:38:49
M 488 -2358 954 14:38:49
M 530 -2396 1002 14:38:49
M 532 -2364 940 14:38:49
M 518 -2396 937 14:38:49
M 546 -2402 951 14:38:49
M 492 -2392 985 14:38:49
M 532 -2370 944 14:38:49
M 516 -2384 925 14:38:49
M 500 -2354 909 14:38:49
M 538 -2350 896 14:38:49
M 526 -2402 941 14:38:49
M 482 -2350 888 14:38:49
M 534 -2350 938 14:38:49
M 570 -2392 889 14:38:49
M 516 -2398 904 14:38:49
M 524 -2408 903 14:38:49
M 556 -2400 913 14:38:49
M 532 -2402 940 14:38:49
M 554 -2390 890 14:38:49
M 524 -2354 961 14:38:49
M 534 -2358 941 14:38:49
M 574 -2394 948 14:38:49
M 540 -2394 898 14:38:49
M 520 -2426 934 14:38:49
M 502 -2362 907 14:38:49
M 506 -2382 852 14:38:49
M 552 -2398 994 14:38:49
M 518 -2382 991 14:38:49
M 504 -2408 934 14:38:49
M 496 -2356 965 14:38:49
M 540 -2392 884 14:38:49
M 530 -2394 942 14:38:49
M 530 -2364 976 14:38:49
M 512 -2406 911 14:38:49
M 482 -2414 895 14:38:49
M 552 -2376 892 14:38:49
M 476 -2376 963 14:38:49
M 498 -2352 953 14:38:49
M 540 -2404 916 14:38:49
M 534 -2390 986 14:38:49
M 526 -2368 935 14:38:49
M 548 -2364 942 14:38:49
M 486 -2404 896 14:38:49
M 538 -2436 949 14:38:49
M 520 -2422 836 14:38:49
M 460 -2408 923 14:38:49
M 480 -2360 877 14:38:49
M 516 -2398 860 14:38:49
M 546 -2414 927 14:38:49
M 532 -2412 890 14:38:49
M 504 -2394 896 14:38:49
M 504 -2400 929 14:38:49
M 510 -2420 948 14:38:49
M 536 -2394 837 14:38:49
M 556 -2376 947 14:38:49
M 492 -2446 960 14:38:49
M 548 -2394 949 14:38:49
M 504 -2378 910 14:38:49
M 478 -2376 823 14:38:49
M 520 -2362 878 14:38:49
M 462 -2366 894 14:38:49
M 496 -2416 938 14:38:49
M 498 -2418 939 14:38:49
M 490 -2404 900 14:38:49
M 494 -2402 883 14:38:49
M 502 -2416 826 14:38:49
M 478 -2372 912 14:38:49
M 536 -2392 877 14:38:49
M 476 -2384 906 14:38:49
M 520 -2368 941 14:38:49
M 486 -2432 925 14:38:49
M 518 -2398 971 14:38:49
M 464 -2426 891 14:38:49
M 488 -2410 922 14:38:49
M 506 -2424 944 14:38:49
M 512 -2364 932 14:38:49
M 528 -2376 1072 14:38:49
M 488 -2374 959 14:38:49
M 482 -2396 905 14:38:49
M 520 -2420 937 14:38:49
M 506 -2410 917 14:38:49
M 514 -2368 884 14:38:49
M 514 -2400 899 14:38:49
M 496 -2400 911 14:38:49
M 506 -2402 878 14:38:49
M 528 -2386 874 14:38:49
M 508 -2400 895 14:38:49
M 548 -2428 906 14:38:49
M 504 -2412 885 14:38:49
M 516 -2392 817 14:38:49
M 532 -2390 892 14:38:49
M 498 -2384 895 14:38:49
M 458 -2410 907 14:38:49
M 500 -2428 974 14:38:49
M 468 -2422 863 14:38:49
M 502 -2420 922 14:38:49
M 476 -2394 939 14:38:49
M 454 -2362 985 14:38:49
M 540 -2406 920 14:38:49
M 526 -2426 948 14:38:49
M 508 -2410 920 14:38:49
M 504 -2364 892 14:38:49
M 512 -2392 908 14:38:49
M 510 -2412 916 14:38:49
M 456 -2404 920 14:38:49
M 512 -2404 908 14:38:49
M 524 -2444 886 14:38:49
M 558 -2420 872 14:38:49
M 524 -2386 890 14:38:49
M 502 -2402 889 14:38:49
M 528 -2414 883 14:38:49
M 480 -2396 992 14:38:49
M 508 -2388 986 14:38:49
M 468 -2380 932 14:38:49
M 532 -2366 958 14:38:49
M 520 -2412 933 14:38:49
M 508 -2396 956 14:38:49
M 520 -2358 867 14:38:49
M 498 -2432 920 14:38:49
M 476 -2388 913 14:38:49
M 482 -2378 875 14:38:49
M 472 -2420 984 14:38:49
M 436 -2434 1012 14:38:49
M 510 -2430 896 14:38:49
M 494 -2386 949 14:38:49
M 504 -2380 974 14:38:49
M 496 -2336 937 14:38:49
M 496 -2406 939 14:38:49
M 424 -2376 936 14:38:49
M 478 -2404 891 14:38:49
M 514 -2386 906 14:38:49
M 458 -2372 837 14:38:49
M 480 -2382 908 14:38:49
M 478 -2392 952 14:38:49
M 476 -2442 943 14:38:49
M 426 -2422 914 14:38:49
M 474 -2418 951 14:38:49
M 494 -2384 1001 14:38:49
M 456 -2434 931 14:38:49
M 452 -2406 865 14:38:49
M 502 -2422 878 14:38:49
M 448 -2412 857 14:38:49
M 438 -2438 894 14:38:49
M 442 -2400 922 14:38:49
M 416 -2380 950 14:38:49
M 522 -2364 927 14:38:49
M 458 -2410 819 14:38:49
M 510 -2390 855 14:38:49
M 472 -2378 905 14:38:49
M 512 -2376 855 14:38:49
M 520 -2380 926 14:38:49
M 450 -2394 914 14:38:49
M 514 -2398 871 14:38:49
M 448 -2416 910 14:38:49
M 448 -2358 844 14:38:49
M 486 -2370 824 14:38:49
M 486 -2388 979 14:38:49
M 440 -2376 863 14:38:49
M 498 -2384 832 14:38:49
M 474 -2384 835 14:38:49
M 492 -2440 886 14:38:49
M 450 -2408 932 14:38:49
M 484 -2376 904 14:38:49
M 476 -2394 882 14:38:49
M 448 -2360 911 14:38:49
M 476 -2386 906 14:38:49
M 500 -2386 967 14:38:49
M 464 -2374 943 14:38:49
M 480 -2392 945 14:38:49
M 474 -2358 957 14:38:49
M 524 -2432 939 14:38:49
M 508 -2360 897 14:38:49
M 496 -2398 893 14:38:49
M 466 -2426 936 14:38:49
M 516 -2364 909 14:38:49
M 508 -2406 874 14:38:49
M 482 -2404 905 14:38:49
M 464 -2366 920 14:38:49
M 498 -2392 893 14:38:49
M 450 -2388 886 14:38:49
M 490 -2372 960 14:38:49
M 542 -2424 899 14:38:49
M 522 -2358 928 14:38:49
M 506 -2362 900 14:38:49
M 534 -2394 866 14:38:49
M 494 -2390 925 14:38:49
M 524 -2376 916 14:38:49
M 524 -2358 920 14:38:49
M 502 -2358 899 14:38:49
M 452 -2388 987 14:38:49
M 284 -2396 994 14:38:49
M 532 -2398 954 14:38:49
M 536 -2388 917 14:38:49
M 496 -2380 881 14:38:49
M 560 -2376 914 14:38:49
M 500 -2394 985 14:38:49
M 518 -2384 938 14:38:49
M 502 -2376 939 14:38:49
M 536 -2358 962 14:38:49
M 498 -2382 934 14:38:49
M 540 -2346 974 14:38:49
M 518 -2360 939 14:38:49
M 496 -2370 851 14:38:49
M 516 -2418 897 14:38:49
M 524 -2388 950 14:38:49
M 496 -2380 931 14:38:49
M 492 -2376 941 14:38:49
M 482 -2396 895 14:38:49
M 466 -2396 911 14:38:49
M 482 -2364 959 14:38:49
M 490 -2362 959 14:38:49
M 512 -2382 905 14:38:49
M 444 -2372 942 14:38:49
M 504 -2390 999 14:38:49
M 518 -2380 955 14:38:49
M 452 -2404 1003 14:38:49
M 476 -2378 906 14:38:49
M 506 -2402 915 14:38:49
M 470 -2392 865 14:38:49
M 454 -2454 858 14:38:49
M 456 -2420 870 14:38:49
M 456 -2394 909 14:38:49
M 502 -2416 888 14:38:49
M 478 -2414 923 14:38:49
M 508 -2358 914 14:38:49
M 480 -2400 897 14:38:49
M 492 -2346 923 14:38:49
M 442 -2378 951 14:38:49
M 454 -2354 966 14:38:49
M 532 -2350 922 14:38:49
M 464 -2392 932 14:38:49
M 456 -2368 890 14:38:49
M 530 -2394 887 14:38:49
M 464 -2368 902 14:38:49
M 486 -2374 892 14:38:49
M 486 -2374 939 14:38:49
M 512 -2370 912 14:38:49
M 522 -2388 863 14:38:49
M 566 -2358 883 14:38:49
M 506 -2400 929 14:38:49
M 484 -2394 959 14:38:49
M 522 -2378 908 14:38:49
M 516 -2380 913 14:38:49
M 508 -2392 942 14:38:49
M 508 -2340 902 14:38:49
M 496 -2392 911 14:38:49
M 482 -2376 952 14:38:49
M 536 -2364 947 14:38:49
M 510 -2390 938 14:38:49
M 522 -2348 877 14:38:49
M 482 -2380 923 14:38:49
M 540 -2372 880 14:38:49
M 532 -2382 859 14:38:49
M 506 -2402 931 14:38:49
M 446 -2370 905 14:38:49
M 544 -2354 909 14:38:49
M 476 -2386 921 14:38:49
M 452 -2376 856 14:38:49
M 528 -2380 954 14:38:49
M 536 -2370 890 14:38:49
M 536 -2370 938 14:38:49
M 530 -2378 913 14:38:49
M 518 -2418 969 14:38:49
M 552 -2356 899 14:38:49
M 530 -2314 958 14:38:49
M 512 -2368 992 14:38:49
M 524 -2326 985 14:38:49
M 552 -2340 958 14:38:49
M 532 -2362 919 14:38:49
M 512 -2356 936 14:38:49
M 550 -2380 896 14:38:49
M 518 -2394 894 14:38:49
M 536 -2354 1002 14:38:49
M 528 -2350 960 14:38:49
M 532 -2334 952 14:38:49
M 494 -2334 922 14:38:49
M 498 -2386 945 14:38:49
M 506 -2372 883 14:38:49
M 488 -2348 937 14:38:49
M 498 -2362 914 14:38:49
M 496 -2360 896 14:38:50
M 564 -2374 974 14:38:50
M 466 -2342 923 14:38:50
M 514 -2370 971 14:38:50
M 524 -2368 966 14:38:50
M 512 -2328 916 14:38:50
M 490 -2346 909 14:38:50
M 524 -2368 937 14:38:50
M 486 -2422 954 14:38:50
M 494 -2400 954 14:38:50
M 512 -2366 955 14:38:50
M 554 -2366 963 14:38:50
M 566 -2378 932 14:38:50
M 500 -2364 869 14:38:50
M 472 -2400 944 14:38:50
M 544 -2378 905 14:38:50
M 516 -2304 856 14:38:50
M 486 -2350 882 14:38:50
M 534 -2376 924 14:38:50
M 512 -2372 928 14:38:50
M 520 -2410 905 14:38:50
M 538 -2370 880 14:38:50
M 502 -2348 1003 14:38:50
M 522 -2388 892 14:38:50
M 510 -2380 885 14:38:50
M 552 -2398 964 14:38:50
M 512 -2372 936 14:38:50
M 560 -2378 883 14:38:50
M 512 -2398 846 14:38:50
M 492 -2356 943 14:38:50
M 492 -2366 925 14:38:50
M 542 -2382 931 14:38:50
M 524 -2388 904 14:38:50
M 534 -2320 960 14:38:50
M 506 -2374 907 14:38:50
M 560 -2412 885 14:38:50
M 502 -2372 995 14:38:50
M 520 -2366 938 14:38:50
M 528 -2366 918 14:38:50
M 466 -2374 987 14:38:50
M 508 -2376 950 14:38:50
M 500 -2372 962 14:38:50
M 464 -2392 943 14:38:50
M 514 -2386 923 14:38:50
M 490 -2400 1001 14:38:50
M 506 -2412 1006 14:38:50
M 438 -2384 984 14:38:50
M 486 -2420 947 14:38:50
M 508 -2406 960 14:38:50
M 462 -2394 1007 14:38:50
M 504 -2448 979 14:38:50
M 486 -2418 917 14:38:50
M 462 -2430 997 14:38:50
M 506 -2386 1016 14:38:50
M 490 -2436 1037 14:38:50
M 516 -2408 912 14:38:50
M 494 -2390 949 14:38:50
M 486 -2406 949 14:38:50
M 500 -2346 944 14:38:50
M 444 -2374 916 14:38:50
M 516 -2382 958 14:38:50
M 504 -2370 936 14:38:50
M 496 -2420 943 14:38:50
M 550 -2380 953 14:38:50
M 522 -2400 941 14:38:50
M 506 -2392 933 14:38:50
M 542 -2342 938 14:38:50
M 510 -2370 972 14:38:50
M 516 -2378 941 14:38:50
M 518 -2402 957 14:38:50
M 530 -2390 937 14:38:50
M 556 -2394 922 14:38:50
M 554 -2420 929 14:38:50
M 532 -2438 955 14:38:50
M 550 -2432 909 14:38:50
M 486 -2390 863 14:38:50
M 528 -2376 918 14:38:50
M 514 -2402 1008 14:38:50
M 508 -2410 938 14:38:50
M 518 -2426 943 14:38:50
M 516 -2430 967 14:38:50
M 574 -2404 969 14:38:51
M 524 -2398 880 14:38:51
M 492 -2412 904 14:38:51
M 460 -2398 916 14:38:51
M 530 -2394 923 14:38:51
M 530 -2418 890 14:38:51
M 508 -2360 882 14:38:51
M 508 -2378 879 14:38:51
M 536 -2372 945 14:38:51
M 528 -2382 885 14:38:51
M 516 -2370 937 14:38:51
M 498 -2374 928 14:38:51
M 552 -2446 964 14:38:51
M 482 -2380 935 14:38:51
M 526 -2364 932 14:38:51
M 564 -2374 924 14:38:51
M 512 -2390 898 14:38:51
M 508 -2430 931 14:38:51
M 538 -2414 903 14:38:51
M 546 -2388 933 14:38:51
M 514 -2396 916 14:38:51
M 560 -2378 931 14:38:51
M 516 -2416 979 14:38:51
M 498 -2374 912 14:38:51
M 542 -2378 911 14:38:51
M 514 -2394 921 14:38:51
M 508 -2320 899 14:38:51
M 536 -2436 974 14:38:51
M 546 -2404 959 14:38:51
M 522 -2382 924 14:38:51
M 516 -2340 917 14:38:51
M 538 -2344 925 14:38:51
M 576 -2376 952 14:38:51
M 500 -2338 862 14:38:51
M 516 -2326 904 14:38:51
M 544 -2386 940 14:38:51
M 512 -2394 913 14:38:51
M 530 -2392 921 14:38:51
M 504 -2388 987 14:38:51
M 528 -2378 887 14:38:51
M 514 -2416 850 14:38:51
M 534 -2370 902 14:38:51
M 548 -2362 885 14:38:51
M 522 -2364 885 14:38:51
M 530 -2348 902 14:38:51
M 468 -2372 897 14:38:51
M 484 -2374 877 14:38:51
M 510 -2344 877 14:38:51
M 538 -2382 964 14:38:51
M 518 -2362 949 14:38:51
M 528 -2358 927 14:38:51
M 508 -2386 888 14:38:51
M 530 -2334 956 14:38:51
M 510 -2346 928 14:38:51
M 468 -2368 905 14:38:51
M 484 -2346 901 14:38:51
M 466 -2358 956 14:38:51
M 504 -2404 958 14:38:51
M 512 -2404 888 14:38:51
M 512 -2356 908 14:38:51
M 484 -2412 918 14:38:51
M 510 -2420 903 14:38:51
M 520 -2426 892 14:38:51
M 484 -2374 976 14:38:51
M 530 -2432 957 14:38:51
M 550 -2328 871 14:38:51
M 518 -2356 913 14:38:51
M 516 -2422 868 14:38:51
M 540 -2352 884 14:38:51
M 512 -2348 935 14:38:51
M 528 -2378 976 14:38:51
M 458 -2400 980 14:38:51
M 522 -2368 998 14:38:51
M 504 -2364 892 14:38:51
M 544 -2380 896 14:38:51
M 490 -2392 938 14:38:51
M 548 -2406 964 14:38:51
M 498 -2376 995 14:38:51
M 496 -2388 973 14:38:51
M 504 -2400 893 14:38:51
M 488 -2354 962 14:38:51
M 546 -2352 938 14:38:51
M 548 -2388 916 14:38:52
M 444 -2332 1016 14:38:52
M 530 -2400 983 14:38:52
M 474 -2374 917 14:38:52
M 520 -2366 978 14:38:52
M 536 -2384 933 14:38:52
M 508 -2372 915 14:38:52
M 482 -2358 900 14:38:52
M 540 -2428 911 14:38:52
M 482 -2358 913 14:38:52
M 544 -2354 974 14:38:52
M 550 -2372 892 14:38:52
M 462 -2366 958 14:38:52
M 488 -2362 966 14:38:52
M 466 -2366 932 14:38:52
M 522 -2408 921 14:38:52
M 472 -2352 944 14:38:52
M 478 -2380 941 14:38:52
M 516 -2388 932 14:38:52
M 498 -2378 934 14:38:52
M 468 -2396 928 14:38:52
M 494 -2436 893 14:38:52
M 524 -2376 926 14:38:52
M 506 -2356 887 14:38:52
M 526 -2394 935 14:38:52
M 454 -2342 898 14:38:52
M 540 -2370 902 14:38:52
M 500 -2384 909 14:38:52
M 506 -2372 882 14:38:52
M 506 -2382 915 14:38:52
M 480 -2406 926 14:38:52
M 498 -2410 912 14:38:52
M 502 -2372 893 14:38:52
M 468 -2402 870 14:38:52
M 514 -2404 900 14:38:52
M 496 -2382 919 14:38:52
M 496 -2392 897 14:38:52
M 526 -2370 918 14:38:52
M 486 -2360 907 14:38:52
M 518 -2366 902 14:38:52
M 494 -2362 942 14:38:52
M 478 -2396 882 14:38:52
M 552 -2352 919 14:38:52
M 536 -2392 955 14:38:52
M 508 -2350 949 14:38:52
M 484 -2378 913 14:38:52
M 494 -2328 865 14:38:52
M 468 -2384 910 14:38:52
M 532 -2374 900 14:38:52
M 540 -2362 914 14:38:52
M 502 -2350 931 14:38:52
M 512 -2398 927 14:38:52
M 514 -2374 964 14:38:52
M 482 -2392 913 14:38:52
M 504 -2382 897 14:38:52
M 522 -2394 869 14:38:52
M 520 -2380 849 14:38:52
M 550 -2352 867 14:38:52
M 562 -2362 941 14:38:52
M 528 -2394 902 14:38:52
M 528 -2366 899 14:38:52
M 540 -2400 941 14:38:52
M 518 -2328 870 14:38:52
M 558 -2376 922 14:38:52
M 484 -2354 922 14:38:52
M 480 -2330 955 14:38:52
M 524 -2340 953 14:38:52
M 474 -2348 931 14:38:52
M 508 -2394 871 14:38:52
M 524 -2372 956 14:38:52
M 514 -2414 952 14:38:52
M 542 -2384 861 14:38:52
M 498 -2370 895 14:38:52
M 544 -2398 805 14:38:52
M 508 -2392 926 14:38:52
M 520 -2380 966 14:38:52
M 486 -2376 897 14:38:52
M 524 -2338 865 14:38:52
M 450 -2386 930 14:38:52
M 462 -2362 922 14:38:52
M 502 -2376 844 14:38:52
M 522 -2376 931 14:38:52
M 486 -2356 895 14:38:52
M 500 -2378 880 14:38:52
M 500 -2370 880 14:38:53
M 486 -2362 941 14:38:53
M 490 -2356 931 14:38:53
M 446 -2398 938 14:38:53
M 532 -2382 923 14:38:53
M 476 -2320 888 14:38:53
M 480 -2358 878 14:38:53
M 464 -2368 936 14:38:53
M 488 -2380 898 14:38:53
M 484 -2410 883 14:38:53
M 454 -2354 871 14:38:53
M 488 -2354 913 14:38:53
M 478 -2386 935 14:38:53
M 498 -2360 899 14:38:53
M 458 -2356 859 14:38:53
M 450 -2388 895 14:38:53
M 482 -2374 851 14:38:53
M 528 -2302 903 14:38:53
M 484 -2348 973 14:38:53
M 504 -2392 882 14:38:53
M 478 -2350 880 14:38:53
M 482 -2346 920 14:38:53
M 474 -2352 951 14:38:53
M 498 -2392 949 14:38:53
M 484 -2368 929 14:38:53
M 480 -2376 900 14:38:53
M 480 -2332 911 14:38:53
M 510 -2358 960 14:38:53
M 516 -2378 964 14:38:53
M 526 -2368 901 14:38:53
M 488 -2372 952 14:38:53
M 442 -2340 847 14:38:53
M 500 -2380 907 14:38:53
M 496 -2382 861 14:38:53
M 446 -2410 904 14:38:53
M 516 -2384 907 14:38:53
M 482 -2408 971 14:38:53
M 490 -2424 952 14:38:53
M 500 -2370 920 14:38:53
M 480 -2382 948 14:38:53
M 470 -2446 945 14:38:53
M 438 -2398 929 14:38:53
M 476 -2394 858 14:38:53
M 422 -2398 911 14:38:53
M 484 -2420 903 14:38:53
M 450 -2444 964 14:38:53
M 488 -2380 895 14:38:53
M 456 -2378 919 14:38:53
M 480 -2426 865 14:38:53
M 466 -2402 832 14:38:53
M 490 -2426 910 14:38:53
M 488 -2374 929 14:38:53
M 480 -2428 942 14:38:53
M 446 -2406 915 14:38:53
M 720 -2412 931 14:38:53
M 524 -2418 915 14:38:53
M 472 -2398 884 14:38:53
M 458 -2368 880 14:38:53
M 464 -2392 903 14:38:53
M 460 -2418 882 14:38:53
M 474 -2392 875 14:38:53
M 468 -2372 875 14:38:53
M 448 -2378 931 14:38:53
M 474 -2382 879 14:38:53
M 482 -2358 813 14:38:53
M 510 -2388 872 14:38:53
M 444 -2400 847 14:38:53
M 480 -2392 968 14:38:53
M 484 -2344 943 14:38:53
M 480 -2360 994 14:38:53
M 468 -2388 920 14:38:53
M 480 -2334 948 14:38:53
M 486 -2390 916 14:38:53
M 538 -2374 895 14:38:53
M 524 -2376 908 14:38:53
M 520 -2412 823 14:38:53
M 478 -2412 944 14:38:53
M 474 -2408 915 14:38:53
M 486 -2380 950 14:38:53
M 494 -2400 921 14:38:53
M 452 -2352 876 14:38:53
M 470 -2396 933 14:38:53
M 442 -2352 889 14:38:53
M 498 -2344 899 14:38:53
M 530 -2374 902 14:38:53
M 502 -2388 892 14:38:53
M 504 -2366 916 14:38:54
M 472 -2400 933 14:38:54
M 506 -2414 886 14:38:54
M 726 -2370 900 14:38:54
M 516 -2396 937 14:38:54
M 486 -2360 884 14:38:54
M 482 -2374 886 14:38:54
M 482 -2356 877 14:38:54
M 452 -2398 886 14:38:54
M 452 -2342 870 14:38:54
M 482 -2330 927 14:38:54
M 464 -2372 877 14:38:54
M 492 -2342 938 14:38:54
M 470 -2338 934 14:38:54
M 468 -2374 954 14:38:54
M 518 -2366 897 14:38:54
M 542 -2378 874 14:38:54
M 518 -2376 964 14:38:54
M 478 -2402 957 14:38:54
M 492 -2376 936 14:38:54
M 476 -2386 915 14:38:54
M 516 -2396 865 14:38:54
M 486 -2422 930 14:38:54
M 460 -2358 932 14:38:54
M 482 -2374 873 14:38:54
M 498 -2370 944 14:38:54
M 538 -2358 862 14:38:54
M 448 -2384 947 14:38:54
M 504 -2374 883 14:38:54
M 546 -2350 853 14:38:54
M 540 -2392 888 14:38:54
M 486 -2362 870 14:38:54
M 546 -2382 874 14:38:54
M 514 -2402 926 14:38:54
M 478 -2332 956 14:38:54
M 504 -2378 883 14:38:54
M 480 -2360 907 14:38:54
M 506 -2426 909 14:38:54
M 504 -2384 847 14:38:54
M 494 -2408 899 14:38:54
M 500 -2346 889 14:38:54
M 524 -2352 932 14:38:54
M 452 -2376 909 14:38:54
M 508 -2386 930 14:38:54
M 506 -2352 902 14:38:54
M 474 -2384 852 14:38:54
M 454 -2374 913 14:38:54
M 424 -2380 941 14:38:54
M 518 -2384 988 14:38:54
M 506 -2388 934 14:38:54
M 498 -2356 923 14:38:54
M 488 -2442 1001 14:38:54
M 476 -2406 1048 14:38:54
M 506 -2392 926 14:38:54
M 490 -2400 1005 14:38:54
M 490 -2370 902 14:38:54
M 450 -2368 987 14:38:54
M 444 -2392 928 14:38:54
M 480 -2374 926 14:38:54
M 464 -2380 897 14:38:54
M 424 -2382 982 14:38:54
M 478 -2416 968 14:38:54
M 452 -2436 908 14:38:54
M 442 -2400 969 14:38:54
M 400 -2408 948 14:38:54
M 460 -2402 934 14:38:54
M 484 -2400 956 14:38:54
M 496 -2348 921 14:38:54
M 486 -2388 893 14:38:54
M 524 -2362 969 14:38:54
M 484 -2340 933 14:38:54
M 478 -2406 945 14:38:54
M 446 -2400 968 14:38:54
M 516 -2376 983 14:38:54
M 450 -2386 990 14:38:54
M 488 -2358 954 14:38:54
M 466 -2396 931 14:38:54
M 500 -2366 924 14:38:54
M 476 -2352 866 14:38:54
M 452 -2356 929 14:38:54
M 448 -2378 953 14:38:55
M 420 -2364 971 14:38:55
M 474 -2372 958 14:38:55
M 468 -2396 927 14:38:55
M 512 -2384 881 14:38:55
M 482 -2420 940 14:38:55
M 464 -2424 924 14:38:55
M 436 -2398 939 14:38:55
M 434 -2414 935 14:38:55
M 470 -2402 913 14:38:55
M 476 -2412 900 14:38:55
M 444 -2384 996 14:38:55
M 420 -2366 904 14:38:55
M 432 -2372 913 14:38:55
M 456 -2408 951 14:38:55
M 480 -2424 942 14:38:55
M 474 -2376 928 14:38:55
M 454 -2380 893 14:38:55
M 468 -2370 978 14:38:55
M 440 -2382 919 14:38:55
M 456 -2422 972 14:38:55
M 464 -2368 949 14:38:55
M 410 -2380 946 14:38:55
M 446 -2348 913 14:38:55
M 474 -2366 949 14:38:55
M 482 -2414 935 14:38:55
M 468 -2360 959 14:38:55
M 428 -2372 971 14:38:55
M 486 -2386 938 14:38:55
M 528 -2410 910 14:38:55
M 466 -2356 968 14:38:55
M 482 -2390 922 14:38:55
M 448 -2358 1044 14:38:55
M 414 -2382 906 14:38:55
M 436 -2388 932 14:38:55
M 422 -2444 926 14:38:55
M 462 -2414 938 14:38:55
M 456 -2428 936 14:38:55
M 440 -2364 930 14:38:55
M 428 -2430 889 14:38:55
M 450 -2382 960 14:38:55
M 410 -2414 888 14:38:55
M 482 -2388 913 14:38:55
M 404 -2386 924 14:38:55
M 464 -2370 908 14:38:55
M 496 -2338 927 14:38:55
M 498 -2432 877 14:38:55
M 458 -2394 844 14:38:55
M 496 -2380 912 14:38:55
M 508 -2408 943 14:38:55
M 504 -2354 928 14:38:55
M 438 -2346 936 14:38:55
M 488 -2348 910 14:38:55
M 478 -2382 839 14:38:55
M 414 -2390 965 14:38:55
M 478 -2358 997 14:38:55
M 474 -2348 923 14:38:55
M 498 -2346 871 14:38:55
M 438 -2368 929 14:38:55
M 466 -2360 903 14:38:55
M 494 -2390 919 14:38:55
M 488 -2334 902 14:38:55
M 462 -2344 852 14:38:55
M 444 -2386 911 14:38:55
M 486 -2378 881 14:38:55
M 516 -2370 856 14:38:55
M 502 -2398 934 14:38:55
M 458 -2376 897 14:38:55
M 490 -2362 856 14:38:55
M 526 -2384 875 14:38:55
M 462 -2358 883 14:38:55
M 476 -2352 882 14:38:55
M 458 -2346 917 14:38:55
M 470 -2368 977 14:38:55
M 458 -2388 987 14:38:55
M 468 -2380 871 14:38:55
M 450 -2374 994 14:38:55
M 468 -2374 937 14:38:55
M 476 -2410 935 14:38:55
M 464 -2380 933 14:38:55
M 490 -2392 942 14:38:55
M 480 -2366 962 14:38:55
M 484 -2416 930 14:38:55
M 516 -2368 885 14:38:56
M 498 -2372 1000 14:38:56
M 516 -2352 919 14:38:56
M 496 -2366 998 14:38:56
M 510 -2396 954 14:38:56
M 474 -2328 1008 14:38:56
M 474 -2328 886 14:38:56
M 464 -2388 896 14:38:56
M 438 -2392 961 14:38:56
M 462 -2316 957 14:38:56
M 462 -2370 947 14:38:56
M 474 -2330 945 14:38:56
M 426 -2338 897 14:38:56
M 458 -2398 967 14:38:56
M 468 -2418 922 14:38:56
M 426 -2412 936 14:38:56
M 430 -2428 957 14:38:56
M 448 -2380 973 14:38:56
M 508 -2338 924 14:38:56
M 442 -2382 893 14:38:56
M 464 -2350 967 14:38:56
M 492 -2378 911 14:38:56
M 450 -2366 924 14:38:56
M 478 -2388 904 14:38:56
M 458 -2384 927 14:38:56
M 452 -2398 926 14:38:56
M 418 -2412 918 14:38:56
M 454 -2340 907 14:38:56
M 474 -2406 987 14:38:56
M 458 -2376 921 14:38:56
M 416 -2390 880 14:38:56
M 458 -2384 856 14:38:56
M 438 -2360 907 14:38:56
M 478 -2402 877 14:38:56
M 420 -2366 900 14:38:56
M 440 -2354 892 14:38:56
M 442 -2366 902 14:38:56
M 466 -2392 905 14:38:56
M 470 -2416 842 14:38:56
M 452 -2382 901 14:38:56
M 424 -2362 888 14:38:56
M 458 -2426 914 14:38:56
M 492 -2338 872 14:38:56
M 444 -2338 902 14:38:56
M 452 -2400 873 14:38:56
M 452 -2358 877 14:38:56
M 494 -2360 911 14:38:56
M 466 -2354 920 14:38:56
M 508 -2360 894 14:38:56
M 452 -2344 935 14:38:56
M 504 -2354 844 14:38:56
M 448 -2384 908 14:38:56
M 520 -2358 865 14:38:56
M 504 -2346 919 14:38:56
M 464 -2368 943 14:38:56
M 492 -2384 914 14:38:56
M 506 -2342 891 14:38:56
M 492 -2376 957 14:38:56
M 482 -2356 921 14:38:56
M 536 -2380 938 14:38:56
M 506 -2342 886 14:38:56
M 500 -2374 859 14:38:56
M 500 -2402 865 14:38:56
M 522 -2400 875 14:38:57
M 506 -2378 936 14:38:57
M 502 -2380 873 14:38:57
M 494 -2382 954 14:38:57
M 502 -2396 939 14:38:57
M 488 -2354 898 14:38:57
M 524 -2380 901 14:38:57
M 472 -2328 876 14:38:57
M 506 -2384 900 14:38:57
M 524 -2398 868 14:38:57
M 524 -2402 935 14:38:57
M 474 -2400 975 14:38:57
M 512 -2376 925 14:38:57
M 532 -2378 860 14:38:57
M 490 -2404 926 14:38:57
M 516 -2372 929 14:38:57
M 436 -2358 875 14:38:57
M 450 -2346 963 14:38:57
M 486 -2376 919 14:38:57
M 440 -2350 920 14:38:57
M 508 -2404 870 14:38:57
M 490 -2352 928 14:38:57
M 474 -2340 924 14:38:57
M 464 -2348 904 14:38:57
M 482 -2364 940 14:38:57
M 486 -2296 986 14:38:57
M 484 -2338 913 14:38:57
M 512 -2350 942 14:38:57
M 502 -2392 868 14:38:57
M 508 -2358 904 14:38:57
M 496 -2386 856 14:38:57
M 488 -2372 929 14:38:57
M 472 -2366 935 14:38:57
M 476 -2358 920 14:38:57
M 452 -2382 937 14:38:57
M 468 -2372 895 14:38:57
M 520 -2344 887 14:38:57
M 494 -2360 925 14:38:57
M 460 -2376 893 14:38:57
M 502 -2354 925 14:38:57
M 524 -2406 899 14:38:57
M 498 -2400 822 14:38:57
M 456 -2398 901 14:38:57
M 504 -2382 872 14:38:57
M 512 -2344 944 14:38:57
M 462 -2390 875 14:38:57
M 548 -2388 897 14:38:58
M 534 -2414 942 14:38:58
M 512 -2368 914 14:38:58
M 494 -2400 893 14:38:58
M 482 -2408 914 14:38:58
M 520 -2404 962 14:38:58
M 492 -2354 852 14:38:58
M 540 -2404 948 14:38:58
M 482 -2364 957 14:38:58
M 506 -2410 998 14:38:58
M 498 -2392 929 14:38:58
M 526 -2412 945 14:38:58
M 518 -2368 917 14:38:58
M 498 -2402 907 14:38:58
M 544 -2374 920 14:38:58
M 532 -2408 908 14:38:58
M 506 -2400 920 14:38:58
M 466 -2404 904 14:38:58
M 530 -2426 866 14:38:58
M 484 -2446 932 14:38:58
M 504 -2446 905 14:38:58
M 480 -2398 935 14:38:58
M 510 -2362 868 14:38:58
M 544 -2416 829 14:38:58
M 516 -2346 867 14:38:58
M 520 -2418 870 14:38:59
M 486 -2370 841 14:38:59
M 538 -2380 880 14:38:59
M 514 -2400 911 14:38:59
M 460 -2386 930 14:38:59
M 510 -2378 851 14:38:59
M 474 -2360 890 14:38:59
M 492 -2376 917 14:38:59
M 476 -2388 839 14:38:59
M 470 -2394 865 14:38:59
M 480 -2358 855 14:38:59
M 504 -2372 870 14:38:59
M 486 -2344 882 14:38:59
M 472 -2412 873 14:38:59
M 458 -2384 939 14:38:59
M 468 -2370 927 14:38:59
M 462 -2376 974 14:38:59
M 476 -2420 844 14:38:59
M 492 -2404 834 14:38:59
M 482 -2412 845 14:38:59
M 480 -2406 884 14:38:59
M 494 -2374 845 14:38:59
M 514 -2368 911 14:38:59
M 490 -2394 908 14:38:59
M 450 -2390 847 14:38:59
M 488 -2432 900 14:38:59
M 468 -2374 887 14:38:59
M 478 -2384 899 14:38:59
M 460 -2380 881 14:38:59
M 418 -2322 874 14:38:59
M 462 -2356 904 14:38:59
M 480 -2352 906 14:38:59
M 476 -2372 857 14:38:59
M 424 -2336 892 14:38:59
M 492 -2358 908 14:38:59
M 482 -2362 900 14:38:59
M 428 -2344 889 14:38:59
M 466 -2384 871 14:38:59
M 494 -2414 974 14:38:59
M 478 -2358 882 14:38:59
M 410 -2414 839 14:38:59
M 468 -2418 770 14:38:59
M 458 -2360 891 14:38:59
M 494 -2356 880 14:38:59
M 488 -2372 827 14:38:59
M 488 -2340 883 14:39:00
M 492 -2422 874 14:39:00
M 480 -2406 840 14:39:00
M 480 -2388 899 14:39:00
M 476 -2388 920 14:39:00
M 452 -2384 873 14:39:00
M 484 -2402 888 14:39:00
M 496 -2354 928 14:39:00
M 430 -2328 924 14:39:00
M 494 -2360 873 14:39:00
M 456 -2368 900 14:39:00
M 460 -2398 863 14:39:00
M 482 -2352 939 14:39:00
M 480 -2390 908 14:39:00
M 478 -2398 930 14:39:00
M 494 -2408 816 14:39:00
M 458 -2386 957 14:39:00
M 478 -2376 882 14:39:00
M 464 -2346 884 14:39:00
M 422 -2356 899 14:39:00
M 480 -2356 885 14:39:00
M 474 -2368 919 14:39:00
M 508 -2326 902 14:39:00
M 472 -2396 909 14:39:00
M 438 -2348 866 14:39:00
M 472 -2384 845 14:39:00
M 472 -2390 893 14:39:00
M 758 -2366 929 14:39:00
M 468 -2404 922 14:39:00
M 512 -2408 893 14:39:00
M 482 -2440 966 14:39:00
M 556 -2362 851 14:39:00
M 548 -2396 909 14:39:00
M 478 -2356 907 14:39:00
M 514 -2364 862 14:39:00
M 480 -2394 827 14:39:00
M 432 -2350 850 14:39:00
M 510 -2398 795 14:39:00
M 454 -2392 909 14:39:00
M 464 -2366 890 14:39:00
M 484 -2410 905 14:39:00
M 478 -2410 930 14:39:00
M 494 -2438 857 14:39:00
M 490 -2388 829 14:39:00
M 468 -2414 953 14:39:00
M 462 -2374 851 14:39:00
M 492 -2454 913 14:39:00
M 474 -2400 880 14:39:00
M 502 -2398 924 14:39:00
M 442 -2396 949 14:39:00
M 458 -2392 880 14:39:00
M 496 -2414 879 14:39:00
M 518 -2404 899 14:39:00
M 428 -2424 889 14:39:00
M 484 -2444 893 14:39:00
M 486 -2370 890 14:39:00
M 510 -2380 878 14:39:00
M 476 -2352 911 14:39:00
M 500 -2402 939 14:39:00
M 478 -2432 918 14:39:00
M 514 -2400 880 14:39:00
M 526 -2380 929 14:39:00
M 474 -2408 935 14:39:00
M 530 -2410 997 14:39:00
M 530 -2372 894 14:39:00
M 526 -2390 908 14:39:00
M 522 -2376 893 14:39:00
M 496 -2416 936 14:39:00
M 480 -2412 895 14:39:00
M 458 -2378 922 14:39:00
M 464 -2404 892 14:39:00
M 494 -2370 869 14:39:00
M 480 -2360 886 14:39:00
M 500 -2424 863 14:39:00
M 488 -2390 916 14:39:00
M 492 -2372 926 14:39:00
M 476 -2410 876 14:39:00
M 486 -2394 936 14:39:00
M 486 -2420 952 14:39:00
M 502 -2362 994 14:39:00
M 488 -2360 974 14:39:00
M 492 -2326 901 14:39:00
M 458 -2410 911 14:39:00
M 468 -2358 931 14:39:00
M 262 -2348 946 14:39:00
M 458 -2410 936 14:39:00
M 448 -2392 852 14:39:00
M 472 -2378 891 14:39:00
M 460 -2408 939 14:39:00
M 500 -2390 903 14:39:00
M 526 -2368 918 14:39:00
M 508 -2380 906 14:39:00
M 526 -2398 895 14:39:00
M 478 -2398 869 14:39:00
M 494 -2374 897 14:39:00
M 476 -2376 966 14:39:00
M 494 -2382 922 14:39:00
M 448 -2372 939 14:39:01
M 476 -2368 896 14:39:01
M 466 -2396 921 14:39:01
M 476 -2402 940 14:39:01
M 514 -2352 858 14:39:01
M 482 -2394 967 14:39:01
M 474 -2398 942 14:39:01
M 474 -2418 915 14:39:01
M 476 -2374 912 14:39:01
M 466 -2388 914 14:39:01
M 460 -2348 924 14:39:01
M 474 -2392 896 14:39:01
M 494 -2400 875 14:39:01
M 468 -2370 950 14:39:01
M 456 -2374 845 14:39:01
M 492 -2348 887 14:39:01
M 460 -2346 925 14:39:01
M 448 -2322 861 14:39:01
M 494 -2390 958 14:39:01
M 466 -2348 875 14:39:01
M 470 -2334 958 14:39:01
M 484 -2370 913 14:39:01
M 562 -2386 897 14:39:01
M 526 -2376 926 14:39:01
M 476 -2348 961 14:39:01
M 476 -2368 901 14:39:01
M 508 -2428 935 14:39:01
M 500 -2378 928 14:39:01
M 498 -2380 911 14:39:01
M 472 -2394 918 14:39:01
M 532 -2384 922 14:39:01
M 494 -2396 979 14:39:01
M 494 -2420 942 14:39:01
M 480 -2368 889 14:39:01
M 522 -2374 939 14:39:01
M 510 -2380 954 14:39:01
M 486 -2392 1001 14:39:01
M 514 -2370 892 14:39:01
M 488 -2370 932 14:39:01
M 500 -2394 886 14:39:01
M 536 -2372 881 14:39:01
M 538 -2394 891 14:39:01
M 496 -2356 894 14:39:01
M 500 -2414 936 14:39:01
M 488 -2404 945 14:39:01
M 528 -2376 892 14:39:01
M 520 -2376 879 14:39:01
M 486 -2396 923 14:39:01
M 522 -2340 1012 14:39:01
M 500 -2356 941 14:39:01
M 504 -2388 910 14:39:01
M 486 -2354 983 14:39:01
M 522 -2382 927 14:39:01
M 496 -2416 879 14:39:01
M 516 -2376 912 14:39:01
M 506 -2420 827 14:39:01
M 466 -2354 881 14:39:01
M 492 -2380 870 14:39:01
M 488 -2430 905 14:39:01
M 464 -2394 902 14:39:01
M 482 -2370 899 14:39:01
M 516 -2390 890 14:39:01
M 496 -2394 930 14:39:01
M 518 -2400 932 14:39:01
M 510 -2404 937 14:39:01
M 552 -2428 849 14:39:01
M 478 -2440 888 14:39:01
M 440 -2422 944 14:39:01
M 480 -2404 869 14:39:01
M 470 -2330 905 14:39:01
M 522 -2406 979 14:39:01
M 516 -2356 955 14:39:01
M 484 -2368 883 14:39:01
M 494 -2372 854 14:39:01
M 474 -2398 904 14:39:01
M 478 -2400 946 14:39:01
M 522 -2390 903 14:39:01
M 528 -2394 958 14:39:01
M 506 -2404 911 14:39:01
M 502 -2352 896 14:39:01
M 482 -2376 886 14:39:01
M 490 -2410 937 14:39:01
M 486 -2418 871 14:39:01
M 496 -2410 879 14:39:01
M 532 -2386 986 14:39:01
M 458 -2394 916 14:39:01
M 438 -2418 944 14:39:01
M 438 -2426 934 14:39:01
M 480 -2382 913 14:39:01
M 474 -2370 880 14:39:01
M 454 -2368 848 14:39:01
M 502 -2410 849 14:39:01
M 502 -2372 896 14:39:01
M 500 -2402 869 14:39:01
M 478 -2394 879 14:39:01
M 440 -2454 858 14:39:01
M 502 -2386 894 14:39:01
M 464 -2406 900 14:39:01
M 518 -2404 931 14:39:01
M 462 -2404 886 14:39:01
M 444 -2372 862 14:39:01
M 464 -2418 930 14:39:01
M 480 -2434 938 14:39:01
M 490 -2376 914 14:39:01
M 422 -2416 892 14:39:01
M 432 -2386 886 14:39:01
M 424 -2396 885 14:39:01
M 488 -2394 924 14:39:01
M 474 -2392 886 14:39:02
M 498 -2388 906 14:39:02
M 456 -2384 847 14:39:02
M 518 -2386 915 14:39:02
M 514 -2386 925 14:39:02
M 510 -2374 834 14:39:02
M 500 -2404 856 14:39:02
M 472 -2388 945 14:39:02
M 502 -2444 951 14:39:02
M 446 -2394 891 14:39:02
M 472 -2432 883 14:39:02
M 420 -2366 937 14:39:02
M 450 -2376 937 14:39:02
M 466 -2408 914 14:39:02
M 440 -2392 923 14:39:02
M 454 -2332 910 14:39:02
M 456 -2416 960 14:39:02
M 504 -2352 878 14:39:02
M 506 -2380 909 14:39:02
M 486 -2392 918 14:39:02
M 520 -2408 914 14:39:02
M 494 -2394 893 14:39:02
M 526 -2406 906 14:39:02
M 496 -2402 920 14:39:02
M 526 -2352 841 14:39:02
M 506 -2410 839 14:39:02
M 480 -2394 807 14:39:02
M 506 -2350 887 14:39:02
M 492 -2402 936 14:39:02
M 518 -2374 907 14:39:02
M 490 -2380 944 14:39:02
M 530 -2376 894 14:39:02
M 482 -2408 885 14:39:02
M 462 -2390 924 14:39:02
M 480 -2388 907 14:39:02
M 466 -2422 942 14:39:02
M 486 -2414 936 14:39:02
M 530 -2388 954 14:39:02
M 518 -2406 876 14:39:02
M 502 -2388 893 14:39:02
M 470 -2376 952 14:39:02
M 478 -2410 867 14:39:02
M 454 -2404 859 14:39:02
M 492 -2404 949 14:39:02
M 506 -2424 871 14:39:02
M 514 -2364 958 14:39:02
M 460 -2370 949 14:39:02
M 528 -2378 928 14:39:02
M 486 -2442 911 14:39:02
M 484 -2378 898 14:39:02
M 506 -2406 811 14:39:02
M 492 -2408 926 14:39:02
M 482 -2366 882 14:39:02
M 468 -2414 915 14:39:02
M 504 -2390 874 14:39:02
M 510 -2432 897 14:39:02
M 474 -2378 919 14:39:02
M 484 -2362 931 14:39:02
M 474 -2400 940 14:39:02
M 472 -2398 879 14:39:02
M 470 -2322 909 14:39:02
M 490 -2392 908 14:39:02
M 488 -2334 878 14:39:02
M 440 -2406 901 14:39:02
M 492 -2342 920 14:39:02
M 448 -2394 875 14:39:02
M 472 -2358 911 14:39:02
M 492 -2354 940 14:39:02
M 504 -2368 939 14:39:02
M 486 -2430 898 14:39:02
M 512 -2348 934 14:39:02
M 536 -2366 910 14:39:02
M 522 -2394 919 14:39:02
M 462 -2324 934 14:39:02
M 528 -2344 821 14:39:02
M 522 -2356 907 14:39:02
M 518 -2362 950 14:39:02
M 536 -2364 871 14:39:02
M 528 -2400 897 14:39:02
M 510 -2360 852 14:39:02
M 468 -2356 921 14:39:02
M 532 -2344 921 14:39:02
M 554 -2374 912 14:39:02
M 532 -2364 930 14:39:02
M 498 -2358 854 14:39:02
M 578 -2384 920 14:39:02
M 522 -2356 971 14:39:02
M 514 -2408 909 14:39:03
M 524 -2348 881 14:39:03
M 536 -2358 926 14:39:03
M 508 -2362 952 14:39:03
M 472 -2346 895 14:39:03
M 506 -2332 863 14:39:03
M 532 -2344 942 14:39:03
M 486 -2364 879 14:39:03
M 556 -2342 942 14:39:03
M 532 -2418 953 14:39:03
M 504 -2410 935 14:39:03
M 460 -2362 958 14:39:03
M 548 -2348 910 14:39:03
M 488 -2356 980 14:39:03
M 450 -2356 876 14:39:03
M 498 -2370 919 14:39:03
M 486 -2374 920 14:39:03
M 502 -2390 890 14:39:03
M 494 -2356 904 14:39:03
M 740 -2394 900 14:39:03
M 476 -2376 925 14:39:03
M 524 -2346 870 14:39:03
M 504 -2380 870 14:39:03
M 568 -2366 910 14:39:03
M 512 -2408 947 14:39:03
M 514 -2328 943 14:39:03
M 458 -2366 977 14:39:03
M 478 -2354 915 14:39:03
M 456 -2346 867 14:39:03
M 468 -2350 973 14:39:03
M 468 -2356 892 14:39:03
M 494 -2334 883 14:39:03
M 480 -2342 955 14:39:03
M 436 -2364 922 14:39:03
M 462 -2364 924 14:39:03
M 440 -2336 925 14:39:03
M 482 -2352 926 14:39:03
M 486 -2348 873 14:39:03
M 418 -2362 964 14:39:03
M 444 -2384 901 14:39:03
M 438 -2372 917 14:39:03
M 488 -2348 902 14:39:03
M 472 -2402 933 14:39:03
M 456 -2432 961 14:39:03
M 476 -2364 991 14:39:03
M 460 -2320 876 14:39:03
M 480 -2356 910 14:39:03
M 484 -2398 970 14:39:03
M 408 -2350 966 14:39:03
M 422 -2340 954 14:39:03
M 486 -2398 953 14:39:03
M 452 -2402 945 14:39:03
M 454 -2384 925 14:39:03
M 462 -2372 897 14:39:03
M 416 -2416 965 14:39:03
M 428 -2376 900 14:39:03
M 462 -2436 882 14:39:03
M 456 -2376 960 14:39:03
M 410 -2386 944 14:39:03
M 428 -2408 956 14:39:03
M 450 -2346 905 14:39:03
M 454 -2386 942 14:39:03
M 466 -2382 913 14:39:03
M 466 -2428 902 14:39:03
M 490 -2376 880 14:39:03
M 444 -2380 918 14:39:03
M 478 -2390 899 14:39:03
M 492 -2426 955 14:39:03
M 494 -2408 929 14:39:03
M 492 -2378 935 14:39:03
M 446 -2396 926 14:39:03
M 534 -2398 933 14:39:03
M 502 -2390 936 14:39:03
M 510 -2382 956 14:39:03
M 468 -2370 878 14:39:03
M 470 -2384 903 14:39:03
M 508 -2416 884 14:39:03
M 506 -2406 943 14:39:03
M 480 -2366 913 14:39:03
M 482 -2390 930 14:39:03
M 484 -2392 903 14:39:03
M 478 -2374 971 14:39:03
M 480 -2368 896 14:39:03
M 428 -2346 954 14:39:03
M 510 -2416 935 14:39:03
M 510 -2382 899 14:39:03
M 438 -2378 912 14:39:03
M 466 -2336 816 14:39:03
M 444 -2346 969 14:39:03
M 494 -2334 915 14:39:03
M 462 -2384 916 14:39:03
M 438 -2342 906 14:39:03
M 476 -2360 916 14:39:04
M 448 -2380 883 14:39:04
M 500 -2376 928 14:39:04
M 434 -2356 964 14:39:04
M 446 -2336 923 14:39:04
M 494 -2324 934 14:39:04
M 456 -2408 914 14:39:04
M 434 -2372 904 14:39:04
M 450 -2380 968 14:39:04
M 442 -2384 898 14:39:04
M 460 -2384 946 14:39:04
M 458 -2374 911 14:39:04
M 444 -2356 886 14:39:04
M 448 -2384 996 14:39:04
M 498 -2354 922 14:39:04
M 486 -2354 924 14:39:04
M 472 -2330 947 14:39:04
M 490 -2358 882 14:39:04
M 458 -2372 921 14:39:04
M 470 -2356 923 14:39:04
M 502 -2354 980 14:39:04
M 502 -2366 883 14:39:04
M 456 -2368 950 14:39:04
M 448 -2364 957 14:39:04
M 466 -2408 909 14:39:04
M 448 -2386 928 14:39:04
M 442 -2358 913 14:39:04
M 452 -2424 901 14:39:04
M 496 -2372 904 14:39:04
M 486 -2424 942 14:39:04
M 460 -2348 974 14:39:04
M 466 -2314 979 14:39:04
M 476 -2410 968 14:39:04
M 470 -2338 945 14:39:04
M 454 -2398 936 14:39:04
M 474 -2366 910 14:39:04
M 436 -2374 919 14:39:04
M 446 -2376 842 14:39:04
M 412 -2396 860 14:39:04
M 468 -2352 906 14:39:04
M 438 -2346 958 14:39:04
M 492 -2380 1020 14:39:04
M 420 -2400 926 14:39:04
M 454 -2426 931 14:39:04
M 444 -2392 928 14:39:04
M 482 -2350 910 14:39:04
M 496 -2440 902 14:39:04
M 442 -2378 858 14:39:04
M 468 -2398 944 14:39:04
M 444 -2382 903 14:39:04
M 466 -2390 984 14:39:04
M 440 -2360 951 14:39:04
M 478 -2394 874 14:39:04
M 486 -2386 894 14:39:04
M 432 -2352 866 14:39:04
M 462 -2418 878 14:39:04
M 482 -2390 942 14:39:04
M 490 -2412 974 14:39:04
M 430 -2358 981 14:39:04
M 420 -2404 888 14:39:04
M 456 -2368 938 14:39:04
M 444 -2366 927 14:39:04
M 452 -2354 945 14:39:04
M 450 -2342 944 14:39:04
M 448 -2376 903 14:39:04
M 452 -2374 936 14:39:04
M 468 -2352 904 14:39:04
M 484 -2386 848 14:39:04
M 450 -2366 922 14:39:04
M 498 -2404 955 14:39:04
M 472 -2406 954 14:39:04
M 520 -2410 908 14:39:04
M 522 -2436 932 14:39:04
M 516 -2360 899 14:39:04
M 484 -2382 917 14:39:04
M 492 -2356 938 14:39:04
M 544 -2366 912 14:39:04
M 528 -2358 894 14:39:04
M 502 -2394 925 14:39:04
M 472 -2348 870 14:39:04
M 494 -2428 937 14:39:04
M 548 -2394 885 14:39:04
M 460 -2352 886 14:39:04
M 458 -2366 860 14:39:04
M 512 -2360 907 14:39:04
M 486 -2360 895 14:39:04
M 506 -2378 925 14:39:04
M 458 -2386 878 14:39:04
M 504 -2340 892 14:39:04
M 538 -2370 866 14:39:04
M 470 -2356 865 14:39:04
M 482 -2406 838 14:39:04
M 464 -2368 897 14:39:04
M 506 -2382 900 14:39:04
M 462 -2356 869 14:39:04
M 454 -2352 868 14:39:04
M 504 -2374 838 14:39:04
M 494 -2382 972 14:39:04
M 470 -2348 889 14:39:04
M 446 -2358 853 14:39:04
M 462 -2358 873 14:39:04
M 484 -2356 876 14:39:05
M 480 -2370 952 14:39:05
M 482 -2360 952 14:39:05
M 488 -2384 908 14:39:05
M 488 -2366 865 14:39:05
M 486 -2404 945 14:39:05
M 474 -2404 878 14:39:05
M 476 -2378 901 14:39:05
M 466 -2362 929 14:39:05
M 448 -2396 928 14:39:05
M 502 -2364 902 14:39:05
M 486 -2412 940 14:39:05
M 508 -2394 884 14:39:05
M 466 -2376 882 14:39:05
M 480 -2376 955 14:39:05
M 500 -2358 898 14:39:05
M 538 -2390 924 14:39:05
M 468 -2384 940 14:39:05
M 460 -2350 896 14:39:05
M 422 -2348 906 14:39:05
M 488 -2378 931 14:39:05
M 442 -2362 890 14:39:05
M 476 -2400 849 14:39:05
M 470 -2350 852 14:39:05
M 460 -2356 817 14:39:05
M 512 -2308 842 14:39:05
M 460 -2364 850 14:39:05
M 454 -2344 862 14:39:05
M 482 -2368 912 14:39:05
M 492 -2362 875 14:39:05
M 506 -2332 909 14:39:05
M 466 -2388 851 14:39:05
M 460 -2406 877 14:39:05
M 478 -2360 867 14:39:05
M 520 -2394 865 14:39:05
M 470 -2394 899 14:39:05
M 422 -2320 938 14:39:05
M 488 -2346 908 14:39:05
M 448 -2356 896 14:39:05
M 492 -2344 942 14:39:05
M 462 -2346 953 14:39:05
M 462 -2378 940 14:39:05
M 458 -2360 982 14:39:05
M 480 -2360 967 14:39:05
M 426 -2358 926 14:39:05
M 490 -2372 937 14:39:05
M 446 -2348 883 14:39:05
M 518 -2352 998 14:39:05
M 456 -2312 868 14:39:05
M 480 -2354 879 14:39:05
M 498 -2404 906 14:39:05
M 474 -2298 896 14:39:05
M 486 -2348 959 14:39:05
M 486 -2348 914 14:39:05
M 454 -2306 923 14:39:05
M 456 -2358 914 14:39:05
M 460 -2330 913 14:39:05
M 452 -2338 959 14:39:05
M 474 -2362 942 14:39:05
M 500 -2380 863 14:39:05
M 472 -2372 944 14:39:05
M 456 -2364 948 14:39:05
M 462 -2396 929 14:39:05
M 456 -2386 885 14:39:05
M 498 -2366 866 14:39:05
M 468 -2334 906 14:39:05
M 460 -2350 898 14:39:05
M 488 -2364 879 14:39:05
M 466 -2388 914 14:39:05
M 470 -2344 947 14:39:05
M 470 -2362 902 14:39:05
M 428 -2362 924 14:39:05
M 460 -2378 881 14:39:05
M 474 -2406 851 14:39:05
M 464 -2378 919 14:39:05
M 466 -2368 895 14:39:05
M 482 -2394 959 14:39:05
M 510 -2356 932 14:39:06
M 470 -2380 825 14:39:06
M 472 -2396 860 14:39:06
M 452 -2342 907 14:39:06
M 458 -2380 910 14:39:06
M 458 -2402 847 14:39:06
M 460 -2368 934 14:39:06
M 494 -2394 889 14:39:06
M 464 -2368 892 14:39:06
M 458 -2360 940 14:39:06
M 492 -2384 887 14:39:06
M 464 -2400 860 14:39:06
M 476 -2364 916 14:39:06
M 452 -2410 888 14:39:06
M 460 -2346 930 14:39:06
M 462 -2364 897 14:39:06
M 452 -2370 950 14:39:06
M 470 -2422 922 14:39:06
M 516 -2372 910 14:39:06
M 488 -2368 900 14:39:06
M 468 -2390 881 14:39:06
M 480 -2400 932 14:39:06
M 454 -2426 900 14:39:06
M 456 -2374 851 14:39:06
M 450 -2360 911 14:39:06
M 470 -2376 909 14:39:06
M 476 -2376 870 14:39:06
M 460 -2356 890 14:39:06
M 460 -2356 879 14:39:06
M 488 -2324 965 14:39:06
M 492 -2368 945 14:39:06
M 484 -2392 923 14:39:06
M 456 -2380 1018 14:39:06
M 492 -2404 922 14:39:06
M 552 -2362 886 14:39:06
M 462 -2360 922 14:39:06
M 442 -2340 948 14:39:06
M 460 -2396 953 14:39:06
M 468 -2398 945 14:39:06
M 454 -2400 915 14:39:06
M 484 -2378 940 14:39:06
M 494 -2376 951 14:39:06
M 528 -2386 924 14:39:06
M 534 -2364 895 14:39:06
M 508 -2372 901 14:39:06
M 482 -2376 900 14:39:06
M 532 -2376 937 14:39:06
M 454 -2378 910 14:39:06
M 494 -2380 811 14:39:06
M 510 -2356 898 14:39:06
M 486 -2376 832 14:39:06
M 470 -2370 893 14:39:06
M 468 -2336 832 14:39:06
M 474 -2348 820 14:39:06
M 490 -2330 942 14:39:06
M 490 -2362 894 14:39:06
M 404 -2334 908 14:39:06
M 484 -2322 863 14:39:06
M 482 -2380 855 14:39:06
M 490 -2322 905 14:39:06
M 466 -2368 856 14:39:06
M 460 -2342 905 14:39:06
M 464 -2386 790 14:39:06
M 488 -2336 852 14:39:06
M 522 -2366 835 14:39:06
M 508 -2314 844 14:39:06
M 510 -2350 829 14:39:06
M 506 -2324 912 14:39:06
M 504 -2358 876 14:39:06
M 482 -2418 869 14:39:06
M 524 -2372 898 14:39:06
M 498 -2368 898 14:39:06
M 520 -2370 902 14:39:06
M 488 -2376 833 14:39:06
M 468 -2352 883 14:39:06
M 484 -2328 909 14:39:06
M 504 -2396 893 14:39:06
M 442 -2372 903 14:39:06
M 524 -2360 845 14:39:06
M 478 -2342 832 14:39:06
M 522 -2364 879 14:39:06
M 508 -2334 868 14:39:06
M 442 -2314 886 14:39:06
M 476 -2364 896 14:39:06
M 516 -2378 893 14:39:06
M 514 -2348 895 14:39:06
M 484 -2372 898 14:39:06
M 502 -2304 912 14:39:06
M 498 -2366 930 14:39:06
M 526 -2290 889 14:39:06
M 468 -2354 891 14:39:06
M 444 -2354 860 14:39:06
M 460 -2366 835 14:39:06
M 456 -2330 888 14:39:06
M 438 -2344 898 14:39:06
M 424 -2364 919 14:39:06
M 472 -2392 934 14:39:06
M 444 -2370 872 14:39:06
M 478 -2414 891 14:39:06
M 442 -2380 863 14:39:06
M 470 -2398 947 14:39:06
M 500 -2356 880 14:39:06
M 506 -2364 901 14:39:06
M 482 -2396 929 14:39:06
M 490 -2340 884 14:39:06
M 520 -2376 874 14:39:06
M 476 -2372 854 14:39:06
M 480 -2350 939 14:39:06
M 496 -2370 864 14:39:06
M 474 -2388 904 14:39:06
M 496 -2374 909 14:39:06
M 502 -2370 922 14:39:06
M 480 -2384 897 14:39:06
M 500 -2352 932 14:39:06
M 522 -2382 911 14:39:06
M 530 -2378 925 14:39:06
M 462 -2362 869 14:39:06
M 506 -2336 892 14:39:06
M 472 -2370 950 14:39:06
M 480 -2378 891 14:39:06
M 520 -2378 871 14:39:06
M 466 -2344 888 14:39:06
M 486 -2356 871 14:39:06
M 460 -2328 939 14:39:06
M 518 -2330 873 14:39:06
M 486 -2368 856 14:39:06
M 530 -2342 860 14:39:06
M 484 -2330 898 14:39:06
M 452 -2348 914 14:39:07
M 472 -2346 974 14:39:07
M 462 -2368 860 14:39:07
M 496 -2374 826 14:39:07
M 488 -2344 895 14:39:07
M 510 -2380 892 14:39:07
M 504 -2364 838 14:39:07
M 444 -2356 879 14:39:07
M 496 -2340 913 14:39:07
M 546 -2328 871 14:39:07
M 488 -2346 905 14:39:07
M 496 -2360 883 14:39:07
M 514 -2416 873 14:39:07
M 498 -2324 878 14:39:07
M 488 -2380 863 14:39:07
M 514 -2354 930 14:39:07
M 498 -2300 920 14:39:07
M 516 -2334 841 14:39:07
M 460 -2344 895 14:39:07
M 474 -2372 877 14:39:07
M 490 -2414 840 14:39:07
M 462 -2390 932 14:39:07
M 490 -2394 917 14:39:07
M 482 -2382 854 14:39:07
M 548 -2396 930 14:39:07
M 492 -2354 889 14:39:07
M 480 -2360 896 14:39:07
M 474 -2330 916 14:39:07
M 462 -2352 900 14:39:07
M 506 -2340 902 14:39:07
M 530 -2372 889 14:39:07
M 552 -2344 884 14:39:07
M 536 -2386 906 14:39:07
M 500 -2334 899 14:39:07
M 490 -2374 916 14:39:07
M 534 -2338 942 14:39:07
M 454 -2346 858 14:39:07
M 460 -2398 881 14:39:07
M 472 -2372 892 14:39:07
M 502 -2326 848 14:39:07
M 480 -2366 910 14:39:07
M 502 -2364 914 14:39:07
M 488 -2286 850 14:39:07
M 500 -2330 862 14:39:07
M 424 -2320 886 14:39:07
M 496 -2306 846 14:39:07
M 468 -2364 860 14:39:07
M 518 -2328 853 14:39:07
M 462 -2346 909 14:39:07
M 510 -2320 898 14:39:07
M 502 -2338 909 14:39:07
M 488 -2348 863 14:39:07
M 486 -2346 924 14:39:07
M 514 -2360 917 14:39:07
M 494 -2332 922 14:39:07
M 442 -2334 900 14:39:07
M 494 -2330 968 14:39:07
M 492 -2400 936 14:39:07
M 510 -2368 880 14:39:07
M 504 -2384 986 14:39:07
M 510 -2382 855 14:39:07
M 504 -2352 887 14:39:07
M 514 -2322 944 14:39:07
M 486 -2412 927 14:39:07
M 466 -2372 916 14:39:07
M 502 -2350 853 14:39:07
M 522 -2360 894 14:39:07
M 496 -2358 847 14:39:07
M 528 -2358 849 14:39:07
M 524 -2336 889 14:39:07
M 530 -2340 878 14:39:07
M 490 -2354 880 14:39:07
M 564 -2368 867 14:39:07
M 476 -2360 924 14:39:07
M 274 -2332 812 14:39:07
M 484 -2340 861 14:39:07
M 570 -2352 898 14:39:07
M 484 -2384 941 14:39:07
M 462 -2338 924 14:39:07
M 498 -2322 890 14:39:07
M 456 -2352 856 14:39:07
M 480 -2340 908 14:39:07
M 524 -2354 904 14:39:07
M 480 -2352 901 14:39:07
M 508 -2368 866 14:39:07
M 492 -2354 923 14:39:07
M 488 -2376 935 14:39:07
M 540 -2322 973 14:39:07
M 494 -2368 895 14:39:07
M 464 -2328 910 14:39:07
M 456 -2334 935 14:39:07
M 492 -2310 925 14:39:07
M 468 -2370 987 14:39:07
M 460 -2376 970 14:39:07
M 518 -2346 866 14:39:07
M 484 -2368 929 14:39:07
M 514 -2434 915 14:39:07
M 496 -2416 911 14:39:07
M 448 -2448 894 14:39:07
M 502 -2418 867 14:39:07
M 478 -2400 947 14:39:07
M 500 -2416 889 14:39:07
M 464 -2426 874 14:39:07
M 490 -2378 915 14:39:07
M 514 -2426 899 14:39:07
M 500 -2366 907 14:39:07
M 472 -2412 922 14:39:07
M 468 -2380 935 14:39:07
M 470 -2398 900 14:39:07
M 514 -2404 930 14:39:07
M 496 -2442 966 14:39:07
M 486 -2412 892 14:39:07
M 512 -2424 873 14:39:07
M 528 -2456 828 14:39:07
M 494 -2380 958 14:39:07
M 534 -2430 857 14:39:07
M 490 -2436 837 14:39:07
M 514 -2416 887 14:39:07
M 546 -2452 890 14:39:07
M 500 -2402 851 14:39:07
M 504 -2410 852 14:39:07
M 504 -2400 870 14:39:07
M 502 -2424 868 14:39:07
M 492 -2436 836 14:39:07
M 550 -2400 836 14:39:07
M 524 -2388 863 14:39:07
M 614 -2416 871 14:39:07
M 514 -2440 838 14:39:07
M 482 -2450 860 14:39:07
M 528 -2390 895 14:39:07
M 498 -2468 915 14:39:07
M 500 -2422 903 14:39:07
M 508 -2400 932 14:39:07
M 492 -2438 909 14:39:07
M 516 -2436 903 14:39:07
M 544 -2450 876 14:39:07
M 494 -2424 871 14:39:08
M 556 -2474 808 14:39:08
M 598 -2420 843 14:39:08
M 500 -2414 854 14:39:08
M 738 -2384 897 14:39:08
M 528 -2428 918 14:39:08
M 512 -2384 874 14:39:08
M 522 -2412 908 14:39:08
M 492 -2414 849 14:39:08
M 502 -2430 865 14:39:08
M 564 -2412 859 14:39:08
M 492 -2394 904 14:39:08
M 530 -2428 843 14:39:08
M 536 -2412 881 14:39:08
M 496 -2462 832 14:39:08
M 500 -2404 882 14:39:08
M 480 -2422 892 14:39:08
M 482 -2418 959 14:39:08
M 514 -2456 873 14:39:08
M 484 -2468 817 14:39:08
M 492 -2420 912 14:39:08
M 486 -2442 939 14:39:08
M 478 -2410 904 14:39:08
M 472 -2442 854 14:39:08
M 544 -2416 862 14:39:08
M 478 -2410 905 14:39:08
M 510 -2412 844 14:39:08
M 750 -2406 861 14:39:08
M 514 -2436 919 14:39:08
M 524 -2420 919 14:39:08
M 530 -2418 877 14:39:08
M 490 -2424 904 14:39:08
M 464 -2378 928 14:39:08
M 446 -2360 878 14:39:08
M 428 -2372 898 14:39:08
M 496 -2390 924 14:39:08
M 450 -2372 938 14:39:08
M 430 -2412 963 14:39:08
M 478 -2432 856 14:39:08
M 484 -2428 852 14:39:08
M 512 -2452 894 14:39:08
M 508 -2454 923 14:39:08
M 510 -2410 890 14:39:08
M 474 -2418 946 14:39:08
M 460 -2446 860 14:39:08
M 450 -2432 869 14:39:08
M 482 -2418 867 14:39:08
M 476 -2426 840 14:39:08
M 460 -2438 853 14:39:08
M 496 -2420 879 14:39:08
M 480 -2386 915 14:39:08
M 484 -2374 826 14:39:08
M 462 -2428 895 14:39:08
M 514 -2422 887 14:39:08
M 506 -2390 864 14:39:08
M 486 -2376 859 14:39:08
M 478 -2362 905 14:39:08
M 498 -2400 882 14:39:08
M 474 -2444 822 14:39:08
M 448 -2370 876 14:39:08
M 476 -2388 830 14:39:08
M 474 -2432 843 14:39:08
M 504 -2422 916 14:39:08
M 472 -2388 873 14:39:08
M 448 -2408 829 14:39:08
M 476 -2380 871 14:39:08
M 544 -2398 797 14:39:08
M 488 -2422 843 14:39:08
M 530 -2424 821 14:39:08
M 490 -2458 850 14:39:08
M 496 -2394 875 14:39:08
M 524 -2420 844 14:39:08
M 524 -2410 868 14:39:08
M 534 -2394 883 14:39:08
M 476 -2410 890 14:39:08
M 494 -2354 838 14:39:08
M 482 -2382 885 14:39:08
M 530 -2438 928 14:39:08
M 532 -2436 925 14:39:08
M 532 -2418 832 14:39:08
M 494 -2444 851 14:39:08
M 482 -2430 877 14:39:08
M 490 -2394 899 14:39:08
M 462 -2418 889 14:39:08
M 524 -2426 890 14:39:08
M 494 -2390 873 14:39:08
M 488 -2404 848 14:39:08
M 458 -2404 812 14:39:08
M 512 -2436 868 14:39:08
M 472 -2414 903 14:39:08
M 464 -2356 930 14:39:08
M 508 -2394 913 14:39:08
M 482 -2376 866 14:39:08
M 480 -2406 915 14:39:08
M 504 -2408 875 14:39:08
M 516 -2428 904 14:39:08
M 484 -2406 848 14:39:08
M 540 -2418 832 14:39:08
M 476 -2394 896 14:39:08
M 482 -2406 908 14:39:08
M 506 -2412 850 14:39:08
M 502 -2408 905 14:39:08
M 484 -2414 861 14:39:08
M 504 -2388 863 14:39:08
M 462 -2432 885 14:39:08
M 504 -2442 857 14:39:08
M 460 -2398 867 14:39:08
M 472 -2400 891 14:39:08
M 468 -2446 902 14:39:08
M 440 -2486 903 14:39:08
M 436 -2462 885 14:39:08
M 460 -2462 862 14:39:08
M 468 -2456 899 14:39:08
M 490 -2468 864 14:39:08
M 500 -2500 911 14:39:08
M 456 -2452 880 14:39:08
M 450 -2456 890 14:39:08
M 462 -2466 917 14:39:08
M 478 -2424 944 14:39:08
M 442 -2382 921 14:39:08
M 478 -2374 958 14:39:08
M 424 -2378 881 14:39:08
M 452 -2402 858 14:39:08
M 470 -2358 857 14:39:08
M 438 -2414 970 14:39:08
M 482 -2402 925 14:39:08
M 456 -2404 922 14:39:08
M 460 -2414 855 14:39:08
M 478 -2426 917 14:39:08
M 446 -2430 993 14:39:08
M 516 -2450 907 14:39:08
M 452 -2400 888 14:39:08
M 494 -2444 877 14:39:08
M 456 -2446 879 14:39:08
M 524 -2446 845 14:39:08
M 444 -2452 941 14:39:09
M 472 -2458 875 14:39:09
M 488 -2452 852 14:39:09
M 448 -2432 865 14:39:09
M 518 -2404 844 14:39:09
M 538 -2420 871 14:39:09
M 464 -2450 856 14:39:09
M 258 -2450 907 14:39:09
M 432 -2432 871 14:39:09
M 470 -2464 866 14:39:09
M 432 -2428 854 14:39:09
M 458 -2426 916 14:39:09
M 476 -2420 865 14:39:09
M 456 -2376 887 14:39:09
M 434 -2414 848 14:39:09
M 458 -2416 883 14:39:09
M 482 -2410 876 14:39:09
M 454 -2406 887 14:39:09
M 444 -2412 877 14:39:09
M 448 -2384 841 14:39:09
M 446 -2400 854 14:39:09
M 462 -2406 892 14:39:09
M 472 -2414 914 14:39:09
M 480 -2424 916 14:39:09
M 462 -2452 833 14:39:09
M 424 -2434 836 14:39:09
M 440 -2396 881 14:39:09
M 474 -2398 897 14:39:09
M 480 -2442 824 14:39:09
M 504 -2406 822 14:39:09
M 508 -2446 862 14:39:09
M 474 -2420 829 14:39:09
M 504 -2406 857 14:39:09
M 474 -2414 858 14:39:09
M 500 -2422 914 14:39:09
M 460 -2414 804 14:39:09
M 464 -2476 913 14:39:09
M 480 -2436 882 14:39:09
M 494 -2410 811 14:39:09
M 514 -2406 864 14:39:09
M 458 -2400 851 14:39:09
M 500 -2444 862 14:39:09
M 450 -2386 851 14:39:09
M 446 -2388 865 14:39:09
M 500 -2438 839 14:39:09
M 472 -2390 875 14:39:09
M 502 -2440 886 14:39:09
M 420 -2412 902 14:39:09
M 462 -2396 860 14:39:09
M 464 -2420 907 14:39:09
M 470 -2398 855 14:39:09
M 474 -2376 870 14:39:09
M 486 -2400 853 14:39:09
M 462 -2438 841 14:39:09
M 452 -2410 820 14:39:09
M 508 -2398 901 14:39:09
M 506 -2406 894 14:39:09
M 460 -2404 899 14:39:09
M 472 -2398 835 14:39:09
M 506 -2368 896 14:39:09
M 492 -2418 865 14:39:09
M 494 -2400 856 14:39:09
M 516 -2442 888 14:39:09
M 476 -2404 876 14:39:09
M 468 -2396 861 14:39:09
M 456 -2408 915 14:39:09
M 492 -2442 886 14:39:09
M 490 -2428 874 14:39:09
M 450 -2440 928 14:39:09
M 480 -2404 920 14:39:09
M 514 -2374 897 14:39:09
M 460 -2406 930 14:39:09
M 490 -2396 844 14:39:09
M 496 -2424 897 14:39:09
M 496 -2442 903 14:39:09
M 468 -2442 914 14:39:09
M 462 -2390 876 14:39:09
M 468 -2412 864 14:39:09
M 514 -2388 917 14:39:09
M 488 -2404 926 14:39:09
M 450 -2440 820 14:39:09
M 468 -2444 906 14:39:09
M 484 -2418 881 14:39:09
M 468 -2406 855 14:39:09
M 470 -2424 913 14:39:09
M 454 -2382 895 14:39:09
M 528 -2416 991 14:39:09
M 452 -2438 905 14:39:09
M 452 -2416 893 14:39:09
M 476 -2464 878 14:39:09
M 454 -2428 923 14:39:09
M 474 -2404 903 14:39:09
M 472 -2404 893 14:39:09
M 466 -2416 911 14:39:09
M 476 -2428 959 14:39:09
M 476 -2444 880 14:39:09
M 456 -2410 980 14:39:09
M 474 -2388 896 14:39:09
M 460 -2416 920 14:39:09
M 486 -2408 960 14:39:09
M 434 -2436 898 14:39:09
M 498 -2422 912 14:39:09
M 442 -2452 966 14:39:09
M 458 -2442 938 14:39:09
M 444 -2412 959 14:39:09
M 520 -2450 906 14:39:09
M 478 -2434 854 14:39:09
M 448 -2414 947 14:39:09
M 432 -2422 929 14:39:09
M 470 -2416 901 14:39:09
M 478 -2434 932 14:39:09
M 474 -2378 916 14:39:09
M 474 -2412 927 14:39:09
M 456 -2412 948 14:39:09
M 504 -2442 954 14:39:09
M 488 -2420 945 14:39:09
M 560 -2398 892 14:39:09
M 522 -2370 884 14:39:09
M 460 -2410 941 14:39:09
M 500 -2400 963 14:39:09
M 506 -2416 898 14:39:09
M 480 -2422 900 14:39:09
M 508 -2400 881 14:39:09
M 508 -2438 917 14:39:09
M 462 -2438 896 14:39:09
M 508 -2410 900 14:39:09
M 492 -2460 912 14:39:09
M 482 -2444 900 14:39:09
M 454 -2422 877 14:39:09
M 474 -2416 916 14:39:09
M 476 -2426 899 14:39:09
M 484 -2440 910 14:39:09
M 506 -2436 880 14:39:09
M 474 -2464 942 14:39:09
M 484 -2412 983 14:39:09
M 510 -2406 909 14:39:09
M 480 -2406 973 14:39:09
M 500 -2448 859 14:39:09
M 500 -2448 957 14:39:09
M 476 -2384 912 14:39:09
M 430 -2398 926 14:39:10
M 480 -2426 930 14:39:10
M 506 -2424 932 14:39:10
M 486 -2426 882 14:39:10
M 510 -2404 918 14:39:10
M 506 -2448 931 14:39:10
M 492 -2444 965 14:39:10
M 500 -2408 992 14:39:10
M 482 -2408 914 14:39:10
M 460 -2402 965 14:39:10
M 460 -2410 974 14:39:10
M 440 -2436 934 14:39:10
M 486 -2420 958 14:39:10
M 448 -2428 896 14:39:10
M 452 -2470 883 14:39:10
M 476 -2420 884 14:39:10
M 522 -2412 982 14:39:10
M 494 -2410 870 14:39:10
M 492 -2438 906 14:39:10
M 470 -2416 914 14:39:10
M 514 -2412 923 14:39:10
M 520 -2376 954 14:39:10
M 558 -2460 916 14:39:10
M 486 -2406 870 14:39:10
M 522 -2374 881 14:39:10
M 480 -2380 921 14:39:10
M 448 -2462 915 14:39:10
M 496 -2426 864 14:39:10
M 500 -2386 838 14:39:10
M 494 -2374 882 14:39:10
M 520 -2384 917 14:39:10
M 512 -2394 893 14:39:10
M 510 -2378 907 14:39:10
M 522 -2406 840 14:39:10
M 512 -2362 859 14:39:10
M 488 -2386 849 14:39:10
M 456 -2394 923 14:39:10
M 470 -2400 925 14:39:10
M 484 -2394 911 14:39:10
M 482 -2394 889 14:39:10
M 442 -2356 941 14:39:10
M 480 -2396 949 14:39:10
M 474 -2396 949 14:39:10
M 472 -2426 951 14:39:10
M 532 -2410 889 14:39:10
M 478 -2358 961 14:39:10
M 458 -2378 878 14:39:10
M 466 -2400 942 14:39:10
M 462 -2358 869 14:39:10
M 466 -2330 930 14:39:10
M 464 -2370 962 14:39:10
M 470 -2380 853 14:39:10
M 430 -2402 893 14:39:10
M 446 -2412 896 14:39:10
M 492 -2410 881 14:39:10
M 502 -2450 919 14:39:10
M 492 -2396 877 14:39:10
M 484 -2418 899 14:39:10
M 458 -2378 896 14:39:10
M 488 -2394 878 14:39:10
M 518 -2404 872 14:39:10
M 470 -2362 871 14:39:10
M 476 -2412 875 14:39:10
M 462 -2406 871 14:39:10
M 462 -2400 959 14:39:10
M 454 -2356 931 14:39:10
M 482 -2400 902 14:39:10
M 462 -2398 960 14:39:10
M 444 -2376 922 14:39:10
M 462 -2388 906 14:39:10
M 466 -2398 916 14:39:10
M 452 -2376 967 14:39:10
M 484 -2382 951 14:39:10
M 530 -2384 953 14:39:10
M 476 -2428 977 14:39:10
M 472 -2406 957 14:39:10
M 492 -2388 906 14:39:10
M 504 -2372 890 14:39:10
M 516 -2382 942 14:39:10
M 450 -2374 944 14:39:10
M 478 -2416 877 14:39:10
M 476 -2376 1016 14:39:10
M 458 -2376 950 14:39:10
M 478 -2392 918 14:39:10
M 492 -2384 948 14:39:10
M 498 -2402 884 14:39:10
M 482 -2416 893 14:39:10
M 476 -2374 906 14:39:10
M 464 -2396 898 14:39:10
M 450 -2396 916 14:39:10
M 484 -2370 884 14:39:10
M 452 -2418 879 14:39:10
M 468 -2376 889 14:39:10
M 496 -2398 937 14:39:10
M 442 -2428 913 14:39:10
M 444 -2402 867 14:39:10
M 458 -2392 897 14:39:10
M 474 -2460 923 14:39:10
M 418 -2404 933 14:39:10
M 486 -2388 941 14:39:10
M 482 -2418 918 14:39:10
M 502 -2426 941 14:39:10
M 758 -2440 873 14:39:10
M 452 -2386 921 14:39:10
M 454 -2448 905 14:39:10
M 484 -2414 910 14:39:10
M 452 -2378 925 14:39:10
M 492 -2444 847 14:39:10
M 476 -2412 936 14:39:10
M 456 -2416 944 14:39:10
M 490 -2416 876 14:39:10
M 446 -2430 979 14:39:10
M 498 -2438 890 14:39:10
M 438 -2416 923 14:39:10
M 468 -2432 988 14:39:10
M 422 -2454 876 14:39:10
M 506 -2366 902 14:39:10
M 502 -2456 916 14:39:10
M 508 -2422 939 14:39:10
M 482 -2412 826 14:39:10
M 488 -2416 862 14:39:10
M 478 -2400 893 14:39:10
M 448 -2422 897 14:39:10
M 492 -2412 852 14:39:10
M 462 -2454 881 14:39:10
M 490 -2410 895 14:39:10
M 458 -2418 926 14:39:10
M 490 -2434 913 14:39:10
M 488 -2418 879 14:39:10
M 456 -2432 873 14:39:10
M 420 -2430 921 14:39:10
M 440 -2442 952 14:39:10
M 448 -2412 883 14:39:10
M 468 -2402 940 14:39:10
M 488 -2432 970 14:39:10
M 506 -2466 1017 14:39:10
M 496 -2442 929 14:39:10
M 492 -2420 891 14:39:10
M 518 -2410 824 14:39:10
M 508 -2492 917 14:39:10
M 464 -2466 876 14:39:10
M 488 -2456 922 14:39:10
M 468 -2468 873 14:39:10
M 478 -2412 874 14:39:10
M 474 -2406 866 14:39:10
O 200 232 0 14:39:11
O 200 232 0 14:39:11
O 200 232 0 14:39:11
O 200 232 0 14:39:11
O 200 232 0 14:39:11
O 200 232 0 14:39:11
O 200 232 0 14:39:11
O 200 232 0 14:39:11
O 200 232 0 14:39:11
O 200 232 0 14:39:11
O 200 232 0 14:39:11
O 200 232 0 14:39:11
O 200 232 0 14:39:11
O 200 232 0 14:39:11
O 200 232 0 14:39:11
O 200 232 0 14:39:11
O 200 232 0 14:39:11
O 200 232 0 14:39:11
O 200 232 0 14:39:11
O 200 232 0 14:39:11
O 200 232 0 14:39:11
O 200 232 0 14:39:11
O 200 232 0 14:39:11
O 200 232 0 14:39:11
O 200 232 0 14:39:11
O 200 232 0 14:39:11
O 200 232 0 14:39:11
O 200 232 0 14:39:11
O 200 232 0 14:39:11
O 200 232 0 14:39:11
O 200 232 0 14:39:11
O 200 232 0 14:39:11
O 200 232 0 14:39:11
O 200 232 0 14:39:11
O 200 232 0 14:39:11
O 200 232 0 14:39:11
O 200 232 0 14:39:11
O 200 232 0 14:39:11
O 200 232 0 14:39:11
O 200 232 0 14:39:11
O 200 232 0 14:39:11
O 200 232 0 14:39:11
O 200 232 0 14:39:11
O 200 232 0 14:39:11
O 200 232 0 14:39:11
O 200 232 0 14:39:11
O 200 232 0 14:39:11
O 200 232 0 14:39:11
O 200 232 0 14:39:11
O 200 232 0 14:39:11
O 200 232 0 14:39:11
O 200 232 0 14:39:11
O 200 232 0 14:39:11
O 200 232 0 14:39:11
O 200 232 0 14:39:11
O 200 232 0 14:39:11
O 200 232 0 14:39:11
O 200 232 0 14:39:11
O 200 232 0 14:39:11
O 200 232 0 14:39:11
O 200 232 0 14:39:11
O 200 232 0 14:39:11
O 200 232 0 14:39:11
O 200 232 0 14:39:11
O 200 232 0 14:39:11
O 200 232 0 14:39:11
O 200 232 0 14:39:11
O 200 232 0 14:39:11
O 200 232 0 14:39:11
O 200 232 0 14:39:11
O 200 232 0 14:39:11
O 200 232 0 14:39:11
O 200 232 0 14:39:11
O 200 232 0 14:39:11
O 200 232 0 14:39:11
O 200 232 0 14:39:11
O 200 232 0 14:39:11
O 200 232 0 14:39:11
O 200 232 0 14:39:11
O 200 232 0 14:39:11
O 200 232 0 14:39:11
O 200 232 0 14:39:11
O 200 232 0 14:39:11
O 200 232 0 14:39:11
O 200 232 0 14:39:11
O 200 232 0 14:39:11
O 200 232 0 14:39:11
O 200 232 0 14:39:11
O 200 232 0 14:39:11
O 200 232 0 14:39:11
O 200 232 0 14:39:11
O 200 232 0 14:39:11
O 200 232 0 14:39:11
O 200 232 0 14:39:11
O 200 232 0 14:39:11
O 200 232 0 14:39:11
O 200 232 0 14:39:11
O 200 232 0 14:39:11
O 200 232 0 14:39:11
O 200 232 0 14:39:11
O 200 232 0 14:39:11
O 200 232 0 14:39:11
O 200 232 0 14:39:11
O 200 232 0 14:39:11
O 200 232 0 14:39:11
O 200 232 0 14:39:11
O 200 232 0 14:39:11
O 200 232 0 14:39:11
O 200 232 0 14:39:11
O 200 232 0 14:39:11
O 200 232 0 14:39:11
O 200 232 0 14:39:11
O 200 232 0 14:39:11
O 200 232 0 14:39:11
O 200 232 0 14:39:11
O 200 232 0 14:39:11
O 200 232 0 14:39:11
O 200 232 0 14:39:11
O 200 232 0 14:39:11
O 200 232 0 14:39:11
O 200 232 0 14:39:11
O 200 232 0 14:39:11
O 200 232 0 14:39:11
O 200 232 0 14:39:11
O 200 232 0 14:39:11
O 200 232 0 14:39:11
O 200 232 0 14:39:11
O 200 232 0 14:39:11
O 200 232 0 14:39:11
O 200 232 0 14:39:11
O 200 232 0 14:39:11
O 200 232 0 14:39:11
O 200 232 0 14:39:11
O 200 232 0 14:39:11
O 200 232 0 14:39:11
O 200 232 0 14:39:11
O 200 232 0 14:39:11
O 200 232 0 14:39:11
O 200 232 0 14:39:11
O 200 232 0 14:39:11
O 200 232 0 14:39:12
O 200 232 0 14:39:12
O 200 232 0 14:39:12
O 200 232 0 14:39:12
O 200 232 0 14:39:12
O 200 232 0 14:39:12
O 200 232 0 14:39:12
O 200 232 0 14:39:12
O 200 232 0 14:39:12
O 200 232 0 14:39:12
O 200 232 0 14:39:12
O 200 232 0 14:39:12
O 200 232 0 14:39:12
O 200 232 0 14:39:12
O 200 232 0 14:39:12
O 200 232 0 14:39:12
O 200 232 0 14:39:12
O 200 232 0 14:39:12
O 200 232 0 14:39:12
O 200 232 0 14:39:12
O 200 232 0 14:39:12
O 200 232 0 14:39:12
O 200 232 0 14:39:12
O 200 232 0 14:39:12
O 200 232 0 14:39:12
O 200 232 0 14:39:12
O 200 232 0 14:39:12
O 200 232 0 14:39:12
O 200 232 0 14:39:12
O 200 232 0 14:39:12
O 200 232 0 14:39:12
O 200 232 0 14:39:12
O 200 232 0 14:39:12
O 200 232 0 14:39:12
O 200 232 0 14:39:12
O 200 232 0 14:39:12
O 200 232 0 14:39:12
O 200 232 0 14:39:12
O 200 232 0 14:39:12
O 200 232 0 14:39:12
O 200 232 0 14:39:12
O 200 232 0 14:39:12
O 200 232 0 14:39:12
O 200 232 0 14:39:12
O 200 232 0 14:39:12
O 200 232 0 14:39:12
O 200 232 0 14:39:12
O 200 232 0 14:39:12
O 200 232 0 14:39:12
O 200 232 0 14:39:12
O 200 232 0 14:39:12
O 200 232 0 14:39:12
O 200 232 0 14:39:12
O 200 232 0 14:39:12
O 200 232 0 14:39:12
O 200 232 0 14:39:12
O 200 232 0 14:39:12
O 200 232 0 14:39:12
O 200 232 0 14:39:12
O 200 232 0 14:39:12
O 200 232 0 14:39:12
O 200 232 0 14:39:12
O 200 232 0 14:39:12
O 200 232 0 14:39:12
O 200 232 0 14:39:12
O 200 232 0 14:39:12
O 200 232 0 14:39:12
O 200 232 0 14:39:12
O 200 232 0 14:39:12
O 200 232 0 14:39:12
O 200 232 0 14:39:12
O 200 232 0 14:39:12
O 200 232 0 14:39:12
O 200 232 0 14:39:12
O 200 232 0 14:39:12
O 200 232 0 14:39:12
O 200 232 0 14:39:12
O 200 232 0 14:39:12
O 200 232 0 14:39:12
O 200 232 0 14:39:12
O 200 232 0 14:39:12
O 200 232 0 14:39:12
O 200 232 0 14:39:12
O 200 232 0 14:39:12
O 200 232 0 14:39:12
O 200 232 0 14:39:12
O 200 232 0 14:39:12
O 200 232 0 14:39:12
O 200 232 0 14:39:12
O 200 232 0 14:39:12
O 200 232 0 14:39:12
O 200 232 0 14:39:12
O 200 232 0 14:39:12
O 200 232 0 14:39:12
O 200 232 0 14:39:12
O 200 232 0 14:39:12
O 200 232 0 14:39:12
O 200 232 0 14:39:12
O 200 232 0 14:39:12
O 200 232 0 14:39:12
O 200 232 0 14:39:12
O 200 232 0 14:39:12
O 200 232 0 14:39:12
O 200 232 0 14:39:12
O 200 232 0 14:39:12
O 200 232 0 14:39:12
O 200 232 0 14:39:12
O 200 232 0 14:39:12
O 200 232 0 14:39:12
O 200 232 0 14:39:12
O 200 232 0 14:39:12
O 200 232 0 14:39:12
O 200 232 0 14:39:12
O 200 232 0 14:39:12
O 200 232 0 14:39:12
O 200 232 0 14:39:12
O 200 232 0 14:39:12
O 200 232 0 14:39:12
O 200 232 0 14:39:12
O 200 232 0 14:39:12
O 200 232 0 14:39:12
O 200 232 0 14:39:12
O 200 232 0 14:39:12
O 200 232 0 14:39:12
O 200 232 0 14:39:12
O 200 232 0 14:39:12
O 200 232 0 14:39:12
O 200 232 0 14:39:12
O 200 232 0 14:39:12
O 200 232 0 14:39:12
O 200 232 0 14:39:12
O 200 232 0 14:39:12
O 200 232 0 14:39:12
O 200 232 0 14:39:12
O 200 232 0 14:39:12
O 200 232 0 14:39:12
O 200 232 0 14:39:12
O 200 232 0 14:39:12
O 200 232 0 14:39:12
O 200 232 0 14:39:12
O 200 232 0 14:39:12
O 200 232 0 14:39:12
O 200 232 0 14:39:13
O 200 232 0 14:39:13
O 200 232 0 14:39:13
O 200 232 0 14:39:13
O 200 232 0 14:39:13
O 200 232 0 14:39:13
O 200 232 0 14:39:13
O 200 232 0 14:39:13
O 200 232 0 14:39:13
O 200 232 0 14:39:13
O 200 232 0 14:39:13
O 200 232 0 14:39:13
O 200 232 0 14:39:13
O 200 232 0 14:39:13
O 200 232 0 14:39:13
O 200 232 0 14:39:13
O 200 232 0 14:39:13
O 200 232 0 14:39:13
O 200 232 0 14:39:13
O 200 232 0 14:39:13
O 200 232 0 14:39:13
O 200 232 0 14:39:13
O 200 232 0 14:39:13
O 200 232 0 14:39:13
O 200 232 0 14:39:13
O 200 232 0 14:39:13
O 200 232 0 14:39:13
O 200 232 0 14:39:13
O 200 232 0 14:39:13
O 200 232 0 14:39:13
O 200 232 0 14:39:13
O 200 232 0 14:39:13
O 200 232 0 14:39:13
O 200 232 0 14:39:13
O 200 232 0 14:39:13
O 200 232 0 14:39:13
O 200 232 0 14:39:13
O 200 232 0 14:39:13
O 200 232 0 14:39:13
O 200 232 0 14:39:13
O 200 232 0 14:39:13
O 200 232 0 14:39:13
O 200 232 0 14:39:13
O 200 232 0 14:39:13
O 200 232 0 14:39:13
O 200 232 0 14:39:13
O 200 232 0 14:39:13
O 200 232 0 14:39:13
O 200 232 0 14:39:13
O 200 232 0 14:39:13
O 200 232 0 14:39:13
O 200 232 0 14:39:13
O 200 232 0 14:39:13
O 200 232 0 14:39:13
O 200 232 0 14:39:13
O 200 232 0 14:39:13
O 200 232 0 14:39:13
O 200 232 0 14:39:13
O 200 232 0 14:39:13
O 200 232 0 14:39:13
O 200 232 0 14:39:13
O 200 232 0 14:39:13
O 200 232 0 14:39:13
O 200 232 0 14:39:13
O 200 232 0 14:39:13
O 200 232 0 14:39:13
O 200 232 0 14:39:13
O 200 232 0 14:39:13
O 200 232 0 14:39:13
O 200 232 0 14:39:13
O 200 232 0 14:39:13
O 200 232 0 14:39:13
O 200 232 0 14:39:13
O 200 232 0 14:39:13
O 200 232 0 14:39:13
O 200 232 0 14:39:13
O 200 232 0 14:39:13
O 200 232 0 14:39:13
O 200 232 0 14:39:13
O 200 232 0 14:39:13
O 200 232 0 14:39:13
O 200 232 0 14:39:13
O 200 232 0 14:39:13
O 200 232 0 14:39:13
O 200 232 0 14:39:13
O 200 232 0 14:39:13
O 200 232 0 14:39:13
O 200 232 0 14:39:13
O 200 232 0 14:39:13
O 200 232 0 14:39:13
O 200 232 0 14:39:13
O 200 232 0 14:39:13
O 200 232 0 14:39:13
O 200 232 0 14:39:13
O 200 232 0 14:39:13
O 200 232 0 14:39:13
O 200 232 0 14:39:13
O 200 232 0 14:39:13
O 200 232 0 14:39:13
O 200 232 0 14:39:13
O 200 232 0 14:39:13
O 200 232 0 14:39:13
O 200 232 0 14:39:13
O 200 232 0 14:39:13
O 200 232 0 14:39:13
O 200 232 0 14:39:13
O 200 232 0 14:39:13
O 200 232 0 14:39:13
O 200 232 0 14:39:13
O 200 232 0 14:39:13
O 200 232 0 14:39:13
O 200 232 0 14:39:13
O 200 232 0 14:39:13
O 200 232 0 14:39:13
O 200 232 0 14:39:13
O 200 232 0 14:39:13
O 200 232 0 14:39:13
O 200 232 0 14:39:13
O 200 232 0 14:39:13
O 200 232 0 14:39:13
O 200 232 0 14:39:13
O 200 232 0 14:39:13
O 200 232 0 14:39:13
O 200 232 0 14:39:13
O 200 232 0 14:39:13
O 200 232 0 14:39:13
O 200 232 0 14:39:13
O 200 232 0 14:39:13
O 200 232 0 14:39:13
O 200 232 0 14:39:13
O 200 232 0 14:39:13
O 200 232 0 14:39:13
O 200 232 0 14:39:13
O 200 232 0 14:39:13
O 200 232 0 14:39:13
O 200 232 0 14:39:13
O 200 232 0 14:39:13
O 200 232 0 14:39:13
O 200 232 0 14:39:13
O 200 232 0 14:39:14
O 200 232 0 14:39:14
O 200 232 0 14:39:14
O 200 232 0 14:39:14
O 200 232 0 14:39:14
O 200 232 0 14:39:14
O 200 232 0 14:39:14
O 200 232 0 14:39:14
O 200 232 0 14:39:14
O 200 232 0 14:39:14
O 200 232 0 14:39:14
O 200 232 0 14:39:14
O 200 232 0 14:39:14
O 200 232 0 14:39:14
O 200 232 0 14:39:14
O 200 232 0 14:39:14
O 200 232 0 14:39:14
O 200 232 0 14:39:14
O 200 232 0 14:39:14
O 200 232 0 14:39:14
O 200 232 0 14:39:14
O 200 232 0 14:39:14
O 200 232 0 14:39:14
O 200 232 0 14:39:14
O 200 232 0 14:39:14
O 200 232 0 14:39:14
O 200 232 0 14:39:14
O 200 232 0 14:39:14
O 200 232 0 14:39:14
O 200 232 0 14:39:14
O 200 232 0 14:39:14
O 200 232 0 14:39:14
O 200 232 0 14:39:14
O 200 232 0 14:39:14
O 200 232 0 14:39:14
O 200 232 0 14:39:14
O 200 232 0 14:39:14
O 200 232 0 14:39:14
O 200 232 0 14:39:14
O 200 232 0 14:39:14
O 200 232 0 14:39:14
O 200 232 0 14:39:14
O 200 232 0 14:39:14
O 200 232 0 14:39:14
O 200 232 0 14:39:14
O 200 232 0 14:39:14
O 200 232 0 14:39:14
O 200 232 0 14:39:14
O 200 232 0 14:39:14
O 200 232 0 14:39:14
O 200 232 0 14:39:14
O 200 232 0 14:39:14
O 200 232 0 14:39:14
O 200 232 0 14:39:14
O 200 232 0 14:39:14
O 200 232 0 14:39:14
O 200 232 0 14:39:14
O 200 232 0 14:39:14
O 200 232 0 14:39:14
O 200 232 0 14:39:14
O 200 232 0 14:39:14
O 200 232 0 14:39:14
O 200 232 0 14:39:14
O 200 232 0 14:39:14
O 200 232 0 14:39:14
O 200 232 0 14:39:14
O 200 232 0 14:39:14
O 200 232 0 14:39:14
O 200 232 0 14:39:14
O 200 232 0 14:39:14
O 200 232 0 14:39:14
O 200 232 0 14:39:14
O 200 232 0 14:39:14
O 200 232 0 14:39:14
O 200 232 0 14:39:14
O 200 232 0 14:39:14
O 200 232 0 14:39:14
O 200 232 0 14:39:14
O 200 232 0 14:39:14
O 200 232 0 14:39:14
O 200 232 0 14:39:14
O 200 232 0 14:39:14
O 200 232 0 14:39:14
O 200 232 0 14:39:14
O 200 232 0 14:39:14
O 200 232 0 14:39:14
O 200 232 0 14:39:14
O 200 232 0 14:39:14
O 200 232 0 14:39:14
O 200 232 0 14:39:14
O 200 232 0 14:39:14
O 200 232 0 14:39:14
O 200 232 0 14:39:14
O 200 232 0 14:39:14
O 200 232 0 14:39:14
O 200 232 0 14:39:14
O 200 232 0 14:39:14
O 200 232 0 14:39:14
O 200 232 0 14:39:14
O 200 232 0 14:39:14
O 200 232 0 14:39:14
O 200 232 0 14:39:14
O 200 232 0 14:39:14
O 200 232 0 14:39:14
O 200 232 0 14:39:14
O 200 232 0 14:39:14
O 200 232 0 14:39:14
O 200 232 0 14:39:14
O 200 232 0 14:39:14
O 200 232 0 14:39:14
O 200 232 0 14:39:14
O 200 232 0 14:39:14
O 200 232 0 14:39:14
O 200 232 0 14:39:14
O 200 232 0 14:39:14
O 200 232 0 14:39:14
O 200 232 0 14:39:14
O 200 232 0 14:39:14
O 200 232 0 14:39:14
O 200 232 0 14:39:14
O 200 232 0 14:39:14
O 200 232 0 14:39:14
O 200 232 0 14:39:14
O 200 232 0 14:39:14
O 200 232 0 14:39:14
O 200 232 0 14:39:14
O 200 232 0 14:39:14
O 200 232 0 14:39:14
O 200 232 0 14:39:14
O 200 232 0 14:39:14
O 200 232 0 14:39:14
O 200 232 0 14:39:14
O 200 232 0 14:39:14
O 200 232 0 14:39:14
O 200 232 0 14:39:14
O 200 232 0 14:39:14
O 200 232 0 14:39:14
O 200 232 0 14:39:14
O 200 232 0 14:39:14
O 200 232 0 14:39:15
O 200 232 0 14:39:15
O 200 232 0 14:39:15
O 200 232 0 14:39:15
O 200 232 0 14:39:15
O 200 232 0 14:39:15
O 200 232 0 14:39:15
O 200 232 0 14:39:15
O 200 232 0 14:39:15
O 200 232 0 14:39:15
O 200 232 0 14:39:15
O 200 232 0 14:39:15
O 200 232 0 14:39:15
O 200 232 0 14:39:15
O 200 232 0 14:39:15
O 200 232 0 14:39:15
O 200 232 0 14:39:15
O 200 232 0 14:39:15
O 200 232 0 14:39:15
O 200 232 0 14:39:15
O 200 232 0 14:39:15
O 200 232 0 14:39:15
O 200 232 0 14:39:15
O 200 232 0 14:39:15
O 200 232 0 14:39:15
O 200 232 0 14:39:15
O 200 232 0 14:39:15
O 200 232 0 14:39:15
O 200 232 0 14:39:15
O 200 232 0 14:39:15
O 200 232 0 14:39:15
O 200 232 0 14:39:15
O 200 232 0 14:39:15
O 200 232 0 14:39:15
O 200 232 0 14:39:15
O 200 232 0 14:39:15
O 200 232 0 14:39:15
O 200 232 0 14:39:15
O 200 232 0 14:39:15
O 200 232 0 14:39:15
O 200 232 0 14:39:15
O 200 232 0 14:39:15
O 200 232 0 14:39:15
O 200 232 0 14:39:15
O 200 232 0 14:39:15
O 200 232 0 14:39:15
O 200 232 0 14:39:15
O 200 232 0 14:39:15
O 200 232 0 14:39:15
O 200 232 0 14:39:15
O 200 232 0 14:39:15
O 200 232 0 14:39:15
O 200 232 0 14:39:15
O 200 232 0 14:39:15
O 200 232 0 14:39:15
O 200 232 0 14:39:15
O 200 232 0 14:39:15
O 200 232 0 14:39:15
O 200 232 0 14:39:15
O 200 232 0 14:39:15
O 200 232 0 14:39:15
O 200 232 0 14:39:15
O 200 232 0 14:39:15
O 200 232 0 14:39:15
O 200 232 0 14:39:15
O 200 232 0 14:39:15
O 200 232 0 14:39:15
O 200 232 0 14:39:15
O 200 232 0 14:39:15
O 200 232 0 14:39:15
O 200 232 0 14:39:15
O 200 232 0 14:39:15
O 200 232 0 14:39:15
O 200 232 0 14:39:15
O 200 232 0 14:39:15
O 200 232 0 14:39:15
O 200 232 0 14:39:15
O 200 232 0 14:39:15
O 200 232 0 14:39:15
O 200 232 0 14:39:15
O 200 232 0 14:39:15
O 200 232 0 14:39:15
O 200 232 0 14:39:15
O 200 232 0 14:39:15
O 200 232 0 14:39:15
O 200 232 0 14:39:15
O 200 232 0 14:39:15
O 200 232 0 14:39:15
O 200 232 0 14:39:15
O 200 232 0 14:39:15
O 200 232 0 14:39:15
O 200 232 0 14:39:15
O 200 232 0 14:39:15
O 200 232 0 14:39:15
O 200 232 0 14:39:15
O 200 232 0 14:39:15
O 200 232 0 14:39:15
O 200 232 0 14:39:15
O 200 232 0 14:39:15
O 200 232 0 14:39:15
O 200 232 0 14:39:15
O 200 232 0 14:39:15
O 200 232 0 14:39:15
O 200 232 0 14:39:15
O 200 232 0 14:39:15
O 200 232 0 14:39:15
O 200 232 0 14:39:15
O 200 232 0 14:39:15
O 200 232 0 14:39:15
O 200 232 0 14:39:15
O 200 232 0 14:39:15
O 200 232 0 14:39:15
O 200 232 0 14:39:15
O 200 232 0 14:39:15
O 200 232 0 14:39:15
O 200 232 0 14:39:15
O 200 232 0 14:39:15
O 200 232 0 14:39:15
O 200 232 0 14:39:15
O 200 232 0 14:39:15
O 200 232 0 14:39:15
O 200 232 0 14:39:15
O 200 232 0 14:39:15
O 200 232 0 14:39:15
O 200 232 0 14:39:15
O 200 232 0 14:39:15
O 200 232 0 14:39:15
O 200 232 0 14:39:15
O 200 232 0 14:39:15
O 200 232 0 14:39:15
O 200 232 0 14:39:15
O 200 232 0 14:39:15
O 200 232 0 14:39:15
O 200 232 0 14:39:15
O 200 232 0 14:39:15
O 200 232 0 14:39:15
O 200 232 0 14:39:15
O 200 232 0 14:39:15
O 200 232 0 14:39:15
O 200 232 0 14:39:15
O 200 232 0 14:39:15
O 200 232 0 14:39:15
O 200 232 0 14:39:16
O 200 232 0 14:39:16
O 200 232 0 14:39:16
O 200 232 0 14:39:16
O 200 232 0 14:39:16
O 200 232 0 14:39:16
O 200 232 0 14:39:16
O 200 232 0 14:39:16
O 200 232 0 14:39:16
O 200 232 0 14:39:16
O 200 232 0 14:39:16
O 200 232 0 14:39:16
O 200 232 0 14:39:16
O 200 232 0 14:39:16
O 200 232 0 14:39:16
O 200 232 0 14:39:16
O 200 232 0 14:39:16
O 200 232 0 14:39:16
O 200 232 0 14:39:16
O 200 232 0 14:39:16
O 200 232 0 14:39:16
O 200 232 0 14:39:16
O 200 232 0 14:39:16
O 200 232 0 14:39:16
O 200 232 0 14:39:16
O 200 232 0 14:39:16
O 200 232 0 14:39:16
O 200 232 0 14:39:16
O 200 232 0 14:39:16
O 200 232 0 14:39:16
O 200 232 0 14:39:16
O 200 232 0 14:39:16
O 200 232 0 14:39:16
O 200 232 0 14:39:16
O 200 232 0 14:39:16
O 200 232 0 14:39:16
O 200 232 0 14:39:16
O 200 232 0 14:39:16
O 200 232 0 14:39:16
O 200 232 0 14:39:16
O 200 232 0 14:39:16
O 200 232 0 14:39:16
O 200 232 0 14:39:16
O 200 232 0 14:39:16
O 200 232 0 14:39:16
O 200 232 0 14:39:16
O 200 232 0 14:39:16
O 200 232 0 14:39:16
O 200 232 0 14:39:16
O 200 232 0 14:39:16
O 200 232 0 14:39:16
O 200 232 0 14:39:16
O 200 232 0 14:39:16
O 200 232 0 14:39:16
O 200 232 0 14:39:16
O 200 232 0 14:39:16
O 200 232 0 14:39:16
O 200 232 0 14:39:16
O 200 232 0 14:39:16
O 200 232 0 14:39:16
O 200 232 0 14:39:16
O 200 232 0 14:39:16
O 200 232 0 14:39:16
O 200 232 0 14:39:16
O 200 232 0 14:39:16
O 200 232 0 14:39:16
O 200 232 0 14:39:16
O 200 232 0 14:39:16
O 200 232 0 14:39:16
O 200 232 0 14:39:16
O 200 232 0 14:39:16
O 200 232 0 14:39:16
O 200 232 0 14:39:16
O 200 232 0 14:39:16
O 200 232 0 14:39:16
O 200 232 0 14:39:16
O 200 232 0 14:39:16
O 200 232 0 14:39:16
O 200 232 0 14:39:16
O 200 232 0 14:39:16
O 200 232 0 14:39:16
O 200 232 0 14:39:16
O 200 232 0 14:39:16
O 200 232 0 14:39:16
O 200 232 0 14:39:16
O 200 232 0 14:39:16
O 200 232 0 14:39:16
O 200 232 0 14:39:16
O 200 232 0 14:39:16
O 200 232 0 14:39:16
O 200 232 0 14:39:16
O 200 232 0 14:39:16
O 200 232 0 14:39:16
O 200 232 0 14:39:16
O 200 232 0 14:39:16
O 200 232 0 14:39:16
O 200 232 0 14:39:16
O 200 232 0 14:39:16
O 200 232 0 14:39:16
O 200 232 0 14:39:16
O 200 232 0 14:39:16
O 200 232 0 14:39:16
O 200 232 0 14:39:16
O 200 232 0 14:39:16
O 200 232 0 14:39:16
O 200 232 0 14:39:16
O 200 232 0 14:39:16
O 200 232 0 14:39:16
O 200 232 0 14:39:16
O 200 232 0 14:39:16
O 200 232 0 14:39:16
O 200 232 0 14:39:16
O 200 232 0 14:39:16
O 200 232 0 14:39:16
O 200 232 0 14:39:16
O 200 232 0 14:39:16
O 200 232 0 14:39:16
O 200 232 0 14:39:16
O 200 232 0 14:39:16
O 200 232 0 14:39:16
O 200 232 0 14:39:16
O 200 232 0 14:39:16
O 200 232 0 14:39:16
O 200 232 0 14:39:16
O 200 232 0 14:39:16
O 200 232 0 14:39:16
O 200 232 0 14:39:16
O 200 232 0 14:39:16
O 200 232 0 14:39:16
O 200 232 0 14:39:16
O 200 232 0 14:39:16
O 200 232 0 14:39:16
O 200 232 0 14:39:16
O 200 232 0 14:39:16
O 200 232 0 14:39:16
O 200 232 0 14:39:16
O 200 232 0 14:39:16
O 200 232 0 14:39:16
O 200 232 0 14:39:16
O 200 232 0 14:39:16
O 200 232 0 14:39:16
O 200 232 0 14:39:17
O 200 232 0 14:39:17
O 200 232 0 14:39:17
O 200 232 0 14:39:17
O 200 232 0 14:39:17
O 200 232 0 14:39:17
O 200 232 0 14:39:17
O 200 232 0 14:39:17
O 200 232 0 14:39:17
O 200 232 0 14:39:17
O 200 232 0 14:39:17
O 200 232 0 14:39:17
O 200 232 0 14:39:17
O 200 232 0 14:39:17
O 200 232 0 14:39:17
O 200 232 0 14:39:17
O 200 232 0 14:39:17
O 200 232 0 14:39:17
O 200 232 0 14:39:17
O 200 232 0 14:39:17
O 200 232 0 14:39:17
O 200 232 0 14:39:17
O 200 232 0 14:39:17
O 200 232 0 14:39:17
O 200 232 0 14:39:17
O 200 232 0 14:39:17
O 200 232 0 14:39:17
O 200 232 0 14:39:17
O 200 232 0 14:39:17
O 200 232 0 14:39:17
O 200 232 0 14:39:17
O 200 232 0 14:39:17
O 200 232 0 14:39:17
O 200 232 0 14:39:17
O 200 232 0 14:39:17
O 200 232 0 14:39:17
O 200 232 0 14:39:17
O 200 232 0 14:39:17
O 200 232 0 14:39:17
O 200 232 0 14:39:17
O 200 232 0 14:39:17
O 200 232 0 14:39:17
O 200 232 0 14:39:17
O 200 232 0 14:39:17
O 200 232 0 14:39:17
O 200 232 0 14:39:17
O 200 232 0 14:39:17
O 200 232 0 14:39:17
O 200 232 0 14:39:17
O 200 232 0 14:39:17
O 200 232 0 14:39:17
O 200 232 0 14:39:17
O 200 232 0 14:39:17
O 200 232 0 14:39:17
O 200 232 0 14:39:17
O 200 232 0 14:39:17
O 200 232 0 14:39:17
O 200 232 0 14:39:17
O 200 232 0 14:39:17
O 200 232 0 14:39:17
O 200 232 0 14:39:17
O 200 232 0 14:39:17
O 200 232 0 14:39:17
O 200 232 0 14:39:17
O 200 232 0 14:39:17
O 200 232 0 14:39:17
O 200 232 0 14:39:17
O 200 232 0 14:39:17
O 200 232 0 14:39:17
O 200 232 0 14:39:17
O 200 232 0 14:39:17
O 200 232 0 14:39:17
O 200 232 0 14:39:17
O 200 232 0 14:39:17
O 200 232 0 14:39:17
O 200 232 0 14:39:17
O 200 232 0 14:39:17
O 200 232 0 14:39:17
O 200 232 0 14:39:17
O 200 232 0 14:39:17
O 200 232 0 14:39:17
O 200 232 0 14:39:17
O 200 232 0 14:39:17
O 200 232 0 14:39:17
O 200 232 0 14:39:17
O 200 232 0 14:39:17
O 200 232 0 14:39:17
O 200 232 0 14:39:17
O 200 232 0 14:39:17
O 200 232 0 14:39:17
O 200 232 0 14:39:17
O 200 232 0 14:39:17
O 200 232 0 14:39:17
O 200 232 0 14:39:17
O 200 232 0 14:39:17
O 200 232 0 14:39:17
O 200 232 0 14:39:17
O 200 232 0 14:39:17
O 200 232 0 14:39:17
O 200 232 0 14:39:17
O 200 232 0 14:39:17
O 200 232 0 14:39:17
O 200 232 0 14:39:17
O 200 232 0 14:39:17
O 200 232 0 14:39:17
O 200 232 0 14:39:17
O 200 232 0 14:39:17
O 200 232 0 14:39:17
O 200 232 0 14:39:17
O 200 232 0 14:39:17
O 200 232 0 14:39:17
O 200 232 0 14:39:17
O 200 232 0 14:39:17
O 200 232 0 14:39:17
O 200 232 0 14:39:17
O 200 232 0 14:39:17
O 200 232 0 14:39:17
O 200 232 0 14:39:17
O 200 232 0 14:39:17
O 200 232 0 14:39:17
O 200 232 0 14:39:17
O 200 232 0 14:39:24
O 200 232 0 14:39:24
M 526 -2382 853 14:39:32
O 200 232 0 14:39:32
O 200 232 0 14:39:35
O 200 232 0 14:39:35
O 200 232 1 14:39:56
O 200 232 1 14:39:57
O 200 232 0 14:39:57
O 200 232 2 14:40:08
O 200 232 2 14:40:11
O 200 232 0 14:40:11
O 200 232 0 14:40:44
O 200 232 0 14:40:47
O 200 232 1 14:40:52
O 200 232 1 14:40:53
O 200 232 1 14:40:55
O 200 232 1 14:40:56
O 200 232 1 14:40:56
O 200 232 1 14:40:56
O 200 232 2 14:41:01
O 200 232 2 14:41:03
O 200 232 2 14:41:04
O 200 232 2 14:41:04
O 200 232 2 14:41:04
O 200 232 2 14:41:05
O 200 232 2 14:41:05
O 200 232 2 14:41:05
O 200 232 2 14:41:05
O 200 232 2 14:41:59
O 200 232 0 14:41:59
O 200 232 1 14:46:10
O 200 232 1 16:16:08
O 200 232 1 16:16:13
O 200 232 1 16:16:13
O 200 232 1 16:16:16
O 150 232 1 16:16:29
O 200 232 1 16:16:38
