O -2 0 0 16:38:57
O -5 0 0 16:38:58
O -7 0 0 16:38:58
O -10 0 0 16:38:59
O -2 0 0 16:39:27
O -5 0 0 16:39:27
O -7 0 0 16:39:27
O -10 0 0 16:39:28
O -12 0 0 16:39:28
O -15 0 0 16:39:28
O -17 0 0 16:39:28
O -20 0 0 16:39:28
O -22 0 0 16:39:28
O -25 0 0 16:39:28
O -27 0 0 16:39:28
O -30 0 0 16:39:28
O -32 0 0 16:39:28
O -35 0 0 16:39:29
O -37 0 0 16:39:29
O -40 0 0 16:39:29
O -42 0 0 16:39:29
O -45 0 0 16:39:29
O -47 0 0 16:39:29
O -50 0 0 16:39:29
O -52 0 0 16:39:29
O -55 0 0 16:39:29
O -57 0 0 16:39:29
O -60 0 0 16:39:30
O -62 0 0 16:39:30
O -65 0 0 16:39:30
O -67 0 0 16:39:30
O -70 0 0 16:39:30
O -72 0 0 16:39:30
O -75 0 0 16:39:30
O -77 0 0 16:39:30
O -80 0 0 16:39:30
O -82 0 0 16:39:32
O -85 0 0 16:39:32
O -87 0 0 16:39:32
O -90 0 0 16:39:33
O -92 0 0 16:39:33
O -95 0 0 16:39:33
O -97 0 0 16:39:33
O -100 0 0 16:39:33
O -102 0 0 16:39:33
O -105 0 0 16:39:33
O -107 0 0 16:39:33
O -110 0 0 16:39:33
O -112 0 0 16:39:33
O -115 0 0 16:39:34
O -117 0 0 16:39:34
O -120 0 0 16:39:34
O -122 0 0 16:39:34
O -125 0 0 16:39:34
O -127 0 0 16:39:34
O -130 0 0 16:39:34
O -132 0 0 16:39:34
O -135 0 0 16:39:34
O -137 0 0 16:39:34
O -140 0 0 16:39:35
O -142 0 0 16:39:35
O -145 0 0 16:39:35
O -147 0 0 16:39:35
O -150 0 0 16:39:35
O -152 0 0 16:39:35
O -155 0 0 16:39:35
O -157 0 0 16:39:35
O -160 0 0 16:39:35
O -162 0 0 16:39:35
O -165 0 0 16:39:36
O -167 0 0 16:39:36
O -170 0 0 16:39:36
O -172 0 0 16:39:36
O -175 0 0 16:39:36
O -177 0 0 16:39:36
O -180 0 0 16:39:36
O -182 0 0 16:39:36
O -185 0 0 16:39:36
O -185 -2 0 16:39:39
O -185 -5 0 16:39:40
O -185 -7 0 16:39:40
O -185 -10 0 16:39:40
O -185 -12 0 16:39:40
O -185 -15 0 16:39:40
O -185 -17 0 16:39:40
O -185 -20 0 16:39:40
O -185 -22 0 16:39:40
O -185 -25 0 16:39:41
O -185 -27 0 16:39:41
O -185 -30 0 16:39:41
O -185 -32 0 16:39:41
O -185 -35 0 16:39:41
O -185 -37 0 16:39:41
O -185 -40 0 16:39:41
O -185 -42 0 16:39:41
O -185 -45 0 16:39:41
O -185 -47 0 16:39:42
O -185 -50 0 16:39:42
O -185 -52 0 16:39:42
O -185 -55 0 16:39:42
O -185 -57 0 16:39:42
O -185 -60 0 16:39:42
O 0 -2 0 16:39:55
