M 2278 -6868 3729 09:05:15
O 0 0 0 09:05:15
M 1844 -3578 5006 09:06:50
O 0 0 0 09:06:50
M 1882 -3496 5084 09:06:58
O 0 0 0 09:06:58
M 1690 -3926 5019 09:07:00
O 0 0 0 09:07:00
M 1726 -3968 4994 09:07:00
O 0 0 0 09:07:00
M 2088 -4146 5064 09:07:01
O 0 0 0 09:07:01
M 1946 -4444 5238 09:07:01
O 0 0 0 09:07:01
M 2000 -3224 5211 09:07:02
O 0 0 0 09:07:02
M 1684 -3864 5034 09:07:03
O 0 0 0 09:07:03
M 1726 -3804 5008 09:07:03
O 0 0 0 09:07:03
M 2076 -4112 5243 09:07:04
O 0 0 0 09:07:04
M 1722 -4222 5188 09:07:04
O 0 0 0 09:07:04
M 1682 -3552 5064 09:07:05
O 0 0 0 09:07:05
M 1804 -3906 5057 09:07:06
O 0 0 0 09:07:06
M 1490 -3932 5027 09:07:06
O 0 0 0 09:07:06
M 1448 -3718 5040 09:07:10
O 0 0 0 09:07:10
M 4220 -3618 3138 09:07:16
O 0 0 0 09:07:16
M 1702 -3900 5078 09:07:20
O 0 0 0 09:07:20
M 2122 -1892 3953 09:07:30
O 0 0 0 09:07:30
M 1738 -1498 3456 09:07:31
O 0 0 0 09:07:31
M 1712 -1800 3285 09:07:31
O 0 0 0 09:07:31
M 1776 -3790 5437 09:07:44
O 0 0 0 09:07:44
M 2094 -4206 5418 09:07:45
O 0 0 0 09:07:45
M 1764 -4010 5423 09:07:46
O 0 0 0 09:07:46
M 2068 -4152 5413 09:07:47
O 0 0 0 09:07:47
M 1916 -3964 5480 09:07:48
O 0 0 0 09:07:48
M 1864 -3650 5490 09:07:49
O 0 0 0 09:07:49
M 1530 -3590 5452 09:07:49
O 0 0 0 09:07:49
M 1478 -3602 5476 09:07:50
O 0 0 0 09:07:50
M 1464 -3622 5466 09:07:51
O 0 0 0 09:07:51
M 1696 -3722 995 09:07:58
O 0 0 0 09:07:58
M 1682 -3872 957 09:08:03
O 0 0 0 09:08:03
M 1732 -3828 1020 09:08:05
O 0 0 0 09:08:05
M 1674 -3794 1281 09:08:06
O 0 0 0 09:08:06
M 1898 -4124 1290 09:08:07
O 0 0 0 09:08:07
M 1712 -3720 1142 09:08:08
O 0 0 0 09:08:08
M 1714 -3892 985 09:08:09
O 0 0 0 09:08:09
M -810 -4150 3272 09:08:15
O 0 0 0 09:08:15
M -792 -4146 3538 09:08:16
O 0 0 0 09:08:16
M -466 -4186 3708 09:08:19
O 0 0 0 09:08:19
M -776 -4222 2696 09:08:21
O 0 0 0 09:08:21
M -460 -4186 2936 09:08:21
O 0 0 0 09:08:21
M -422 -4164 2871 09:08:22
O 0 0 0 09:08:22
M -804 -3792 3020 09:08:22
O 0 0 0 09:08:22
M -852 -3768 3441 09:08:23
O 0 0 0 09:08:23
M -876 -3732 3362 09:08:24
O 0 0 0 09:08:24
M 1646 -1620 3330 09:08:42
O 0 0 0 09:08:42
M 1698 -5990 3622 09:08:47
O 0 0 0 09:08:47
M 1932 -6010 3420 09:08:49
O 0 0 0 09:08:49
M 2142 -5762 3283 09:08:50
O 0 0 0 09:08:50
M 2098 -5790 3261 09:08:54
O 0 0 0 09:08:54
M 2056 -5774 3614 09:08:54
O 0 0 0 09:08:54
M 1956 -6012 3639 09:08:55
O 0 0 0 09:08:55
M 1958 -5992 3849 09:08:55
O 0 0 0 09:08:55
M 1926 -5964 3929 09:08:56
O 0 0 0 09:08:56
M 2060 -5762 3875 09:08:56
O 0 0 0 09:08:56
M 1768 -5858 3249 09:08:57
O 0 0 0 09:08:57
M 1704 -5808 3240 09:08:57
O 0 0 0 09:08:57
M 1712 -5862 3218 09:08:57
O 0 0 0 09:08:57
M 1690 -5794 3452 09:08:58
O 0 0 0 09:08:58
M 2928 -5648 3329 09:09:27
O 0 0 0 09:09:27
M 2698 -5720 3182 09:09:27
O 0 0 0 09:09:27
M 3108 -1784 3084 09:09:40
O 0 0 0 09:09:40
M 2002 -4214 5419 09:10:13
O 0 0 0 09:10:13
M 2020 -3710 5483 09:10:18
O 0 0 0 09:10:18
M 1942 -3602 5499 09:10:20
O 0 0 0 09:10:20
M 1994 -3610 5422 09:10:20
O 0 0 0 09:10:20
M 2672 -3458 5101 09:10:26
O 0 0 0 09:10:26
M 2476 -3618 5391 09:10:26
O 0 0 0 09:10:26
M 2466 -3662 5432 09:10:29
O 0 0 0 09:10:29
M 2524 -3598 5424 09:10:30
O 0 0 0 09:10:30
M 2474 -3644 5414 09:10:30
O 0 0 0 09:10:30
M 2530 -3812 5426 09:10:34
O 0 0 0 09:10:34
M 2494 -3800 5118 09:10:34
O 0 0 0 09:10:34
M 2534 -4102 5427 09:10:35
O 0 0 0 09:10:35
M 2212 -3526 5294 09:10:38
O 0 0 0 09:10:38
M 2206 -3554 5267 09:10:39
O 0 0 0 09:10:39
M 3818 -3576 4034 09:11:12
O 0 0 0 09:11:12
M 3822 -3498 4075 09:11:13
O 0 0 0 09:11:13
M 3776 -3518 4080 09:11:14
O 0 0 0 09:11:14
M 3168 -3934 5166 09:11:18
O 0 0 0 09:11:18
M 2726 -3636 5026 09:11:23
O 0 0 0 09:11:23
M 3822 -3894 4019 09:11:27
O 0 0 0 09:11:27
M 1822 -1758 2080 09:11:42
O 0 0 0 09:11:42
M 1524 -1826 3994 09:11:47
O 0 0 0 09:11:47
M 1426 -2032 4977 09:11:51
O 0 0 0 09:11:51
