O 212 281 37 16:23:58
M 5160 842 -17066 16:23:58
M 5140 818 -17166 16:23:58
M 5206 822 -17069 16:23:58
M 5164 802 -17148 16:23:58
M 5148 824 -17066 16:23:58
M 5144 810 -17119 16:23:58
M 5116 778 -17051 16:23:58
M 5144 784 -17116 16:23:58
M 5168 814 -17088 16:23:58
M 5120 838 -17085 16:23:58
M 5140 760 -17092 16:23:58
M 5174 762 -17130 16:23:58
M 5194 784 -17103 16:23:58
M 5130 782 -17173 16:23:58
M 5136 792 -17171 16:23:58
M 5130 768 -17166 16:23:58
M 5118 766 -17207 16:23:58
M 5138 798 -17141 16:23:58
M 5120 752 -17115 16:23:58
M 5126 814 -17200 16:23:58
M 5120 774 -17079 16:23:58
M 5184 798 -17096 16:23:58
M 5126 788 -17139 16:23:58
M 5174 782 -17091 16:23:58
M 5144 796 -17087 16:23:58
M 5182 776 -17171 16:23:58
M 5164 772 -17066 16:23:58
M 5152 774 -17167 16:23:58
M 5126 780 -17102 16:23:58
M 5096 796 -17092 16:23:58
M 5150 822 -17151 16:23:58
M 5130 772 -17117 16:23:58
M 5150 766 -17132 16:23:58
M 5112 798 -17094 16:23:58
M 5150 742 -17150 16:23:58
M 5142 760 -17082 16:23:58
M 5184 762 -17126 16:23:58
M 5154 794 -17061 16:23:58
M 5174 790 -17096 16:23:58
M 5144 764 -17041 16:23:58
M 5116 790 -17172 16:23:58
M 5146 824 -17020 16:23:58
M 5168 776 -17068 16:23:58
M 5176 824 -17105 16:23:58
M 5106 812 -17078 16:23:58
M 5142 796 -17103 16:23:58
M 5200 792 -17048 16:23:58
M 5092 746 -17037 16:23:58
M 5130 808 -17104 16:23:58
M 5136 806 -17087 16:23:58
M 5130 792 -17081 16:23:58
M 5112 806 -17052 16:23:58
M 5120 778 -17120 16:23:58
M 5134 788 -17076 16:23:58
M 5132 790 -17053 16:23:58
M 5130 800 -17076 16:23:58
M 5144 766 -17118 16:23:58
M 5146 800 -17174 16:23:58
M 5130 802 -17098 16:23:58
M 5124 822 -17093 16:23:58
M 5116 834 -17092 16:23:58
M 5112 792 -17020 16:23:58
M 5148 786 -17141 16:23:58
M 5106 752 -17071 16:23:58
M 5152 784 -17152 16:23:58
M 5142 808 -17052 16:23:58
M 5102 822 -17084 16:23:58
M 5160 746 -17088 16:23:58
M 5132 798 -17127 16:23:58
M 5158 806 -17108 16:23:58
M 5116 782 -17151 16:23:58
M 5162 780 -17080 16:23:58
M 5118 748 -17120 16:23:58
M 5090 780 -17115 16:23:58
M 5136 776 -17099 16:23:58
M 5068 842 -17181 16:23:58
M 5088 784 -17139 16:23:58
M 5100 822 -17111 16:23:58
M 5150 800 -17047 16:23:58
M 5130 744 -17064 16:23:58
M 5168 798 -17140 16:23:58
M 5148 820 -17085 16:23:58
M 5184 782 -17094 16:23:58
M 5152 776 -17130 16:23:58
M 5116 778 -17037 16:23:58
M 5134 800 -17066 16:23:58
M 5158 804 -17108 16:23:58
M 5098 788 -17106 16:23:58
M 5146 784 -17139 16:23:58
M 5172 802 -17107 16:23:58
M 5142 780 -17169 16:23:58
M 5148 804 -17102 16:23:58
M 5120 762 -17141 16:23:58
M 5138 760 -17125 16:23:58
M 5142 796 -17052 16:23:58
M 5148 780 -17112 16:23:58
M 5132 786 -17124 16:23:58
M 5160 786 -17147 16:23:58
M 5144 780 -17120 16:23:58
M 5124 810 -17056 16:23:58
O 212 276 37 16:23:59
M 5204 590 -17208 16:23:59
M 5156 582 -17222 16:23:59
M 5124 614 -17240 16:23:59
M 5186 596 -17196 16:23:59
M 5192 640 -17227 16:23:59
M 5184 658 -17188 16:23:59
M 5180 574 -17251 16:23:59
M 5140 636 -17243 16:23:59
M 5204 556 -17251 16:23:59
M 5122 592 -17298 16:23:59
M 5182 614 -17285 16:23:59
M 5216 586 -17242 16:23:59
M 5194 612 -17315 16:23:59
M 5172 608 -17229 16:23:59
M 5160 546 -17265 16:23:59
M 5170 614 -17222 16:23:59
M 5192 622 -17235 16:23:59
M 5140 596 -17259 16:23:59
M 5170 616 -17230 16:23:59
M 5166 590 -17255 16:23:59
M 5170 620 -17244 16:23:59
M 5146 560 -17309 16:23:59
M 5176 586 -17211 16:23:59
M 5170 626 -17255 16:23:59
M 5214 614 -17239 16:23:59
M 5200 598 -17190 16:23:59
M 5154 582 -17177 16:23:59
M 5194 628 -17213 16:23:59
M 5196 592 -17234 16:23:59
M 5190 580 -17212 16:23:59
M 5172 606 -17244 16:23:59
M 5178 606 -17297 16:23:59
M 5192 620 -17196 16:23:59
M 5168 572 -17235 16:23:59
M 5126 594 -17253 16:23:59
M 5164 594 -17226 16:23:59
M 5190 572 -17261 16:23:59
M 5134 576 -17232 16:23:59
M 5164 614 -17213 16:23:59
M 5144 598 -17249 16:23:59
M 5138 632 -17300 16:23:59
M 5160 656 -17209 16:23:59
M 5146 580 -17236 16:23:59
M 5152 594 -17250 16:23:59
M 5156 626 -17303 16:23:59
M 5160 650 -17283 16:23:59
M 5154 590 -17183 16:23:59
M 5160 586 -17307 16:23:59
M 5122 636 -17241 16:23:59
M 5152 594 -17341 16:23:59
M 5170 626 -17257 16:23:59
M 5188 606 -17274 16:23:59
M 5158 630 -17245 16:23:59
M 5164 604 -17245 16:23:59
M 5152 618 -17214 16:23:59
M 5158 600 -17191 16:23:59
M 5178 600 -17270 16:23:59
M 5168 612 -17254 16:23:59
M 5152 582 -17235 16:23:59
M 5128 618 -17252 16:23:59
M 5152 580 -17306 16:23:59
M 5136 632 -17278 16:23:59
M 5174 640 -17233 16:23:59
M 5136 614 -17288 16:23:59
M 5168 594 -17268 16:23:59
M 5102 592 -17289 16:23:59
M 5194 662 -17314 16:23:59
M 5158 584 -17239 16:23:59
M 5180 578 -17320 16:23:59
M 5202 570 -17274 16:23:59
M 5156 590 -17303 16:23:59
M 5172 576 -17309 16:23:59
M 5112 628 -17242 16:23:59
M 5148 638 -17258 16:23:59
M 5132 654 -17208 16:23:59
M 5178 612 -17253 16:23:59
M 5166 594 -17281 16:23:59
M 5130 626 -17216 16:23:59
M 5130 552 -17280 16:23:59
M 5142 612 -17217 16:23:59
M 5180 592 -17279 16:23:59
M 5178 660 -17281 16:23:59
M 5168 598 -17213 16:23:59
M 5148 586 -17229 16:23:59
M 5172 582 -17224 16:23:59
M 5148 602 -17216 16:23:59
M 5190 600 -17186 16:23:59
M 5170 588 -17214 16:23:59
M 5210 598 -17213 16:23:59
M 5170 672 -17274 16:23:59
M 5166 620 -17267 16:23:59
M 5148 618 -17245 16:23:59
M 5174 636 -17266 16:23:59
M 5172 656 -17189 16:23:59
M 5156 652 -17239 16:23:59
M 5222 622 -17250 16:23:59
M 5208 634 -17276 16:23:59
M 5182 594 -17234 16:23:59
M 5220 602 -17293 16:23:59
M 5144 622 -17233 16:23:59
O 212 271 37 16:23:59
M 5178 418 -17411 16:23:59
M 5160 452 -17386 16:23:59
M 5146 400 -17428 16:23:59
M 5198 376 -17460 16:23:59
M 5162 390 -17427 16:23:59
M 5120 416 -17456 16:23:59
M 5178 382 -17404 16:23:59
M 5164 392 -17427 16:23:59
M 5152 398 -17418 16:23:59
M 5168 364 -17420 16:23:59
M 5174 432 -17395 16:23:59
M 5122 442 -17350 16:23:59
M 5162 378 -17411 16:23:59
M 5190 436 -17388 16:23:59
M 5168 402 -17334 16:23:59
M 5124 424 -17399 16:23:59
M 5176 428 -17359 16:23:59
M 5182 402 -17367 16:23:59
M 5150 398 -17398 16:23:59
M 5154 352 -17438 16:23:59
M 5172 472 -17350 16:23:59
M 5206 452 -17422 16:23:59
M 5190 448 -17338 16:23:59
M 5186 426 -17440 16:23:59
M 5194 404 -17483 16:23:59
M 5214 408 -17377 16:23:59
M 5186 382 -17470 16:23:59
M 5160 416 -17464 16:23:59
M 5190 406 -17416 16:23:59
M 5160 372 -17438 16:23:59
M 5194 428 -17422 16:23:59
M 5184 384 -17383 16:23:59
M 5186 392 -17418 16:23:59
M 5196 370 -17423 16:23:59
M 5176 398 -17396 16:23:59
M 5134 422 -17398 16:23:59
M 5178 412 -17408 16:23:59
M 5188 392 -17442 16:23:59
M 5174 374 -17431 16:23:59
M 5174 382 -17405 16:23:59
M 5160 384 -17440 16:23:59
M 5170 414 -17427 16:23:59
M 5166 392 -17435 16:23:59
M 5188 424 -17396 16:23:59
M 5196 392 -17429 16:23:59
M 5194 386 -17418 16:23:59
M 5192 380 -17441 16:23:59
M 5186 424 -17378 16:23:59
M 5206 402 -17380 16:23:59
M 5160 384 -17457 16:23:59
M 5180 388 -17426 16:23:59
M 5206 412 -17488 16:23:59
M 5200 402 -17368 16:23:59
M 5174 366 -17421 16:23:59
M 5124 398 -17465 16:23:59
M 5208 408 -17422 16:23:59
M 5160 426 -17181 16:23:59
M 5200 370 -17364 16:23:59
M 5156 436 -17299 16:23:59
M 5176 418 -17438 16:23:59
M 5160 452 -17337 16:23:59
M 5246 432 -17403 16:23:59
M 5220 388 -17396 16:23:59
M 5204 446 -17420 16:23:59
M 5220 400 -17448 16:23:59
M 5232 390 -17355 16:23:59
M 5168 376 -17398 16:23:59
M 5184 386 -17388 16:23:59
M 5172 384 -17315 16:23:59
M 5206 382 -17430 16:23:59
M 5176 434 -17395 16:23:59
M 5198 376 -17388 16:23:59
M 5190 390 -17361 16:23:59
M 5212 432 -17361 16:23:59
M 5208 424 -17314 16:23:59
M 5170 412 -17350 16:23:59
M 5218 400 -17339 16:23:59
M 5230 456 -17372 16:23:59
M 5242 414 -17324 16:23:59
M 5228 462 -17369 16:23:59
M 5228 418 -17362 16:23:59
M 5240 428 -17361 16:23:59
M 5226 402 -17393 16:23:59
M 5212 400 -17421 16:23:59
M 5282 432 -17346 16:23:59
M 5234 426 -17350 16:23:59
M 5230 392 -17380 16:23:59
M 5242 418 -17310 16:23:59
M 5232 406 -17422 16:23:59
M 5144 436 -17378 16:23:59
M 5150 406 -17440 16:23:59
M 5176 370 -17159 16:23:59
M 5222 402 -17372 16:23:59
M 5172 422 -17416 16:23:59
M 5222 440 -17366 16:23:59
M 5226 388 -17364 16:23:59
M 5194 416 -17307 16:23:59
M 5238 398 -17423 16:23:59
M 5270 372 -17403 16:23:59
M 5240 384 -17375 16:23:59
O 212 266 37 16:23:59
M 5208 222 -17636 16:23:59
M 5204 192 -17647 16:23:59
M 5214 194 -17600 16:23:59
M 5196 166 -17709 16:23:59
M 5218 200 -17668 16:23:59
M 5212 184 -17662 16:23:59
M 5240 174 -17635 16:23:59
M 5228 174 -17676 16:23:59
M 5192 222 -17686 16:23:59
M 5236 216 -17668 16:23:59
M 5224 222 -17620 16:23:59
M 5228 212 -17662 16:23:59
M 5244 198 -17609 16:23:59
M 5274 208 -17717 16:23:59
M 5258 236 -17668 16:23:59
M 5276 222 -17704 16:23:59
M 5250 200 -17629 16:23:59
M 5252 180 -17664 16:23:59
M 5252 206 -17754 16:23:59
M 5232 166 -17647 16:23:59
M 5258 208 -17632 16:23:59
M 5280 282 -17675 16:23:59
M 5232 202 -17687 16:23:59
M 5254 236 -17630 16:23:59
M 5224 160 -17710 16:23:59
M 5244 172 -17677 16:23:59
M 5260 212 -17723 16:23:59
M 5250 234 -17675 16:23:59
M 5236 230 -17686 16:23:59
M 5262 222 -17623 16:23:59
M 5304 216 -17663 16:23:59
M 5264 206 -17707 16:23:59
M 5242 212 -17675 16:23:59
M 5284 232 -17720 16:23:59
M 5254 236 -17650 16:23:59
M 5270 192 -17633 16:23:59
M 5250 174 -17723 16:23:59
M 5268 252 -17626 16:23:59
M 5256 252 -17660 16:23:59
M 5222 196 -17637 16:23:59
M 5220 196 -17646 16:23:59
M 5224 252 -17676 16:23:59
M 5250 190 -17682 16:23:59
M 5200 200 -17643 16:23:59
M 5242 248 -17715 16:23:59
M 5202 238 -17679 16:23:59
M 5230 224 -17616 16:23:59
M 5264 250 -17644 16:23:59
M 5232 202 -17712 16:23:59
M 5208 202 -17728 16:23:59
M 5238 216 -17716 16:23:59
M 5238 222 -17681 16:23:59
M 5292 252 -17654 16:23:59
M 5254 218 -17710 16:23:59
M 5228 218 -17705 16:23:59
M 5234 240 -17617 16:23:59
M 5250 268 -17654 16:23:59
M 5240 262 -17661 16:23:59
M 5250 276 -17654 16:23:59
M 5200 218 -17671 16:23:59
M 5270 200 -17636 16:23:59
M 5256 220 -17672 16:23:59
M 5244 236 -17654 16:23:59
M 5246 240 -17725 16:23:59
M 5246 214 -17615 16:23:59
M 5232 236 -17754 16:23:59
M 5192 218 -17694 16:23:59
M 5206 222 -17663 16:23:59
M 5220 264 -17663 16:23:59
M 5208 256 -17696 16:23:59
M 5236 252 -17679 16:23:59
M 5244 284 -17661 16:23:59
M 5254 194 -17600 16:23:59
M 5218 178 -17646 16:23:59
M 5238 248 -17674 16:23:59
M 5278 266 -17613 16:23:59
M 5236 270 -17649 16:23:59
M 5216 248 -17602 16:23:59
M 5236 256 -17655 16:23:59
M 5262 280 -17643 16:23:59
M 5202 276 -17600 16:23:59
M 5226 248 -17672 16:23:59
M 5206 238 -17691 16:23:59
M 5262 248 -17670 16:23:59
M 5256 272 -17659 16:23:59
M 5242 252 -17680 16:23:59
M 5194 240 -17687 16:23:59
M 5200 284 -17638 16:23:59
M 5246 260 -17706 16:23:59
M 5266 228 -17635 16:23:59
M 5234 264 -17648 16:23:59
M 5234 218 -17668 16:23:59
M 5208 224 -17672 16:23:59
M 5232 248 -17640 16:23:59
M 5276 212 -17646 16:23:59
M 5234 236 -17653 16:23:59
M 5230 216 -17641 16:23:59
M 5248 248 -17654 16:23:59
M 5198 232 -17606 16:23:59
M 5214 238 -17657 16:23:59
O 212 261 37 16:23:59
M 5300 80 -17911 16:23:59
M 5214 46 -17943 16:23:59
M 5294 74 -17952 16:23:59
M 5238 32 -17965 16:23:59
M 5298 82 -17934 16:23:59
M 5324 44 -17966 16:23:59
M 5260 10 -17967 16:23:59
M 5264 14 -17980 16:23:59
M 5282 76 -17983 16:23:59
M 5306 4 -17974 16:23:59
M 5290 36 -17933 16:23:59
M 5246 70 -17930 16:23:59
M 5248 48 -17936 16:23:59
M 5250 52 -17955 16:23:59
M 5304 54 -17914 16:23:59
M 5290 18 -17921 16:23:59
M 5316 18 -17991 16:23:59
M 5278 70 -18027 16:23:59
M 5282 78 -17931 16:23:59
M 5258 78 -17927 16:23:59
M 5250 78 -17892 16:23:59
M 5294 86 -17976 16:23:59
M 5308 32 -17958 16:23:59
M 5298 24 -18028 16:23:59
M 5304 54 -17924 16:23:59
M 5322 26 -17928 16:23:59
M 5312 12 -17973 16:23:59
M 5260 -12 -17876 16:23:59
M 5264 66 -17959 16:23:59
M 5288 58 -17986 16:23:59
M 5284 24 -17886 16:23:59
M 5288 42 -17971 16:23:59
M 5292 12 -17879 16:23:59
M 5296 46 -17991 16:23:59
M 5348 46 -17665 16:23:59
M 5268 24 -17907 16:23:59
M 5258 4 -17940 16:23:59
M 5278 42 -17953 16:23:59
M 5284 56 -17888 16:23:59
M 5246 28 -17968 16:23:59
M 5300 44 -17891 16:23:59
M 5262 26 -17953 16:23:59
M 5230 30 -17918 16:23:59
M 5274 0 -17949 16:23:59
M 5278 38 -17943 16:23:59
M 5304 64 -17914 16:23:59
M 5258 40 -17948 16:23:59
M 5276 48 -17953 16:23:59
M 5240 14 -17925 16:23:59
M 5262 36 -17967 16:23:59
M 5258 46 -17924 16:23:59
M 5282 14 -17906 16:23:59
M 5280 56 -17937 16:23:59
M 5306 34 -17965 16:23:59
M 5276 0 -17893 16:23:59
M 5222 -26 -17915 16:23:59
M 5306 62 -17892 16:23:59
M 5310 60 -17956 16:23:59
M 5290 0 -17889 16:23:59
M 5286 40 -17900 16:23:59
M 5284 64 -17921 16:23:59
M 5300 50 -17973 16:23:59
M 5306 96 -17941 16:23:59
M 5266 42 -17984 16:23:59
M 5262 -10 -17955 16:23:59
M 5284 42 -17917 16:23:59
M 5294 62 -17910 16:23:59
M 5318 134 -17884 16:23:59
M 5276 36 -17909 16:23:59
M 5286 56 -17888 16:23:59
M 5282 18 -17938 16:23:59
M 5330 80 -17922 16:23:59
M 5306 68 -17915 16:23:59
M 5272 52 -17912 16:23:59
M 5304 78 -17936 16:23:59
M 5258 78 -17914 16:23:59
M 5276 54 -17927 16:23:59
M 5296 90 -17881 16:23:59
M 5268 56 -17894 16:23:59
M 5250 70 -17942 16:23:59
M 5292 58 -17908 16:23:59
M 5278 72 -17911 16:24:00
M 5268 64 -17936 16:24:00
M 5266 58 -17903 16:24:00
M 5308 68 -17928 16:24:00
M 5284 12 -17896 16:24:00
M 5270 36 -17983 16:24:00
M 5276 66 -17881 16:24:00
M 5318 40 -17878 16:24:00
M 5278 54 -17850 16:24:00
M 5272 84 -17883 16:24:00
M 5296 122 -17914 16:24:00
M 5324 70 -17914 16:24:00
M 5332 68 -17947 16:24:00
M 5340 72 -17888 16:24:00
M 5302 6 -17965 16:24:00
M 5280 24 -17950 16:24:00
M 5292 52 -17887 16:24:00
M 5258 62 -17904 16:24:00
M 5284 80 -17885 16:24:00
O 212 256 37 16:24:00
M 5282 -64 -18291 16:24:00
M 5370 -58 -18298 16:24:00
M 5354 -28 -18222 16:24:00
M 5358 -58 -18314 16:24:00
M 5382 -66 -18276 16:24:00
M 5404 -66 -18301 16:24:00
M 5412 -84 -18239 16:24:00
M 5350 -74 -18284 16:24:00
M 5370 -78 -18330 16:24:00
M 5374 -88 -18325 16:24:00
M 5384 -136 -18274 16:24:00
M 5362 -100 -18250 16:24:00
M 5370 -8 -18295 16:24:00
M 5270 -64 -18237 16:24:00
M 5312 -72 -18313 16:24:00
M 5346 -98 -18328 16:24:00
M 5334 -60 -18311 16:24:00
M 5338 -56 -18234 16:24:00
M 5312 -66 -18248 16:24:00
M 5344 -90 -18303 16:24:00
M 5306 -62 -18328 16:24:00
M 5300 -38 -18245 16:24:00
M 5310 -96 -18248 16:24:00
M 5332 -94 -18254 16:24:00
M 5300 -86 -18275 16:24:00
M 5354 -84 -18287 16:24:00
M 5342 -64 -18241 16:24:00
M 5390 -62 -18293 16:24:00
M 5366 -74 -18217 16:24:00
M 5378 -94 -18226 16:24:00
M 5334 -82 -18325 16:24:00
M 5380 -52 -18218 16:24:00
M 5300 -64 -18362 16:24:00
M 5386 -90 -18305 16:24:00
M 5338 -86 -18310 16:24:00
M 5324 -84 -18284 16:24:00
M 5334 -94 -18257 16:24:00
M 5332 -70 -18257 16:24:00
M 5326 -16 -18262 16:24:00
M 5336 -44 -18280 16:24:00
M 5338 -96 -18281 16:24:00
M 5344 -32 -18270 16:24:00
M 5364 -10 -18254 16:24:00
M 5340 -10 -18262 16:24:00
M 5292 -54 -18265 16:24:00
M 5296 -32 -18243 16:24:00
M 5284 -108 -18177 16:24:00
M 5396 -58 -18316 16:24:00
M 5340 -56 -18314 16:24:00
M 5320 -62 -18249 16:24:00
M 5344 -80 -18223 16:24:00
M 5362 -78 -18204 16:24:00
M 5326 -14 -18266 16:24:00
M 5300 -50 -18297 16:24:00
M 5300 -40 -18186 16:24:00
M 5366 -48 -18264 16:24:00
M 5342 -28 -18272 16:24:00
M 5384 -60 -18248 16:24:00
M 5408 -76 -18267 16:24:00
M 5374 -66 -18217 16:24:00
M 5344 -48 -18295 16:24:00
M 5394 -44 -18192 16:24:00
M 5370 -28 -18182 16:24:00
M 5384 -80 -18328 16:24:00
M 5348 -60 -18249 16:24:00
M 5360 -64 -18286 16:24:00
M 5358 -16 -18271 16:24:00
M 5350 -74 -18266 16:24:00
M 5350 -60 -18205 16:24:00
M 5334 -60 -18249 16:24:00
M 5436 -56 -18253 16:24:00
M 5388 -48 -18235 16:24:00
M 5338 -100 -18196 16:24:00
M 5374 -22 -18277 16:24:00
M 5588 -44 -18216 16:24:00
M 5368 -72 -18322 16:24:00
M 5332 -24 -18310 16:24:00
M 5350 -56 -18274 16:24:00
M 5338 -52 -18273 16:24:00
M 5346 -52 -18224 16:24:00
M 5350 -82 -18297 16:24:00
M 5318 -58 -18270 16:24:00
M 5334 -56 -18278 16:24:00
M 5328 -26 -18249 16:24:00
M 5352 -50 -18299 16:24:00
M 5308 -30 -18241 16:24:00
M 5318 -32 -18240 16:24:00
M 5302 -78 -18258 16:24:00
M 5306 -74 -18256 16:24:00
M 5284 4 -18236 16:24:00
M 5326 -92 -18225 16:24:00
M 5280 6 -18256 16:24:00
M 5288 40 -18249 16:24:00
M 5292 28 -18196 16:24:00
M 5358 -16 -18265 16:24:00
M 5320 -50 -18334 16:24:00
M 5316 2 -18309 16:24:00
M 5322 -34 -18239 16:24:00
M 5294 -64 -18257 16:24:00
M 5310 -56 -18290 16:24:00
O 212 251 37 16:24:00
M 5400 -4 -18729 16:24:00
M 5416 -54 -18760 16:24:00
M 5388 -18 -18759 16:24:00
M 5386 -30 -18758 16:24:00
M 5378 -30 -18757 16:24:00
M 5418 -6 -18753 16:24:00
M 5388 -60 -18723 16:24:00
M 5354 -28 -18743 16:24:00
M 5420 -24 -18754 16:24:00
M 5384 4 -18723 16:24:00
M 5424 14 -18727 16:24:00
M 5426 -46 -18712 16:24:00
M 5412 -70 -18703 16:24:00
M 5470 -52 -18724 16:24:00
M 5398 -12 -18674 16:24:00
M 5414 -18 -18735 16:24:00
M 5416 -48 -18646 16:24:00
M 5400 -2 -18733 16:24:00
M 5424 -32 -18684 16:24:00
M 5412 -54 -18735 16:24:00
M 5404 -38 -18702 16:24:00
M 5436 -14 -18715 16:24:00
M 5460 -42 -18698 16:24:00
M 5380 -6 -18674 16:24:00
M 5426 -36 -18667 16:24:00
M 5408 -20 -18720 16:24:00
M 5394 -44 -18702 16:24:00
M 5370 -80 -18650 16:24:00
M 5394 -60 -18689 16:24:00
M 5438 -68 -18698 16:24:00
M 5420 -72 -18668 16:24:00
M 5420 -14 -18695 16:24:00
M 5386 -16 -18729 16:24:00
M 5414 -32 -18726 16:24:00
M 5380 -94 -18701 16:24:00
M 5400 -30 -18664 16:24:00
M 5412 -48 -18702 16:24:00
M 5388 -58 -18704 16:24:00
M 5422 -58 -18772 16:24:00
M 5428 -80 -18730 16:24:00
M 5428 -84 -18693 16:24:00
M 5374 22 -18707 16:24:00
M 5374 -56 -18685 16:24:00
M 5408 -56 -18738 16:24:00
M 5396 -44 -18706 16:24:00
M 5402 50 -18720 16:24:00
M 5448 -20 -18671 16:24:00
M 5414 -78 -18707 16:24:00
M 5376 -24 -18710 16:24:00
M 5388 -62 -18706 16:24:00
M 5432 -64 -18742 16:24:00
M 5434 -62 -18670 16:24:00
M 5384 -26 -18722 16:24:00
M 5376 -42 -18709 16:24:00
M 5396 -38 -18737 16:24:00
M 5416 -30 -18683 16:24:00
M 5400 -20 -18714 16:24:00
M 5378 -70 -18646 16:24:00
M 5386 8 -18718 16:24:00
M 5438 -26 -18721 16:24:00
M 5388 -48 -18742 16:24:00
M 5376 -94 -18669 16:24:00
M 5372 -62 -18683 16:24:00
M 5402 -28 -18746 16:24:00
M 5414 6 -18693 16:24:00
M 5418 22 -18762 16:24:00
M 5376 -30 -18638 16:24:00
M 5394 -18 -18718 16:24:00
M 5402 -32 -18752 16:24:00
M 5404 44 -18660 16:24:00
M 5414 -56 -18688 16:24:00
M 5404 10 -18741 16:24:00
M 5402 34 -18653 16:24:00
M 5386 2 -18721 16:24:00
M 5410 16 -18674 16:24:00
M 5456 -16 -18707 16:24:00
M 5400 4 -18691 16:24:00
M 5368 -50 -18703 16:24:00
M 5368 -12 -18700 16:24:00
M 5370 -28 -18644 16:24:00
M 5430 -68 -18672 16:24:00
M 5412 -40 -18712 16:24:00
M 5420 -88 -18661 16:24:00
M 5374 -60 -18688 16:24:00
M 5374 -28 -18718 16:24:00
M 5368 0 -18666 16:24:00
M 5364 26 -18708 16:24:00
M 5376 38 -18763 16:24:00
M 5380 16 -18720 16:24:00
M 5402 -38 -18742 16:24:00
M 5446 -80 -18710 16:24:00
M 5426 -66 -18717 16:24:00
M 5374 12 -18650 16:24:00
M 5372 -36 -18699 16:24:00
M 5364 20 -18727 16:24:00
M 5422 -80 -18681 16:24:00
M 5408 18 -18705 16:24:00
M 5438 -8 -18723 16:24:00
M 5400 -68 -18619 16:24:00
M 5380 -16 -18667 16:24:00
O 212 246 37 16:24:00
M 5420 142 -19191 16:24:00
M 5416 134 -19168 16:24:00
M 5392 176 -19141 16:24:00
M 5424 154 -19128 16:24:00
M 5450 164 -19175 16:24:00
M 5446 174 -19119 16:24:00
M 5452 176 -19131 16:24:00
M 5450 204 -19149 16:24:00
M 5448 118 -19081 16:24:00
M 5510 160 -19143 16:24:00
M 5472 146 -19120 16:24:00
M 5450 148 -19122 16:24:00
M 5432 162 -19144 16:24:00
M 5426 186 -19133 16:24:00
M 5470 136 -19082 16:24:00
M 5472 158 -19132 16:24:00
M 5432 192 -19145 16:24:00
M 5428 160 -19203 16:24:00
M 5430 160 -19167 16:24:00
M 5484 156 -19153 16:24:00
M 5532 148 -19117 16:24:00
M 5470 180 -19072 16:24:00
M 5450 152 -19128 16:24:00
M 5474 178 -19126 16:24:00
M 5420 186 -19170 16:24:00
M 5442 176 -19106 16:24:00
M 5452 168 -19121 16:24:00
M 5438 198 -19122 16:24:00
M 5462 226 -19129 16:24:00
M 5458 158 -19182 16:24:00
M 5468 150 -19129 16:24:00
M 5452 188 -19083 16:24:00
M 5432 168 -19085 16:24:00
M 5454 184 -19182 16:24:00
M 5438 140 -19077 16:24:00
M 5458 144 -19068 16:24:00
M 5458 176 -19125 16:24:00
M 5458 204 -19131 16:24:00
M 5442 174 -19103 16:24:00
M 5432 228 -19126 16:24:00
M 5468 132 -19127 16:24:00
M 5442 130 -19190 16:24:00
M 5434 160 -19210 16:24:00
M 5468 158 -19115 16:24:00
M 5462 188 -19165 16:24:00
M 5480 178 -19181 16:24:00
M 5424 210 -19153 16:24:00
M 5438 192 -19170 16:24:00
M 5436 172 -19108 16:24:00
M 5468 168 -19103 16:24:00
M 5460 134 -19124 16:24:00
M 5426 196 -19108 16:24:00
M 5428 162 -19157 16:24:00
M 5418 164 -19120 16:24:00
M 5472 180 -19110 16:24:00
M 5452 170 -19145 16:24:00
M 5454 150 -19146 16:24:00
M 5440 202 -19151 16:24:00
M 5420 148 -19149 16:24:00
M 5444 156 -19216 16:24:00
M 5434 178 -19156 16:24:00
M 5382 170 -19210 16:24:00
M 5478 164 -19072 16:24:00
M 5426 194 -19078 16:24:00
M 5402 188 -19137 16:24:00
M 5446 152 -19117 16:24:00
M 5418 194 -19120 16:24:00
M 5432 160 -19152 16:24:00
M 5400 204 -19075 16:24:00
M 5432 170 -19156 16:24:00
M 5440 210 -19140 16:24:00
M 5470 196 -19170 16:24:00
M 5464 194 -19107 16:24:00
M 5464 142 -19142 16:24:00
M 5490 162 -19103 16:24:00
M 5452 148 -19124 16:24:00
M 5456 180 -19153 16:24:00
M 5416 190 -19126 16:24:00
M 5482 156 -19120 16:24:00
M 5444 164 -19095 16:24:00
M 5466 170 -19040 16:24:00
M 5462 164 -19109 16:24:00
M 5434 196 -19150 16:24:00
M 5438 182 -19103 16:24:00
M 5432 170 -19082 16:24:00
M 5462 192 -19095 16:24:00
M 5442 202 -19144 16:24:00
M 5468 190 -19129 16:24:00
M 5454 152 -19136 16:24:00
M 5458 182 -19174 16:24:00
M 5506 160 -19102 16:24:00
M 5464 172 -19123 16:24:00
M 5468 206 -19233 16:24:00
M 5480 198 -19161 16:24:00
M 5472 190 -19147 16:24:00
M 5438 188 -19184 16:24:00
M 5482 200 -19197 16:24:00
M 5452 190 -19242 16:24:00
M 5406 190 -19119 16:24:00
M 5432 164 -19170 16:24:00
O 212 241 37 16:24:01
M 5478 556 -19493 16:24:01
M 5514 530 -19543 16:24:01
M 5472 576 -19586 16:24:01
M 5524 512 -19625 16:24:01
M 5518 502 -19579 16:24:01
M 5482 542 -19502 16:24:01
M 5500 548 -19480 16:24:01
M 5460 532 -19534 16:24:01
M 5478 534 -19529 16:24:01
M 5502 536 -19524 16:24:01
M 5480 530 -19579 16:24:01
M 5484 506 -19499 16:24:01
M 5520 480 -19510 16:24:01
M 5502 518 -19566 16:24:01
M 5516 544 -19548 16:24:01
M 5470 524 -19584 16:24:01
M 5522 536 -19589 16:24:01
M 5508 512 -19557 16:24:01
M 5500 478 -19548 16:24:01
M 5494 554 -19577 16:24:01
M 5510 530 -19569 16:24:01
M 5580 510 -19575 16:24:01
M 5512 516 -19551 16:24:01
M 5516 556 -19502 16:24:01
M 5508 510 -19548 16:24:01
M 5502 532 -19550 16:24:01
M 5474 528 -19481 16:24:01
M 5476 486 -19579 16:24:01
M 5460 516 -19526 16:24:01
M 5514 504 -19501 16:24:01
M 5478 520 -19511 16:24:01
M 5478 500 -19542 16:24:01
M 5492 532 -19507 16:24:01
M 5478 520 -19495 16:24:01
M 5528 530 -19572 16:24:01
M 5492 544 -19498 16:24:01
M 5482 552 -19492 16:24:01
M 5506 512 -19527 16:24:01
M 5524 502 -19478 16:24:01
M 5452 518 -19492 16:24:01
M 5456 516 -19506 16:24:01
M 5454 504 -19546 16:24:01
M 5476 498 -19461 16:24:01
M 5536 494 -19552 16:24:01
M 5512 502 -19442 16:24:01
M 5518 538 -19498 16:24:01
M 5468 494 -19537 16:24:01
M 5494 516 -19517 16:24:01
M 5488 528 -19459 16:24:01
M 5498 512 -19498 16:24:01
M 5508 526 -19479 16:24:01
M 5508 530 -19428 16:24:01
M 5518 530 -19571 16:24:01
M 5474 530 -19481 16:24:01
M 5504 548 -19504 16:24:01
M 5516 530 -19424 16:24:01
M 5486 504 -19430 16:24:01
M 5486 514 -19494 16:24:01
M 5510 510 -19553 16:24:01
M 5464 516 -19549 16:24:01
M 5538 524 -19490 16:24:01
M 5546 546 -19467 16:24:01
M 5528 540 -19572 16:24:01
M 5504 550 -19574 16:24:01
M 5488 540 -19542 16:24:01
M 5484 522 -19541 16:24:01
M 5492 536 -19552 16:24:01
M 5472 504 -19476 16:24:01
M 5504 514 -19530 16:24:01
M 5500 494 -19527 16:24:01
M 5518 502 -19524 16:24:01
M 5486 570 -19527 16:24:01
M 5502 518 -19519 16:24:01
M 5464 514 -19550 16:24:01
M 5446 530 -19505 16:24:01
M 5472 490 -19469 16:24:01
M 5486 478 -19535 16:24:01
M 5534 482 -19536 16:24:01
M 5472 536 -19578 16:24:01
M 5486 506 -19519 16:24:01
M 5462 500 -19547 16:24:01
M 5508 464 -19611 16:24:01
M 5466 446 -19533 16:24:01
M 5478 488 -19521 16:24:01
M 5478 492 -19587 16:24:01
M 5508 506 -19500 16:24:01
M 5500 528 -19526 16:24:01
M 5488 530 -19556 16:24:01
M 5516 530 -19566 16:24:01
M 5514 524 -19558 16:24:01
M 5486 546 -19497 16:24:01
M 5508 534 -19586 16:24:01
M 5492 560 -19563 16:24:01
M 5466 532 -19525 16:24:01
M 5442 506 -19580 16:24:01
M 5436 508 -19453 16:24:01
M 5494 482 -19499 16:24:01
M 5476 498 -19627 16:24:01
M 5482 502 -19498 16:24:01
M 5502 516 -19593 16:24:01
O 212 236 37 16:24:01
M 5496 1094 -19834 16:24:01
M 5520 1092 -19863 16:24:01
M 5540 1018 -19816 16:24:01
M 5470 1022 -19825 16:24:01
M 5510 1064 -19844 16:24:01
M 5532 1102 -19865 16:24:01
M 5540 1076 -19805 16:24:01
M 5496 996 -19877 16:24:01
M 5510 1026 -19812 16:24:01
M 5546 1072 -19808 16:24:01
M 5524 1094 -19804 16:24:01
M 5474 1034 -19784 16:24:01
M 5502 1080 -19819 16:24:01
M 5472 1026 -19823 16:24:01
M 5466 984 -19829 16:24:01
M 5480 1022 -19899 16:24:01
M 5520 1026 -19807 16:24:01
M 5490 1028 -19843 16:24:01
M 5508 1086 -19797 16:24:01
M 5512 1060 -19818 16:24:01
M 5492 1024 -19842 16:24:01
M 5500 1056 -19823 16:24:01
M 5518 1038 -19839 16:24:01
M 5546 1044 -19865 16:24:01
M 5456 1064 -19799 16:24:01
M 5468 1028 -19855 16:24:01
M 5500 1058 -19815 16:24:01
M 5456 1028 -19855 16:24:01
M 5490 1000 -19840 16:24:01
M 5484 1070 -19816 16:24:01
M 5542 1048 -19851 16:24:01
M 5498 1064 -19812 16:24:01
M 5518 1036 -19902 16:24:01
M 5494 1024 -19828 16:24:01
M 5446 1034 -19885 16:24:01
M 5486 1046 -19835 16:24:01
M 5472 996 -19834 16:24:01
M 5498 1032 -19850 16:24:01
M 5452 1042 -19782 16:24:01
M 5442 1028 -19838 16:24:01
M 5490 1022 -19812 16:24:01
M 5498 1060 -19815 16:24:01
M 5472 1014 -19809 16:24:01
M 5518 1024 -19821 16:24:01
M 5472 1002 -19813 16:24:01
M 5452 1006 -19845 16:24:01
M 5516 1022 -19830 16:24:01
M 5446 1032 -19777 16:24:01
M 5498 1024 -19823 16:24:01
M 5518 1076 -19786 16:24:01
M 5500 1054 -19821 16:24:01
M 5500 1044 -19820 16:24:01
M 5522 1050 -19877 16:24:01
M 5472 1050 -19836 16:24:01
M 5518 1070 -19795 16:24:01
M 5492 1064 -19799 16:24:01
M 5506 1044 -19839 16:24:01
M 5504 1064 -19924 16:24:01
M 5480 1056 -19786 16:24:01
M 5514 1050 -19834 16:24:01
M 5472 1072 -19773 16:24:01
M 5496 1118 -19850 16:24:01
M 5476 1088 -19725 16:24:01
M 5500 1092 -19839 16:24:01
M 5496 1096 -19823 16:24:01
M 5452 1064 -19814 16:24:01
M 5478 1058 -19825 16:24:01
M 5520 1058 -19875 16:24:01
M 5504 1062 -19899 16:24:01
M 5500 1038 -19809 16:24:01
M 5466 1036 -19824 16:24:01
M 5484 1052 -19872 16:24:01
M 5464 994 -19833 16:24:01
M 5486 1040 -19819 16:24:01
M 5484 1028 -19824 16:24:01
M 5472 1074 -19787 16:24:01
M 5512 1036 -19775 16:24:01
M 5480 1024 -19821 16:24:01
M 5522 1046 -19834 16:24:01
M 5452 1014 -19825 16:24:01
M 5522 1006 -19786 16:24:01
M 5478 1016 -19836 16:24:01
M 5504 1012 -19847 16:24:01
M 5504 1060 -19786 16:24:01
M 5452 1020 -19803 16:24:01
M 5468 1026 -19807 16:24:01
M 5524 1022 -19814 16:24:01
M 5526 1004 -19867 16:24:01
M 5488 1030 -19805 16:24:01
M 5486 1082 -19828 16:24:01
M 5544 1050 -19833 16:24:01
M 5444 1062 -19865 16:24:01
M 5496 1104 -19849 16:24:01
M 5454 1088 -19888 16:24:01
M 5490 1064 -19890 16:24:01
M 5488 1088 -19788 16:24:01
M 5512 1094 -19852 16:24:01
M 5504 1082 -19782 16:24:01
M 5492 1078 -19846 16:24:01
M 5514 1058 -19871 16:24:01
O 212 231 37 16:24:01
M 5426 1680 -19957 16:24:01
M 5448 1682 -20004 16:24:01
M 5446 1634 -19938 16:24:01
M 5410 1666 -19964 16:24:01
M 5396 1700 -19954 16:24:01
M 5408 1680 -19934 16:24:01
M 5458 1688 -19922 16:24:01
M 5418 1678 -19965 16:24:01
M 5436 1680 -19894 16:24:01
M 5418 1664 -19905 16:24:01
M 5442 1648 -19899 16:24:01
M 5416 1692 -19984 16:24:01
M 5396 1686 -19925 16:24:01
M 5440 1670 -19923 16:24:01
M 5440 1676 -19931 16:24:01
M 5426 1668 -19967 16:24:01
M 5458 1700 -19956 16:24:01
M 5402 1682 -19939 16:24:01
M 5438 1692 -19930 16:24:01
M 5452 1672 -19973 16:24:01
M 5418 1656 -19928 16:24:01
M 5468 1634 -19969 16:24:01
M 5402 1650 -19943 16:24:01
M 5414 1636 -19951 16:24:01
M 5434 1702 -19927 16:24:01
M 5408 1642 -19911 16:24:01
M 5392 1670 -19961 16:24:01
M 5420 1652 -19898 16:24:01
M 5394 1654 -19905 16:24:01
M 5442 1666 -19908 16:24:01
M 5484 1674 -19946 16:24:01
M 5434 1660 -19938 16:24:01
M 5426 1680 -19976 16:24:01
M 5474 1654 -19921 16:24:01
M 5504 1652 -19957 16:24:01
M 5428 1640 -19921 16:24:01
M 5446 1712 -19917 16:24:01
M 5462 1628 -19942 16:24:01
M 5444 1666 -19885 16:24:01
M 5474 1602 -19932 16:24:01
M 5412 1664 -19966 16:24:01
M 5452 1634 -19928 16:24:01
M 5450 1692 -19978 16:24:01
M 5412 1666 -20055 16:24:01
M 5424 1610 -20017 16:24:01
M 5424 1642 -19878 16:24:01
M 5414 1622 -20005 16:24:01
M 5448 1614 -19956 16:24:01
M 5472 1638 -19915 16:24:01
M 5410 1600 -19882 16:24:01
M 5462 1620 -19934 16:24:01
M 5442 1638 -19911 16:24:01
M 5470 1630 -19938 16:24:01
M 5424 1610 -19967 16:24:01
M 5440 1676 -19955 16:24:01
M 5460 1638 -19888 16:24:01
M 5462 1638 -19911 16:24:01
M 5436 1672 -19946 16:24:01
M 5410 1672 -19998 16:24:01
M 5456 1680 -19936 16:24:01
M 5450 1688 -19934 16:24:01
M 5412 1656 -19941 16:24:01
M 5438 1688 -19894 16:24:01
M 5460 1672 -19932 16:24:01
M 5448 1658 -19910 16:24:01
M 5460 1666 -19913 16:24:01
M 5434 1658 -20006 16:24:01
M 5432 1688 -19885 16:24:01
M 5470 1642 -19928 16:24:01
M 5442 1660 -19864 16:24:01
M 5462 1676 -19934 16:24:01
M 5442 1672 -19939 16:24:01
M 5412 1632 -19951 16:24:01
M 5446 1644 -19890 16:24:01
M 5440 1654 -19955 16:24:01
M 5452 1680 -19895 16:24:01
M 5356 1692 -19913 16:24:01
M 5456 1654 -19913 16:24:01
M 5410 1678 -19931 16:24:01
M 5460 1684 -19857 16:24:01
M 5444 1624 -19981 16:24:01
M 5452 1652 -19878 16:24:01
M 5424 1662 -19955 16:24:01
M 5448 1682 -19902 16:24:01
M 5468 1686 -19933 16:24:01
M 5466 1626 -19949 16:24:01
M 5424 1682 -19940 16:24:01
M 5424 1686 -19947 16:24:01
M 5484 1650 -19895 16:24:01
M 5500 1656 -19911 16:24:01
M 5508 1642 -19969 16:24:01
M 5472 1616 -19895 16:24:01
M 5456 1660 -19969 16:24:01
M 5476 1686 -19952 16:24:01
M 5494 1694 -19935 16:24:01
M 5470 1650 -19888 16:24:01
M 5498 1664 -19900 16:24:01
M 5520 1656 -19980 16:24:01
M 5486 1672 -19906 16:24:01
M 5492 1660 -19890 16:24:01
O 212 226 37 16:24:02
M 5364 2280 -19825 16:24:02
M 5368 2308 -19849 16:24:02
M 5338 2338 -19867 16:24:02
M 5340 2320 -19845 16:24:02
M 5388 2320 -19876 16:24:02
M 5348 2348 -19893 16:24:02
M 5358 2324 -19849 16:24:02
M 5374 2294 -19846 16:24:02
M 5356 2296 -19821 16:24:02
M 5308 2296 -19845 16:24:02
M 5340 2300 -19919 16:24:02
M 5358 2304 -19895 16:24:02
M 5360 2322 -19859 16:24:02
M 5354 2332 -19856 16:24:02
M 5364 2348 -19843 16:24:02
M 5350 2330 -19850 16:24:02
M 5320 2298 -19881 16:24:02
M 5316 2294 -19925 16:24:02
M 5336 2286 -19874 16:24:02
M 5364 2286 -19889 16:24:02
M 5382 2364 -19884 16:24:02
M 5306 2300 -19852 16:24:02
M 5332 2314 -19921 16:24:02
M 5348 2320 -19910 16:24:02
M 5368 2294 -19896 16:24:02
M 5344 2330 -19918 16:24:02
M 5326 2346 -19847 16:24:02
M 5362 2342 -19920 16:24:02
M 5360 2350 -19891 16:24:02
M 5324 2338 -19944 16:24:02
M 5360 2308 -19894 16:24:02
M 5326 2324 -19910 16:24:02
M 5336 2328 -19857 16:24:02
M 5336 2344 -19835 16:24:02
M 5308 2288 -19856 16:24:02
M 5322 2342 -19811 16:24:02
M 5346 2348 -19843 16:24:02
M 5346 2288 -19911 16:24:02
M 5368 2388 -19855 16:24:02
M 5362 2356 -19847 16:24:02
M 5362 2314 -19846 16:24:02
M 5334 2314 -19807 16:24:02
M 5384 2316 -19873 16:24:02
M 5368 2318 -19849 16:24:02
M 5396 2326 -19857 16:24:02
M 5324 2298 -19813 16:24:02
M 5350 2314 -19871 16:24:02
M 5356 2316 -19923 16:24:02
M 5368 2344 -19829 16:24:02
M 5350 2302 -19835 16:24:02
M 5366 2284 -19859 16:24:02
M 5324 2324 -19883 16:24:02
M 5342 2318 -19839 16:24:02
M 5380 2302 -19842 16:24:02
M 5292 2348 -19923 16:24:02
M 5368 2324 -19889 16:24:02
M 5384 2314 -19869 16:24:02
M 5404 2330 -19859 16:24:02
M 5372 2364 -19882 16:24:02
M 5360 2370 -19857 16:24:02
M 5370 2346 -19888 16:24:02
M 5348 2340 -19919 16:24:02
M 5348 2366 -19873 16:24:02
M 5378 2338 -19849 16:24:02
M 5354 2330 -19891 16:24:02
M 5340 2316 -19887 16:24:02
M 5296 2316 -19894 16:24:02
M 5362 2364 -19939 16:24:02
M 5344 2310 -19862 16:24:02
M 5350 2352 -19888 16:24:02
M 5386 2322 -19832 16:24:02
M 5372 2352 -19869 16:24:02
M 5336 2356 -19824 16:24:02
M 5300 2352 -19844 16:24:02
M 5294 2330 -19890 16:24:02
M 5334 2318 -19844 16:24:02
M 5370 2338 -19829 16:24:02
M 5368 2332 -19902 16:24:02
M 5356 2282 -19924 16:24:02
M 5330 2338 -19880 16:24:02
M 5328 2368 -19838 16:24:02
M 5374 2290 -19873 16:24:02
M 5334 2340 -19908 16:24:02
M 5350 2332 -19910 16:24:02
M 5364 2310 -19862 16:24:02
M 5372 2300 -19885 16:24:02
M 5346 2320 -19864 16:24:02
M 5348 2332 -19828 16:24:02
M 5352 2290 -19916 16:24:02
M 5346 2288 -19917 16:24:02
M 5348 2324 -19884 16:24:02
M 5352 2338 -19888 16:24:02
M 5356 2294 -19869 16:24:02
M 5354 2294 -19945 16:24:02
M 5346 2352 -19868 16:24:02
M 5346 2340 -19917 16:24:02
M 5372 2372 -19891 16:24:02
M 5342 2318 -19919 16:24:02
M 5378 2322 -19874 16:24:02
M 5388 2348 -19873 16:24:02
O 212 221 37 16:24:02
M 5258 2848 -19676 16:24:02
M 5278 2880 -19675 16:24:02
M 5250 2874 -19620 16:24:02
M 5274 2890 -19619 16:24:02
M 5224 2892 -19626 16:24:02
M 5250 2858 -19670 16:24:02
M 5206 2834 -19619 16:24:02
M 5230 2818 -19669 16:24:02
M 5206 2848 -19654 16:24:02
M 5202 2924 -19612 16:24:02
M 5218 2900 -19629 16:24:02
M 5218 2912 -19602 16:24:02
M 5206 2866 -19685 16:24:02
M 5224 2910 -19692 16:24:02
M 5260 2894 -19686 16:24:02
M 5206 2916 -19651 16:24:02
M 5220 2854 -19608 16:24:02
M 5226 2848 -19666 16:24:02
M 5218 2900 -19631 16:24:02
M 5232 2880 -19645 16:24:02
M 5230 2918 -19683 16:24:02
M 5194 2874 -19647 16:24:02
M 5182 2892 -19723 16:24:02
M 5210 2882 -19695 16:24:02
M 5232 2920 -19674 16:24:02
M 5232 2888 -19664 16:24:02
M 5236 2884 -19650 16:24:02
M 5226 2870 -19731 16:24:02
M 5238 2868 -19671 16:24:02
M 5226 2904 -19694 16:24:02
M 5224 2912 -19663 16:24:02
M 5208 2862 -19629 16:24:02
M 5234 2880 -19679 16:24:02
M 5274 2948 -19671 16:24:02
M 5262 2874 -19734 16:24:02
M 5244 2862 -19713 16:24:02
M 5222 2886 -19671 16:24:02
M 5262 2880 -19628 16:24:02
M 5196 2866 -19671 16:24:02
M 5214 2888 -19684 16:24:02
M 5244 2874 -19681 16:24:02
M 5228 2874 -19662 16:24:02
M 5234 2896 -19742 16:24:02
M 5180 2878 -19718 16:24:02
M 5226 2892 -19715 16:24:02
M 5256 2876 -19652 16:24:02
M 5274 2862 -19694 16:24:02
M 5286 2906 -19648 16:24:02
M 5258 2858 -19668 16:24:02
M 5244 2854 -19626 16:24:02
M 5244 2888 -19675 16:24:02
M 5322 2892 -19745 16:24:02
M 5244 2870 -19640 16:24:02
M 5250 2906 -19755 16:24:02
M 5250 2860 -19655 16:24:02
M 5256 2870 -19692 16:24:02
M 5242 2846 -19697 16:24:02
M 5238 2844 -19700 16:24:02
M 5272 2856 -19654 16:24:02
M 5258 2868 -19680 16:24:02
M 5206 2872 -19695 16:24:02
M 5222 2904 -19651 16:24:02
M 5236 2780 -19704 16:24:02
M 5228 2844 -19729 16:24:02
M 5240 2864 -19680 16:24:02
M 5242 2852 -19698 16:24:02
M 5260 2846 -19680 16:24:02
M 5242 2824 -19671 16:24:02
M 5286 2884 -19639 16:24:02
M 5224 2828 -19640 16:24:02
M 5228 2874 -19658 16:24:02
M 5244 2834 -19757 16:24:02
M 5170 2898 -19652 16:24:02
M 5212 2872 -19660 16:24:02
M 5236 2838 -19689 16:24:02
M 5230 2848 -19680 16:24:02
M 5248 2872 -19689 16:24:02
M 5216 2806 -19668 16:24:02
M 5244 2840 -19664 16:24:02
M 5192 2892 -19688 16:24:02
M 5246 2834 -19687 16:24:02
M 5216 2838 -19662 16:24:02
M 5252 2852 -19700 16:24:02
M 5256 2864 -19682 16:24:02
M 5260 2856 -19699 16:24:02
M 5200 2852 -19679 16:24:02
M 5260 2864 -19713 16:24:02
M 5236 2904 -19680 16:24:02
M 5238 2872 -19676 16:24:02
M 5190 2888 -19680 16:24:02
M 5240 2840 -19643 16:24:02
M 5196 2834 -19691 16:24:02
M 5210 2804 -19698 16:24:02
M 5244 2852 -19726 16:24:02
M 5244 2844 -19647 16:24:02
M 5224 2852 -19627 16:24:02
M 5206 2880 -19658 16:24:02
M 5206 2846 -19617 16:24:02
M 5178 2844 -19662 16:24:02
M 5274 2854 -19654 16:24:02
O 212 216 37 16:24:02
M 5128 3264 -19386 16:24:02
M 5102 3284 -19370 16:24:02
M 5108 3290 -19303 16:24:02
M 5126 3250 -19345 16:24:02
M 5092 3258 -19275 16:24:02
M 5112 3224 -19378 16:24:02
M 5092 3314 -19261 16:24:02
M 5076 3284 -19339 16:24:02
M 5112 3304 -19378 16:24:02
M 5126 3258 -19319 16:24:02
M 5114 3294 -19307 16:24:02
M 5064 3230 -19348 16:24:02
M 5130 3288 -19292 16:24:02
M 5098 3298 -19321 16:24:02
M 5104 3278 -19317 16:24:02
M 5134 3336 -19264 16:24:02
M 5062 3324 -19335 16:24:02
M 5112 3290 -19416 16:24:02
M 5114 3324 -19378 16:24:02
M 5106 3296 -19356 16:24:02
M 5092 3284 -19317 16:24:02
M 5100 3258 -19360 16:24:02
M 4864 3286 -19364 16:24:02
M 5156 3356 -19381 16:24:02
M 5110 3328 -19361 16:24:02
M 5098 3290 -19390 16:24:02
M 5082 3296 -19224 16:24:02
M 5100 3322 -19329 16:24:02
M 5082 3294 -19254 16:24:02
M 5126 3324 -19283 16:24:02
M 5074 3332 -19313 16:24:02
M 5084 3296 -19370 16:24:02
M 5098 3314 -19349 16:24:02
M 5082 3322 -19346 16:24:02
M 5088 3334 -19261 16:24:02
M 5074 3254 -19335 16:24:02
M 5106 3316 -19321 16:24:02
M 5124 3342 -19294 16:24:02
M 5066 3318 -19331 16:24:02
M 5080 3294 -19330 16:24:02
M 5086 3274 -19346 16:24:02
M 5078 3296 -19297 16:24:02
M 5062 3268 -19314 16:24:02
M 5108 3298 -19277 16:24:02
M 5096 3282 -19382 16:24:02
M 5124 3248 -19283 16:24:02
M 5144 3258 -19324 16:24:02
M 5076 3308 -19340 16:24:02
M 5076 3300 -19333 16:24:02
M 5118 3288 -19370 16:24:02
M 5140 3338 -19296 16:24:02
M 5092 3272 -19324 16:24:02
M 5092 3306 -19419 16:24:02
M 5070 3306 -19327 16:24:02
M 5136 3302 -19354 16:24:02
M 5118 3272 -19412 16:24:02
M 5084 3324 -19328 16:24:02
M 5052 3302 -19395 16:24:02
M 5074 3346 -19395 16:24:02
M 5070 3314 -19423 16:24:02
M 5114 3310 -19338 16:24:02
M 5110 3328 -19367 16:24:02
M 5044 3270 -19364 16:24:02
M 5088 3378 -19326 16:24:02
M 5064 3320 -19378 16:24:02
M 5074 3324 -19356 16:24:02
M 5088 3326 -19334 16:24:02
M 5062 3320 -19308 16:24:02
M 5090 3344 -19342 16:24:02
M 5066 3322 -19362 16:24:02
M 5114 3288 -19438 16:24:02
M 5050 3328 -19406 16:24:02
M 5080 3330 -19313 16:24:02
M 5082 3304 -19342 16:24:02
M 5114 3284 -19393 16:24:02
M 5084 3302 -19403 16:24:02
M 5076 3280 -19412 16:24:02
M 5108 3318 -19401 16:24:02
M 5138 3304 -19386 16:24:02
M 5090 3292 -19391 16:24:02
M 5084 3338 -19322 16:24:02
M 5116 3328 -19416 16:24:02
M 5062 3292 -19383 16:24:02
M 5060 3316 -19393 16:24:02
M 5060 3342 -19416 16:24:02
M 5046 3348 -19399 16:24:02
M 5114 3338 -19341 16:24:02
M 5064 3330 -19428 16:24:02
M 5092 3334 -19396 16:24:02
M 5094 3322 -19352 16:24:02
M 5096 3338 -19373 16:24:02
M 5062 3334 -19339 16:24:02
M 5066 3284 -19346 16:24:02
M 5076 3314 -19322 16:24:02
M 5092 3324 -19296 16:24:02
M 5082 3350 -19367 16:24:02
M 5086 3268 -19371 16:24:02
M 5074 3308 -19294 16:24:02
M 5114 3266 -19341 16:24:02
M 5074 3316 -19348 16:24:02
O 212 211 37 16:24:02
M 4938 3536 -18935 16:24:02
M 4914 3502 -18878 16:24:02
M 4890 3522 -18970 16:24:02
M 4940 3550 -18903 16:24:02
M 4916 3528 -18884 16:24:02
M 4886 3562 -18948 16:24:02
M 4920 3512 -18914 16:24:02
M 4924 3508 -18886 16:24:02
M 4890 3544 -18938 16:24:02
M 4884 3538 -18929 16:24:02
M 4892 3542 -18891 16:24:02
M 4916 3494 -18908 16:24:02
M 4928 3516 -18882 16:24:02
M 4916 3514 -18887 16:24:02
M 4928 3548 -18892 16:24:02
M 4930 3568 -18917 16:24:02
M 4970 3544 -18949 16:24:02
M 4890 3524 -18962 16:24:02
M 4938 3516 -18846 16:24:02
M 4956 3526 -18954 16:24:02
M 4912 3544 -19011 16:24:02
M 4882 3482 -18914 16:24:02
M 4912 3524 -18961 16:24:02
M 4864 3512 -18838 16:24:02
M 4956 3546 -18883 16:24:02
M 4942 3538 -18941 16:24:02
M 4940 3520 -18913 16:24:02
M 4936 3514 -18893 16:24:02
M 4908 3494 -18922 16:24:02
M 4896 3566 -18884 16:24:02
M 4844 3552 -18891 16:24:02
M 4888 3552 -18879 16:24:02
M 4902 3524 -18909 16:24:02
M 4910 3538 -18959 16:24:02
M 4918 3554 -18876 16:24:02
M 4904 3574 -18983 16:24:02
M 4910 3542 -18906 16:24:02
M 4868 3524 -18891 16:24:02
M 4904 3548 -18945 16:24:02
M 4850 3548 -18952 16:24:02
M 4900 3514 -18889 16:24:02
M 4884 3512 -18914 16:24:02
M 4916 3562 -18858 16:24:02
M 4884 3508 -18969 16:24:02
M 4952 3518 -18942 16:24:02
M 4878 3520 -18890 16:24:02
M 4926 3520 -18917 16:24:02
M 4912 3476 -18911 16:24:02
M 4908 3480 -18908 16:24:02
M 4896 3516 -18954 16:24:02
M 4922 3478 -18937 16:24:02
M 4946 3518 -18903 16:24:02
M 4930 3480 -18905 16:24:02
M 4886 3510 -18863 16:24:02
M 4922 3486 -18934 16:24:02
M 4898 3516 -18924 16:24:02
M 4904 3500 -18918 16:24:02
M 4906 3494 -18990 16:24:02
M 4926 3492 -18905 16:24:02
M 4898 3512 -18930 16:24:02
M 4902 3488 -18923 16:24:02
M 4910 3520 -18895 16:24:02
M 4948 3486 -18934 16:24:02
M 4928 3526 -18901 16:24:02
M 4912 3512 -18933 16:24:02
M 4900 3510 -18845 16:24:02
M 4922 3520 -18876 16:24:02
M 4848 3516 -18911 16:24:02
M 4906 3504 -18929 16:24:02
M 4888 3510 -18860 16:24:02
M 4914 3528 -18846 16:24:03
M 4926 3570 -18956 16:24:03
M 4936 3530 -18888 16:24:03
M 4922 3538 -18913 16:24:03
M 4948 3522 -18880 16:24:03
M 4936 3516 -18895 16:24:03
M 4912 3576 -18935 16:24:03
M 4920 3576 -18931 16:24:03
M 4924 3602 -18907 16:24:03
M 4922 3556 -18926 16:24:03
M 4920 3570 -18911 16:24:03
M 4940 3564 -18872 16:24:03
M 4936 3564 -18946 16:24:03
M 4940 3500 -18906 16:24:03
M 4970 3500 -18952 16:24:03
M 4928 3530 -18877 16:24:03
M 4930 3528 -18908 16:24:03
M 4938 3532 -18996 16:24:03
M 4960 3544 -18973 16:24:03
M 4914 3532 -19036 16:24:03
M 4890 3576 -18930 16:24:03
M 4914 3526 -18880 16:24:03
M 4924 3532 -18961 16:24:03
M 4916 3538 -19000 16:24:03
M 4924 3566 -18963 16:24:03
M 4942 3540 -18902 16:24:03
M 4924 3528 -18943 16:24:03
M 4906 3522 -18921 16:24:03
M 4914 3562 -18928 16:24:03
M 4906 3530 -18978 16:24:03
O 212 206 37 16:24:03
M 4794 3574 -18550 16:24:03
M 4786 3608 -18552 16:24:03
M 4790 3592 -18555 16:24:03
M 4800 3610 -18572 16:24:03
M 4822 3614 -18516 16:24:03
M 4810 3594 -18594 16:24:03
M 4820 3602 -18581 16:24:03
M 4830 3654 -18563 16:24:03
M 4820 3640 -18515 16:24:03
M 4830 3606 -18540 16:24:03
M 4776 3616 -18568 16:24:03
M 4790 3672 -18560 16:24:03
M 4786 3634 -18611 16:24:03
M 4762 3638 -18527 16:24:03
M 4772 3574 -18553 16:24:03
M 4818 3620 -18531 16:24:03
M 4750 3570 -18545 16:24:03
M 4790 3606 -18606 16:24:03
M 4766 3628 -18540 16:24:03
M 4788 3650 -18563 16:24:03
M 4754 3572 -18568 16:24:03
M 4776 3594 -18523 16:24:03
M 4786 3596 -18561 16:24:03
M 4754 3612 -18549 16:24:03
M 4768 3620 -18520 16:24:03
M 4746 3630 -18508 16:24:03
M 4796 3618 -18550 16:24:03
M 4772 3624 -18541 16:24:03
M 4796 3648 -18499 16:24:03
M 4790 3618 -18537 16:24:03
M 4808 3630 -18503 16:24:03
M 4812 3654 -18577 16:24:03
M 4780 3650 -18564 16:24:03
M 4834 3606 -18612 16:24:03
M 4832 3646 -18536 16:24:03
M 4802 3596 -18559 16:24:03
M 4804 3626 -18611 16:24:03
M 4814 3570 -18557 16:24:03
M 4766 3642 -18554 16:24:03
M 4756 3592 -18523 16:24:03
M 4810 3596 -18435 16:24:03
M 4756 3580 -18533 16:24:03
M 4780 3594 -18492 16:24:03
M 4818 3630 -18560 16:24:03
M 4796 3600 -18509 16:24:03
M 4810 3580 -18543 16:24:03
M 4782 3606 -18551 16:24:03
M 4804 3600 -18595 16:24:03
M 4766 3640 -18465 16:24:03
M 4832 3586 -18475 16:24:03
M 4788 3612 -18522 16:24:03
M 4772 3630 -18571 16:24:03
M 4790 3606 -18560 16:24:03
M 4802 3590 -18463 16:24:03
M 4822 3574 -18540 16:24:03
M 4796 3618 -18539 16:24:03
M 4810 3630 -18467 16:24:03
M 4790 3664 -18539 16:24:03
M 4828 3574 -18481 16:24:03
M 4810 3594 -18489 16:24:03
M 4776 3576 -18536 16:24:03
M 4832 3608 -18511 16:24:03
M 4838 3650 -18562 16:24:03
M 4804 3618 -18552 16:24:03
M 4792 3618 -18547 16:24:03
M 4752 3620 -18504 16:24:03
M 4802 3626 -18527 16:24:03
M 4806 3608 -18555 16:24:03
M 4776 3618 -18499 16:24:03
M 4794 3614 -18546 16:24:03
M 4768 3628 -18517 16:24:03
M 4802 3570 -18515 16:24:03
M 4746 3634 -18551 16:24:03
M 4854 3646 -18562 16:24:03
M 4786 3648 -18567 16:24:03
M 4746 3668 -18560 16:24:03
M 4794 3644 -18539 16:24:03
M 4794 3642 -18596 16:24:03
M 4794 3676 -18569 16:24:03
M 4800 3642 -18611 16:24:03
M 4778 3692 -18525 16:24:03
M 4762 3648 -18590 16:24:03
M 4776 3636 -18581 16:24:03
M 4832 3640 -18620 16:24:03
M 4798 3624 -18560 16:24:03
M 4764 3650 -18529 16:24:03
M 4782 3650 -18563 16:24:03
M 4776 3632 -18523 16:24:03
M 4790 3628 -18537 16:24:03
M 4808 3656 -18524 16:24:03
M 4804 3666 -18589 16:24:03
M 4808 3628 -18498 16:24:03
M 4828 3678 -18530 16:24:03
M 4816 3664 -18467 16:24:03
M 4794 3620 -18561 16:24:03
M 4802 3668 -18568 16:24:03
M 4840 3646 -18539 16:24:03
M 4820 3636 -18574 16:24:03
M 4802 3642 -18578 16:24:03
M 4782 3668 -18513 16:24:03
O 212 201 37 16:24:03
M 4722 3622 -18201 16:24:03
M 4726 3630 -18190 16:24:03
M 4750 3566 -18127 16:24:03
M 4746 3610 -18128 16:24:03
M 4756 3588 -18128 16:24:03
M 4736 3612 -18179 16:24:03
M 4740 3604 -18200 16:24:03
M 4764 3578 -17946 16:24:03
M 4754 3594 -18173 16:24:03
M 4734 3594 -18164 16:24:03
M 4726 3578 -18151 16:24:03
M 4736 3594 -18166 16:24:03
M 4750 3610 -18130 16:24:03
M 4724 3642 -18145 16:24:03
M 4680 3630 -18199 16:24:03
M 4708 3598 -18170 16:24:03
M 4712 3610 -18134 16:24:03
M 4702 3546 -18178 16:24:03
M 4734 3602 -18185 16:24:03
M 4686 3608 -18209 16:24:03
M 4710 3560 -18196 16:24:03
M 4654 3590 -18195 16:24:03
M 4676 3644 -18186 16:24:03
M 4692 3584 -18182 16:24:03
M 4638 3566 -18175 16:24:03
M 4660 3600 -18176 16:24:03
M 4674 3640 -18147 16:24:03
M 4696 3630 -18170 16:24:03
M 4662 3594 -18212 16:24:03
M 4684 3572 -18169 16:24:03
M 4672 3602 -18175 16:24:03
M 4672 3608 -18173 16:24:03
M 4694 3590 -18130 16:24:03
M 4648 3618 -18188 16:24:03
M 4668 3618 -18160 16:24:03
M 4690 3642 -18176 16:24:03
M 4736 3618 -18123 16:24:03
M 4678 3580 -18198 16:24:03
M 4650 3626 -18108 16:24:03
M 4678 3586 -18167 16:24:03
M 4676 3626 -18133 16:24:03
M 4716 3628 -18171 16:24:03
M 4704 3612 -18120 16:24:03
M 4682 3612 -18131 16:24:03
M 4654 3636 -18117 16:24:03
M 4708 3618 -18131 16:24:03
M 4706 3606 -18163 16:24:03
M 4720 3646 -18100 16:24:03
M 4730 3556 -18106 16:24:03
M 4710 3582 -18174 16:24:03
M 4696 3616 -18209 16:24:03
M 4712 3588 -18194 16:24:03
M 4664 3612 -18161 16:24:03
M 4698 3572 -18208 16:24:03
M 4728 3590 -18208 16:24:03
M 4692 3612 -18137 16:24:03
M 4694 3572 -18155 16:24:03
M 4664 3572 -18204 16:24:03
M 4692 3578 -18163 16:24:03
M 4684 3620 -18179 16:24:03
M 4654 3562 -18164 16:24:03
M 4644 3620 -18115 16:24:03
M 4664 3596 -18208 16:24:03
M 4684 3588 -18172 16:24:03
M 4702 3594 -18130 16:24:03
M 4690 3604 -18096 16:24:03
M 4684 3604 -18164 16:24:03
M 4696 3624 -18153 16:24:03
M 4690 3580 -18177 16:24:03
M 4688 3620 -18203 16:24:03
M 4632 3568 -18126 16:24:03
M 4628 3578 -18167 16:24:03
M 4608 3588 -18113 16:24:03
M 4700 3612 -18224 16:24:03
M 4624 3570 -18167 16:24:03
M 4650 3592 -18138 16:24:03
M 4668 3604 -18146 16:24:03
M 4672 3566 -18169 16:24:03
M 4672 3584 -18088 16:24:03
M 4676 3602 -18185 16:24:03
M 4684 3588 -18212 16:24:03
M 4688 3624 -18111 16:24:03
M 4648 3606 -18218 16:24:03
M 4702 3584 -18144 16:24:03
M 4720 3598 -18209 16:24:03
M 4688 3566 -18134 16:24:03
M 4664 3582 -18158 16:24:03
M 4684 3596 -18176 16:24:03
M 4676 3578 -18236 16:24:03
M 4696 3570 -18126 16:24:03
M 4684 3570 -18099 16:24:03
M 4720 3584 -18131 16:24:03
M 4692 3592 -18122 16:24:03
M 4702 3622 -18143 16:24:03
M 4666 3610 -18132 16:24:03
M 4690 3602 -18125 16:24:03
M 4710 3602 -18116 16:24:03
M 4702 3580 -18099 16:24:03
M 4676 3596 -18037 16:24:03
M 4706 3630 -18110 16:24:03
O 212 196 37 16:24:03
M 4584 3482 -17875 16:24:03
M 4596 3484 -17816 16:24:03
M 4588 3496 -17875 16:24:03
M 4576 3514 -17804 16:24:03
M 4544 3482 -17823 16:24:03
M 4554 3456 -17780 16:24:03
M 4588 3498 -17791 16:24:03
M 4586 3450 -17856 16:24:03
M 4610 3506 -17849 16:24:03
M 4578 3482 -17840 16:24:03
M 4554 3540 -17885 16:24:03
M 4586 3508 -17833 16:24:03
M 4594 3474 -17861 16:24:03
M 4584 3466 -17821 16:24:03
M 4568 3500 -17888 16:24:03
M 4600 3500 -17855 16:24:03
M 4576 3472 -17892 16:24:03
M 4564 3502 -17853 16:24:03
M 4566 3444 -17911 16:24:03
M 4566 3488 -17855 16:24:03
M 4614 3494 -17843 16:24:03
M 4582 3516 -17897 16:24:03
M 4542 3464 -17836 16:24:03
M 4576 3478 -17847 16:24:03
M 4588 3420 -17916 16:24:03
M 4552 3538 -17888 16:24:03
M 4562 3494 -17881 16:24:03
M 4546 3512 -17840 16:24:03
M 4578 3470 -17867 16:24:03
M 4592 3488 -17843 16:24:03
M 4536 3456 -17855 16:24:03
M 4594 3488 -17817 16:24:03
M 4568 3478 -17878 16:24:03
M 4580 3462 -17852 16:24:03
M 4554 3466 -17851 16:24:03
M 4566 3492 -17840 16:24:03
M 4532 3494 -17863 16:24:03
M 4520 3508 -17856 16:24:03
M 4552 3466 -17857 16:24:03
M 4568 3466 -17853 16:24:03
M 4562 3454 -17853 16:24:03
M 4526 3502 -17837 16:24:03
M 4552 3484 -17825 16:24:03
M 4566 3474 -17854 16:24:03
M 4538 3506 -17868 16:24:03
M 4556 3494 -17857 16:24:03
M 4572 3522 -17850 16:24:03
M 4550 3456 -17789 16:24:03
M 4548 3480 -17790 16:24:03
M 4576 3506 -17845 16:24:03
M 4568 3504 -17859 16:24:03
M 4578 3518 -17869 16:24:03
M 4562 3500 -17882 16:24:03
M 4578 3514 -17831 16:24:03
M 4528 3466 -17831 16:24:03
M 4534 3496 -17861 16:24:03
M 4554 3490 -17837 16:24:03
M 4552 3522 -17851 16:24:03
M 4580 3504 -17828 16:24:03
M 4576 3508 -17848 16:24:03
M 4554 3460 -17856 16:24:03
M 4548 3524 -17852 16:24:03
M 4586 3490 -17868 16:24:03
M 4570 3516 -17796 16:24:03
M 4564 3516 -17810 16:24:03
M 4582 3490 -17815 16:24:03
M 4620 3504 -17845 16:24:03
M 4588 3494 -17836 16:24:03
M 4570 3510 -17826 16:24:03
M 4614 3482 -17809 16:24:03
M 4586 3462 -17867 16:24:03
M 4590 3458 -17837 16:24:03
M 4564 3512 -17787 16:24:03
M 4540 3456 -17869 16:24:03
M 4554 3488 -17860 16:24:03
M 4634 3500 -17845 16:24:03
M 4570 3468 -17798 16:24:03
M 4568 3498 -17814 16:24:03
M 4592 3474 -17891 16:24:03
M 4596 3470 -17801 16:24:03
M 4588 3488 -17862 16:24:03
M 4560 3518 -17787 16:24:03
M 4584 3460 -17855 16:24:03
M 4554 3466 -17854 16:24:03
M 4598 3476 -17854 16:24:03
M 4588 3508 -17842 16:24:03
M 4564 3430 -17832 16:24:03
M 4576 3478 -17949 16:24:03
M 4618 3452 -17933 16:24:03
M 4538 3492 -17887 16:24:03
M 4616 3460 -17893 16:24:03
M 4588 3504 -17856 16:24:03
M 4520 3490 -17865 16:24:03
M 4550 3444 -17922 16:24:03
M 4580 3480 -17895 16:24:03
M 4598 3526 -17951 16:24:03
M 4604 3544 -17903 16:24:03
M 4578 3464 -17844 16:24:03
M 4582 3470 -17929 16:24:03
M 4582 3516 -17892 16:24:03
O 212 191 37 16:24:04
M 4492 3330 -17557 16:24:04
M 4508 3332 -17631 16:24:04
M 4474 3292 -17574 16:24:04
M 4494 3314 -17599 16:24:04
M 4530 3318 -17596 16:24:04
M 4508 3274 -17575 16:24:04
M 4514 3294 -17575 16:24:04
M 4522 3268 -17572 16:24:04
M 4518 3308 -17715 16:24:04
M 4540 3296 -17570 16:24:04
M 4520 3318 -17577 16:24:04
M 4474 3570 -17526 16:24:04
M 4498 3324 -17610 16:24:04
M 4552 3344 -17554 16:24:04
M 4534 3336 -17599 16:24:04
M 4524 3320 -17624 16:24:04
M 4534 3324 -17557 16:24:04
M 4500 3340 -17519 16:24:04
M 4484 3360 -17514 16:24:04
M 4480 3332 -17557 16:24:04
M 4524 3310 -17545 16:24:04
M 4496 3334 -17562 16:24:04
M 4524 3300 -17644 16:24:04
M 4542 3318 -17624 16:24:04
M 4448 3308 -17625 16:24:04
M 4500 3318 -17574 16:24:04
M 4492 3306 -17552 16:24:04
M 4512 3316 -17592 16:24:04
M 4428 3322 -17598 16:24:04
M 4510 3314 -17618 16:24:04
M 4470 3292 -17655 16:24:04
M 4488 3298 -17540 16:24:04
M 4506 3322 -17568 16:24:04
M 4520 3304 -17601 16:24:04
M 4460 3274 -17603 16:24:04
M 4474 3290 -17618 16:24:04
M 4506 3302 -17613 16:24:04
M 4468 3302 -17631 16:24:04
M 4476 3274 -17608 16:24:04
M 4556 3288 -17679 16:24:04
M 4444 3338 -17626 16:24:04
M 4482 3332 -17621 16:24:04
M 4492 3314 -17599 16:24:04
M 4492 3382 -17619 16:24:04
M 4502 3310 -17613 16:24:04
M 4492 3338 -17610 16:24:04
M 4496 3336 -17604 16:24:04
M 4476 3324 -17601 16:24:04
M 4488 3296 -17609 16:24:04
M 4464 3340 -17654 16:24:04
M 4462 3328 -17595 16:24:04
M 4504 3334 -17548 16:24:04
M 4472 3338 -17612 16:24:04
M 4470 3350 -17670 16:24:04
M 4536 3350 -17650 16:24:04
M 4476 3330 -17618 16:24:04
M 4474 3330 -17640 16:24:04
M 4478 3324 -17677 16:24:04
M 4468 3288 -17650 16:24:04
M 4516 3310 -17665 16:24:04
M 4466 3294 -17623 16:24:04
M 4480 3302 -17554 16:24:04
M 4506 3286 -17670 16:24:04
M 4468 3310 -17586 16:24:04
M 4480 3306 -17559 16:24:04
M 4452 3318 -17602 16:24:04
M 4478 3304 -17580 16:24:04
M 4478 3322 -17636 16:24:04
M 4502 3274 -17603 16:24:04
M 4508 3322 -17621 16:24:04
M 4474 3294 -17580 16:24:04
M 4460 3320 -17592 16:24:04
M 4490 3318 -17556 16:24:04
M 4476 3346 -17547 16:24:04
M 4488 3332 -17556 16:24:04
M 4486 3326 -17518 16:24:04
M 4558 3294 -17568 16:24:04
M 4516 3282 -17566 16:24:04
M 4478 3320 -17551 16:24:04
M 4522 3332 -17606 16:24:04
M 4516 3318 -17616 16:24:04
M 4512 3318 -17557 16:24:04
M 4518 3300 -17580 16:24:04
M 4516 3262 -17547 16:24:04
M 4498 3310 -17516 16:24:04
M 4518 3348 -17552 16:24:04
M 4542 3344 -17565 16:24:04
M 4486 3276 -17511 16:24:04
M 4488 3322 -17614 16:24:04
M 4494 3314 -17617 16:24:04
M 4478 3340 -17578 16:24:04
M 4506 3342 -17599 16:24:04
M 4482 3340 -17591 16:24:04
M 4494 3380 -17658 16:24:04
M 4526 3292 -17597 16:24:04
M 4512 3304 -17645 16:24:04
M 4518 3300 -17592 16:24:04
M 4520 3302 -17616 16:24:04
M 4528 3312 -17631 16:24:04
M 4494 3372 -17605 16:24:04
