O 212 281 37 16:25:07
M 4930 1870 -16918 16:25:07
M 4940 1858 -16887 16:25:07
M 4924 1838 -16894 16:25:07
M 4994 1826 -16906 16:25:07
M 4960 1858 -16921 16:25:07
M 4906 1884 -16859 16:25:07
M 4902 1838 -16865 16:25:07
M 5010 1870 -16857 16:25:07
M 4944 1846 -16850 16:25:07
M 4968 1868 -16822 16:25:07
M 4926 1814 -16864 16:25:07
M 4948 1848 -16926 16:25:07
M 4976 1828 -16898 16:25:07
M 4942 1816 -16873 16:25:07
M 4894 1846 -16926 16:25:07
M 4942 1808 -16857 16:25:07
M 4952 1810 -16817 16:25:07
M 4978 1854 -16902 16:25:08
M 4998 1830 -16893 16:25:08
M 4994 1814 -16944 16:25:08
M 4984 1814 -16962 16:25:08
M 4990 1818 -16861 16:25:08
M 4988 1808 -16886 16:25:08
M 4960 1830 -16918 16:25:08
M 4942 1838 -16885 16:25:08
M 4960 1806 -16888 16:25:08
M 4972 1812 -16652 16:25:08
M 4984 1818 -16892 16:25:08
M 4942 1828 -16926 16:25:08
M 4956 1906 -16906 16:25:08
M 4924 1856 -16841 16:25:08
M 4968 1884 -16889 16:25:08
M 4980 1848 -16862 16:25:08
M 4970 1876 -16897 16:25:08
M 4974 1864 -16928 16:25:08
M 4940 1876 -16885 16:25:08
M 4962 1876 -16815 16:25:08
M 4998 1886 -16891 16:25:08
M 5018 1878 -16872 16:25:08
M 5004 1822 -16881 16:25:08
M 4960 1878 -16881 16:25:08
M 4964 1906 -16876 16:25:08
M 4966 1814 -16855 16:25:08
M 4968 1836 -16909 16:25:08
M 4962 1850 -16935 16:25:08
M 4986 1824 -16813 16:25:08
M 4992 1796 -16835 16:25:08
M 4948 1854 -16830 16:25:08
M 4972 1862 -16821 16:25:08
M 4962 1836 -16831 16:25:08
M 4940 1842 -16928 16:25:08
M 4872 1820 -16879 16:25:08
M 4946 1844 -16894 16:25:08
M 4936 1826 -16898 16:25:08
M 4964 1818 -16863 16:25:08
M 4982 1836 -16891 16:25:08
M 4932 1856 -16867 16:25:08
M 4988 1830 -16911 16:25:08
M 4948 1854 -16914 16:25:08
M 4996 1816 -16910 16:25:08
M 4958 1850 -16926 16:25:08
M 4968 1868 -16661 16:25:08
M 4996 1804 -16877 16:25:08
M 5002 1836 -16902 16:25:08
M 4948 1802 -16924 16:25:08
M 5024 1876 -16907 16:25:08
M 4996 1858 -16921 16:25:08
M 4946 1856 -16936 16:25:08
M 4978 1864 -16932 16:25:08
M 4972 1838 -16912 16:25:08
M 4962 1836 -16904 16:25:08
M 4974 1852 -16885 16:25:08
M 4988 1858 -16934 16:25:08
M 4976 1858 -16909 16:25:08
M 4952 1860 -16887 16:25:08
M 4970 1880 -16901 16:25:08
M 4970 1842 -16912 16:25:08
M 4974 1842 -16903 16:25:08
M 4944 1826 -16867 16:25:08
M 4944 1868 -16900 16:25:08
M 4974 1800 -16902 16:25:08
M 4956 1844 -16888 16:25:08
M 4958 1856 -16879 16:25:08
M 4950 1870 -16912 16:25:08
M 4942 1842 -16851 16:25:08
M 4982 1846 -16880 16:25:08
M 4956 1804 -16883 16:25:08
M 4986 1848 -16847 16:25:08
M 5004 1846 -16909 16:25:08
M 4966 1856 -16931 16:25:08
M 4944 1788 -16958 16:25:08
M 4966 1854 -16854 16:25:08
M 4918 1822 -16906 16:25:08
M 4922 1836 -16887 16:25:08
M 4952 1820 -16841 16:25:08
M 4946 1818 -16866 16:25:08
M 4960 1848 -16667 16:25:08
M 4946 1828 -16860 16:25:08
M 4916 1872 -16858 16:25:08
M 4986 1826 -16898 16:25:08
O 212 276 37 16:25:08
M 4928 1788 -16824 16:25:08
M 4928 1850 -16888 16:25:08
M 4920 1788 -16860 16:25:08
M 4910 1788 -16651 16:25:08
M 4920 1848 -16844 16:25:08
M 4946 1828 -16853 16:25:08
M 4924 1804 -16803 16:25:08
M 4902 1856 -16860 16:25:08
M 4924 1828 -16832 16:25:08
M 4908 1826 -16815 16:25:08
M 4898 1852 -16833 16:25:08
M 4892 1824 -16876 16:25:08
M 4886 1832 -16861 16:25:08
M 4900 1854 -16875 16:25:08
M 4878 1830 -16846 16:25:08
M 4916 1806 -16839 16:25:08
M 4896 1812 -16859 16:25:08
M 4920 1828 -16842 16:25:08
M 4918 1800 -16860 16:25:08
M 4910 1856 -16891 16:25:08
M 4924 1808 -16865 16:25:08
M 4890 1832 -16840 16:25:08
M 4904 1794 -16862 16:25:08
M 4884 1772 -16861 16:25:08
M 4916 1804 -16882 16:25:08
M 4930 1828 -16868 16:25:08
M 4898 1794 -16878 16:25:08
M 4978 1838 -16895 16:25:08
M 4910 1820 -16806 16:25:08
M 4900 1816 -16802 16:25:08
M 4912 1820 -16906 16:25:08
M 4912 1800 -16865 16:25:08
M 4926 1812 -16871 16:25:08
M 4896 1820 -16911 16:25:08
M 4906 1784 -16903 16:25:08
M 4866 1826 -16842 16:25:08
M 4920 1816 -16859 16:25:08
M 4904 1846 -16868 16:25:08
M 4912 1824 -16900 16:25:08
M 4908 1818 -16843 16:25:08
M 4876 1824 -16943 16:25:08
M 4910 1832 -16916 16:25:08
M 4888 1804 -16844 16:25:08
M 4898 1816 -16931 16:25:08
M 4916 1866 -16908 16:25:08
M 4884 1826 -16892 16:25:08
M 4932 1834 -16936 16:25:08
M 4918 1848 -16930 16:25:08
M 4890 1804 -16938 16:25:08
M 4880 1854 -16857 16:25:08
M 4926 1788 -16943 16:25:08
M 4888 1832 -16922 16:25:08
M 4874 1852 -16918 16:25:08
M 4898 1854 -16859 16:25:08
M 4886 1808 -16897 16:25:08
M 4946 1802 -16956 16:25:08
M 4904 1808 -16930 16:25:08
M 4964 1846 -16966 16:25:08
M 4914 1826 -16912 16:25:08
M 4888 1824 -16874 16:25:08
M 4924 1854 -16942 16:25:08
M 4934 1802 -16918 16:25:08
M 4890 1846 -16956 16:25:08
M 4904 1778 -16903 16:25:08
M 4940 1810 -16920 16:25:08
M 4872 1808 -16906 16:25:08
M 4892 1842 -16920 16:25:08
M 4924 1800 -16864 16:25:08
M 4916 1810 -16925 16:25:08
M 4892 1786 -16880 16:25:08
M 4938 1792 -16957 16:25:08
M 4924 1822 -16889 16:25:08
M 4892 1820 -16913 16:25:08
M 4940 1798 -16926 16:25:08
M 4920 1804 -16899 16:25:08
M 4964 1832 -16882 16:25:08
M 4934 1830 -16961 16:25:08
M 4936 1814 -16953 16:25:08
M 4868 1830 -16837 16:25:08
M 4874 1806 -16853 16:25:08
M 4910 1806 -16853 16:25:08
M 4932 1782 -16878 16:25:08
M 4906 1820 -16890 16:25:08
M 4888 1838 -16890 16:25:08
M 4920 1824 -17104 16:25:08
M 4900 1830 -16906 16:25:08
M 4918 1818 -16895 16:25:08
M 4902 1794 -16909 16:25:08
M 4928 1818 -16835 16:25:08
M 4896 1828 -16889 16:25:08
M 4932 1798 -16902 16:25:08
M 4912 1852 -16976 16:25:08
M 4896 1828 -16996 16:25:08
M 4888 1822 -16846 16:25:08
M 4920 1844 -16910 16:25:08
M 4894 1812 -16976 16:25:08
M 4928 1840 -16922 16:25:08
M 4944 1824 -16837 16:25:08
M 4940 1858 -16875 16:25:08
M 4926 1864 -16962 16:25:08
O 212 271 37 16:25:08
M 4866 1872 -16972 16:25:08
M 4908 1870 -16914 16:25:08
M 4856 1836 -16968 16:25:08
M 4888 1858 -16915 16:25:08
M 4894 1846 -16952 16:25:08
M 4848 1880 -16934 16:25:08
M 4884 1882 -16987 16:25:08
M 4890 1786 -16897 16:25:08
M 4922 1818 -16970 16:25:08
M 4940 1850 -16929 16:25:08
M 4896 1882 -16884 16:25:08
M 4850 1872 -16980 16:25:08
M 4848 1854 -16989 16:25:08
M 4886 1834 -16918 16:25:08
M 4894 1778 -16940 16:25:08
M 4884 1814 -16903 16:25:08
M 4910 1836 -16953 16:25:08
M 4896 1862 -16925 16:25:08
M 4892 1866 -16908 16:25:08
M 4894 1874 -16905 16:25:08
M 4882 1812 -16909 16:25:08
M 4860 1828 -16934 16:25:08
M 4934 1816 -16850 16:25:08
M 4906 1842 -16965 16:25:08
M 4840 1838 -16926 16:25:08
M 4882 1864 -16909 16:25:08
M 4890 1862 -16943 16:25:08
M 4888 1860 -16927 16:25:08
M 4866 1840 -16915 16:25:08
M 4856 1838 -16964 16:25:08
M 4878 1824 -16913 16:25:08
M 4872 1848 -16942 16:25:08
M 4896 1794 -16932 16:25:08
M 4876 1860 -16920 16:25:08
M 4888 1834 -16888 16:25:08
M 4888 1812 -16928 16:25:08
M 4886 1852 -16893 16:25:08
M 4900 1820 -16907 16:25:08
M 4866 1800 -16925 16:25:08
M 4894 1812 -16971 16:25:08
M 4882 1836 -16915 16:25:08
M 4908 1818 -16925 16:25:08
M 4868 1800 -16887 16:25:08
M 4892 1836 -16901 16:25:08
M 4860 1854 -16930 16:25:08
M 4802 1848 -16907 16:25:08
M 4864 1816 -16926 16:25:08
M 4870 1788 -16905 16:25:08
M 4878 1828 -16981 16:25:08
M 4886 1862 -16910 16:25:08
M 4894 1836 -16923 16:25:08
M 4886 2038 -16969 16:25:08
M 4864 1824 -16928 16:25:08
M 5110 1842 -16957 16:25:08
M 4896 1792 -16957 16:25:08
M 4876 1796 -16977 16:25:08
M 4860 1806 -16953 16:25:08
M 4906 1784 -16940 16:25:08
M 4888 1802 -16935 16:25:08
M 4900 1818 -16922 16:25:08
M 4876 1800 -16952 16:25:08
M 4860 1806 -16925 16:25:08
M 4920 1806 -16905 16:25:08
M 4880 1812 -16891 16:25:08
M 4924 1784 -16926 16:25:08
M 4890 1810 -16937 16:25:08
M 4880 1816 -16992 16:25:08
M 4872 1846 -16923 16:25:08
M 4862 1844 -16889 16:25:08
M 4886 1782 -16927 16:25:08
M 4908 1818 -16947 16:25:08
M 4880 1826 -16913 16:25:08
M 4886 1810 -16951 16:25:08
M 4886 1846 -17004 16:25:08
M 4886 1820 -16946 16:25:08
M 4958 1822 -16942 16:25:08
M 4938 1814 -16957 16:25:08
M 4864 1808 -16967 16:25:08
M 4888 1882 -16964 16:25:08
M 4898 1812 -16968 16:25:08
M 4858 1822 -16917 16:25:08
M 4884 1792 -17013 16:25:08
M 4902 1818 -16972 16:25:08
M 4872 1792 -16972 16:25:08
M 4898 1890 -16988 16:25:08
M 4914 1826 -16909 16:25:08
M 4896 1834 -16989 16:25:08
M 4882 1864 -16956 16:25:08
M 4892 1788 -16925 16:25:08
M 4858 1810 -16889 16:25:08
M 4864 1822 -16890 16:25:08
M 4914 1866 -16900 16:25:08
M 4866 1818 -16883 16:25:08
M 4882 1834 -16925 16:25:08
M 4890 1776 -16860 16:25:08
M 4906 1778 -16887 16:25:08
M 4862 1828 -16969 16:25:08
M 4900 1828 -16931 16:25:08
M 4902 1806 -16937 16:25:08
M 4860 1842 -16906 16:25:08
O 212 266 37 16:25:08
M 4846 1834 -16884 16:25:08
M 4836 1816 -16926 16:25:08
M 4882 1782 -16870 16:25:08
M 4808 1768 -16653 16:25:08
M 4890 1842 -16881 16:25:08
M 4860 1808 -16940 16:25:08
M 4934 1804 -16976 16:25:08
M 4870 1792 -16965 16:25:08
M 4814 1826 -16941 16:25:08
M 4834 1780 -16920 16:25:08
M 4852 1796 -16960 16:25:08
M 4910 1736 -16922 16:25:08
M 4868 1844 -16926 16:25:08
M 4892 1826 -16910 16:25:08
M 4864 1826 -16827 16:25:08
M 4888 1812 -16985 16:25:08
M 4862 1792 -16919 16:25:08
M 4888 1824 -16916 16:25:08
M 4890 1806 -16892 16:25:08
M 4858 1786 -16871 16:25:08
M 4884 1806 -16918 16:25:08
M 4862 1786 -16958 16:25:08
M 4846 1784 -16893 16:25:08
M 4872 1768 -16923 16:25:08
M 4886 1790 -16905 16:25:08
M 4900 1814 -16890 16:25:08
M 4900 1802 -16905 16:25:08
M 4886 1796 -16878 16:25:08
M 4898 1846 -16927 16:25:08
M 4872 1808 -16894 16:25:08
M 4886 1804 -16909 16:25:08
M 4892 1760 -16922 16:25:08
M 4918 1814 -16900 16:25:08
M 4870 1772 -16909 16:25:08
M 4860 1830 -16926 16:25:08
M 4910 1822 -16861 16:25:08
M 4896 1842 -16948 16:25:08
M 4914 1822 -16882 16:25:08
M 4918 1822 -16918 16:25:08
M 4888 1848 -16927 16:25:08
M 4878 1846 -16936 16:25:08
M 4850 1842 -16895 16:25:08
M 5110 1828 -16885 16:25:08
M 4830 1814 -16964 16:25:08
M 4916 1804 -16926 16:25:08
M 4870 1808 -16930 16:25:08
M 4866 1824 -16884 16:25:08
M 4872 1848 -16863 16:25:08
M 4830 1844 -16908 16:25:08
M 4924 1826 -16856 16:25:08
M 4868 1814 -16945 16:25:08
M 4874 1846 -16893 16:25:08
M 4864 1836 -16908 16:25:08
M 4900 1806 -16886 16:25:08
M 4846 1776 -16903 16:25:08
M 4866 1812 -16894 16:25:08
M 4854 1796 -16957 16:25:08
M 4852 1802 -16872 16:25:08
M 4866 1814 -16891 16:25:08
M 4868 1810 -16906 16:25:08
M 4836 1778 -16965 16:25:08
M 4900 1796 -16883 16:25:08
M 4898 1766 -16883 16:25:08
M 4870 1844 -16829 16:25:08
M 4876 1848 -16943 16:25:08
M 4888 1876 -16883 16:25:08
M 4856 1850 -16908 16:25:08
M 4858 1850 -16867 16:25:08
M 4856 1818 -16842 16:25:08
M 4864 1778 -16931 16:25:08
M 4890 1830 -16921 16:25:08
M 4860 1814 -16908 16:25:08
M 4914 1764 -16992 16:25:08
M 4886 1786 -17150 16:25:08
M 4870 1774 -16951 16:25:08
M 4886 1786 -16885 16:25:08
M 4910 1772 -16889 16:25:08
M 4882 1798 -16872 16:25:08
M 4922 1804 -16870 16:25:08
M 4864 1796 -16910 16:25:08
M 4846 1832 -16882 16:25:08
M 4878 1778 -16846 16:25:08
M 4860 1806 -16929 16:25:08
M 4866 1780 -16876 16:25:08
M 4884 1800 -16933 16:25:08
M 4854 1792 -16948 16:25:08
M 4896 1784 -16984 16:25:08
M 4852 1810 -16899 16:25:08
M 4860 1802 -16892 16:25:08
M 4840 1818 -16887 16:25:08
M 4876 1818 -16910 16:25:08
M 4840 1832 -16908 16:25:08
M 4860 1822 -16914 16:25:08
M 4860 1796 -16908 16:25:08
M 4912 1852 -16896 16:25:08
M 4872 1810 -16899 16:25:08
M 4870 1806 -16929 16:25:08
M 4922 1824 -16964 16:25:08
M 4880 1834 -16957 16:25:08
M 4876 1822 -16924 16:25:08
O 212 261 37 16:25:09
M 4832 1776 -16936 16:25:09
M 4836 1838 -16970 16:25:09
M 4816 1758 -16952 16:25:09
M 4856 1776 -16951 16:25:09
M 4858 1786 -16984 16:25:09
M 4882 1754 -16996 16:25:09
M 4844 1770 -16979 16:25:09
M 4850 1800 -16984 16:25:09
M 4862 1810 -16985 16:25:09
M 4848 1816 -16953 16:25:09
M 4850 1830 -16948 16:25:09
M 4882 1836 -16966 16:25:09
M 4850 1804 -16963 16:25:09
M 4834 1762 -16926 16:25:09
M 4870 1810 -16987 16:25:09
M 4934 1796 -16981 16:25:09
M 4880 1778 -16952 16:25:09
M 4844 1776 -16955 16:25:09
M 4858 1776 -16920 16:25:09
M 4856 1802 -16921 16:25:09
M 4840 1768 -16966 16:25:09
M 4862 1818 -16987 16:25:09
M 4828 1804 -16960 16:25:09
M 4836 1734 -16974 16:25:09
M 4848 1742 -16948 16:25:09
M 4878 1756 -17043 16:25:09
M 4838 1784 -16951 16:25:09
M 4856 1810 -16967 16:25:09
M 4806 1784 -16915 16:25:09
M 4846 1788 -16932 16:25:09
M 4854 1784 -16949 16:25:09
M 4844 1772 -16956 16:25:09
M 4836 1748 -16943 16:25:09
M 4846 1804 -16952 16:25:09
M 4846 1818 -16940 16:25:09
M 4818 1788 -16944 16:25:09
M 4828 1806 -16923 16:25:09
M 4846 1790 -16957 16:25:09
M 4840 1750 -17000 16:25:09
M 4866 1826 -16943 16:25:09
M 4802 1816 -17005 16:25:09
M 4852 1820 -16947 16:25:09
M 4836 1788 -16914 16:25:09
M 4826 1808 -16991 16:25:09
M 4840 1772 -16934 16:25:09
M 4882 1794 -17018 16:25:09
M 4872 1812 -16978 16:25:09
M 4842 1806 -16863 16:25:09
M 4862 1804 -16915 16:25:09
M 4868 1782 -16949 16:25:09
M 4854 1794 -16939 16:25:09
M 4828 1786 -16924 16:25:09
M 4838 1746 -16926 16:25:09
M 4912 1748 -16874 16:25:09
M 5106 1760 -16889 16:25:09
M 4898 1768 -16901 16:25:09
M 4870 1754 -16875 16:25:09
M 4824 1766 -16872 16:25:09
M 4830 1728 -16895 16:25:09
M 4864 1782 -16865 16:25:09
M 4834 1778 -16938 16:25:09
M 4876 1752 -16935 16:25:09
M 4842 1792 -16981 16:25:09
M 4848 1748 -16910 16:25:09
M 4872 2032 -16965 16:25:09
M 4894 1772 -16968 16:25:09
M 4874 1766 -17009 16:25:09
M 4902 1790 -16921 16:25:09
M 4900 1764 -16870 16:25:09
M 4910 1820 -16904 16:25:09
M 4874 1758 -16888 16:25:09
M 4874 1720 -16963 16:25:09
M 4930 1752 -16883 16:25:09
M 4890 1746 -16896 16:25:09
M 4884 1752 -16968 16:25:09
M 4846 1748 -16896 16:25:09
M 4846 1738 -16895 16:25:09
M 4842 1758 -16921 16:25:09
M 4840 1742 -16969 16:25:09
M 4868 1748 -16983 16:25:09
M 4882 1792 -16984 16:25:09
M 4848 1762 -16999 16:25:09
M 4904 1800 -16942 16:25:09
M 4874 1726 -16907 16:25:09
M 4892 1734 -16961 16:25:09
M 4880 1778 -16922 16:25:09
M 4866 1728 -16987 16:25:09
M 4876 1766 -16890 16:25:09
M 4872 1800 -16989 16:25:09
M 4866 1778 -16965 16:25:09
M 4892 1788 -16938 16:25:09
M 4864 1762 -16917 16:25:09
M 4864 1732 -16980 16:25:09
M 4812 1726 -16956 16:25:09
M 4860 1764 -16915 16:25:09
M 4842 1782 -16902 16:25:09
M 4906 1752 -16905 16:25:09
M 4880 1810 -16922 16:25:09
M 4898 1796 -17001 16:25:09
M 4846 1788 -16923 16:25:09
O 212 256 37 16:25:09
M 4870 1756 -16890 16:25:09
M 4826 1764 -16891 16:25:09
M 4840 1818 -16912 16:25:09
M 4836 1788 -16915 16:25:09
M 4804 1798 -16966 16:25:09
M 4836 1800 -16966 16:25:09
M 4814 1788 -16919 16:25:09
M 4842 1758 -16942 16:25:09
M 4854 1778 -16928 16:25:09
M 4836 1776 -16902 16:25:09
M 4830 1788 -16923 16:25:09
M 4872 1790 -16963 16:25:09
M 4820 1736 -16916 16:25:09
M 4844 1764 -16904 16:25:09
M 4870 1778 -16917 16:25:09
M 4818 1736 -16955 16:25:09
M 4842 1782 -16935 16:25:09
M 4832 1774 -16901 16:25:09
M 4818 1774 -16944 16:25:09
M 4832 1774 -17007 16:25:09
M 4854 1750 -16924 16:25:09
M 4792 1772 -16926 16:25:09
M 4808 1774 -16945 16:25:09
M 4794 1782 -16846 16:25:09
M 4876 1760 -16908 16:25:09
M 4816 1782 -16856 16:25:09
M 4856 1758 -16916 16:25:09
M 4764 1778 -16967 16:25:09
M 4818 1764 -16883 16:25:09
M 4790 1740 -16964 16:25:09
M 4796 1780 -16954 16:25:09
M 4834 1786 -16871 16:25:09
M 4836 1756 -16918 16:25:09
M 4816 1728 -16875 16:25:09
M 4776 1746 -16906 16:25:09
M 4808 1788 -16923 16:25:09
M 4796 1780 -16878 16:25:09
M 4792 1760 -16983 16:25:09
M 4786 1804 -16976 16:25:09
M 4812 1772 -16876 16:25:09
M 4830 1776 -16699 16:25:09
M 4822 1780 -16970 16:25:09
M 4788 1740 -16954 16:25:09
M 4788 1764 -16935 16:25:09
M 4818 1768 -16894 16:25:09
M 4826 1784 -16889 16:25:09
M 4886 1778 -16845 16:25:09
M 4854 1740 -16965 16:25:09
M 4844 1768 -16936 16:25:09
M 4886 1778 -16924 16:25:09
M 4856 1754 -16937 16:25:09
M 4856 1732 -16947 16:25:09
M 4844 1748 -16984 16:25:09
M 4782 1724 -16942 16:25:09
M 4820 1778 -16960 16:25:09
M 4830 1796 -16961 16:25:09
M 4848 1808 -16930 16:25:09
M 4830 1812 -16970 16:25:09
M 4816 1782 -16917 16:25:09
M 4780 1770 -16917 16:25:09
M 4820 1738 -16859 16:25:09
M 4798 1748 -16962 16:25:09
M 4838 1774 -16946 16:25:09
M 4844 1766 -16898 16:25:09
M 4844 1802 -16934 16:25:09
M 4840 1762 -16966 16:25:09
M 4848 1766 -17012 16:25:09
M 4800 1778 -16909 16:25:09
M 4824 1786 -16999 16:25:09
M 4850 1782 -16961 16:25:09
M 4856 1782 -16906 16:25:09
M 4822 1768 -16889 16:25:09
M 4848 1766 -16957 16:25:09
M 4852 1740 -16916 16:25:09
M 4860 1726 -16961 16:25:09
M 4850 1806 -16672 16:25:09
M 4830 1766 -16928 16:25:09
M 4818 1802 -16883 16:25:09
M 4834 1760 -16924 16:25:09
M 4820 1786 -16958 16:25:09
M 4832 1768 -16881 16:25:09
M 4798 1758 -16976 16:25:09
M 4794 1742 -16977 16:25:09
M 4808 1726 -16881 16:25:09
M 4826 1758 -16945 16:25:09
M 4838 1796 -16950 16:25:09
M 4822 1738 -16909 16:25:09
M 4820 1766 -16939 16:25:09
M 4792 1770 -16900 16:25:09
M 4830 1748 -16937 16:25:09
M 4804 1796 -16916 16:25:09
M 4776 1806 -16852 16:25:09
M 4762 1778 -16966 16:25:09
M 4784 1776 -16958 16:25:09
M 4810 1776 -16881 16:25:09
M 4800 1758 -16912 16:25:09
M 4792 1780 -16948 16:25:09
M 4834 1808 -16936 16:25:09
M 4780 1764 -16909 16:25:09
M 4814 1768 -16987 16:25:09
O 212 251 37 16:25:09
M 4714 1732 -16889 16:25:09
M 4756 1802 -16896 16:25:09
M 4800 1784 -16975 16:25:09
M 4782 1770 -17017 16:25:09
M 4770 1774 -16935 16:25:09
M 4760 1776 -16986 16:25:09
M 4766 1794 -16946 16:25:09
M 4778 1792 -16904 16:25:09
M 4764 1782 -16889 16:25:09
M 4782 1758 -16925 16:25:09
M 4760 1816 -16935 16:25:09
M 4776 1814 -16891 16:25:09
M 4782 1760 -16966 16:25:09
M 4800 1766 -16982 16:25:09
M 4800 1774 -16959 16:25:09
M 4796 1824 -16905 16:25:09
M 4794 1806 -17020 16:25:09
M 4744 1810 -16947 16:25:09
M 4806 1782 -16929 16:25:09
M 4746 1794 -16874 16:25:09
M 4764 1814 -16954 16:25:09
M 4762 1790 -16955 16:25:09
M 4754 1788 -16983 16:25:09
M 4768 1784 -16908 16:25:09
M 4762 1820 -16979 16:25:09
M 4738 1776 -16987 16:25:09
M 4734 1776 -16988 16:25:09
M 4734 1808 -16954 16:25:09
M 4774 1798 -16941 16:25:09
M 4756 1772 -16963 16:25:09
M 4780 1796 -16913 16:25:09
M 4806 1814 -16916 16:25:09
M 4784 1788 -16909 16:25:09
M 4774 1804 -16957 16:25:09
M 4784 1850 -16907 16:25:09
M 4774 1826 -16977 16:25:09
M 4752 1822 -16943 16:25:09
M 4792 1752 -16959 16:25:09
M 4796 1802 -16931 16:25:09
M 4804 1778 -16904 16:25:09
M 4780 1832 -16904 16:25:09
M 4766 1770 -16957 16:25:09
M 4828 1822 -16996 16:25:09
M 4820 1790 -16976 16:25:09
M 4828 1820 -16973 16:25:09
M 4780 1798 -16914 16:25:09
M 4786 1810 -16886 16:25:09
M 4786 1800 -16931 16:25:09
M 4794 1798 -16942 16:25:09
M 4774 1836 -16942 16:25:09
M 4822 1828 -16875 16:25:09
M 4794 1808 -16939 16:25:09
M 4800 1798 -16874 16:25:09
M 4818 1802 -16939 16:25:09
M 4780 1796 -16929 16:25:09
M 4742 1786 -16856 16:25:09
M 4752 1808 -16942 16:25:09
M 4776 1808 -16948 16:25:09
M 4772 1812 -16939 16:25:09
M 4806 1776 -16941 16:25:09
M 4732 1808 -16941 16:25:09
M 4768 1804 -16907 16:25:09
M 4754 1798 -16902 16:25:09
M 4772 1818 -16943 16:25:09
M 4740 1768 -16930 16:25:09
M 4788 1814 -16836 16:25:09
M 4764 1770 -16962 16:25:09
M 4802 1812 -16915 16:25:09
M 4776 1800 -16971 16:25:09
M 4776 1812 -16936 16:25:09
M 4818 1798 -16976 16:25:09
M 4758 1790 -16928 16:25:09
M 4736 1804 -16957 16:25:09
M 4774 1790 -16921 16:25:09
M 4780 1792 -16900 16:25:09
M 4810 1782 -16902 16:25:09
M 4780 1818 -16874 16:25:09
M 4742 1776 -16977 16:25:09
M 4802 1790 -16962 16:25:09
M 4760 1804 -16938 16:25:09
M 4754 1806 -16970 16:25:09
M 4838 1784 -16950 16:25:09
M 4788 1802 -16963 16:25:09
M 4798 1806 -16959 16:25:09
M 4716 1778 -16859 16:25:09
M 4740 1790 -16921 16:25:09
M 4766 1798 -16916 16:25:09
M 4744 1768 -17036 16:25:09
M 4792 1794 -16928 16:25:09
M 4766 1772 -16974 16:25:09
M 4744 1788 -16917 16:25:09
M 4776 1830 -16954 16:25:09
M 4768 1764 -16903 16:25:09
M 4776 1816 -16986 16:25:09
M 4800 1742 -16931 16:25:09
M 4736 1778 -16956 16:25:09
M 4768 1734 -16895 16:25:09
M 4724 1780 -16978 16:25:09
M 4770 1730 -16969 16:25:09
M 4752 1754 -16949 16:25:09
O 212 246 37 16:25:10
M 4742 1780 -17010 16:25:10
M 4736 1792 -17107 16:25:10
M 4756 1826 -17032 16:25:10
M 4722 1766 -16985 16:25:10
M 4710 1818 -17047 16:25:10
M 4676 1740 -17074 16:25:10
M 4740 1726 -17001 16:25:10
M 4736 1714 -16982 16:25:10
M 4696 1776 -16980 16:25:10
M 4754 1756 -17093 16:25:10
M 4744 1756 -16963 16:25:10
M 4744 1774 -16973 16:25:10
M 4738 1752 -16997 16:25:10
M 4804 1770 -16977 16:25:10
M 4752 1742 -17016 16:25:10
M 4662 1734 -17035 16:25:10
M 4716 1734 -17008 16:25:10
M 4734 1766 -17007 16:25:10
M 4740 1694 -16949 16:25:10
M 4740 1764 -17010 16:25:10
M 4748 1732 -17032 16:25:10
M 4784 1758 -16947 16:25:10
M 4724 1734 -16950 16:25:10
M 4730 1734 -16971 16:25:10
M 4750 1776 -17008 16:25:10
M 4778 1782 -16958 16:25:10
M 4750 1760 -17028 16:25:10
M 4752 1780 -16930 16:25:10
M 4714 1774 -16996 16:25:10
M 4748 1776 -17007 16:25:10
M 4746 1760 -16960 16:25:10
M 4742 1764 -16941 16:25:10
M 4736 1782 -17034 16:25:10
M 4732 1748 -17006 16:25:10
M 4676 1780 -17011 16:25:10
M 4696 1736 -17053 16:25:10
M 4710 1778 -17034 16:25:10
M 4712 1742 -16955 16:25:10
M 4708 1786 -16991 16:25:10
M 4668 1748 -16958 16:25:10
M 4678 1770 -17011 16:25:10
M 4690 1770 -16965 16:25:10
M 4698 1772 -17000 16:25:10
M 4714 1740 -16976 16:25:10
M 4748 2018 -17052 16:25:10
M 4676 1786 -16956 16:25:10
M 4706 1772 -16993 16:25:10
M 4726 1806 -16994 16:25:10
M 4750 1784 -17015 16:25:10
M 4792 1780 -17006 16:25:10
M 4768 1750 -17014 16:25:10
M 4722 1776 -16965 16:25:10
M 4726 1770 -16918 16:25:10
M 4760 1766 -16958 16:25:10
M 4762 1750 -16926 16:25:10
M 4756 1776 -16997 16:25:10
M 4724 1780 -16919 16:25:10
M 4760 1738 -16978 16:25:10
M 4730 1750 -16946 16:25:10
M 4778 1784 -16959 16:25:10
M 4750 1792 -16964 16:25:10
M 4762 1788 -16994 16:25:10
M 4758 1796 -16937 16:25:10
M 4730 1770 -16990 16:25:10
M 4730 1804 -16968 16:25:10
M 4748 1762 -16961 16:25:10
M 4760 1798 -16937 16:25:10
M 4678 1788 -16958 16:25:10
M 4728 1740 -17062 16:25:10
M 4742 1746 -16968 16:25:10
M 4740 1768 -16994 16:25:10
M 4744 1698 -16923 16:25:10
M 4774 1804 -16963 16:25:10
M 4748 1750 -16997 16:25:10
M 4768 1740 -17006 16:25:10
M 4730 1770 -17001 16:25:10
M 4752 1752 -16990 16:25:10
M 4768 1762 -16972 16:25:10
M 4748 1762 -17009 16:25:10
M 4764 1782 -16976 16:25:10
M 4704 1744 -16918 16:25:10
M 4718 1778 -16999 16:25:10
M 4772 1734 -16993 16:25:10
M 4758 1740 -16933 16:25:10
M 4726 1786 -16983 16:25:10
M 4732 1740 -17006 16:25:10
M 4712 1760 -17017 16:25:10
M 4754 1784 -16955 16:25:10
M 4728 1758 -17018 16:25:10
M 4720 1768 -16927 16:25:10
M 4672 1776 -16971 16:25:10
M 4730 1772 -17028 16:25:10
M 4744 1832 -17012 16:25:10
M 4718 1778 -16922 16:25:10
M 4712 1790 -16919 16:25:10
M 4756 1780 -17029 16:25:10
M 4692 1780 -17057 16:25:10
M 4718 1814 -16954 16:25:10
M 4744 1770 -16970 16:25:10
M 4734 1768 -17015 16:25:10
O 212 241 37 16:25:10
M 4686 1754 -16960 16:25:10
M 4702 1748 -17011 16:25:10
M 4660 1752 -17010 16:25:10
M 4674 1722 -17020 16:25:10
M 4644 1744 -17017 16:25:10
M 4668 1770 -16952 16:25:10
M 4664 1770 -17024 16:25:10
M 4688 1732 -17007 16:25:10
M 4702 1746 -17051 16:25:10
M 4716 1752 -16950 16:25:10
M 4716 1754 -17029 16:25:10
M 4688 1746 -17077 16:25:10
M 4712 1730 -16980 16:25:10
M 4712 1724 -17017 16:25:10
M 4722 1736 -17013 16:25:10
M 4740 1752 -17004 16:25:10
M 4734 1744 -17014 16:25:10
M 4726 1758 -16988 16:25:10
M 4692 1794 -16976 16:25:10
M 4686 1776 -17034 16:25:10
M 4672 1756 -17033 16:25:10
M 4686 1722 -17020 16:25:10
M 4704 1742 -17023 16:25:10
M 4718 1768 -16978 16:25:10
M 4694 1744 -17029 16:25:10
M 4686 1776 -17020 16:25:10
M 4702 1782 -16973 16:25:10
M 4690 1712 -16941 16:25:10
M 4700 1798 -16997 16:25:10
M 4730 1732 -17003 16:25:10
M 4696 1758 -17000 16:25:10
M 4718 1734 -16911 16:25:10
M 4696 1736 -17064 16:25:10
M 4698 1752 -17038 16:25:10
M 4728 1780 -17031 16:25:10
M 4682 1826 -16997 16:25:10
M 4754 1794 -17058 16:25:10
M 4704 1744 -17112 16:25:10
M 4716 1716 -16971 16:25:10
M 4712 1778 -17034 16:25:10
M 4702 1714 -17038 16:25:10
M 4688 1740 -16988 16:25:10
M 4728 1696 -17005 16:25:10
M 4748 1742 -17009 16:25:10
M 4694 1760 -17002 16:25:10
M 4728 1752 -16979 16:25:10
M 4742 1718 -17001 16:25:10
M 4724 1728 -17024 16:25:10
M 4714 1736 -17009 16:25:10
M 4744 1790 -17049 16:25:10
M 4736 1778 -16972 16:25:10
M 4704 1724 -17040 16:25:10
M 4712 1750 -17026 16:25:10
M 4664 1740 -16984 16:25:10
M 4712 1798 -17052 16:25:10
M 4712 1754 -16979 16:25:10
M 4724 1758 -17059 16:25:10
M 4736 1756 -17020 16:25:10
M 4676 1738 -17030 16:25:10
M 4716 1770 -16978 16:25:10
M 4718 1770 -17028 16:25:10
M 4726 1748 -16992 16:25:10
M 4712 1800 -16948 16:25:10
M 4738 1810 -17015 16:25:10
M 4720 1728 -16972 16:25:10
M 4720 1754 -16948 16:25:10
M 4738 1758 -16952 16:25:10
M 4718 1770 -16968 16:25:10
M 4670 1780 -17003 16:25:10
M 4742 1746 -17009 16:25:10
M 4728 1782 -16962 16:25:10
M 4704 1742 -16991 16:25:10
M 4716 1752 -16933 16:25:10
M 4716 1732 -16928 16:25:10
M 4716 1798 -16985 16:25:10
M 4736 1734 -16991 16:25:10
M 4720 1796 -16971 16:25:10
M 4742 1762 -16978 16:25:10
M 4684 1764 -17042 16:25:10
M 4704 1734 -16964 16:25:10
M 4750 1716 -17020 16:25:10
M 4736 1740 -17012 16:25:10
M 4678 1742 -16996 16:25:10
M 4722 1710 -17013 16:25:10
M 4658 1730 -17007 16:25:10
M 4738 1708 -16973 16:25:10
M 4712 1718 -16962 16:25:10
M 4712 1754 -17000 16:25:10
M 4744 1724 -17025 16:25:10
M 4738 1778 -16962 16:25:10
M 4654 1758 -17004 16:25:10
M 4696 1732 -16968 16:25:10
M 4720 1766 -16983 16:25:10
M 4738 1722 -17014 16:25:10
M 4722 1740 -16926 16:25:10
M 4738 1754 -16957 16:25:10
M 4726 1788 -17039 16:25:10
M 4726 1772 -17010 16:25:10
M 4726 1758 -17005 16:25:10
M 4724 1720 -17020 16:25:10
O 212 236 37 16:25:10
M 4616 1750 -16985 16:25:10
M 4600 1746 -17024 16:25:10
M 4638 1762 -17005 16:25:10
M 4672 1746 -17015 16:25:10
M 4612 1752 -17053 16:25:10
M 4640 1776 -17019 16:25:10
M 4674 1764 -17056 16:25:10
M 4670 1750 -17007 16:25:10
M 4684 1738 -17028 16:25:10
M 4630 1744 -17018 16:25:10
M 4662 1780 -16939 16:25:10
M 4654 1758 -17016 16:25:10
M 4638 1752 -17003 16:25:10
M 4644 1832 -17005 16:25:10
M 4672 1758 -17030 16:25:10
M 4630 1770 -17010 16:25:10
M 4614 1754 -17031 16:25:10
M 4658 1760 -17038 16:25:10
M 4652 1792 -17019 16:25:10
M 4690 1790 -16992 16:25:10
M 4686 1788 -16993 16:25:10
M 4702 1780 -17036 16:25:10
M 4732 1752 -17035 16:25:10
M 4710 1784 -17060 16:25:10
M 4730 1792 -16965 16:25:10
M 4696 1754 -17011 16:25:10
M 4634 1756 -16970 16:25:10
M 4656 1794 -17017 16:25:10
M 4692 1788 -17013 16:25:10
M 4658 1784 -17003 16:25:10
M 4662 1776 -16988 16:25:10
M 4644 1764 -17044 16:25:10
M 4634 1726 -17071 16:25:10
M 4634 1796 -17036 16:25:10
M 4702 1762 -17036 16:25:10
M 4618 1740 -17053 16:25:10
M 4656 1718 -17035 16:25:10
M 4652 1782 -17017 16:25:10
M 4662 1706 -17015 16:25:10
M 4644 1772 -17052 16:25:10
M 4704 1764 -17082 16:25:10
M 4696 1776 -17084 16:25:10
M 4736 1800 -17072 16:25:10
M 4736 1826 -17049 16:25:10
M 4686 1754 -17007 16:25:10
M 4672 1756 -17024 16:25:10
M 4716 1720 -17046 16:25:10
M 4648 1732 -17038 16:25:10
M 4682 1806 -17006 16:25:10
M 4646 1792 -17097 16:25:10
M 4656 1792 -16995 16:25:10
M 4676 1766 -17040 16:25:10
M 4686 1758 -17101 16:25:10
M 4620 1744 -17049 16:25:10
M 4648 1822 -17095 16:25:10
M 4646 1768 -17056 16:25:10
M 4674 1774 -17058 16:25:10
M 4682 1768 -17083 16:25:10
M 4716 1748 -17035 16:25:10
M 4698 1784 -17055 16:25:10
M 4678 1770 -17042 16:25:10
M 4616 1768 -17032 16:25:10
M 4696 1780 -17000 16:25:10
M 4698 1780 -17046 16:25:10
M 4652 1832 -17019 16:25:10
M 4626 1754 -17059 16:25:10
M 4660 1770 -16995 16:25:10
M 4682 1784 -17019 16:25:10
M 4708 1774 -17099 16:25:10
M 4688 1798 -17026 16:25:10
M 4698 1726 -17035 16:25:10
M 4680 1784 -16982 16:25:10
M 4642 1796 -17024 16:25:10
M 4680 1814 -17089 16:25:10
M 4688 1798 -17101 16:25:10
M 4666 1788 -17061 16:25:10
M 4702 1754 -17106 16:25:10
M 4676 1774 -17068 16:25:10
M 4684 1794 -17056 16:25:10
M 4616 1758 -17009 16:25:10
M 4646 1790 -17013 16:25:10
M 4692 1772 -17031 16:25:10
M 4682 1800 -17008 16:25:10
M 4718 1766 -17042 16:25:10
M 4680 1758 -16988 16:25:10
M 4664 1792 -17059 16:25:10
M 4640 1746 -17015 16:25:10
M 4682 1802 -17024 16:25:10
M 4686 1768 -17021 16:25:10
M 4698 1732 -17021 16:25:10
M 4662 1768 -17024 16:25:10
M 4648 1806 -17102 16:25:10
M 4640 1832 -17090 16:25:10
M 4666 1758 -17090 16:25:10
M 4670 1772 -17013 16:25:10
M 4672 1796 -17012 16:25:10
M 4700 1800 -17017 16:25:10
M 4674 1766 -16992 16:25:10
M 4662 1776 -17078 16:25:10
M 4692 1776 -16981 16:25:10
O 212 231 37 16:25:10
M 4616 1742 -17051 16:25:10
M 4672 1776 -17017 16:25:10
M 4640 1782 -17004 16:25:10
M 4634 1812 -17032 16:25:10
M 4650 1800 -17051 16:25:11
M 4658 1804 -17064 16:25:11
M 4648 1788 -17001 16:25:11
M 4636 1784 -16965 16:25:11
M 4702 1798 -17057 16:25:11
M 4650 1802 -16985 16:25:11
M 4612 1838 -17042 16:25:11
M 4670 1814 -16957 16:25:11
M 4662 1798 -16984 16:25:11
M 4682 1800 -16985 16:25:11
M 4706 1794 -16979 16:25:11
M 4634 1746 -17030 16:25:11
M 4626 1824 -17038 16:25:11
M 4664 1778 -17069 16:25:11
M 4664 1794 -17040 16:25:11
M 4678 1772 -17013 16:25:11
M 4670 1812 -17047 16:25:11
M 4664 2042 -17048 16:25:11
M 4644 1800 -17018 16:25:11
M 4652 1812 -17027 16:25:11
M 4630 1778 -17014 16:25:11
M 4628 1746 -16995 16:25:11
M 4642 1818 -17047 16:25:11
M 4652 1798 -17024 16:25:11
M 4636 1762 -17040 16:25:11
M 4634 1732 -16987 16:25:11
M 4646 1708 -16995 16:25:11
M 4648 1786 -17100 16:25:11
M 4618 1750 -17095 16:25:11
M 4644 1806 -17019 16:25:11
M 4660 1772 -16999 16:25:11
M 4670 1758 -17036 16:25:11
M 4632 1798 -16982 16:25:11
M 4634 1778 -17047 16:25:11
M 4628 1758 -17044 16:25:11
M 4622 1752 -17055 16:25:11
M 4640 1802 -17091 16:25:11
M 4648 1770 -17078 16:25:11
M 4640 1760 -17013 16:25:11
M 4680 1780 -17031 16:25:11
M 4666 1784 -16984 16:25:11
M 4620 1758 -16992 16:25:11
M 4628 1774 -17066 16:25:11
M 4656 1794 -17033 16:25:11
M 4682 1816 -17055 16:25:11
M 4636 1766 -17031 16:25:11
M 4638 1758 -17058 16:25:11
M 4616 1782 -16995 16:25:11
M 4714 1796 -17011 16:25:11
M 4704 1808 -17006 16:25:11
M 4664 1816 -17061 16:25:11
M 4656 1766 -17038 16:25:11
M 4678 1800 -16993 16:25:11
M 4658 1762 -17015 16:25:11
M 4650 1814 -16992 16:25:11
M 4680 1814 -17035 16:25:11
M 4696 1792 -17037 16:25:11
M 4690 1778 -17062 16:25:11
M 4626 1760 -17027 16:25:11
M 4642 1794 -17028 16:25:11
M 4676 1828 -17018 16:25:11
M 4650 1828 -16990 16:25:11
M 4612 1844 -17023 16:25:11
M 4650 1824 -17095 16:25:11
M 4626 1800 -17031 16:25:11
M 4648 1876 -16997 16:25:11
M 4686 1818 -17045 16:25:11
M 4674 1790 -16994 16:25:11
M 4658 1808 -17011 16:25:11
M 4722 1762 -17074 16:25:11
M 4670 1764 -16995 16:25:11
M 4698 1778 -17069 16:25:11
M 4642 1764 -17014 16:25:11
M 4656 1778 -17020 16:25:11
M 4660 1800 -17064 16:25:11
M 4696 1758 -17047 16:25:11
M 4696 1796 -17038 16:25:11
M 4642 1776 -16958 16:25:11
M 4668 1804 -16968 16:25:11
M 4624 1774 -16985 16:25:11
M 4632 1750 -16927 16:25:11
M 4670 1830 -17048 16:25:11
M 4656 1800 -16974 16:25:11
M 4618 1730 -17011 16:25:11
M 4622 1768 -16999 16:25:11
M 4634 1738 -17000 16:25:11
M 4646 1734 -17018 16:25:11
M 4628 1836 -16973 16:25:11
M 4664 1812 -17019 16:25:11
M 4666 1778 -16991 16:25:11
M 4664 1794 -16978 16:25:11
M 4690 1812 -17016 16:25:11
M 4646 1784 -16946 16:25:11
M 4668 1836 -17065 16:25:11
M 4668 1802 -17003 16:25:11
M 4654 1806 -16982 16:25:11
O 212 226 37 16:25:11
M 4612 1794 -17012 16:25:11
M 4646 1804 -17018 16:25:11
M 4614 1798 -17054 16:25:11
M 4630 1818 -17054 16:25:11
M 4628 1806 -17086 16:25:11
M 4656 1782 -17004 16:25:11
M 4630 1814 -17055 16:25:11
M 4622 1798 -17019 16:25:11
M 4610 1832 -17059 16:25:11
M 4628 1766 -17033 16:25:11
M 4582 1808 -17088 16:25:11
M 4636 1834 -16970 16:25:11
M 4834 1768 -17008 16:25:11
M 4600 1850 -17008 16:25:11
M 4550 1796 -17062 16:25:11
M 4612 1854 -17047 16:25:11
M 4594 1838 -17025 16:25:11
M 4608 1850 -17003 16:25:11
M 4610 1812 -17021 16:25:11
M 4610 1816 -17014 16:25:11
M 4596 1822 -17023 16:25:11
M 4602 1810 -17102 16:25:11
M 4614 1804 -17085 16:25:11
M 4552 1816 -17084 16:25:11
M 4650 1770 -17098 16:25:11
M 4632 1768 -17029 16:25:11
M 4592 1788 -17029 16:25:11
M 4646 1818 -17019 16:25:11
M 4648 1830 -17054 16:25:11
M 4614 1770 -17047 16:25:11
M 4596 1782 -17053 16:25:11
M 4604 1762 -17053 16:25:11
M 4600 1798 -16973 16:25:11
M 4610 1786 -17024 16:25:11
M 4586 1782 -17093 16:25:11
M 4620 1750 -17048 16:25:11
M 4586 1794 -17045 16:25:11
M 4628 1782 -17030 16:25:11
M 4624 1756 -17015 16:25:11
M 4602 1790 -16999 16:25:11
M 4620 1776 -17055 16:25:11
M 4588 1770 -17025 16:25:11
M 4592 1784 -17073 16:25:11
M 4632 1772 -16970 16:25:11
M 4640 1770 -17097 16:25:11
M 4648 2024 -17042 16:25:11
M 4588 1800 -17070 16:25:11
M 4606 1836 -17092 16:25:11
M 4606 1816 -17040 16:25:11
M 4602 1780 -17079 16:25:11
M 4592 1816 -17039 16:25:11
M 4594 1820 -17038 16:25:11
M 4606 1830 -17022 16:25:11
M 4586 1808 -17006 16:25:11
M 4594 1806 -16994 16:25:11
M 4598 1824 -17025 16:25:11
M 4608 1794 -17064 16:25:11
M 4632 1818 -17074 16:25:11
M 4554 1772 -17064 16:25:11
M 4568 1760 -17044 16:25:11
M 4586 1804 -17033 16:25:11
M 4692 1816 -17047 16:25:11
M 4624 1788 -17048 16:25:11
M 4604 1818 -17035 16:25:11
M 4630 1832 -17066 16:25:11
M 4594 1812 -16982 16:25:11
M 4560 1798 -17027 16:25:11
M 4594 1804 -17027 16:25:11
M 4608 1812 -17048 16:25:11
M 4590 1806 -17054 16:25:11
M 4570 1806 -17032 16:25:11
M 4614 1802 -17040 16:25:11
M 4644 1800 -17012 16:25:11
M 4640 1788 -17010 16:25:11
M 4622 1830 -17010 16:25:11
M 4584 1806 -17022 16:25:11
M 4618 1778 -16976 16:25:11
M 4644 1824 -17013 16:25:11
M 4568 1822 -17076 16:25:11
M 4588 1834 -17035 16:25:11
M 4572 1816 -17003 16:25:11
M 4594 1782 -17017 16:25:11
M 4580 1830 -16990 16:25:11
M 4564 1824 -17096 16:25:11
M 4570 1830 -17039 16:25:11
M 4578 1848 -17068 16:25:11
M 4578 1820 -17060 16:25:11
M 4624 1826 -16980 16:25:11
M 4590 1760 -17097 16:25:11
M 4600 1802 -17050 16:25:11
M 4628 1830 -17041 16:25:11
M 4592 1826 -17028 16:25:11
M 4578 1792 -17028 16:25:11
M 4594 1838 -17045 16:25:11
M 4524 1824 -17019 16:25:11
M 4568 1820 -17020 16:25:11
M 4594 1752 -17018 16:25:11
M 4578 1808 -17073 16:25:11
M 4546 1756 -17096 16:25:11
M 4592 1762 -17011 16:25:11
O 212 221 37 16:25:11
M 4608 1788 -17059 16:25:11
M 4624 1810 -17039 16:25:11
M 4640 1800 -17091 16:25:11
M 4670 1818 -17082 16:25:11
M 4628 1800 -17061 16:25:11
M 4626 1812 -17047 16:25:11
M 4620 1838 -16974 16:25:11
M 4642 1824 -17055 16:25:11
M 4612 1808 -17087 16:25:11
M 4640 1830 -17356 16:25:11
M 4624 1740 -17080 16:25:11
M 4622 1814 -17108 16:25:11
M 4612 1822 -17125 16:25:11
M 4608 1842 -17105 16:25:11
M 4608 1800 -17112 16:25:11
M 4558 1814 -17081 16:25:11
M 4636 1808 -17043 16:25:11
M 4564 1746 -17127 16:25:11
M 4556 1812 -17082 16:25:11
M 4638 1760 -17050 16:25:11
M 4610 1786 -17085 16:25:11
M 4588 1798 -17063 16:25:11
M 4562 1792 -17042 16:25:11
M 4608 1766 -17059 16:25:11
M 4584 1748 -17079 16:25:11
M 4568 1776 -17062 16:25:11
M 4588 1790 -17010 16:25:11
M 4536 1824 -17072 16:25:11
M 4556 1764 -17001 16:25:11
M 4572 1840 -16997 16:25:11
M 4556 1818 -17070 16:25:11
M 4540 1766 -17074 16:25:11
M 4540 1776 -17110 16:25:11
M 4536 1766 -17046 16:25:11
M 4568 1794 -17033 16:25:11
M 4552 1796 -17048 16:25:11
M 4590 1730 -17017 16:25:11
M 4594 1772 -17036 16:25:11
M 4552 1812 -17089 16:25:11
M 4588 1792 -17036 16:25:11
M 4590 1790 -17091 16:25:11
M 4566 1850 -17054 16:25:11
M 4614 1798 -17060 16:25:11
M 4606 1804 -17034 16:25:11
M 4598 1778 -17042 16:25:11
M 4528 1758 -17053 16:25:11
M 4584 1762 -17058 16:25:11
M 4592 1788 -17094 16:25:11
M 4564 1800 -17022 16:25:11
M 4560 1764 -17093 16:25:11
M 4560 1838 -17086 16:25:11
M 4562 1782 -17054 16:25:11
M 4552 1802 -17062 16:25:11
M 4588 1818 -17082 16:25:11
M 4542 1798 -17005 16:25:11
M 4608 1828 -17028 16:25:11
M 4556 1788 -17048 16:25:11
M 4574 1816 -17054 16:25:11
M 4550 1820 -16977 16:25:11
M 4556 1820 -17035 16:25:11
M 4552 1822 -16996 16:25:11
M 4566 1834 -17057 16:25:11
M 4576 1838 -17034 16:25:11
M 4550 1812 -17040 16:25:11
M 4604 1784 -17000 16:25:11
M 4576 1804 -17030 16:25:11
M 4614 1784 -17036 16:25:11
M 4552 1820 -16979 16:25:11
M 4626 1804 -17049 16:25:11
M 4562 1814 -17053 16:25:11
M 4572 1806 -17079 16:25:11
M 4570 1842 -17026 16:25:11
M 4594 1794 -16999 16:25:11
M 4586 1796 -17071 16:25:11
M 4576 1800 -17076 16:25:11
M 4584 1796 -17015 16:25:11
M 4598 1794 -17030 16:25:11
M 4568 1806 -16991 16:25:11
M 4564 1804 -17005 16:25:11
M 4540 1868 -17025 16:25:11
M 4566 1818 -17068 16:25:11
M 4602 1808 -17059 16:25:11
M 4578 1806 -17035 16:25:11
M 4614 1830 -17027 16:25:11
M 4518 1858 -17057 16:25:11
M 4586 1806 -17081 16:25:11
M 4596 1872 -16983 16:25:11
M 4610 1838 -17051 16:25:11
M 4608 1820 -17057 16:25:11
M 4630 1782 -17017 16:25:11
M 4606 1834 -17097 16:25:11
M 4570 1822 -17029 16:25:11
M 4546 1836 -17029 16:25:11
M 4614 1770 -17059 16:25:11
M 4614 1796 -17081 16:25:11
M 4598 1834 -17036 16:25:11
M 4574 1828 -17026 16:25:11
M 4600 1824 -17103 16:25:11
M 4572 1796 -17079 16:25:11
M 4600 1800 -17017 16:25:11
O 212 216 37 16:25:11
M 4606 1790 -17066 16:25:11
M 4578 1842 -17052 16:25:11
M 4538 1850 -17065 16:25:11
M 4566 1792 -17137 16:25:11
M 4520 1822 -17133 16:25:11
M 4556 1814 -17069 16:25:11
M 4546 1828 -17070 16:25:11
M 4578 1814 -17094 16:25:11
M 4554 1824 -17049 16:25:11
M 4554 1804 -17113 16:25:11
M 4554 1822 -17028 16:25:11
M 4556 1816 -17046 16:25:11
M 4598 1830 -17093 16:25:11
M 4584 1826 -17120 16:25:11
M 4514 1866 -17105 16:25:11
M 4552 1822 -17059 16:25:11
M 4526 1808 -17067 16:25:11
M 4508 1800 -17045 16:25:11
M 4562 1840 -17002 16:25:11
M 4580 1812 -17158 16:25:11
M 4536 1836 -17032 16:25:11
M 4596 1802 -17079 16:25:11
M 4588 1848 -17056 16:25:11
M 4570 1818 -17162 16:25:11
M 4522 1830 -17078 16:25:11
M 4576 1836 -17107 16:25:11
M 4578 1832 -17060 16:25:11
M 4542 1854 -17084 16:25:11
M 4568 1854 -17050 16:25:11
M 4544 1836 -17199 16:25:11
M 4584 1826 -17110 16:25:11
M 4546 1814 -17116 16:25:11
M 4568 1800 -17114 16:25:11
M 4542 1792 -17109 16:25:11
M 4528 1802 -17049 16:25:11
M 4576 1812 -17074 16:25:11
M 4578 1804 -17100 16:25:11
M 4564 1822 -17091 16:25:11
M 4544 1806 -17093 16:25:11
M 4542 1762 -17076 16:25:11
M 4564 1770 -17044 16:25:11
M 4520 1836 -17082 16:25:11
M 4556 1832 -17058 16:25:11
M 4584 1806 -17067 16:25:11
M 4528 1852 -17044 16:25:11
M 4574 1880 -17078 16:25:11
M 4586 1826 -17119 16:25:11
M 4546 1760 -17044 16:25:11
M 4570 1820 -17018 16:25:11
M 4556 1834 -17067 16:25:11
M 4630 1806 -17040 16:25:11
M 4632 1818 -17028 16:25:11
M 4638 1818 -17069 16:25:11
M 4594 1838 -17093 16:25:11
M 4628 1854 -17134 16:25:11
M 4616 1842 -17052 16:25:11
M 4604 1836 -17094 16:25:11
M 4616 1820 -17121 16:25:11
M 4578 1814 -17097 16:25:11
M 4604 1840 -17052 16:25:11
M 4540 1838 -17041 16:25:11
M 4592 1860 -17110 16:25:11
M 4618 1830 -17117 16:25:11
M 4582 1850 -17053 16:25:11
M 4530 1776 -17044 16:25:11
M 4622 1798 -17106 16:25:11
M 4616 1796 -17044 16:25:11
M 4610 1800 -17078 16:25:11
M 4572 1836 -17102 16:25:11
M 4566 1840 -17107 16:25:11
M 4582 1820 -17130 16:25:11
M 4566 1818 -17076 16:25:11
M 4596 1844 -17074 16:25:11
M 4574 1820 -17069 16:25:11
M 4580 1810 -17103 16:25:11
M 4564 1822 -17027 16:25:11
M 4526 1832 -17059 16:25:11
M 4568 1850 -17008 16:25:11
M 4554 1840 -17063 16:25:11
M 4576 1872 -17055 16:25:11
M 4550 1834 -17101 16:25:11
M 4596 1854 -17037 16:25:11
M 4618 1826 -17098 16:25:11
M 4546 1830 -17079 16:25:11
M 4554 1866 -17131 16:25:11
M 4574 1840 -17089 16:25:11
M 4568 1872 -17083 16:25:11
M 4548 1828 -17096 16:25:11
M 4612 1850 -17077 16:25:11
M 4534 1852 -17103 16:25:11
M 4596 1820 -17076 16:25:11
M 4574 1816 -17022 16:25:11
M 4584 1824 -17051 16:25:11
M 4594 1848 -17046 16:25:11
M 4596 1852 -17100 16:25:11
M 4546 1834 -17061 16:25:11
M 4562 1804 -17039 16:25:11
M 4570 1798 -17103 16:25:11
M 4558 1774 -17075 16:25:11
M 4578 1832 -17069 16:25:11
O 212 211 37 16:25:12
M 4472 1834 -17103 16:25:12
M 4518 1882 -17069 16:25:12
M 4510 1866 -17057 16:25:12
M 4514 1846 -17061 16:25:12
M 4432 1854 -17069 16:25:12
M 4506 1848 -17041 16:25:12
M 4512 1834 -17091 16:25:12
M 4530 1812 -17095 16:25:12
M 4482 1842 -17061 16:25:12
M 4516 1864 -17036 16:25:12
M 4440 1862 -16968 16:25:12
M 4478 1824 -17078 16:25:12
M 4432 1826 -17051 16:25:12
M 4466 1820 -17059 16:25:12
M 4506 1842 -17083 16:25:12
M 4492 1852 -17039 16:25:12
M 4526 1822 -17040 16:25:12
M 4480 1860 -17062 16:25:12
M 4508 1836 -16992 16:25:12
M 4510 1854 -17096 16:25:12
M 4498 1826 -17005 16:25:12
M 4534 1868 -17021 16:25:12
M 4522 1868 -17042 16:25:12
M 4498 1902 -17006 16:25:12
M 4510 1906 -17108 16:25:12
M 4486 1830 -17063 16:25:12
M 4478 1864 -17036 16:25:12
M 4440 1868 -17078 16:25:12
M 4494 1812 -17074 16:25:12
M 4474 1814 -17006 16:25:12
M 4500 1850 -17128 16:25:12
M 4466 1858 -17098 16:25:12
M 4466 1834 -17093 16:25:12
M 4538 1838 -17083 16:25:12
M 4516 1850 -17123 16:25:12
M 4536 1872 -17051 16:25:12
M 4498 1874 -17051 16:25:12
M 4470 1860 -17050 16:25:12
M 4498 1890 -17042 16:25:12
M 4496 1856 -17096 16:25:12
M 4526 1922 -17067 16:25:12
M 4492 1886 -17041 16:25:12
M 4526 1858 -17070 16:25:12
M 4438 1868 -17029 16:25:12
M 4470 1834 -17065 16:25:12
M 4502 1880 -17097 16:25:12
M 4512 1790 -17080 16:25:12
M 4490 1844 -17036 16:25:12
M 4472 1866 -17030 16:25:12
M 4516 1848 -17047 16:25:12
M 4476 1842 -17057 16:25:12
M 4486 1844 -17004 16:25:12
M 4478 1878 -17081 16:25:12
M 4542 1886 -17091 16:25:12
M 4502 1880 -17064 16:25:12
M 4538 1904 -17096 16:25:12
M 4508 1878 -17060 16:25:12
M 4496 1872 -17021 16:25:12
M 4514 1870 -17055 16:25:12
M 4494 1844 -17147 16:25:12
M 4498 1876 -17074 16:25:12
M 4472 1832 -17062 16:25:12
M 4506 1850 -17085 16:25:12
M 4488 1826 -17036 16:25:12
M 4500 1876 -17055 16:25:12
M 4518 1890 -16981 16:25:12
M 4510 1872 -17081 16:25:12
M 4516 1864 -17031 16:25:12
M 4498 1866 -16999 16:25:12
M 4538 1890 -17107 16:25:12
M 4486 1898 -17050 16:25:12
M 4526 1884 -17145 16:25:12
M 4494 1842 -17039 16:25:12
M 4528 1890 -17105 16:25:12
M 4506 1886 -16980 16:25:12
M 4524 1824 -17118 16:25:12
M 4480 1850 -17048 16:25:12
M 4456 1862 -17033 16:25:12
M 4518 1852 -17054 16:25:12
M 4494 1886 -17063 16:25:12
M 4476 1862 -17047 16:25:12
M 4494 1828 -17055 16:25:12
M 4460 1832 -17037 16:25:12
M 4464 1862 -17054 16:25:12
M 4478 1860 -17046 16:25:12
M 4490 1880 -17056 16:25:12
M 4478 1846 -17021 16:25:12
M 4478 1866 -17033 16:25:12
M 4506 1892 -17059 16:25:12
M 4494 1882 -17054 16:25:12
M 4488 1844 -17036 16:25:12
M 4476 1802 -17081 16:25:12
M 4500 1858 -17132 16:25:12
M 4476 1854 -17066 16:25:12
M 4486 1844 -17043 16:25:12
M 4516 1850 -17082 16:25:12
M 4448 1876 -17035 16:25:12
M 4512 1848 -17029 16:25:12
M 4498 1870 -16992 16:25:12
M 4522 1850 -17043 16:25:12
O 212 206 37 16:25:12
M 4464 1868 -17022 16:25:12
M 4480 1810 -17061 16:25:12
M 4432 1816 -17073 16:25:12
M 4460 1842 -17058 16:25:12
M 4438 1842 -17065 16:25:12
M 4448 1828 -17037 16:25:12
M 4488 1854 -17040 16:25:12
M 4478 1842 -17037 16:25:12
M 4426 1888 -17071 16:25:12
M 4470 1832 -17017 16:25:12
M 4406 1826 -17068 16:25:12
M 4474 1892 -17004 16:25:12
M 4456 1874 -17013 16:25:12
M 4494 1842 -17026 16:25:12
M 4456 1864 -17056 16:25:12
M 4484 1884 -17086 16:25:12
M 4440 1886 -17047 16:25:12
M 4460 1860 -17046 16:25:12
M 4456 1878 -17025 16:25:12
M 4482 1898 -16982 16:25:12
M 4450 1868 -17037 16:25:12
M 4458 1858 -17084 16:25:12
M 4470 1866 -16985 16:25:12
M 4436 1880 -17000 16:25:12
M 4478 1856 -17001 16:25:12
M 4476 1858 -17087 16:25:12
M 4424 1848 -17059 16:25:12
M 4438 1884 -17038 16:25:12
M 4448 1898 -17012 16:25:12
M 4482 1864 -17052 16:25:12
M 4458 1890 -17050 16:25:12
M 4438 1872 -17077 16:25:12
M 4436 1904 -16932 16:25:12
M 4448 1878 -17051 16:25:12
M 4476 1876 -16950 16:25:12
M 4466 1840 -17016 16:25:12
M 4454 1858 -17010 16:25:12
M 4416 1864 -17077 16:25:12
M 4468 1856 -17101 16:25:12
M 4476 1824 -17023 16:25:12
M 4506 1858 -17005 16:25:12
M 4492 1868 -17000 16:25:12
M 4444 1874 -16992 16:25:12
M 4506 1900 -16956 16:25:12
M 4474 1832 -17013 16:25:12
M 4476 1840 -17013 16:25:12
M 4460 1878 -16940 16:25:12
M 4438 1870 -17003 16:25:12
M 4480 1902 -16977 16:25:12
M 4430 1886 -17041 16:25:12
M 4454 1848 -17044 16:25:12
M 4488 1852 -17031 16:25:12
M 4454 1862 -17021 16:25:12
M 4492 1864 -17023 16:25:12
M 4474 1840 -17004 16:25:12
M 4468 1864 -16997 16:25:12
M 4504 1864 -17010 16:25:12
M 4546 1842 -17016 16:25:12
M 4468 1840 -17070 16:25:12
M 4458 1828 -17016 16:25:12
M 4514 1854 -17030 16:25:12
M 4506 1852 -16993 16:25:12
M 4482 1864 -16946 16:25:12
M 4464 1878 -16970 16:25:12
M 4436 1886 -17011 16:25:12
M 4498 1870 -16987 16:25:12
M 4450 1896 -17030 16:25:12
M 4478 1816 -17029 16:25:12
M 4476 1852 -17048 16:25:12
M 4436 1866 -16976 16:25:12
M 4456 1818 -16958 16:25:12
M 4476 1910 -17047 16:25:12
M 4468 1886 -17014 16:25:12
M 4420 1882 -16991 16:25:12
M 4442 1842 -17027 16:25:12
M 4410 1874 -16999 16:25:12
M 4466 1870 -17079 16:25:12
M 4516 1852 -17055 16:25:12
M 4490 1854 -16993 16:25:12
M 4454 1806 -17072 16:25:12
M 4474 1888 -17004 16:25:12
M 4464 1878 -17042 16:25:12
M 4456 1866 -17047 16:25:12
M 4408 1888 -17050 16:25:12
M 4454 1904 -17084 16:25:12
M 4460 1908 -16986 16:25:12
M 4472 1850 -17073 16:25:12
M 4446 1880 -16980 16:25:12
M 4478 1850 -17077 16:25:12
M 4478 1862 -16997 16:25:12
M 4468 1860 -17035 16:25:12
M 4516 1896 -17067 16:25:12
M 4476 1852 -17065 16:25:12
M 4462 1882 -17052 16:25:12
M 4478 1892 -17031 16:25:12
M 4422 1852 -17028 16:25:12
M 4470 1898 -17017 16:25:12
M 4462 1854 -17042 16:25:12
M 4436 1884 -17034 16:25:12
M 4474 1842 -16987 16:25:12
O 212 201 37 16:25:12
M 4426 1890 -16990 16:25:12
M 4444 1890 -17033 16:25:12
M 4460 1862 -17045 16:25:12
M 4466 1898 -17057 16:25:12
M 4436 1892 -17062 16:25:12
M 4432 1864 -16978 16:25:12
M 4456 1864 -17089 16:25:12
M 4426 1862 -17084 16:25:12
M 4444 1840 -17066 16:25:12
M 4426 1902 -17015 16:25:12
M 4400 1858 -17043 16:25:12
M 4448 1910 -17022 16:25:12
M 4412 1882 -17011 16:25:12
M 4442 1818 -17019 16:25:12
M 4408 1888 -17037 16:25:12
M 4416 1852 -17010 16:25:12
M 4458 1886 -17017 16:25:12
M 4386 1890 -17008 16:25:12
M 4460 1882 -17030 16:25:12
M 4454 1888 -17076 16:25:12
M 4472 1882 -17034 16:25:12
M 4426 1860 -17050 16:25:12
M 4446 1898 -17065 16:25:12
M 4450 1914 -17116 16:25:12
M 4460 1862 -17023 16:25:12
M 4424 1888 -16991 16:25:12
M 4416 1898 -16972 16:25:12
M 4460 1904 -17045 16:25:12
M 4438 1872 -16964 16:25:12
M 4440 1874 -17030 16:25:12
M 4460 1860 -16994 16:25:12
M 4450 1914 -17014 16:25:12
M 4452 1890 -17005 16:25:12
M 4418 1902 -17022 16:25:12
M 4424 1890 -17042 16:25:12
M 4432 1854 -16976 16:25:12
M 4414 1880 -17007 16:25:12
M 4428 1870 -16980 16:25:12
M 4372 1912 -17012 16:25:12
M 4436 1890 -17036 16:25:12
M 4402 1886 -17046 16:25:12
M 4480 1892 -17071 16:25:12
M 4426 1898 -17023 16:25:12
M 4406 1880 -17040 16:25:12
M 4402 1900 -17044 16:25:12
M 4378 1870 -17003 16:25:12
M 4392 1894 -17012 16:25:12
M 4440 1906 -17018 16:25:12
M 4440 1888 -16976 16:25:12
M 4404 1902 -16985 16:25:12
M 4460 1890 -17016 16:25:12
M 4476 1876 -17023 16:25:12
M 4464 1854 -17000 16:25:12
M 4406 1858 -16974 16:25:12
M 4412 1888 -17040 16:25:12
M 4398 1852 -17019 16:25:12
M 4434 1882 -17104 16:25:12
M 4440 1890 -16991 16:25:12
M 4434 1882 -17071 16:25:12
M 4418 1884 -16987 16:25:12
M 4410 1892 -17013 16:25:12
M 4414 1900 -17102 16:25:12
M 4424 1872 -17104 16:25:12
M 4466 1878 -17051 16:25:12
M 4420 1888 -17027 16:25:12
M 4400 1862 -17007 16:25:12
M 4446 1888 -16993 16:25:12
M 4406 1860 -17066 16:25:12
M 4452 1854 -17017 16:25:12
M 4454 1852 -17007 16:25:12
M 4426 1902 -17061 16:25:12
M 4420 1868 -17001 16:25:12
M 4422 1862 -17051 16:25:12
M 4404 1858 -16968 16:25:12
M 4418 1890 -17046 16:25:12
M 4402 1898 -17092 16:25:12
M 4406 1858 -17031 16:25:12
M 4402 1864 -17061 16:25:12
M 4414 1850 -17065 16:25:12
M 4474 1886 -17017 16:25:12
M 4450 1862 -17028 16:25:12
M 4436 1864 -17022 16:25:12
M 4432 1888 -17005 16:25:12
M 4422 1888 -17108 16:25:12
M 4410 1858 -17053 16:25:12
M 4398 1890 -17031 16:25:12
M 4450 1912 -16992 16:25:12
M 4396 1926 -17037 16:25:12
M 4420 1926 -17049 16:25:12
M 4428 1886 -17050 16:25:12
M 4426 1916 -17036 16:25:12
M 4408 1864 -17067 16:25:12
M 4432 1902 -17085 16:25:12
M 4436 1896 -17070 16:25:12
M 4448 1902 -16991 16:25:12
M 4396 1916 -17027 16:25:12
M 4406 1910 -17032 16:25:12
M 4418 1888 -17024 16:25:12
M 4430 1906 -17083 16:25:12
M 4420 1914 -17062 16:25:12
O 212 196 37 16:25:13
M 4420 1866 -16928 16:25:13
M 4440 1880 -17018 16:25:13
M 4404 1854 -17028 16:25:13
M 4414 1874 -17015 16:25:13
M 4410 1826 -17029 16:25:13
M 4354 1848 -17039 16:25:13
M 4380 1856 -17024 16:25:13
M 4446 1822 -17105 16:25:13
M 4388 1850 -17093 16:25:13
M 4392 1846 -17018 16:25:13
M 4438 1830 -17104 16:25:13
M 4388 1814 -17072 16:25:13
M 4408 1816 -17058 16:25:13
M 4416 1896 -17071 16:25:13
M 4466 1830 -17086 16:25:13
M 4358 1858 -17049 16:25:13
M 4326 1882 -17112 16:25:13
M 4414 1862 -16955 16:25:13
M 4358 1858 -17039 16:25:13
M 4420 1838 -17030 16:25:13
M 4388 1862 -17100 16:25:13
M 4376 1874 -17090 16:25:13
M 4392 1850 -17016 16:25:13
M 4358 1844 -17101 16:25:13
M 4330 1890 -17040 16:25:13
M 4376 1882 -17057 16:25:13
M 4368 1888 -17111 16:25:13
M 4384 1862 -17081 16:25:13
M 4330 1886 -17047 16:25:13
M 4392 1898 -17038 16:25:13
M 4406 1876 -17087 16:25:13
M 4370 1882 -17094 16:25:13
M 4392 1866 -17107 16:25:13
M 4370 1904 -17084 16:25:13
M 4384 1840 -17061 16:25:13
M 4380 1852 -17078 16:25:13
M 4348 1900 -17048 16:25:13
M 4404 1846 -16979 16:25:13
M 4394 1878 -17089 16:25:13
M 4380 1894 -17065 16:25:13
M 4412 1902 -17057 16:25:13
M 4408 1846 -17000 16:25:13
M 4428 1896 -17044 16:25:13
M 4406 1856 -17052 16:25:13
M 4366 1934 -17053 16:25:13
M 4344 1896 -16966 16:25:13
M 4370 1880 -17018 16:25:13
M 4334 1894 -17001 16:25:13
M 4354 1850 -17035 16:25:13
M 4398 1870 -17050 16:25:13
M 4362 1892 -17038 16:25:13
M 4384 1890 -16975 16:25:13
M 4398 1920 -16985 16:25:13
M 4374 1840 -16990 16:25:13
M 4360 1848 -16942 16:25:13
M 4352 1894 -17031 16:25:13
M 4368 1894 -16980 16:25:13
M 4382 1916 -17019 16:25:13
M 4350 1882 -17076 16:25:13
M 4378 1858 -17031 16:25:13
M 4362 1910 -17056 16:25:13
M 4354 1894 -17038 16:25:13
M 4342 1890 -16998 16:25:13
M 4370 1926 -17020 16:25:13
M 4390 1920 -17050 16:25:13
M 4388 1878 -17085 16:25:13
M 4412 1886 -16995 16:25:13
M 4404 1902 -16997 16:25:13
M 4378 1900 -17039 16:25:13
M 4412 1902 -17013 16:25:13
M 4368 1878 -16989 16:25:13
M 4412 1856 -17040 16:25:13
M 4394 1892 -17090 16:25:13
M 4386 1908 -17023 16:25:13
M 4392 1894 -16948 16:25:13
M 4134 1926 -16934 16:25:13
M 4396 1880 -17009 16:25:13
M 4346 1894 -16982 16:25:13
M 4396 1908 -16966 16:25:13
M 4346 1880 -16992 16:25:13
M 4338 1898 -17054 16:25:13
M 4410 1862 -16994 16:25:13
M 4368 1878 -17033 16:25:13
M 4382 1904 -17003 16:25:13
M 4406 1908 -16999 16:25:13
M 4418 1852 -17024 16:25:13
M 4406 1896 -16972 16:25:13
M 4354 1852 -17048 16:25:13
M 4340 1892 -17009 16:25:13
M 4420 1902 -17037 16:25:13
M 4380 1878 -17020 16:25:13
M 4342 1890 -17020 16:25:13
M 4394 1900 -17011 16:25:13
M 4392 1896 -17011 16:25:13
M 4368 1970 -17019 16:25:13
M 4374 1896 -16973 16:25:13
M 4348 1878 -16975 16:25:13
M 4374 1882 -16994 16:25:13
M 4396 1916 -17082 16:25:13
M 4420 1880 -16990 16:25:13
O 212 191 37 16:25:13
M 4328 1894 -17019 16:25:13
M 4368 1886 -17023 16:25:13
M 4342 1890 -17002 16:25:13
M 4372 1896 -17001 16:25:13
M 4358 1926 -17042 16:25:13
M 4324 1870 -17030 16:25:13
M 4384 1880 -17003 16:25:13
M 4376 1900 -17030 16:25:13
M 4374 1938 -17069 16:25:13
M 4390 1934 -17070 16:25:13
M 4316 1900 -17024 16:25:13
M 4362 1944 -17032 16:25:13
M 4366 1886 -17101 16:25:13
M 4336 1922 -17023 16:25:13
M 4362 1914 -17007 16:25:13
M 4356 1934 -17056 16:25:13
M 4360 1882 -16978 16:25:13
M 4350 1908 -17032 16:25:13
M 4382 1888 -17049 16:25:13
M 4406 1860 -17072 16:25:13
M 4366 1890 -17011 16:25:13
M 4312 1880 -17074 16:25:13
M 4356 1928 -17100 16:25:13
M 4344 1934 -17041 16:25:13
M 4346 1924 -16994 16:25:13
M 4328 1930 -17080 16:25:13
M 4312 1872 -17127 16:25:13
M 4360 1886 -17011 16:25:13
M 4364 1868 -17053 16:25:13
M 4150 1918 -17126 16:25:13
M 4382 1942 -17072 16:25:13
M 4308 1900 -17078 16:25:13
M 4332 1936 -17001 16:25:13
M 4312 1892 -16994 16:25:13
M 4356 1938 -17050 16:25:13
M 4372 1934 -16957 16:25:13
M 4314 1882 -17065 16:25:13
M 4386 1902 -16992 16:25:13
M 4364 1888 -17050 16:25:13
M 4342 1936 -17039 16:25:13
M 4304 1898 -16975 16:25:13
M 4328 1904 -17024 16:25:13
M 4344 1934 -17030 16:25:13
M 4306 1944 -17041 16:25:13
M 4312 1932 -17059 16:25:13
M 4344 1940 -17069 16:25:13
M 4326 1908 -16998 16:25:13
M 4296 1928 -17029 16:25:13
M 4312 1918 -17059 16:25:13
M 4330 1924 -17056 16:25:13
M 4328 1884 -17074 16:25:13
M 4300 1924 -17036 16:25:13
M 4326 1894 -17017 16:25:13
M 4366 1888 -17061 16:25:13
M 4330 1898 -17059 16:25:13
M 4322 1904 -17046 16:25:13
M 4354 1876 -17059 16:25:13
M 4344 1896 -17011 16:25:13
M 4310 1954 -17020 16:25:13
M 4328 1940 -17016 16:25:13
M 4320 1932 -17048 16:25:13
M 4282 1956 -17071 16:25:13
M 4310 1924 -17071 16:25:13
M 4294 1934 -17056 16:25:13
M 4114 1950 -17011 16:25:13
M 4354 1902 -16990 16:25:13
M 4358 1894 -17032 16:25:13
M 4346 1920 -17042 16:25:13
M 4340 1946 -17097 16:25:13
M 4330 1890 -17033 16:25:13
M 4330 1950 -17014 16:25:13
M 4304 1934 -17103 16:25:13
M 4334 1908 -17015 16:25:13
M 4310 1928 -17013 16:25:13
M 4312 1878 -17059 16:25:13
M 4300 1838 -16980 16:25:13
M 4336 1934 -17070 16:25:13
M 4332 1906 -17045 16:25:13
M 4338 1912 -17023 16:25:13
M 4382 1896 -17025 16:25:13
M 4368 1902 -17038 16:25:13
M 4364 1952 -17004 16:25:13
M 4342 1914 -16986 16:25:13
M 4376 1912 -16987 16:25:13
M 4300 1892 -17039 16:25:13
M 4300 1914 -17033 16:25:13
M 4332 1912 -17074 16:25:13
M 4326 1908 -16976 16:25:13
M 4344 1872 -17072 16:25:13
M 4344 1916 -17093 16:25:13
M 4364 1926 -17063 16:25:13
M 4372 1884 -17088 16:25:13
M 4384 1918 -17084 16:25:13
M 4362 1898 -17057 16:25:13
M 4382 1922 -17038 16:25:13
M 4348 1898 -16955 16:25:13
M 4386 1864 -16965 16:25:13
M 4344 1924 -17020 16:25:13
M 4306 1884 -17008 16:25:13
M 4100 1874 -17035 16:25:13
