O 212 231 37 16:22:25
M 5350 1726 -20046 16:22:25
M 5328 1710 -20042 16:22:25
M 5356 1712 -20047 16:22:25
M 5348 1700 -19994 16:22:25
M 5388 1710 -19996 16:22:25
M 5304 1760 -19999 16:22:25
M 5318 1708 -19995 16:22:25
M 5320 1704 -20034 16:22:25
M 5336 1690 -19989 16:22:25
M 5326 1696 -20015 16:22:25
M 5292 1730 -20047 16:22:25
M 5332 1692 -20013 16:22:25
M 5296 1742 -20036 16:22:25
M 5320 1710 -20036 16:22:25
M 5312 1694 -20038 16:22:25
M 5294 1728 -20050 16:22:25
M 5278 1712 -20089 16:22:25
M 5270 1674 -20019 16:22:25
M 5290 1708 -20025 16:22:25
M 5306 1746 -19989 16:22:25
M 5282 1758 -20037 16:22:25
M 5326 1760 -20031 16:22:25
M 5324 1740 -19977 16:22:25
M 5304 1714 -20022 16:22:25
M 5316 1724 -20035 16:22:25
M 5298 1714 -19970 16:22:25
M 5288 1726 -20085 16:22:25
M 5304 1726 -20022 16:22:25
M 5284 1692 -20041 16:22:25
M 5324 1706 -19991 16:22:25
M 5320 1760 -20014 16:22:25
M 5308 1740 -19928 16:22:25
M 5358 1724 -19964 16:22:25
M 5298 1736 -20209 16:22:25
M 5338 1710 -19980 16:22:25
M 5362 1738 -20011 16:22:25
M 5312 1754 -20011 16:22:25
M 5338 1736 -20065 16:22:25
M 5372 1770 -20051 16:22:25
M 5298 1694 -20043 16:22:25
M 5284 1712 -20064 16:22:25
M 5328 1714 -20046 16:22:25
M 5298 1722 -20061 16:22:25
M 5332 1716 -19992 16:22:25
M 5294 1766 -20019 16:22:25
M 5338 1762 -20042 16:22:25
M 5308 1758 -19963 16:22:25
M 5346 1702 -20045 16:22:25
M 5340 1712 -19955 16:22:25
M 5300 1752 -19996 16:22:25
M 5300 1722 -19962 16:22:25
M 5304 1720 -19984 16:22:25
M 5302 1724 -20038 16:22:25
M 5270 1708 -19934 16:22:25
M 5332 1654 -19971 16:22:25
M 5308 1742 -20001 16:22:25
M 5320 1708 -20017 16:22:25
M 5318 1742 -20034 16:22:25
M 5320 1712 -19994 16:22:25
M 5312 1686 -19950 16:22:25
M 5352 1710 -19992 16:22:25
M 5316 1704 -19943 16:22:25
M 5354 1734 -19994 16:22:25
M 5294 1692 -20024 16:22:25
M 5322 1706 -20051 16:22:25
M 5336 1742 -19922 16:22:25
M 5316 1692 -19972 16:22:25
M 5338 1684 -20006 16:22:25
M 5354 1746 -20068 16:22:25
M 5282 1744 -19977 16:22:25
M 5316 1730 -20012 16:22:25
M 5322 1734 -20005 16:22:25
M 5344 1726 -20047 16:22:25
M 5336 1706 -19984 16:22:25
M 5304 1746 -20059 16:22:25
M 5304 1724 -20042 16:22:25
M 5322 1764 -19973 16:22:25
M 5300 1730 -20004 16:22:25
M 5316 1722 -19986 16:22:25
M 5298 1736 -20029 16:22:25
M 5324 1738 -20002 16:22:25
M 5310 1714 -20019 16:22:25
M 5358 1732 -19983 16:22:25
M 5308 1732 -20084 16:22:25
M 5294 1752 -19995 16:22:25
M 5356 1756 -19998 16:22:25
M 5368 1712 -20030 16:22:25
M 5354 1782 -19995 16:22:25
M 5314 1698 -20015 16:22:25
M 5350 1716 -20017 16:22:25
M 5310 1726 -20020 16:22:25
M 5314 1724 -19988 16:22:25
M 5302 1674 -19979 16:22:25
M 5304 1700 -20051 16:22:25
M 5316 1704 -19993 16:22:25
M 5316 1708 -19989 16:22:25
M 5298 1712 -20000 16:22:25
M 5298 1736 -19986 16:22:25
M 5282 1704 -20005 16:22:25
M 5312 1732 -20023 16:22:25
O 207 231 37 16:22:25
M 5872 1794 -19690 16:22:25
M 5872 1674 -19707 16:22:25
M 5888 1734 -19685 16:22:25
M 5890 1710 -19630 16:22:25
M 5894 1724 -19594 16:22:25
M 5896 1738 -19691 16:22:25
M 5888 1748 -19668 16:22:25
M 5900 1774 -19689 16:22:25
M 5878 1706 -19631 16:22:25
M 5892 1716 -19629 16:22:25
M 5878 1740 -19725 16:22:25
M 5914 1704 -19706 16:22:25
M 6130 1694 -19648 16:22:25
M 5896 1696 -19647 16:22:25
M 5860 1744 -19670 16:22:25
M 5850 1724 -19663 16:22:25
M 5894 1732 -19661 16:22:25
M 5858 1728 -19642 16:22:25
M 5884 1724 -19672 16:22:25
M 5894 1726 -19750 16:22:25
M 5912 1724 -19690 16:22:25
M 5856 1730 -19672 16:22:25
M 5888 1702 -19685 16:22:25
M 5894 1730 -19676 16:22:25
M 5872 1724 -19641 16:22:25
M 5888 1734 -19709 16:22:25
M 5872 1760 -19716 16:22:25
M 5878 1712 -19654 16:22:25
M 5890 1746 -19626 16:22:25
M 5878 1692 -19733 16:22:25
M 5826 1696 -19684 16:22:25
M 5884 1710 -19660 16:22:25
M 5856 1754 -19731 16:22:25
M 5852 1716 -19675 16:22:25
M 5896 1690 -19702 16:22:25
M 5860 1696 -19701 16:22:25
M 5890 1712 -19640 16:22:25
M 5856 1708 -19681 16:22:25
M 5868 1730 -19650 16:22:25
M 5856 1734 -19635 16:22:25
M 5858 1746 -19684 16:22:25
M 5856 1754 -19679 16:22:25
M 5872 1752 -19694 16:22:25
M 5876 1762 -19669 16:22:25
M 5842 1748 -19672 16:22:25
M 5878 1706 -19636 16:22:25
M 5862 1738 -19688 16:22:25
M 5872 1738 -19662 16:22:25
M 5860 1732 -19685 16:22:25
M 5882 1730 -19670 16:22:25
M 5844 1702 -19676 16:22:25
M 5882 1736 -19703 16:22:25
M 5890 1748 -19743 16:22:25
M 5860 1774 -19647 16:22:25
M 5894 1754 -19642 16:22:25
M 5886 1740 -19646 16:22:25
M 5864 1758 -19653 16:22:25
M 5860 1738 -19736 16:22:25
M 5878 1754 -19700 16:22:25
M 5828 1722 -19690 16:22:25
M 5906 1734 -19679 16:22:25
M 5878 1712 -19700 16:22:25
M 5880 1736 -19656 16:22:25
M 5874 1692 -19695 16:22:25
M 5890 1668 -19641 16:22:25
M 5868 1688 -19623 16:22:25
M 5816 1788 -19716 16:22:25
M 5832 1678 -19650 16:22:25
M 5846 1726 -19717 16:22:25
M 5874 1712 -19724 16:22:25
M 5848 1750 -19682 16:22:25
M 5908 1774 -19730 16:22:25
M 5882 1756 -19687 16:22:25
M 5918 1738 -19747 16:22:25
M 5848 1672 -19723 16:22:25
M 5850 1720 -19670 16:22:25
M 5872 1728 -19687 16:22:25
M 5858 1724 -19643 16:22:25
M 5872 1736 -19878 16:22:25
M 5848 1776 -19708 16:22:25
M 5816 1760 -19705 16:22:25
M 5828 1720 -19720 16:22:25
M 5870 1740 -19682 16:22:25
M 5872 1740 -19663 16:22:25
M 5870 1720 -19681 16:22:25
M 5892 1722 -19720 16:22:25
M 5874 1742 -19700 16:22:25
M 5830 1704 -19655 16:22:25
M 5850 1706 -19716 16:22:25
M 5864 1754 -19672 16:22:25
M 5864 1742 -19645 16:22:25
M 5860 1752 -19740 16:22:25
M 5862 1716 -19644 16:22:25
M 5864 1740 -19709 16:22:25
M 5862 1704 -19627 16:22:25
M 5884 1750 -19632 16:22:25
M 5876 1742 -19643 16:22:25
M 5844 1712 -19736 16:22:25
M 5872 1728 -19720 16:22:25
M 5860 1712 -19706 16:22:25
O 202 231 37 16:22:26
M 6272 1684 -19195 16:22:26
M 6260 1682 -19260 16:22:26
M 6250 1720 -19229 16:22:26
M 6310 1738 -19185 16:22:26
M 6278 1732 -19245 16:22:26
M 6276 1772 -19181 16:22:26
M 6264 1754 -19217 16:22:26
M 6244 1748 -19246 16:22:26
M 6256 1742 -19155 16:22:26
M 6278 1774 -19247 16:22:26
M 6274 1716 -19285 16:22:26
M 6288 1768 -19241 16:22:26
M 6248 1748 -19218 16:22:26
M 6252 1682 -19234 16:22:26
M 6242 1746 -19250 16:22:26
M 6276 1726 -19221 16:22:26
M 6268 1786 -19244 16:22:26
M 6288 1786 -19257 16:22:26
M 6240 1742 -19229 16:22:26
M 6268 1760 -19215 16:22:26
M 6286 1700 -19233 16:22:26
M 6278 1732 -19294 16:22:26
M 6234 1756 -19328 16:22:26
M 6278 1748 -19290 16:22:26
M 6312 1756 -19227 16:22:26
M 6298 1734 -19229 16:22:26
M 6258 1768 -19174 16:22:26
M 6288 1772 -19294 16:22:26
M 6268 1762 -19237 16:22:26
M 6302 1752 -19197 16:22:26
M 6340 1738 -19204 16:22:26
M 6326 1762 -19261 16:22:26
M 6322 1760 -19266 16:22:26
M 6300 1786 -19223 16:22:26
M 6280 1782 -19274 16:22:26
M 6310 1712 -19260 16:22:26
M 6288 1734 -19253 16:22:26
M 6290 1770 -19215 16:22:26
M 6282 1740 -19240 16:22:26
M 6254 1744 -19196 16:22:26
M 6238 1766 -19200 16:22:26
M 6230 1786 -19270 16:22:26
M 6290 1772 -19264 16:22:26
M 6238 1812 -19244 16:22:26
M 6270 1758 -19275 16:22:26
M 6274 1770 -19239 16:22:26
M 6234 1774 -19282 16:22:26
M 6280 1750 -19230 16:22:26
M 6266 1736 -19185 16:22:26
M 6268 1758 -19311 16:22:26
M 6238 1740 -19295 16:22:26
M 6268 1750 -19290 16:22:26
M 6238 1776 -19214 16:22:26
M 6266 1722 -19249 16:22:26
M 6254 1758 -19263 16:22:26
M 6268 1744 -19273 16:22:26
M 6218 1702 -19249 16:22:26
M 6274 1746 -19290 16:22:26
M 6264 1746 -19242 16:22:26
M 6226 1740 -19271 16:22:26
M 6232 1666 -19222 16:22:26
M 6224 1728 -19306 16:22:26
M 6240 1702 -19217 16:22:26
M 6214 1728 -19216 16:22:26
M 6272 1674 -19297 16:22:26
M 6276 1760 -19214 16:22:26
M 6246 1754 -19202 16:22:26
M 6220 1692 -19182 16:22:26
M 6266 1712 -19252 16:22:26
M 6260 1736 -19266 16:22:26
M 6276 1706 -19210 16:22:26
M 6276 1698 -19285 16:22:26
M 6288 1690 -19296 16:22:26
M 6260 1692 -19272 16:22:26
M 6242 1638 -19282 16:22:26
M 6228 1698 -19245 16:22:26
M 6224 1660 -19268 16:22:26
M 6244 1708 -19221 16:22:26
M 6266 1708 -19244 16:22:26
M 6224 1752 -19220 16:22:26
M 6232 1730 -19225 16:22:26
M 6276 1742 -19218 16:22:26
M 6258 1752 -19235 16:22:26
M 6298 1736 -19223 16:22:26
M 6264 1724 -19184 16:22:26
M 6254 1726 -19205 16:22:26
M 6242 1738 -19188 16:22:26
M 6268 1712 -19179 16:22:26
M 6278 1738 -19247 16:22:26
M 6232 1762 -19187 16:22:26
M 6264 1732 -19151 16:22:26
M 6290 1718 -19260 16:22:26
M 6276 1722 -19255 16:22:26
M 6218 1704 -19219 16:22:26
M 6236 1722 -19254 16:22:26
M 6234 1704 -19197 16:22:26
M 6236 1740 -19260 16:22:26
M 6292 1720 -19223 16:22:26
M 6290 1730 -19195 16:22:26
M 6266 1734 -19244 16:22:26
O 197 231 37 16:22:26
M 6402 1730 -18763 16:22:26
M 6406 1696 -18785 16:22:26
M 6386 1656 -18853 16:22:26
M 6432 1728 -18807 16:22:26
M 6480 1666 -18814 16:22:26
M 6410 1700 -18817 16:22:26
M 6416 1702 -18816 16:22:26
M 6468 1734 -18841 16:22:26
M 6358 1660 -18780 16:22:26
M 6384 1702 -18806 16:22:26
M 6412 1714 -18763 16:22:26
M 6376 1716 -18833 16:22:26
M 6430 1682 -18766 16:22:26
M 6418 1718 -18798 16:22:26
M 6412 1660 -18776 16:22:26
M 6396 1680 -18846 16:22:26
M 6434 1664 -18901 16:22:26
M 6448 1678 -18870 16:22:26
M 6412 1732 -18839 16:22:26
M 6442 1700 -18857 16:22:26
M 6408 1732 -18818 16:22:26
M 6452 1726 -18833 16:22:26
M 6400 1684 -18852 16:22:26
M 6416 1690 -18781 16:22:26
M 6420 1704 -18783 16:22:26
M 6460 1704 -18782 16:22:26
M 6420 1716 -18818 16:22:26
M 6434 1734 -18678 16:22:26
M 6466 1744 -18749 16:22:26
M 6440 1736 -18787 16:22:26
M 6388 1696 -18795 16:22:26
M 6454 1716 -18774 16:22:26
M 6454 1746 -18756 16:22:26
M 6440 1726 -18753 16:22:26
M 6432 1736 -18751 16:22:26
M 6448 1758 -18762 16:22:26
M 6438 1706 -18754 16:22:26
M 6436 1710 -18702 16:22:26
M 6382 1704 -18773 16:22:26
M 6398 1672 -18754 16:22:26
M 6388 1746 -18756 16:22:26
M 6408 1736 -18706 16:22:26
M 6408 1716 -18711 16:22:26
M 6400 1692 -18723 16:22:26
M 6410 1744 -18682 16:22:26
M 6426 1740 -18808 16:22:26
M 6402 1696 -18755 16:22:26
M 6450 1724 -18760 16:22:26
M 6402 1736 -18794 16:22:26
M 6410 1732 -18709 16:22:26
M 6434 1746 -18678 16:22:26
M 6378 1786 -18787 16:22:26
M 6440 1716 -18799 16:22:26
M 6426 1712 -18729 16:22:26
M 6406 1734 -18786 16:22:26
M 6386 1708 -18692 16:22:26
M 6336 1700 -18692 16:22:26
M 6452 1704 -18760 16:22:26
M 6384 1736 -18809 16:22:26
M 6402 1724 -18781 16:22:26
M 6410 1698 -18882 16:22:26
M 6402 1692 -18771 16:22:26
M 6412 1720 -18805 16:22:26
M 6404 1722 -18758 16:22:26
M 6372 1770 -18741 16:22:26
M 6420 1696 -18765 16:22:26
M 6452 1714 -18823 16:22:26
M 6420 1688 -18754 16:22:26
M 6394 1726 -18767 16:22:26
M 6418 1674 -18685 16:22:26
M 6396 1708 -18791 16:22:26
M 6410 1716 -18732 16:22:26
M 6428 1708 -18734 16:22:26
M 6440 1698 -18804 16:22:26
M 6380 1710 -18797 16:22:26
M 6416 1730 -18783 16:22:26
M 6398 1724 -18749 16:22:26
M 6416 1758 -18803 16:22:26
M 6404 1696 -18767 16:22:26
M 6412 1722 -18801 16:22:26
M 6418 1688 -18773 16:22:26
M 6404 1674 -18717 16:22:26
M 6450 1740 -18723 16:22:26
M 6400 1720 -18694 16:22:26
M 6410 1746 -18708 16:22:26
M 6418 1748 -18746 16:22:26
M 6426 1730 -18707 16:22:26
M 6424 1736 -18790 16:22:26
M 6412 1746 -18747 16:22:26
M 6410 1722 -18781 16:22:26
M 6414 1760 -18761 16:22:26
M 6450 1774 -18740 16:22:26
M 6450 1724 -18771 16:22:26
M 6414 1758 -18766 16:22:26
M 6458 1722 -18766 16:22:26
M 6452 1722 -18718 16:22:26
M 6420 1710 -18724 16:22:26
M 6472 1720 -18751 16:22:26
M 6444 1710 -18708 16:22:26
M 6416 1706 -18764 16:22:26
O 192 231 37 16:22:26
M 6472 1770 -18279 16:22:26
M 6500 1724 -18326 16:22:26
M 6542 1718 -18282 16:22:26
M 6464 1738 -18322 16:22:26
M 6450 1738 -18327 16:22:26
M 6460 1742 -18376 16:22:26
M 6472 1782 -18324 16:22:26
M 6508 1732 -18278 16:22:26
M 6454 1748 -18289 16:22:26
M 6436 1776 -18277 16:22:26
M 6428 1738 -18296 16:22:26
M 6424 1750 -18287 16:22:26
M 6430 1744 -18244 16:22:26
M 6432 1748 -18289 16:22:26
M 6428 1778 -18222 16:22:26
M 6434 1752 -18294 16:22:26
M 6420 1714 -18288 16:22:26
M 6470 1720 -18299 16:22:26
M 6434 1742 -18258 16:22:26
M 6394 1746 -18324 16:22:26
M 6420 1750 -18271 16:22:26
M 6458 1740 -18308 16:22:26
M 6464 1770 -18325 16:22:26
M 6470 1754 -18322 16:22:26
M 6472 1776 -18312 16:22:26
M 6502 1728 -18256 16:22:26
M 6436 1730 -18287 16:22:26
M 6476 1766 -18291 16:22:26
M 6446 1730 -18285 16:22:26
M 6438 1736 -18313 16:22:26
M 6448 1776 -18307 16:22:26
M 6452 1710 -18287 16:22:26
M 6458 1730 -18243 16:22:26
M 6458 1702 -18271 16:22:26
M 6440 1754 -18297 16:22:26
M 6426 1722 -18241 16:22:26
M 6436 1762 -18279 16:22:26
M 6474 1768 -18305 16:22:26
M 6426 1744 -18303 16:22:26
M 6452 1728 -18317 16:22:26
M 6462 1758 -18339 16:22:26
M 6460 1756 -18245 16:22:26
M 6464 1754 -18297 16:22:26
M 6504 1730 -18356 16:22:26
M 6468 1760 -18325 16:22:26
M 6452 1762 -18255 16:22:26
M 6432 1712 -18278 16:22:26
M 6464 1716 -18309 16:22:27
M 6454 1758 -18295 16:22:27
M 6468 1728 -18290 16:22:27
M 6452 1722 -18283 16:22:27
M 6474 1722 -18295 16:22:27
M 6468 1750 -18312 16:22:27
M 6476 1768 -18315 16:22:27
M 6498 1762 -18284 16:22:27
M 6408 1764 -18267 16:22:27
M 6476 1756 -18316 16:22:27
M 6458 1778 -18299 16:22:27
M 6464 1752 -18307 16:22:27
M 6452 1768 -18316 16:22:27
M 6464 1774 -18281 16:22:27
M 6448 1702 -18346 16:22:27
M 6442 1766 -18320 16:22:27
M 6434 1732 -18322 16:22:27
M 6466 1706 -18286 16:22:27
M 6464 1748 -18362 16:22:27
M 6514 1718 -18298 16:22:27
M 6450 1722 -18294 16:22:27
M 6486 1704 -18316 16:22:27
M 6466 1748 -18288 16:22:27
M 6474 1756 -18310 16:22:27
M 6452 1730 -18306 16:22:27
M 6480 1762 -18308 16:22:27
M 6456 1758 -18287 16:22:27
M 6486 1758 -18340 16:22:27
M 6494 1730 -18331 16:22:27
M 6508 1710 -18321 16:22:27
M 6416 1764 -18357 16:22:27
M 6426 1724 -18337 16:22:27
M 6422 1738 -18338 16:22:27
M 6476 1772 -18351 16:22:27
M 6456 1772 -18420 16:22:27
M 6438 1778 -18384 16:22:27
M 6448 1732 -18272 16:22:27
M 6504 1744 -18320 16:22:27
M 6444 1740 -18331 16:22:27
M 6432 1772 -18370 16:22:27
M 6494 1768 -18247 16:22:27
M 6530 1734 -18304 16:22:27
M 6436 1706 -18406 16:22:27
M 6512 1736 -18380 16:22:27
M 6446 2022 -18360 16:22:27
M 6490 1754 -18285 16:22:27
M 6500 1750 -18355 16:22:27
M 6484 1776 -18339 16:22:27
M 6464 1716 -18295 16:22:27
M 6466 1730 -18344 16:22:27
M 6494 1740 -18292 16:22:27
M 6502 1796 -18334 16:22:27
M 6454 1776 -18304 16:22:27
O 187 231 37 16:22:27
M 6328 1800 -17924 16:22:27
M 6374 1726 -17969 16:22:27
M 6368 1744 -17986 16:22:27
M 6354 1752 -17945 16:22:27
M 6352 1748 -17962 16:22:27
M 6324 1774 -17960 16:22:27
M 6334 1752 -18039 16:22:27
M 6316 1744 -18002 16:22:27
M 6296 1762 -17986 16:22:27
M 6306 1776 -18016 16:22:27
M 6350 1748 -17897 16:22:27
M 6346 1738 -17903 16:22:27
M 6344 1744 -18005 16:22:27
M 6336 1774 -17988 16:22:27
M 6316 1728 -17984 16:22:27
M 6312 1740 -17987 16:22:27
M 6352 1732 -17910 16:22:27
M 6326 1722 -17984 16:22:27
M 6358 1750 -17993 16:22:27
M 6362 1752 -18163 16:22:27
M 6338 1732 -17991 16:22:27
M 6382 1728 -17969 16:22:27
M 6374 1810 -17968 16:22:27
M 6374 1764 -17935 16:22:27
M 6364 1804 -17995 16:22:27
M 6376 1770 -18012 16:22:27
M 6370 1770 -17987 16:22:27
M 6382 1764 -18010 16:22:27
M 6378 1746 -17982 16:22:27
M 6380 1734 -17969 16:22:27
M 6338 1806 -17893 16:22:27
M 6356 1826 -17933 16:22:27
M 6386 1750 -17940 16:22:27
M 6342 1780 -17975 16:22:27
M 6394 1760 -17932 16:22:27
M 6364 1780 -17963 16:22:27
M 6354 1772 -17927 16:22:27
M 6382 1764 -18016 16:22:27
M 6372 1762 -17996 16:22:27
M 6320 1756 -17960 16:22:27
M 6332 1774 -17959 16:22:27
M 6330 1778 -17958 16:22:27
M 6324 1770 -18000 16:22:27
M 6316 1790 -17922 16:22:27
M 6330 1764 -17961 16:22:27
M 6320 1734 -17958 16:22:27
M 6306 1754 -17982 16:22:27
M 6298 1794 -17930 16:22:27
M 6344 1780 -17963 16:22:27
M 6354 1818 -17992 16:22:27
M 6330 1788 -17983 16:22:27
M 6324 1762 -17980 16:22:27
M 6358 1752 -18005 16:22:27
M 6328 1762 -17998 16:22:27
M 6356 1798 -17999 16:22:27
M 6386 1796 -17975 16:22:27
M 6386 1790 -17965 16:22:27
M 6368 1786 -17920 16:22:27
M 6396 1762 -18010 16:22:27
M 6366 1798 -18001 16:22:27
M 6350 1786 -17934 16:22:27
M 6376 1788 -17947 16:22:27
M 6406 1770 -17993 16:22:27
M 6372 1742 -18015 16:22:27
M 6352 1782 -17999 16:22:27
M 6326 1770 -18004 16:22:27
M 6352 1772 -18012 16:22:27
M 6362 1816 -18054 16:22:27
M 6360 1776 -17998 16:22:27
M 6368 1780 -18065 16:22:27
M 6386 1800 -18005 16:22:27
M 6344 1806 -17982 16:22:27
M 6312 1818 -17997 16:22:27
M 6334 1790 -17982 16:22:27
M 6382 1764 -17972 16:22:27
M 6370 1802 -17984 16:22:27
M 6352 1722 -17917 16:22:27
M 6366 1786 -17706 16:22:27
M 6362 1802 -17934 16:22:27
M 6324 1772 -17989 16:22:27
M 6372 1774 -17956 16:22:27
M 6386 1810 -17963 16:22:27
M 6342 1772 -17946 16:22:27
M 6316 1748 -17940 16:22:27
M 6334 1814 -17991 16:22:27
M 6332 1796 -17999 16:22:27
M 6356 1772 -17987 16:22:27
M 6364 1792 -17987 16:22:27
M 6382 1760 -17954 16:22:27
M 6366 1796 -17982 16:22:27
M 6362 1768 -18011 16:22:27
M 6388 1790 -18003 16:22:27
M 6382 1812 -17990 16:22:27
M 6374 1782 -18021 16:22:27
M 6360 1780 -18040 16:22:27
M 6400 1778 -18009 16:22:27
M 6368 1820 -17987 16:22:27
M 6354 1826 -17941 16:22:27
M 6334 1788 -17965 16:22:27
M 6360 1766 -17994 16:22:27
O 182 231 37 16:22:27
M 6200 1730 -17681 16:22:27
M 6204 1736 -17668 16:22:27
M 6190 1792 -17636 16:22:27
M 6230 1750 -17636 16:22:27
M 6214 1768 -17630 16:22:27
M 6200 1810 -17627 16:22:27
M 6214 1764 -17670 16:22:27
M 6184 1766 -17650 16:22:27
M 6202 1742 -17634 16:22:27
M 6192 1774 -17723 16:22:27
M 6206 1748 -17671 16:22:27
M 6202 1794 -17672 16:22:27
M 6218 1780 -17648 16:22:27
M 6170 1770 -17714 16:22:27
M 6218 1774 -17707 16:22:27
M 6220 1760 -17709 16:22:27
M 6200 1812 -17690 16:22:27
M 6220 1776 -17728 16:22:27
M 6230 1782 -17767 16:22:27
M 6254 1762 -17676 16:22:27
M 6244 1774 -17674 16:22:27
M 6204 1780 -17692 16:22:27
M 6278 1792 -17675 16:22:27
M 6214 1744 -17669 16:22:27
M 6172 1768 -17656 16:22:27
M 6230 1764 -17697 16:22:27
M 6204 1738 -17672 16:22:27
M 6216 1746 -17693 16:22:27
M 6202 1744 -17701 16:22:27
M 6254 1740 -17652 16:22:27
M 6254 1706 -17675 16:22:27
M 6236 1774 -17658 16:22:27
M 6208 1776 -17676 16:22:27
M 6162 1750 -17654 16:22:27
M 6160 1742 -17635 16:22:27
M 6226 1704 -17666 16:22:27
M 6206 1746 -17672 16:22:27
M 6138 1770 -17636 16:22:27
M 6144 1786 -17638 16:22:27
M 6196 1788 -17647 16:22:27
M 6202 1782 -17683 16:22:27
M 6236 1796 -17678 16:22:27
M 6224 1754 -17677 16:22:27
M 6206 1742 -17678 16:22:27
M 6216 1718 -17635 16:22:27
M 6230 1740 -17641 16:22:27
M 6190 1772 -17644 16:22:27
M 6208 1768 -17656 16:22:27
M 6212 1772 -17699 16:22:27
M 6224 1812 -17636 16:22:27
M 6190 1750 -17654 16:22:27
M 6186 1752 -17641 16:22:27
M 6230 2028 -17656 16:22:27
M 6240 1766 -17679 16:22:27
M 6226 1748 -17625 16:22:27
M 6220 1752 -17696 16:22:27
M 6210 1816 -17599 16:22:27
M 6230 1774 -17643 16:22:27
M 6218 1734 -17655 16:22:27
M 6192 1756 -17664 16:22:27
M 6196 1802 -17701 16:22:27
M 6230 1778 -17687 16:22:27
M 6214 1758 -17868 16:22:27
M 6248 1788 -17638 16:22:27
M 6214 1802 -17605 16:22:27
M 6208 1772 -17675 16:22:27
M 6222 1780 -17631 16:22:27
M 6274 1798 -17596 16:22:27
M 6264 1772 -17630 16:22:27
M 6196 1766 -17655 16:22:27
M 6154 1756 -17618 16:22:27
M 6186 1726 -17604 16:22:27
M 6254 1712 -17640 16:22:27
M 6212 1726 -17650 16:22:27
M 6152 1706 -17699 16:22:27
M 6186 1734 -17667 16:22:27
M 6198 1738 -17657 16:22:27
M 6180 1770 -17635 16:22:27
M 6236 1738 -17594 16:22:27
M 6200 1756 -17581 16:22:27
M 6202 1766 -17675 16:22:27
M 6212 1794 -17672 16:22:27
M 6228 1768 -17685 16:22:27
M 6202 1784 -17623 16:22:27
M 6158 1772 -17700 16:22:27
M 6208 1778 -17452 16:22:27
M 6220 1762 -17691 16:22:27
M 6220 1786 -17715 16:22:27
M 6180 1822 -17701 16:22:27
M 6208 1758 -17691 16:22:27
M 6212 1758 -17644 16:22:27
M 6214 1762 -17638 16:22:27
M 6218 1788 -17640 16:22:27
M 6172 1816 -17622 16:22:27
M 6210 1772 -17684 16:22:27
M 6180 1762 -17717 16:22:27
M 6184 1756 -17695 16:22:27
M 6236 1778 -17649 16:22:27
M 6224 1760 -17647 16:22:27
M 6198 1750 -17718 16:22:27
O 177 231 37 16:22:28
M 6026 1778 -17479 16:22:28
M 6050 1808 -17488 16:22:28
M 6022 1788 -17481 16:22:28
M 5980 1804 -17535 16:22:28
M 6022 1796 -17484 16:22:28
M 6056 1804 -17410 16:22:28
M 6040 1804 -17451 16:22:28
M 6004 1788 -17422 16:22:28
M 6012 1798 -17489 16:22:28
M 6010 1776 -17476 16:22:28
M 6042 1784 -17524 16:22:28
M 5992 1804 -17485 16:22:28
M 6038 1758 -17442 16:22:28
M 6042 1820 -17478 16:22:28
M 6004 1806 -17438 16:22:28
M 6030 1812 -17472 16:22:28
M 6032 1834 -17494 16:22:28
M 6038 1790 -17439 16:22:28
M 6024 1812 -17419 16:22:28
M 5996 1786 -17516 16:22:28
M 6010 1816 -17479 16:22:28
M 6018 1790 -17466 16:22:28
M 6042 1842 -17510 16:22:28
M 6060 1832 -17455 16:22:28
M 6066 1816 -17476 16:22:28
M 6032 1796 -17498 16:22:28
M 6004 1816 -17506 16:22:28
M 6018 1796 -17457 16:22:28
M 6078 1776 -17459 16:22:28
M 6010 1776 -17463 16:22:28
M 6010 1754 -17493 16:22:28
M 6034 1782 -17524 16:22:28
M 6044 1754 -17483 16:22:28
M 5996 1736 -17451 16:22:28
M 6030 1788 -17512 16:22:28
M 6032 1792 -17429 16:22:28
M 6040 1800 -17455 16:22:28
M 6038 1772 -17522 16:22:28
M 6042 1796 -17473 16:22:28
M 6082 1754 -17518 16:22:28
M 5994 1798 -17436 16:22:28
M 6028 1776 -17393 16:22:28
M 6078 1792 -17492 16:22:28
M 6018 1790 -17439 16:22:28
M 6060 1806 -17446 16:22:28
M 6008 1802 -17535 16:22:28
M 6062 1792 -17543 16:22:28
M 6038 1790 -17469 16:22:28
M 5968 1810 -17484 16:22:28
M 6036 1810 -17446 16:22:28
M 6036 1826 -17472 16:22:28
M 6006 1786 -17509 16:22:28
M 6026 1808 -17489 16:22:28
M 6040 1824 -17445 16:22:28
M 6028 1762 -17440 16:22:28
M 5996 1836 -17479 16:22:28
M 6034 1828 -17536 16:22:28
M 6028 1806 -17469 16:22:28
M 6044 1782 -17469 16:22:28
M 6018 1820 -17466 16:22:28
M 6032 1824 -17513 16:22:28
M 6016 1784 -17423 16:22:28
M 6014 1782 -17459 16:22:28
M 6016 1802 -17463 16:22:28
M 6008 1806 -17427 16:22:28
M 6016 1806 -17456 16:22:28
M 6036 1794 -17471 16:22:28
M 6054 1818 -17481 16:22:28
M 6040 1814 -17435 16:22:28
M 6020 1806 -17391 16:22:28
M 6022 1826 -17451 16:22:28
M 5990 1792 -17480 16:22:28
M 6036 1836 -17406 16:22:28
M 6002 1808 -17514 16:22:28
M 5998 1840 -17527 16:22:28
M 6010 1788 -17490 16:22:28
M 6022 1792 -17481 16:22:28
M 6012 1838 -17549 16:22:28
M 6004 1828 -17492 16:22:28
M 6026 1802 -17426 16:22:28
M 6056 1808 -17480 16:22:28
M 6044 1828 -17492 16:22:28
M 6048 1780 -17524 16:22:28
M 6042 1828 -17532 16:22:28
M 6060 1824 -17533 16:22:28
M 6070 1810 -17552 16:22:28
M 6082 1772 -17486 16:22:28
M 6052 1814 -17444 16:22:28
M 6006 1810 -17476 16:22:28
M 6050 1800 -17470 16:22:28
M 6038 1786 -17466 16:22:28
M 6044 1790 -17459 16:22:28
M 6032 1822 -17507 16:22:28
M 6004 1766 -17524 16:22:28
M 6012 1840 -17525 16:22:28
M 5988 1818 -17506 16:22:28
M 6052 1840 -17496 16:22:28
M 5992 1816 -17452 16:22:28
M 6000 1794 -17523 16:22:28
M 5996 1802 -17449 16:22:28
O 172 231 37 16:22:28
M 5900 1844 -17273 16:22:28
M 5884 1860 -17311 16:22:28
M 5860 1816 -17295 16:22:28
M 5854 1802 -17281 16:22:28
M 5826 1830 -17336 16:22:28
M 5882 1794 -17279 16:22:28
M 5882 1842 -17256 16:22:28
M 5834 1824 -17305 16:22:28
M 5826 1834 -17295 16:22:28
M 5820 1846 -17261 16:22:28
M 5808 1886 -17286 16:22:28
M 5842 1844 -17258 16:22:28
M 5850 1856 -17278 16:22:28
M 5830 1830 -17302 16:22:28
M 5882 1856 -17304 16:22:28
M 5832 1820 -17288 16:22:28
M 5862 1786 -17220 16:22:28
M 5862 1838 -17266 16:22:28
M 5870 1820 -17286 16:22:28
M 5886 1812 -17296 16:22:28
M 5840 1770 -17343 16:22:28
M 5838 1810 -17308 16:22:28
M 5912 1796 -17311 16:22:28
M 5896 1830 -17258 16:22:28
M 5846 1812 -17335 16:22:28
M 5638 1824 -17264 16:22:28
M 5852 1790 -17232 16:22:28
M 5854 1834 -17359 16:22:28
M 5904 1822 -17341 16:22:28
M 5822 1802 -17311 16:22:28
M 5834 1784 -17286 16:22:28
M 5846 1836 -17313 16:22:28
M 5836 1858 -17348 16:22:28
M 5808 1834 -17322 16:22:28
M 5868 1828 -17319 16:22:28
M 5868 1808 -17278 16:22:28
M 5852 1856 -17282 16:22:28
M 5792 1848 -17310 16:22:28
M 5770 1800 -17381 16:22:28
M 5836 1782 -17390 16:22:28
M 5870 1812 -17330 16:22:28
M 5816 1832 -17318 16:22:28
M 5840 1824 -17318 16:22:28
M 5852 1850 -17332 16:22:28
M 5860 1810 -17375 16:22:28
M 5864 1852 -17296 16:22:28
M 5828 1804 -17364 16:22:28
M 5852 1786 -17305 16:22:28
M 5864 1826 -17324 16:22:28
M 5864 1818 -17354 16:22:28
M 5874 1802 -17301 16:22:28
M 5842 1884 -17311 16:22:28
M 5866 1830 -17330 16:22:28
M 5862 1786 -17379 16:22:28
M 5814 1836 -17322 16:22:28
M 5822 1864 -17275 16:22:28
M 5858 1832 -17321 16:22:28
M 5840 1822 -17296 16:22:28
M 5810 1832 -17293 16:22:28
M 5872 1842 -17315 16:22:28
M 5874 1802 -17233 16:22:28
M 5834 1822 -17315 16:22:28
M 5848 1830 -17351 16:22:28
M 5868 1844 -17356 16:22:28
M 5856 1838 -17341 16:22:28
M 5870 1804 -17290 16:22:28
M 5882 1844 -17295 16:22:28
M 5858 1802 -17310 16:22:28
M 5854 1836 -17349 16:22:28
M 5856 1808 -17294 16:22:28
M 5856 1832 -17292 16:22:28
M 5850 1842 -17249 16:22:28
M 5814 1828 -17326 16:22:28
M 5870 1856 -17253 16:22:28
M 5844 1860 -17240 16:22:28
M 5806 1804 -17237 16:22:28
M 5834 1822 -17320 16:22:28
M 5828 1850 -17259 16:22:28
M 5820 1802 -17297 16:22:28
M 5836 1818 -17277 16:22:28
M 5828 1832 -17277 16:22:28
M 5850 1868 -17261 16:22:28
M 5848 1834 -17294 16:22:28
M 5848 1820 -17276 16:22:28
M 5808 1834 -17249 16:22:28
M 5858 1868 -17296 16:22:28
M 5862 1808 -17327 16:22:28
M 5852 1788 -17291 16:22:28
M 5848 1816 -17381 16:22:28
M 5834 1780 -17323 16:22:28
M 5854 1790 -17328 16:22:28
M 5800 1826 -17334 16:22:28
M 5894 1808 -17363 16:22:28
M 5854 1830 -17337 16:22:28
M 5890 1846 -17297 16:22:28
M 5846 1818 -17311 16:22:28
M 5884 1844 -17371 16:22:28
M 5846 1834 -17335 16:22:28
M 5868 1834 -17349 16:22:28
M 5886 1794 -17313 16:22:28
O 167 231 37 16:22:29
M 5726 1800 -17178 16:22:29
M 5664 1778 -17163 16:22:29
M 5692 1760 -17161 16:22:29
M 5670 1774 -17098 16:22:29
M 5696 1782 -17190 16:22:29
M 5694 1808 -17182 16:22:29
M 5684 1798 -17169 16:22:29
M 5652 1794 -17216 16:22:29
M 5612 1806 -17211 16:22:29
M 5676 1766 -17251 16:22:29
M 5636 1852 -17194 16:22:29
M 5640 1790 -17160 16:22:29
M 5632 1808 -17157 16:22:29
M 5642 1760 -17231 16:22:29
M 5644 1756 -17189 16:22:29
M 5640 1752 -17222 16:22:29
M 5678 1722 -17240 16:22:29
M 5626 1744 -17168 16:22:29
M 5638 1782 -17143 16:22:29
M 5656 1736 -17272 16:22:29
M 5636 1776 -17204 16:22:29
M 5670 1754 -17154 16:22:29
M 5378 1774 -17212 16:22:29
M 5594 1782 -17174 16:22:29
M 5668 1782 -17126 16:22:29
M 5676 1818 -17226 16:22:29
M 5678 1794 -17188 16:22:29
M 5606 1782 -17205 16:22:29
M 5624 1756 -17171 16:22:29
M 5642 1828 -17212 16:22:29
M 5656 1774 -17249 16:22:29
M 5650 1808 -17168 16:22:29
M 5666 1828 -17179 16:22:29
M 5656 1764 -17166 16:22:29
M 5620 1802 -17203 16:22:29
M 5680 1758 -17160 16:22:29
M 5660 1812 -17201 16:22:29
M 5686 1784 -17231 16:22:29
M 5660 1808 -17162 16:22:29
M 5626 1788 -17139 16:22:29
M 5680 1760 -17184 16:22:29
M 5654 1820 -17187 16:22:29
M 5642 1796 -17201 16:22:29
M 5636 1784 -17194 16:22:29
M 5620 1786 -17158 16:22:29
M 5660 1818 -17135 16:22:29
M 5602 1806 -17132 16:22:29
M 5600 1790 -17197 16:22:29
M 5658 1824 -17199 16:22:29
M 5656 1806 -17158 16:22:29
M 5684 1810 -17186 16:22:29
M 5674 1790 -17124 16:22:29
M 5632 1804 -17149 16:22:29
M 5662 1830 -17135 16:22:29
M 5622 1836 -17132 16:22:29
M 5628 1548 -17137 16:22:29
M 5628 1790 -17134 16:22:29
M 5630 1768 -17166 16:22:29
M 5656 1806 -17213 16:22:29
M 5664 1798 -17211 16:22:29
M 5644 1838 -17195 16:22:29
M 5630 1790 -17151 16:22:29
M 5650 1810 -17122 16:22:29
M 5612 1786 -17235 16:22:29
M 5628 1810 -17158 16:22:29
M 5632 1806 -17205 16:22:29
M 5642 1826 -17131 16:22:29
M 5662 1836 -17119 16:22:29
M 5636 1852 -17136 16:22:29
M 5636 1818 -17091 16:22:29
M 5632 1830 -17147 16:22:29
M 5656 1802 -17192 16:22:29
M 5686 1840 -17213 16:22:29
M 5648 1816 -17142 16:22:29
M 5650 1826 -17163 16:22:29
M 5616 1760 -17189 16:22:29
M 5638 1826 -17116 16:22:29
M 5642 1776 -17173 16:22:29
M 5672 1794 -17134 16:22:29
M 5638 1792 -17189 16:22:29
M 5682 1770 -17244 16:22:29
M 5680 1786 -17162 16:22:29
M 5708 1784 -17207 16:22:29
M 5662 1800 -17183 16:22:29
M 5648 1784 -17174 16:22:29
M 5648 1800 -17200 16:22:29
M 5666 1776 -17218 16:22:29
M 5636 1806 -17163 16:22:29
M 5608 1780 -17207 16:22:29
M 5630 1792 -17194 16:22:29
M 5608 1848 -17162 16:22:29
M 5624 1784 -17139 16:22:29
M 5630 1820 -17129 16:22:29
M 5682 1838 -17109 16:22:29
M 5638 1796 -17161 16:22:29
M 5632 1780 -17231 16:22:29
M 5616 1806 -17159 16:22:29
M 5610 1782 -17185 16:22:29
M 5622 1788 -17196 16:22:29
M 5564 1748 -17169 16:22:29
