O 212 231 37 16:20:51
M 4606 1852 -17056 16:20:51
M 4662 1846 -17068 16:20:51
M 4640 1860 -17111 16:20:51
M 4616 1842 -17052 16:20:51
M 4674 1852 -17029 16:20:51
M 4636 1898 -17043 16:20:51
M 4676 1880 -17053 16:20:51
M 4646 1856 -17027 16:20:51
M 4630 1874 -17014 16:20:51
M 4616 1892 -17033 16:20:51
M 4602 1852 -17053 16:20:51
M 4602 1852 -17053 16:20:51
M 4614 1856 -17025 16:20:51
M 4636 1862 -17010 16:20:51
M 4604 1822 -17075 16:20:51
M 4652 1818 -17037 16:20:51
M 4606 1786 -17039 16:20:51
M 4538 1866 -17027 16:20:52
M 4576 1888 -17010 16:20:52
M 4562 1874 -17055 16:20:52
M 4596 1870 -17063 16:20:52
M 4354 1840 -17053 16:20:52
M 4608 1888 -17040 16:20:52
M 4624 1850 -17090 16:20:52
M 4614 1820 -17101 16:20:52
M 4596 1840 -17008 16:20:52
M 4656 1824 -17083 16:20:52
M 4600 1828 -17062 16:20:52
M 4604 1806 -17004 16:20:52
M 4606 1826 -17038 16:20:52
M 4634 1840 -17060 16:20:52
M 4622 1856 -16983 16:20:52
M 4614 1840 -17056 16:20:52
M 4686 1868 -17047 16:20:52
M 4614 1860 -17074 16:20:52
M 4672 1840 -17023 16:20:52
M 4646 1852 -17044 16:20:52
M 4654 1834 -17057 16:20:52
M 4634 1858 -17047 16:20:52
M 4638 1824 -17061 16:20:52
M 4598 1846 -17004 16:20:52
M 4602 1836 -17016 16:20:52
M 4598 1834 -17037 16:20:52
M 4652 1856 -17034 16:20:52
M 4622 1924 -16999 16:20:52
M 4616 1832 -17080 16:20:52
M 4628 1868 -17047 16:20:52
M 4656 1856 -17069 16:20:52
M 4650 1872 -17034 16:20:52
M 4618 1832 -17066 16:20:52
M 4640 1816 -17033 16:20:52
M 4604 1816 -17003 16:20:52
M 4608 1862 -17031 16:20:52
M 4618 1846 -17054 16:20:52
M 4660 1880 -17011 16:20:52
M 4608 1874 -16992 16:20:52
M 4640 1874 -17079 16:20:52
M 4652 1890 -17028 16:20:52
M 4630 1868 -17063 16:20:52
M 4622 1854 -17110 16:20:52
M 4600 1862 -17072 16:20:52
M 4634 1908 -17068 16:20:52
M 4630 1862 -17152 16:20:52
M 4646 1852 -17078 16:20:52
M 4640 1882 -17136 16:20:52
M 4618 1840 -17035 16:20:52
M 4634 1862 -16990 16:20:52
M 4634 1878 -17012 16:20:52
M 4636 1856 -17120 16:20:52
M 4654 1850 -17054 16:20:52
M 4620 1872 -17068 16:20:52
M 4638 1854 -17086 16:20:52
M 4648 1860 -17048 16:20:52
M 4672 1902 -17070 16:20:52
M 4672 1824 -17020 16:20:52
M 4662 1864 -17085 16:20:52
M 4660 1836 -17022 16:20:52
M 4618 1858 -17053 16:20:52
M 4656 1816 -17052 16:20:52
M 4614 1838 -17065 16:20:52
M 4662 1852 -17084 16:20:52
M 4628 1870 -17032 16:20:52
M 4632 1868 -17097 16:20:52
M 4664 1828 -17040 16:20:52
M 4670 1862 -17023 16:20:52
M 4636 1836 -17060 16:20:52
M 4662 1814 -17099 16:20:52
M 4658 1806 -17035 16:20:52
M 4658 1846 -17074 16:20:52
M 4686 1868 -17009 16:20:52
M 4668 1830 -17066 16:20:52
M 4650 1826 -17073 16:20:52
M 4692 1876 -16998 16:20:52
M 4700 1852 -17035 16:20:52
M 4662 1792 -17025 16:20:52
M 4658 1892 -16995 16:20:52
M 4658 1816 -17024 16:20:52
M 4646 1872 -16989 16:20:52
M 4664 1828 -17083 16:20:52
M 4690 1824 -17017 16:20:52
O 207 231 37 16:20:52
M 4640 1848 -17061 16:20:52
M 4678 1846 -17087 16:20:52
M 4678 1828 -17115 16:20:52
M 4682 1880 -17104 16:20:52
M 4662 1840 -17172 16:20:52
M 4696 1816 -17116 16:20:52
M 4662 1842 -17100 16:20:52
M 4640 1872 -17067 16:20:52
M 4708 1878 -17106 16:20:52
M 4704 1880 -17079 16:20:52
M 4706 1812 -17133 16:20:52
M 4722 1848 -17136 16:20:52
M 4698 1854 -17049 16:20:52
M 4698 1874 -17086 16:20:52
M 4680 1872 -17036 16:20:52
M 4630 1840 -17098 16:20:52
M 4692 1838 -17061 16:20:52
M 4626 1838 -17174 16:20:52
M 4636 1838 -17136 16:20:52
M 4698 1870 -17144 16:20:52
M 4624 1866 -17065 16:20:52
M 4716 1854 -17115 16:20:52
M 4700 1880 -17044 16:20:52
M 4680 1824 -17058 16:20:52
M 4692 1868 -17064 16:20:52
M 4658 1900 -17113 16:20:52
M 4650 1876 -17090 16:20:52
M 4672 1876 -17101 16:20:52
M 4642 1866 -17107 16:20:52
M 4640 1876 -17127 16:20:52
M 4702 1812 -17060 16:20:52
M 4652 1876 -17046 16:20:52
M 4644 1858 -17138 16:20:52
M 4634 1824 -17048 16:20:52
M 4626 1830 -17108 16:20:52
M 4666 1836 -17163 16:20:52
M 4658 1866 -17135 16:20:52
M 4680 1820 -17075 16:20:52
M 4654 1832 -17086 16:20:52
M 4692 1804 -17048 16:20:52
M 4670 1860 -17175 16:20:52
M 4644 1840 -17047 16:20:52
M 4640 1838 -17129 16:20:52
M 4652 1844 -17153 16:20:52
M 4640 1824 -17153 16:20:52
M 4636 1826 -17107 16:20:52
M 4620 1866 -17107 16:20:52
M 4664 1828 -17127 16:20:52
M 4670 1786 -17091 16:20:52
M 4668 1872 -17085 16:20:52
M 4656 1890 -17052 16:20:52
M 4632 1890 -17043 16:20:52
M 4632 1818 -17061 16:20:52
M 4646 1850 -17104 16:20:52
M 4636 1860 -17036 16:20:52
M 4666 1840 -17144 16:20:52
M 4682 1868 -17073 16:20:52
M 4640 1892 -17112 16:20:52
M 4630 1868 -17134 16:20:52
M 4626 1808 -17016 16:20:52
M 4620 1842 -17064 16:20:52
M 4640 1848 -17079 16:20:52
M 4614 1900 -17075 16:20:52
M 4646 1822 -17032 16:20:52
M 4662 1880 -17121 16:20:52
M 4698 1844 -17060 16:20:52
M 4638 1876 -17036 16:20:52
M 4654 1836 -17086 16:20:52
M 4700 1802 -17102 16:20:52
M 4652 1854 -17116 16:20:52
M 4670 1858 -17150 16:20:52
M 4662 1832 -17092 16:20:52
M 4638 1856 -17097 16:20:52
M 4646 1870 -17059 16:20:52
M 4686 1870 -17111 16:20:52
M 4686 1788 -17131 16:20:52
M 4712 1858 -17069 16:20:52
M 4638 1860 -17051 16:20:52
M 4684 1820 -17103 16:20:52
M 4670 1894 -17134 16:20:52
M 4624 1834 -17082 16:20:52
M 4684 1876 -17102 16:20:52
M 4680 1818 -17082 16:20:52
M 4656 1858 -17040 16:20:52
M 4650 1834 -17052 16:20:52
M 4658 1876 -17053 16:20:52
M 4652 1862 -17064 16:20:52
M 4652 1840 -17084 16:20:52
M 4672 1874 -17031 16:20:52
M 4684 1864 -17035 16:20:52
M 4674 1848 -17081 16:20:52
M 4658 1852 -17048 16:20:52
M 4724 1846 -17039 16:20:52
M 4646 1844 -17068 16:20:52
M 4640 1854 -17124 16:20:52
M 4680 1816 -17079 16:20:52
M 4650 1908 -17088 16:20:52
M 4678 1852 -17098 16:20:52
M 4636 1858 -17102 16:20:52
M 4646 1832 -17053 16:20:52
O 202 231 37 16:20:52
M 4698 1884 -17061 16:20:52
M 4648 1830 -17142 16:20:52
M 4684 1854 -17117 16:20:52
M 4676 1834 -17133 16:20:52
M 4698 1844 -17090 16:20:52
M 4702 1818 -17093 16:20:52
M 4680 1868 -17107 16:20:52
M 4642 1824 -17144 16:20:52
M 4606 1870 -17060 16:20:52
M 4698 1842 -17092 16:20:52
M 4630 1812 -17064 16:20:52
M 4652 1842 -17115 16:20:52
M 4660 1826 -17085 16:20:52
M 4632 1904 -17045 16:20:52
M 4672 1818 -17095 16:20:52
M 4694 1820 -17131 16:20:52
M 4686 1858 -17087 16:20:52
M 4678 1872 -17061 16:20:52
M 4656 1840 -17085 16:20:52
M 4680 1860 -17117 16:20:52
M 4672 1842 -17066 16:20:52
M 4692 1818 -17070 16:20:52
M 4666 1838 -17115 16:20:52
M 4694 1862 -17122 16:20:52
M 4700 1840 -17125 16:20:52
M 4680 1836 -17085 16:20:52
M 4682 1846 -17096 16:20:52
M 4692 1840 -17080 16:20:52
M 4702 1846 -17129 16:20:52
M 4684 1848 -17157 16:20:52
M 4642 1864 -17094 16:20:52
M 4618 1830 -17123 16:20:52
M 4622 1868 -17162 16:20:52
M 4580 1824 -17077 16:20:52
M 4654 1840 -17074 16:20:52
M 4658 1820 -17074 16:20:52
M 4676 1828 -17036 16:20:52
M 4626 1830 -17086 16:20:52
M 4636 1870 -17096 16:20:52
M 4680 1858 -17095 16:20:52
M 4660 1824 -17063 16:20:52
M 4648 1854 -17102 16:20:52
M 4642 1850 -17064 16:20:52
M 4688 1860 -17112 16:20:52
M 4692 1846 -17066 16:20:52
M 4666 1836 -17155 16:20:52
M 4644 1866 -17114 16:20:52
M 4696 1858 -17121 16:20:52
M 4640 1874 -17126 16:20:52
M 4674 1824 -17106 16:20:52
M 4618 1870 -17100 16:20:52
M 4656 1856 -17122 16:20:52
M 4656 1850 -17135 16:20:52
M 4668 1814 -17094 16:20:52
M 4636 1844 -17120 16:20:52
M 4618 1836 -17079 16:20:52
M 4668 1838 -17127 16:20:52
M 4664 1796 -17180 16:20:52
M 4676 1818 -17150 16:20:52
M 4632 1854 -17142 16:20:52
M 4634 1862 -17079 16:20:52
M 4678 1852 -17134 16:20:52
M 4628 1854 -17151 16:20:52
M 4632 1840 -17057 16:20:52
M 4658 1856 -17114 16:20:52
M 4684 1802 -17088 16:20:52
M 4634 1846 -17168 16:20:52
M 4624 1840 -17093 16:20:52
M 4640 1848 -17063 16:20:52
M 4698 1828 -17164 16:20:52
M 4650 1848 -17124 16:20:52
M 4680 1852 -17172 16:20:52
M 4622 1838 -17147 16:20:52
M 4644 1820 -17148 16:20:52
M 4660 1818 -17093 16:20:52
M 4664 1806 -17098 16:20:52
M 4650 1762 -17145 16:20:52
M 4638 1824 -17090 16:20:52
M 4662 1836 -17130 16:20:52
M 4620 1820 -17054 16:20:52
M 4646 1804 -17089 16:20:52
M 4636 1820 -17165 16:20:52
M 4668 1844 -17130 16:20:52
M 4660 1812 -17130 16:20:52
M 4696 1832 -17133 16:20:52
M 4650 1830 -17151 16:20:52
M 4694 1816 -17104 16:20:52
M 4668 1814 -17127 16:20:52
M 4666 1866 -17166 16:20:52
M 4694 1828 -17079 16:20:52
M 4666 1874 -17110 16:20:52
M 4676 1888 -17154 16:20:52
M 4652 1826 -17162 16:20:52
M 4662 1840 -17136 16:20:52
M 4628 1818 -17145 16:20:52
M 4674 1854 -17161 16:20:52
M 4686 1850 -17173 16:20:52
M 4698 1842 -17185 16:20:52
M 4702 1858 -17176 16:20:52
M 4698 1822 -17153 16:20:52
O 197 231 37 16:20:53
M 4674 1860 -17046 16:20:53
M 4624 1854 -17103 16:20:53
M 4652 1864 -17141 16:20:53
M 4658 1838 -17105 16:20:53
M 4682 1838 -17106 16:20:53
M 4682 1846 -17039 16:20:53
M 4636 1868 -17063 16:20:53
M 4706 1850 -17041 16:20:53
M 4652 1864 -17103 16:20:53
M 4676 1876 -17128 16:20:53
M 4656 1872 -17096 16:20:53
M 4650 1834 -17144 16:20:53
M 4664 1856 -17118 16:20:53
M 4726 1852 -17120 16:20:53
M 4682 1840 -17117 16:20:53
M 4698 1856 -17118 16:20:53
M 4682 1830 -17090 16:20:53
M 4714 1830 -17104 16:20:53
M 4710 1842 -17117 16:20:53
M 4674 1834 -17099 16:20:53
M 4732 1890 -17094 16:20:53
M 4676 1874 -17067 16:20:53
M 4696 1846 -17090 16:20:53
M 4668 1880 -17072 16:20:53
M 4664 1840 -17086 16:20:53
M 4682 1908 -17106 16:20:53
M 4688 1846 -17156 16:20:53
M 4674 1872 -17122 16:20:53
M 4684 1844 -17127 16:20:53
M 4694 1876 -17128 16:20:53
M 4644 1868 -17107 16:20:53
M 4720 1856 -17171 16:20:53
M 4684 1872 -17179 16:20:53
M 4720 1910 -17104 16:20:53
M 4704 1872 -17163 16:20:53
M 4694 1860 -17067 16:20:53
M 4704 1866 -17114 16:20:53
M 4714 1832 -17139 16:20:53
M 4702 1846 -16922 16:20:53
M 4728 1886 -17090 16:20:53
M 4716 1860 -17162 16:20:53
M 4758 1890 -17144 16:20:53
M 4694 1888 -17132 16:20:53
M 4642 1874 -17170 16:20:53
M 4636 1852 -17186 16:20:53
M 4678 1820 -17104 16:20:53
M 4698 1858 -17132 16:20:53
M 4660 1908 -17116 16:20:53
M 4678 1868 -17082 16:20:53
M 4674 1888 -17128 16:20:53
M 4698 1892 -17157 16:20:53
M 4678 1864 -17133 16:20:53
M 4764 1868 -17081 16:20:53
M 4714 1880 -17106 16:20:53
M 4716 1802 -17096 16:20:53
M 4722 1836 -17094 16:20:53
M 4706 1868 -17085 16:20:53
M 4720 1872 -17085 16:20:53
M 4732 1896 -17119 16:20:53
M 4724 1852 -17107 16:20:53
M 4708 1860 -17101 16:20:53
M 4694 1876 -17148 16:20:53
M 4716 1856 -17066 16:20:53
M 4668 1892 -17099 16:20:53
M 4700 1848 -17061 16:20:53
M 4692 1890 -17103 16:20:53
M 4724 1842 -17146 16:20:53
M 4686 1884 -17057 16:20:53
M 4716 1830 -17104 16:20:53
M 4718 1830 -17061 16:20:53
M 4676 1830 -17133 16:20:53
M 4704 1874 -17058 16:20:53
M 4658 1872 -17082 16:20:53
M 4714 1864 -17020 16:20:53
M 4686 1870 -17058 16:20:53
M 4696 1828 -17097 16:20:53
M 4676 1832 -17069 16:20:53
M 4656 1820 -17104 16:20:53
M 4686 1862 -17152 16:20:53
M 4672 1832 -17117 16:20:53
M 4654 1818 -17142 16:20:53
M 4656 1876 -17105 16:20:53
M 4696 1818 -17092 16:20:53
M 4714 1848 -17103 16:20:53
M 4670 1882 -17169 16:20:53
M 4652 1858 -17145 16:20:53
M 4626 1852 -17139 16:20:53
M 4694 1848 -17169 16:20:53
M 4688 1884 -17141 16:20:53
M 4672 1864 -17158 16:20:53
M 4716 1832 -17120 16:20:53
M 4700 1828 -17068 16:20:53
M 4668 1844 -17137 16:20:53
M 4646 1838 -17125 16:20:53
M 4660 1834 -17102 16:20:53
M 4686 1856 -17205 16:20:53
M 4728 1848 -17069 16:20:53
M 4684 1810 -17154 16:20:53
M 4690 1832 -17043 16:20:53
M 4714 1876 -17095 16:20:53
O 192 231 37 16:20:53
M 4670 1820 -17037 16:20:53
M 4686 1836 -17071 16:20:53
M 4674 1844 -17109 16:20:53
M 4690 1834 -17076 16:20:53
M 4676 1832 -17094 16:20:53
M 4672 1780 -17105 16:20:53
M 4656 1824 -17057 16:20:53
M 4644 1842 -17081 16:20:53
M 4648 1838 -17062 16:20:53
M 4674 1852 -17112 16:20:53
M 4652 1846 -17102 16:20:53
M 4656 1834 -17068 16:20:53
M 4684 1812 -17104 16:20:53
M 4682 1830 -17008 16:20:53
M 4674 1806 -17094 16:20:53
M 4662 1822 -17065 16:20:53
M 4678 1818 -17139 16:20:53
M 4674 1828 -17138 16:20:53
M 4694 1832 -17145 16:20:53
M 4624 1808 -17141 16:20:53
M 4684 1846 -17067 16:20:53
M 4636 1840 -17126 16:20:53
M 4690 1812 -17098 16:20:53
M 4716 1824 -17076 16:20:53
M 4664 1810 -17133 16:20:53
M 4676 1838 -17044 16:20:53
M 4678 1804 -17060 16:20:53
M 4714 1814 -17124 16:20:53
M 4700 1806 -17061 16:20:53
M 4732 1810 -17058 16:20:53
M 4658 1814 -17110 16:20:53
M 4640 1800 -17137 16:20:53
M 4716 1806 -17096 16:20:53
M 4700 1850 -17041 16:20:53
M 4694 1828 -17100 16:20:53
M 4692 1790 -17054 16:20:53
M 4728 1788 -17012 16:20:53
M 4664 1792 -17000 16:20:53
M 4660 1840 -17039 16:20:53
M 4670 1860 -17067 16:20:53
M 4672 1842 -17059 16:20:53
M 4698 1818 -17096 16:20:53
M 4650 1838 -17142 16:20:53
M 4676 1812 -17051 16:20:53
M 4672 1802 -17096 16:20:53
M 4684 1834 -17088 16:20:53
M 4648 1808 -17102 16:20:53
M 4682 1792 -17101 16:20:53
M 4682 1822 -17126 16:20:53
M 4630 1804 -17123 16:20:53
M 4664 1782 -17084 16:20:53
M 4688 1806 -17085 16:20:53
M 4630 1824 -17089 16:20:53
M 4626 1810 -17079 16:20:53
M 4670 1860 -17064 16:20:53
M 4680 1806 -17099 16:20:53
M 4684 1840 -17088 16:20:53
M 4628 1834 -17072 16:20:53
M 4644 1832 -16984 16:20:53
M 4672 1830 -17077 16:20:53
M 4628 1860 -17018 16:20:53
M 4648 1838 -16996 16:20:53
M 4664 1826 -17048 16:20:53
M 4702 1846 -17080 16:20:53
M 4678 1832 -17091 16:20:53
M 4654 1816 -17111 16:20:53
M 4652 1806 -17048 16:20:53
M 4602 1812 -17031 16:20:53
M 4666 1830 -17045 16:20:53
M 4708 1866 -17057 16:20:53
M 4702 1846 -17021 16:20:53
M 4676 1818 -17067 16:20:53
M 4650 1800 -17057 16:20:53
M 4648 1820 -17021 16:20:53
M 4686 1832 -16999 16:20:53
M 4722 1838 -17104 16:20:53
M 4726 1840 -17030 16:20:53
M 4650 1798 -17060 16:20:53
M 4664 2040 -17037 16:20:53
M 4688 1826 -17017 16:20:53
M 4704 1816 -17030 16:20:53
M 4680 1810 -17011 16:20:53
M 4650 1834 -17030 16:20:53
M 4650 1816 -17056 16:20:53
M 4684 1836 -17105 16:20:53
M 4682 1862 -17024 16:20:53
M 4714 1840 -17087 16:20:53
M 4652 1842 -17047 16:20:53
M 4694 1834 -17035 16:20:53
M 4702 1826 -17073 16:20:53
M 4704 1794 -17028 16:20:53
M 4712 1822 -17063 16:20:53
M 4738 1848 -17022 16:20:53
M 4672 1856 -17076 16:20:53
M 4674 1830 -17036 16:20:53
M 4700 1804 -17043 16:20:53
M 4704 1838 -17062 16:20:53
M 4644 1798 -17110 16:20:53
M 4680 1860 -17092 16:20:53
M 4672 1794 -17078 16:20:53
O 187 231 37 16:20:54
M 4682 1792 -17108 16:20:54
M 4716 1832 -17159 16:20:54
M 4762 1798 -17125 16:20:54
M 4664 1832 -17138 16:20:54
M 4676 1794 -17126 16:20:54
M 4718 1850 -17074 16:20:54
M 4710 1816 -17135 16:20:54
M 4670 1790 -17115 16:20:54
M 4692 1850 -17093 16:20:54
M 4698 1790 -17041 16:20:54
M 4674 1788 -17104 16:20:54
M 4658 1850 -17122 16:20:54
M 4696 1806 -17080 16:20:54
M 4680 1842 -17074 16:20:54
M 4726 1816 -17082 16:20:54
M 4684 1836 -17102 16:20:54
M 4698 1804 -17149 16:20:54
M 4674 1774 -17146 16:20:54
M 4630 1804 -17121 16:20:54
M 4718 1850 -17071 16:20:54
M 4700 1798 -17045 16:20:54
M 4702 1788 -17044 16:20:54
M 4738 1812 -17070 16:20:54
M 4642 1814 -17033 16:20:54
M 4648 1828 -17121 16:20:54
M 4706 1762 -17066 16:20:54
M 4694 1798 -17322 16:20:54
M 4734 1868 -17146 16:20:54
M 4680 1798 -17145 16:20:54
M 4692 1814 -17142 16:20:54
M 4686 1806 -17099 16:20:54
M 4674 1802 -17134 16:20:54
M 4678 1874 -17089 16:20:54
M 4684 1792 -17084 16:20:54
M 4700 1832 -17067 16:20:54
M 4674 1810 -17058 16:20:54
M 4668 1840 -17085 16:20:54
M 4674 1856 -17050 16:20:54
M 4692 1834 -17026 16:20:54
M 4704 1842 -17105 16:20:54
M 4724 1816 -17037 16:20:54
M 4752 1840 -17061 16:20:54
M 4694 1866 -17108 16:20:54
M 4654 1826 -17150 16:20:54
M 4708 1842 -17146 16:20:54
M 4710 1814 -17122 16:20:54
M 4690 1854 -17144 16:20:54
M 4708 1810 -17125 16:20:54
M 4698 1824 -17052 16:20:54
M 4690 1810 -17120 16:20:54
M 4678 1782 -17106 16:20:54
M 4688 1818 -17089 16:20:54
M 4726 1820 -17077 16:20:54
M 4704 1842 -17117 16:20:54
M 4708 1804 -17072 16:20:54
M 4688 1800 -17085 16:20:54
M 4640 1826 -17100 16:20:54
M 4658 1846 -17088 16:20:54
M 4662 1826 -17035 16:20:54
M 4704 1840 -17137 16:20:54
M 4710 1888 -17088 16:20:54
M 4712 1848 -17115 16:20:54
M 4722 1862 -17112 16:20:54
M 4686 1848 -17147 16:20:54
M 4718 1832 -17138 16:20:54
M 4704 1830 -17073 16:20:54
M 4690 1830 -17129 16:20:54
M 4720 1818 -17123 16:20:54
M 4704 1818 -17045 16:20:54
M 4702 1838 -17083 16:20:54
M 4674 1830 -17078 16:20:54
M 4720 1852 -17087 16:20:54
M 4694 1812 -17112 16:20:54
M 4730 1840 -17136 16:20:54
M 4690 1848 -17066 16:20:54
M 4686 1876 -17068 16:20:54
M 4678 1832 -17078 16:20:54
M 4682 1878 -17101 16:20:54
M 4728 1876 -17103 16:20:54
M 4726 1886 -17073 16:20:54
M 4714 1840 -17059 16:20:54
M 4730 1820 -17059 16:20:54
M 4712 1874 -17098 16:20:54
M 4702 1858 -17075 16:20:54
M 4730 1842 -17066 16:20:54
M 4668 1852 -17079 16:20:54
M 4724 1798 -17110 16:20:54
M 4766 1824 -17059 16:20:54
M 4674 1836 -17116 16:20:54
M 4716 1828 -17133 16:20:54
M 4724 1864 -17073 16:20:54
M 4686 1880 -17061 16:20:54
M 4676 1872 -17104 16:20:54
M 4728 1870 -17056 16:20:54
M 4680 1852 -17041 16:20:54
M 4682 1842 -17103 16:20:54
M 4664 1880 -17065 16:20:54
M 4698 1824 -17074 16:20:54
M 4732 1834 -17034 16:20:54
M 4698 1900 -17055 16:20:54
O 182 231 37 16:20:54
M 4638 1840 -17045 16:20:54
M 4690 1842 -17046 16:20:54
M 4692 1850 -17068 16:20:54
M 4694 1842 -17078 16:20:54
M 4706 1840 -17051 16:20:54
M 4676 1836 -17031 16:20:54
M 4642 1806 -17045 16:20:54
M 4694 1808 -16953 16:20:54
M 4656 1848 -16957 16:20:54
M 4664 1858 -17074 16:20:54
M 4660 1830 -17011 16:20:54
M 4666 1852 -16999 16:20:54
M 4640 1858 -17007 16:20:54
M 4700 1800 -17063 16:20:54
M 4638 1796 -17055 16:20:54
M 4666 1854 -17086 16:20:54
M 4698 1878 -17118 16:20:54
M 4660 1816 -17078 16:20:54
M 4696 1834 -17090 16:20:54
M 4682 1842 -17043 16:20:54
M 4708 1826 -17079 16:20:54
M 4674 1876 -16995 16:20:54
M 4706 1850 -17039 16:20:54
M 4684 1824 -17079 16:20:54
M 4670 1828 -17078 16:20:54
M 4702 1844 -17076 16:20:54
M 4666 1792 -17043 16:20:54
M 4676 1836 -17071 16:20:54
M 4684 1822 -17016 16:20:54
M 4682 1828 -17125 16:20:54
M 4698 1834 -17072 16:20:54
M 4646 1836 -17029 16:20:54
M 4668 1832 -17074 16:20:54
M 4668 1842 -17088 16:20:54
M 4692 1856 -17097 16:20:54
M 4668 1828 -17070 16:20:54
M 4640 1852 -17104 16:20:54
M 4624 1840 -17020 16:20:54
M 4682 1792 -17040 16:20:54
M 4682 1828 -17026 16:20:54
M 4670 1856 -17057 16:20:54
M 4672 1810 -17076 16:20:54
M 4658 1882 -17039 16:20:54
M 4616 1818 -17062 16:20:54
M 4658 1792 -17042 16:20:54
M 4692 1794 -17037 16:20:54
M 4666 1834 -17065 16:20:54
M 4626 1800 -17085 16:20:54
M 4712 1882 -17111 16:20:54
M 4632 1774 -17040 16:20:54
M 4654 1790 -17048 16:20:54
M 4664 1824 -16979 16:20:54
M 4660 1852 -17073 16:20:54
M 4672 1850 -17048 16:20:54
M 4632 1826 -17030 16:20:54
M 4668 1838 -17023 16:20:54
M 4668 1808 -17107 16:20:54
M 4650 1838 -17040 16:20:54
M 4668 1794 -17037 16:20:54
M 4694 1832 -17010 16:20:54
M 4634 1794 -17016 16:20:54
M 4618 1836 -17007 16:20:54
M 4644 1812 -17074 16:20:54
M 4718 1822 -17010 16:20:54
M 4628 1810 -17059 16:20:54
M 4642 1778 -17064 16:20:54
M 4614 1832 -17020 16:20:54
M 4664 1794 -17082 16:20:54
M 4640 1838 -17046 16:20:54
M 4594 1826 -17008 16:20:54
M 4614 1828 -17081 16:20:54
M 4638 1808 -17074 16:20:54
M 4682 1812 -17070 16:20:54
M 4622 1790 -17098 16:20:54
M 4626 1808 -17120 16:20:54
M 4644 1776 -17138 16:20:54
M 4668 1794 -17044 16:20:54
M 4652 1792 -17066 16:20:54
M 4650 1820 -17105 16:20:54
M 4640 1794 -17072 16:20:54
M 4590 1828 -17077 16:20:54
M 4616 1850 -17114 16:20:54
M 4664 1836 -17098 16:20:54
M 4640 1832 -17057 16:20:54
M 4688 1862 -17045 16:20:54
M 4636 1850 -17114 16:20:54
M 4668 1818 -17117 16:20:54
M 4652 1838 -17031 16:20:54
M 4668 1804 -17084 16:20:54
M 4662 1800 -17038 16:20:54
M 4684 1828 -17080 16:20:54
M 4632 1892 -17062 16:20:54
M 4674 1888 -17043 16:20:54
M 4670 1858 -16994 16:20:54
M 4658 1840 -17013 16:20:54
M 4640 1870 -17053 16:20:54
M 4636 1854 -17078 16:20:54
M 4634 1806 -17068 16:20:54
M 4660 1814 -17020 16:20:54
M 4694 1838 -17110 16:20:54
O 177 231 37 16:20:54
M 4670 1854 -17094 16:20:54
M 4646 1842 -17098 16:20:54
M 4720 1806 -17045 16:20:54
M 4700 1846 -17088 16:20:54
M 4682 1856 -17049 16:20:54
M 4660 1846 -17084 16:20:54
M 4718 1830 -17069 16:20:54
M 4712 1834 -17089 16:20:54
M 4684 1836 -17083 16:20:54
M 4688 1850 -17165 16:20:54
M 4670 1854 -17018 16:20:54
M 4682 1816 -17007 16:20:54
M 4724 1820 -17066 16:20:54
M 4742 1806 -17040 16:20:54
M 4698 1812 -17116 16:20:54
M 4708 1826 -17070 16:20:54
M 4638 1822 -17105 16:20:54
M 4726 1826 -17025 16:20:54
M 4678 1842 -17110 16:20:54
M 4720 1838 -17081 16:20:54
M 4682 1840 -17106 16:20:54
M 4716 1844 -17077 16:20:54
M 4730 1834 -17109 16:20:54
M 4688 1818 -17076 16:20:54
M 4706 1790 -16948 16:20:54
M 4702 1826 -17054 16:20:54
M 4692 1822 -17016 16:20:54
M 4692 1822 -17022 16:20:54
M 4704 1848 -17093 16:20:54
M 4696 1826 -17086 16:20:54
M 4724 1842 -17043 16:20:54
M 4720 1786 -17069 16:20:54
M 4644 1816 -17098 16:20:54
M 4658 1816 -17127 16:20:54
M 4714 1848 -17100 16:20:54
M 4736 1824 -17083 16:20:54
M 4660 1782 -17123 16:20:54
M 4698 1812 -17107 16:20:54
M 4714 1800 -17098 16:20:54
M 4710 1786 -17046 16:20:54
M 4714 1810 -17111 16:20:54
M 4650 1802 -17078 16:20:54
M 4690 1802 -17035 16:20:54
M 4708 1784 -17056 16:20:54
M 4720 1796 -17088 16:20:54
M 4664 1790 -17127 16:20:54
M 4664 1802 -17014 16:20:54
M 4674 1818 -17027 16:20:54
M 4690 1764 -17052 16:20:54
M 4670 1810 -17011 16:20:54
M 4680 1844 -17064 16:20:54
M 4638 1820 -16995 16:20:54
M 4688 1804 -17049 16:20:54
M 4668 1834 -17087 16:20:54
M 4690 1830 -17084 16:20:54
M 4692 1824 -17037 16:20:54
M 4732 1840 -17078 16:20:54
M 4696 1786 -17026 16:20:54
M 4686 1824 -17097 16:20:54
M 4672 1826 -17010 16:20:54
M 4686 1816 -17040 16:20:54
M 4686 1808 -17106 16:20:54
M 4666 1848 -17062 16:20:54
M 4694 1802 -17038 16:20:54
M 4710 1854 -17053 16:20:54
M 4676 1836 -17132 16:20:54
M 4678 1830 -17097 16:20:54
M 4654 1804 -17008 16:20:54
M 4680 1846 -17094 16:20:54
M 4698 1846 -17056 16:20:54
M 4684 1802 -17036 16:20:54
M 4686 1788 -17088 16:20:54
M 4660 1860 -17096 16:20:54
M 4696 1798 -17104 16:20:54
M 4698 1802 -17038 16:20:54
M 4608 1796 -17076 16:20:54
M 4698 1822 -16998 16:20:54
M 4670 1816 -17031 16:20:54
M 4652 1798 -17059 16:20:54
M 4690 1814 -17024 16:20:54
M 4700 1824 -16978 16:20:54
M 4650 1814 -17028 16:20:54
M 4616 1784 -17047 16:20:54
M 4660 1814 -17051 16:20:54
M 4646 1774 -17046 16:20:54
M 4670 1770 -16995 16:20:54
M 4664 1784 -17017 16:20:54
M 4700 1758 -17018 16:20:54
M 4676 1790 -17033 16:20:54
M 4652 1800 -17071 16:20:54
M 4686 1812 -17039 16:20:54
M 4698 1790 -17043 16:20:54
M 4680 1802 -17063 16:20:54
M 4702 1788 -17024 16:20:54
M 4668 1828 -17096 16:20:54
M 4666 1828 -17092 16:20:54
M 4668 1834 -17071 16:20:54
M 4710 1840 -17046 16:20:54
M 4690 1868 -17076 16:20:54
M 4706 1840 -17082 16:20:54
O 172 231 37 16:20:55
M 4684 1814 -17071 16:20:55
M 4660 1848 -17048 16:20:55
M 4612 1808 -17067 16:20:55
M 4642 1770 -17113 16:20:55
M 4648 1810 -17051 16:20:55
M 4658 1804 -17081 16:20:55
M 4634 1810 -17032 16:20:55
M 4642 1832 -17067 16:20:55
M 4666 1762 -17072 16:20:55
M 4628 1780 -17063 16:20:55
M 4628 1812 -17071 16:20:55
M 4696 1818 -17001 16:20:55
M 4636 1792 -17027 16:20:55
M 4662 1798 -17048 16:20:55
M 4670 1820 -17038 16:20:55
M 4624 1800 -17052 16:20:55
M 4684 1788 -17063 16:20:55
M 4652 1858 -17044 16:20:55
M 4682 1794 -17113 16:20:55
M 4664 1768 -17065 16:20:55
M 4634 1754 -17010 16:20:55
M 4634 1828 -16988 16:20:55
M 4602 1814 -17034 16:20:55
M 4622 1794 -17066 16:20:55
M 4666 1794 -17026 16:20:55
M 4700 1780 -17033 16:20:55
M 4610 1798 -17095 16:20:55
M 4666 1814 -17079 16:20:55
M 4612 1830 -17069 16:20:55
M 4628 1788 -17079 16:20:55
M 4648 1794 -17087 16:20:55
M 4652 1768 -17021 16:20:55
M 4622 1758 -17032 16:20:55
M 4688 1806 -17060 16:20:55
M 4674 1760 -17033 16:20:55
M 4672 1776 -17012 16:20:55
M 4660 1796 -17032 16:20:55
M 4640 1806 -17053 16:20:55
M 4656 1806 -17013 16:20:55
M 4658 1778 -17012 16:20:55
M 4678 1804 -17066 16:20:55
M 4662 1828 -17057 16:20:55
M 4668 1772 -17139 16:20:55
M 4650 1818 -17059 16:20:55
M 4642 1796 -17102 16:20:55
M 4608 1828 -17098 16:20:55
M 4666 1774 -17090 16:20:55
M 4660 1780 -17044 16:20:55
M 4628 1804 -17027 16:20:55
M 4694 1776 -17069 16:20:55
M 4694 1800 -17025 16:20:55
M 4682 1796 -17128 16:20:55
M 4640 1758 -17057 16:20:55
M 4688 1774 -17074 16:20:55
M 4674 1780 -16987 16:20:55
M 4666 1770 -17066 16:20:55
M 4654 1804 -17054 16:20:55
M 4660 1800 -17073 16:20:55
M 4694 1802 -17102 16:20:55
M 4616 1822 -17055 16:20:55
M 4634 1822 -17143 16:20:55
M 4612 1840 -17064 16:20:55
M 4676 1834 -17039 16:20:55
M 4702 1800 -17048 16:20:55
M 4638 1808 -17034 16:20:55
M 4628 1862 -17038 16:20:55
M 4658 1828 -17023 16:20:55
M 4672 1806 -16987 16:20:55
M 4678 1812 -17079 16:20:55
M 4678 1816 -17059 16:20:55
M 4732 1820 -17121 16:20:55
M 4662 1782 -17084 16:20:55
M 4642 1746 -17076 16:20:55
M 4648 1794 -17053 16:20:55
M 4722 1814 -17033 16:20:55
M 4640 1800 -17079 16:20:55
M 4698 1798 -16995 16:20:55
M 4672 1808 -17076 16:20:55
M 4652 1740 -17081 16:20:55
M 4730 1804 -17030 16:20:55
M 4702 1804 -17061 16:20:55
M 4728 1790 -17028 16:20:55
M 4722 1776 -16998 16:20:55
M 4698 1822 -17027 16:20:55
M 4648 1816 -17008 16:20:55
M 4652 1774 -16958 16:20:55
M 4646 1806 -17034 16:20:55
M 4688 1760 -17053 16:20:55
M 4700 1830 -17055 16:20:55
M 4680 1828 -17054 16:20:55
M 4660 1828 -17058 16:20:55
M 4662 1826 -16998 16:20:55
M 4718 1788 -17077 16:20:55
M 4686 1758 -17018 16:20:55
M 4676 1778 -17020 16:20:55
M 4696 1836 -17042 16:20:55
M 4688 1808 -17002 16:20:55
M 4690 1820 -17075 16:20:55
M 4642 1796 -17059 16:20:55
M 4700 1810 -17037 16:20:55
O 167 231 37 16:20:55
M 4648 1756 -17034 16:20:55
M 4686 1736 -16969 16:20:55
M 4666 1774 -17052 16:20:55
M 4656 1808 -17018 16:20:55
M 4680 1758 -16984 16:20:55
M 4648 1746 -17039 16:20:55
M 4644 1778 -17007 16:20:55
M 4618 1758 -17041 16:20:55
M 4610 1762 -17004 16:20:55
M 4618 1780 -17081 16:20:55
M 4652 1782 -17071 16:20:55
M 4664 1766 -17032 16:20:55
M 4684 1772 -17077 16:20:55
M 4624 1828 -17022 16:20:55
M 4610 1812 -17053 16:20:55
M 4666 1796 -17037 16:20:55
M 4604 1736 -17057 16:20:55
M 4594 1782 -16993 16:20:55
M 4634 1774 -17031 16:20:55
M 4624 1772 -17015 16:20:55
M 4658 1768 -17054 16:20:55
M 4646 1788 -17050 16:20:55
M 4690 1776 -16999 16:20:55
M 4676 1754 -17004 16:20:55
M 4676 1794 -17084 16:20:55
M 4614 1758 -17058 16:20:55
M 4616 1810 -17032 16:20:55
M 4628 2014 -17005 16:20:55
M 4656 1764 -17018 16:20:55
M 4644 1764 -17037 16:20:55
M 4608 1786 -16966 16:20:55
M 4632 1772 -17046 16:20:55
M 4630 1770 -17035 16:20:55
M 4686 1768 -17035 16:20:55
M 4648 1780 -17007 16:20:55
M 4666 1748 -17070 16:20:55
M 4678 1782 -16991 16:20:55
M 4652 1784 -17018 16:20:55
M 4630 1754 -17000 16:20:55
M 4652 1802 -17034 16:20:55
M 4686 1780 -17002 16:20:55
M 4682 1794 -17082 16:20:55
M 4600 1770 -17088 16:20:55
M 4674 1794 -17054 16:20:55
M 4700 1798 -17091 16:20:55
M 4644 1784 -17103 16:20:55
M 4734 1806 -17010 16:20:55
M 4686 1786 -17067 16:20:55
M 4652 1778 -17042 16:20:55
M 4674 1748 -16989 16:20:55
M 4620 1784 -17034 16:20:55
M 4670 1746 -17067 16:20:55
M 4636 1788 -17029 16:20:55
M 4664 1806 -16988 16:20:55
M 4618 1816 -17008 16:20:55
M 4642 1790 -17023 16:20:55
M 4628 1798 -17033 16:20:55
M 4636 1814 -17011 16:20:55
M 4616 1776 -17088 16:20:55
M 4630 1746 -17062 16:20:55
M 4630 1766 -17035 16:20:55
M 4646 1752 -17005 16:20:55
M 4646 1744 -17032 16:20:55
M 4638 1782 -17012 16:20:55
M 4616 1778 -17015 16:20:55
M 4618 1798 -17025 16:20:55
M 4680 1734 -17042 16:20:55
M 4648 1750 -17055 16:20:55
M 4628 1800 -17080 16:20:55
M 4620 1770 -16981 16:20:55
M 4678 1780 -17034 16:20:55
M 4654 1748 -17018 16:20:55
M 4662 1776 -17025 16:20:55
M 4616 1794 -16978 16:20:55
M 4646 1790 -16952 16:20:55
M 4612 1784 -17041 16:20:55
M 4692 1798 -17005 16:20:55
M 4644 1772 -17009 16:20:55
M 4686 1780 -17020 16:20:55
M 4696 1768 -16966 16:20:55
M 4728 1794 -17032 16:20:55
M 4656 1786 -17015 16:20:55
M 4660 1742 -17010 16:20:55
M 4676 1792 -16977 16:20:55
M 4636 1772 -17021 16:20:55
M 4700 1546 -17008 16:20:55
M 4690 1760 -17050 16:20:55
M 4642 1786 -17041 16:20:55
M 4636 1772 -16986 16:20:55
M 4696 1788 -17088 16:20:55
M 4654 1768 -17047 16:20:55
M 4644 1748 -17030 16:20:55
M 4698 1772 -17057 16:20:55
M 4690 1778 -17102 16:20:55
M 4652 1742 -17004 16:20:55
M 4682 1790 -17055 16:20:55
M 4680 1784 -17080 16:20:55
M 4702 1768 -17056 16:20:55
M 4674 1800 -16972 16:20:55
M 4680 1790 -17062 16:20:55
